十二月 27, 2016 9:56:06 上午 org.exoplatform.portal.gadget.core.GateInJsonContainerConfig loadContainers
信息: Loading resources from: containers/default/container.js
十二月 27, 2016 9:56:06 上午 org.exoplatform.portal.gadget.core.GateInJsonContainerConfig loadResources
信息: Reading container config: containers/default/container.js
十二月 27, 2016 9:56:06 上午 org.apache.shindig.gadgets.features.FeatureRegistry register
信息: Loading resources from: res:gatein-features/features.txt
十二月 27, 2016 9:56:06 上午 org.apache.shindig.common.xml.XmlUtil <clinit>
信息: Not using secure XML processing.
十二月 27, 2016 9:56:06 上午 org.apache.shindig.common.xml.XmlUtil <clinit>
信息: Reusing document builders
十二月 27, 2016 9:56:06 上午 org.apache.shindig.gadgets.features.FeatureRegistry register
信息: Loading resources from: res:features/default-features.txt
十二月 27, 2016 9:56:07 上午 org.apache.shindig.gadgets.features.FeatureRegistry register
信息: Loading resources from: res:features/online-features.txt
十二月 27, 2016 9:56:23 上午 org.apache.shindig.gadgets.http.BasicHttpFetcher fetch
信息: Timeout for http://www.google.com/ig/lib/libanalytics.js Exception: org.apache.http.NoHttpResponseException - The target server failed to respond - 16245ms
十二月 27, 2016 9:56:23 上午 org.apache.shindig.gadgets.features.FeatureResourceLoader$UriResource getContent
警告: Unable to retrieve remote library from http://www.google.com/ig/lib/libanalytics.js
十二月 27, 2016 9:56:40 上午 org.apache.shindig.gadgets.http.BasicHttpFetcher fetch
信息: Timeout for http://www.google.com/ig/lib/libga.js Exception: org.apache.http.NoHttpResponseException - The target server failed to respond - 16282ms
十二月 27, 2016 9:56:40 上午 org.apache.shindig.gadgets.features.FeatureResourceLoader$UriResource getContent
警告: Unable to retrieve remote library from http://www.google.com/ig/lib/libga.js
十二月 27, 2016 9:56:40 上午 org.apache.shindig.gadgets.servlet.CajaContentRewriter <init>
信息: Cajoled cache createdorg.apache.shindig.common.cache.ehcache.EhConfiguredCache@7a550dba
十二月 27, 2016 9:56:40 上午 org.apache.shindig.gadgets.servlet.CajaContentRewriter <init>
信息: Cajoled cache createdorg.apache.shindig.common.cache.ehcache.EhConfiguredCache@7a550dba
十二月 27, 2016 9:56:40 上午 org.apache.shindig.gadgets.oauth.OAuthModule$OAuthCrypterProvider <init>
信息: Using random key for OAuth client-side state encryption
十二月 27, 2016 9:57:04 上午 org.picketlink.idm.impl.cache.AbstractInfinispanCacheProvider initialize
信息: Infinispan cache for Picketlink IDM created successfuly. cache name: idm-portal-api
十二月 27, 2016 10:56:19 上午 org.exoplatform.portal.gadget.core.GateInJsonContainerConfig loadContainers
信息: Loading resources from: containers/default/container.js
十二月 27, 2016 10:56:19 上午 org.exoplatform.portal.gadget.core.GateInJsonContainerConfig loadResources
信息: Reading container config: containers/default/container.js
十二月 27, 2016 10:56:19 上午 org.apache.shindig.gadgets.features.FeatureRegistry register
信息: Loading resources from: res:gatein-features/features.txt
十二月 27, 2016 10:56:19 上午 org.apache.shindig.common.xml.XmlUtil <clinit>
信息: Not using secure XML processing.
十二月 27, 2016 10:56:19 上午 org.apache.shindig.common.xml.XmlUtil <clinit>
信息: Reusing document builders
十二月 27, 2016 10:56:19 上午 org.apache.shindig.gadgets.features.FeatureRegistry register
信息: Loading resources from: res:features/default-features.txt
十二月 27, 2016 10:56:20 上午 org.apache.shindig.gadgets.features.FeatureRegistry register
信息: Loading resources from: res:features/online-features.txt
十二月 27, 2016 10:56:36 上午 org.apache.shindig.gadgets.http.BasicHttpFetcher fetch
信息: Timeout for http://www.google.com/ig/lib/libanalytics.js Exception: org.apache.http.NoHttpResponseException - The target server failed to respond - 16182ms
十二月 27, 2016 10:56:36 上午 org.apache.shindig.gadgets.features.FeatureResourceLoader$UriResource getContent
警告: Unable to retrieve remote library from http://www.google.com/ig/lib/libanalytics.js
十二月 27, 2016 10:56:52 上午 org.apache.shindig.gadgets.http.BasicHttpFetcher fetch
信息: Timeout for http://www.google.com/ig/lib/libga.js Exception: org.apache.http.NoHttpResponseException - The target server failed to respond - 16121ms
十二月 27, 2016 10:56:52 上午 org.apache.shindig.gadgets.features.FeatureResourceLoader$UriResource getContent
警告: Unable to retrieve remote library from http://www.google.com/ig/lib/libga.js
十二月 27, 2016 10:56:52 上午 org.apache.shindig.gadgets.servlet.CajaContentRewriter <init>
信息: Cajoled cache createdorg.apache.shindig.common.cache.ehcache.EhConfiguredCache@6019f809
十二月 27, 2016 10:56:53 上午 org.apache.shindig.gadgets.servlet.CajaContentRewriter <init>
信息: Cajoled cache createdorg.apache.shindig.common.cache.ehcache.EhConfiguredCache@6019f809
十二月 27, 2016 10:56:53 上午 org.apache.shindig.gadgets.oauth.OAuthModule$OAuthCrypterProvider <init>
信息: Using random key for OAuth client-side state encryption
十二月 27, 2016 11:33:31 上午 org.exoplatform.portal.gadget.core.GateInJsonContainerConfig loadContainers
信息: Loading resources from: containers/default/container.js
十二月 27, 2016 11:33:31 上午 org.exoplatform.portal.gadget.core.GateInJsonContainerConfig loadResources
信息: Reading container config: containers/default/container.js
十二月 27, 2016 11:33:31 上午 org.apache.shindig.gadgets.features.FeatureRegistry register
信息: Loading resources from: res:gatein-features/features.txt
十二月 27, 2016 11:33:31 上午 org.apache.shindig.common.xml.XmlUtil <clinit>
信息: Not using secure XML processing.
十二月 27, 2016 11:33:31 上午 org.apache.shindig.common.xml.XmlUtil <clinit>
信息: Reusing document builders
十二月 27, 2016 11:33:31 上午 org.apache.shindig.gadgets.features.FeatureRegistry register
信息: Loading resources from: res:features/default-features.txt
十二月 27, 2016 11:33:32 上午 org.apache.shindig.gadgets.features.FeatureRegistry register
信息: Loading resources from: res:features/online-features.txt
十二月 27, 2016 11:33:48 上午 org.apache.shindig.gadgets.http.BasicHttpFetcher fetch
信息: Timeout for http://www.google.com/ig/lib/libanalytics.js Exception: org.apache.http.NoHttpResponseException - The target server failed to respond - 16156ms
十二月 27, 2016 11:33:48 上午 org.apache.shindig.gadgets.features.FeatureResourceLoader$UriResource getContent
警告: Unable to retrieve remote library from http://www.google.com/ig/lib/libanalytics.js
十二月 27, 2016 11:34:04 上午 org.apache.shindig.gadgets.http.BasicHttpFetcher fetch
信息: Timeout for http://www.google.com/ig/lib/libga.js Exception: org.apache.http.NoHttpResponseException - The target server failed to respond - 16231ms
十二月 27, 2016 11:34:04 上午 org.apache.shindig.gadgets.features.FeatureResourceLoader$UriResource getContent
警告: Unable to retrieve remote library from http://www.google.com/ig/lib/libga.js
十二月 27, 2016 11:34:04 上午 org.apache.shindig.gadgets.servlet.CajaContentRewriter <init>
信息: Cajoled cache createdorg.apache.shindig.common.cache.ehcache.EhConfiguredCache@2ad62f01
十二月 27, 2016 11:34:05 上午 org.apache.shindig.gadgets.servlet.CajaContentRewriter <init>
信息: Cajoled cache createdorg.apache.shindig.common.cache.ehcache.EhConfiguredCache@2ad62f01
十二月 27, 2016 11:34:05 上午 org.apache.shindig.gadgets.oauth.OAuthModule$OAuthCrypterProvider <init>
信息: Using random key for OAuth client-side state encryption
十二月 27, 2016 11:34:26 上午 org.picketlink.idm.impl.cache.AbstractInfinispanCacheProvider initialize
信息: Infinispan cache for Picketlink IDM created successfuly. cache name: idm-portal-api
十二月 27, 2016 11:43:14 上午 org.exoplatform.portal.gadget.core.GateInJsonContainerConfig loadContainers
信息: Loading resources from: containers/default/container.js
十二月 27, 2016 11:43:14 上午 org.exoplatform.portal.gadget.core.GateInJsonContainerConfig loadResources
信息: Reading container config: containers/default/container.js
十二月 27, 2016 11:43:14 上午 org.apache.shindig.gadgets.features.FeatureRegistry register
信息: Loading resources from: res:gatein-features/features.txt
十二月 27, 2016 11:43:14 上午 org.apache.shindig.common.xml.XmlUtil <clinit>
信息: Not using secure XML processing.
十二月 27, 2016 11:43:14 上午 org.apache.shindig.common.xml.XmlUtil <clinit>
信息: Reusing document builders
十二月 27, 2016 11:43:15 上午 org.apache.shindig.gadgets.features.FeatureRegistry register
信息: Loading resources from: res:features/default-features.txt
十二月 27, 2016 11:43:15 上午 org.apache.shindig.gadgets.features.FeatureRegistry register
信息: Loading resources from: res:features/online-features.txt
十二月 27, 2016 11:43:32 上午 org.apache.shindig.gadgets.http.BasicHttpFetcher fetch
信息: Timeout for http://www.google.com/ig/lib/libanalytics.js Exception: org.apache.http.NoHttpResponseException - The target server failed to respond - 16268ms
十二月 27, 2016 11:43:32 上午 org.apache.shindig.gadgets.features.FeatureResourceLoader$UriResource getContent
警告: Unable to retrieve remote library from http://www.google.com/ig/lib/libanalytics.js
十二月 27, 2016 11:43:48 上午 org.apache.shindig.gadgets.http.BasicHttpFetcher fetch
信息: Timeout for http://www.google.com/ig/lib/libga.js Exception: org.apache.http.NoHttpResponseException - The target server failed to respond - 16141ms
十二月 27, 2016 11:43:48 上午 org.apache.shindig.gadgets.features.FeatureResourceLoader$UriResource getContent
警告: Unable to retrieve remote library from http://www.google.com/ig/lib/libga.js
十二月 27, 2016 11:43:48 上午 org.apache.shindig.gadgets.servlet.CajaContentRewriter <init>
信息: Cajoled cache createdorg.apache.shindig.common.cache.ehcache.EhConfiguredCache@2ad62f01
十二月 27, 2016 11:43:48 上午 org.apache.shindig.gadgets.servlet.CajaContentRewriter <init>
信息: Cajoled cache createdorg.apache.shindig.common.cache.ehcache.EhConfiguredCache@2ad62f01
十二月 27, 2016 11:43:48 上午 org.apache.shindig.gadgets.oauth.OAuthModule$OAuthCrypterProvider <init>
信息: Using random key for OAuth client-side state encryption
十二月 27, 2016 11:44:05 上午 org.picketlink.idm.impl.cache.AbstractInfinispanCacheProvider initialize
信息: Infinispan cache for Picketlink IDM created successfuly. cache name: idm-portal-api
Dec 27, 2016 5:10:32 PM org.exoplatform.portal.gadget.core.GateInJsonContainerConfig loadContainers
INFO: Loading resources from: containers/default/container.js
Dec 27, 2016 5:10:32 PM org.exoplatform.portal.gadget.core.GateInJsonContainerConfig loadResources
INFO: Reading container config: containers/default/container.js
Dec 27, 2016 5:10:32 PM org.apache.shindig.gadgets.features.FeatureRegistry register
INFO: Loading resources from: res:gatein-features/features.txt
Dec 27, 2016 5:10:32 PM org.apache.shindig.common.xml.XmlUtil <clinit>
INFO: Not using secure XML processing.
Dec 27, 2016 5:10:32 PM org.apache.shindig.common.xml.XmlUtil <clinit>
INFO: Reusing document builders
Dec 27, 2016 5:10:32 PM org.apache.shindig.gadgets.features.FeatureRegistry register
INFO: Loading resources from: res:features/default-features.txt
Dec 27, 2016 5:10:32 PM org.apache.shindig.gadgets.features.FeatureRegistry register
INFO: Loading resources from: res:features/online-features.txt
Dec 27, 2016 5:10:32 PM org.apache.shindig.gadgets.http.BasicHttpFetcher fetch
INFO: Timeout for http://www.google-analytics.com/urchin.js Exception: org.apache.http.conn.HttpHostConnectException - Connection to http://www.google-analytics.com refused - 63ms
Dec 27, 2016 5:10:32 PM org.apache.shindig.gadgets.features.FeatureResourceLoader$UriResource getContent
WARNING: Unable to retrieve remote library from http://www.google-analytics.com/urchin.js
Dec 27, 2016 5:10:32 PM org.apache.shindig.gadgets.http.BasicHttpFetcher fetch
INFO: Timeout for http://www.google.com/ig/lib/libanalytics.js Exception: org.apache.http.conn.HttpHostConnectException - Connection to http://www.google.com refused - 137ms
Dec 27, 2016 5:10:32 PM org.apache.shindig.gadgets.features.FeatureResourceLoader$UriResource getContent
WARNING: Unable to retrieve remote library from http://www.google.com/ig/lib/libanalytics.js
Dec 27, 2016 5:10:32 PM org.apache.shindig.gadgets.http.BasicHttpFetcher fetch
INFO: Timeout for http://www.google.com/ig/lib/libga.js Exception: org.apache.http.conn.HttpHostConnectException - Connection to http://www.google.com refused - 1ms
Dec 27, 2016 5:10:32 PM org.apache.shindig.gadgets.features.FeatureResourceLoader$UriResource getContent
WARNING: Unable to retrieve remote library from http://www.google.com/ig/lib/libga.js
Dec 27, 2016 5:10:32 PM org.apache.shindig.gadgets.servlet.CajaContentRewriter <init>
INFO: Cajoled cache createdorg.apache.shindig.common.cache.ehcache.EhConfiguredCache@4c939f37
Dec 27, 2016 5:10:32 PM org.apache.shindig.gadgets.servlet.CajaContentRewriter <init>
INFO: Cajoled cache createdorg.apache.shindig.common.cache.ehcache.EhConfiguredCache@4c939f37
Dec 27, 2016 5:10:32 PM org.apache.shindig.gadgets.oauth.OAuthModule$OAuthCrypterProvider <init>
INFO: Using random key for OAuth client-side state encryption
Dec 27, 2016 5:10:49 PM org.picketlink.idm.impl.cache.AbstractInfinispanCacheProvider initialize
INFO: Infinispan cache for Picketlink IDM created successfuly. cache name: idm-portal-api
Dec 27, 2016 5:14:24 PM org.exoplatform.portal.gadget.core.GateInJsonContainerConfig loadContainers
INFO: Loading resources from: containers/default/container.js
Dec 27, 2016 5:14:24 PM org.exoplatform.portal.gadget.core.GateInJsonContainerConfig loadResources
INFO: Reading container config: containers/default/container.js
Dec 27, 2016 5:14:24 PM org.apache.shindig.gadgets.servlet.CajaContentRewriter <init>
INFO: Cajoled cache createdorg.apache.shindig.common.cache.ehcache.EhConfiguredCache@6c540ae7
Dec 27, 2016 5:14:24 PM org.apache.shindig.gadgets.features.FeatureRegistry register
INFO: Loading resources from: res:gatein-features/features.txt
Dec 27, 2016 5:14:24 PM org.apache.shindig.common.xml.XmlUtil <clinit>
INFO: Not using secure XML processing.
Dec 27, 2016 5:14:24 PM org.apache.shindig.common.xml.XmlUtil <clinit>
INFO: Reusing document builders
Dec 27, 2016 5:14:24 PM org.apache.shindig.gadgets.features.FeatureRegistry register
INFO: Loading resources from: res:features/default-features.txt
Dec 27, 2016 5:14:25 PM org.apache.shindig.gadgets.features.FeatureRegistry register
INFO: Loading resources from: res:features/online-features.txt
Dec 27, 2016 5:14:25 PM org.apache.shindig.gadgets.http.BasicHttpFetcher fetch
INFO: Timeout for http://www.google-analytics.com/urchin.js Exception: org.apache.http.conn.HttpHostConnectException - Connection to http://www.google-analytics.com refused - 61ms
Dec 27, 2016 5:14:25 PM org.apache.shindig.gadgets.features.FeatureResourceLoader$UriResource getContent
WARNING: Unable to retrieve remote library from http://www.google-analytics.com/urchin.js
Dec 27, 2016 5:14:25 PM org.apache.shindig.gadgets.http.BasicHttpFetcher fetch
INFO: Timeout for http://www.google.com/ig/lib/libanalytics.js Exception: org.apache.http.conn.HttpHostConnectException - Connection to http://www.google.com refused - 125ms
Dec 27, 2016 5:14:25 PM org.apache.shindig.gadgets.features.FeatureResourceLoader$UriResource getContent
WARNING: Unable to retrieve remote library from http://www.google.com/ig/lib/libanalytics.js
Dec 27, 2016 5:14:25 PM org.apache.shindig.gadgets.http.BasicHttpFetcher fetch
INFO: Timeout for http://www.google.com/ig/lib/libga.js Exception: org.apache.http.conn.HttpHostConnectException - Connection to http://www.google.com refused - 1ms
Dec 27, 2016 5:14:25 PM org.apache.shindig.gadgets.features.FeatureResourceLoader$UriResource getContent
WARNING: Unable to retrieve remote library from http://www.google.com/ig/lib/libga.js
Dec 27, 2016 5:14:25 PM org.apache.shindig.gadgets.servlet.CajaContentRewriter <init>
INFO: Cajoled cache createdorg.apache.shindig.common.cache.ehcache.EhConfiguredCache@6c540ae7
Dec 27, 2016 5:14:25 PM org.apache.shindig.gadgets.oauth.OAuthModule$OAuthCrypterProvider <init>
INFO: Using random key for OAuth client-side state encryption
Dec 27, 2016 5:14:41 PM org.picketlink.idm.impl.cache.AbstractInfinispanCacheProvider initialize
INFO: Infinispan cache for Picketlink IDM created successfuly. cache name: idm-portal-api
