十二月 13, 2016 9:59:50 上午 org.exoplatform.portal.gadget.core.GateInJsonContainerConfig loadContainers
信息: Loading resources from: containers/default/container.js
十二月 13, 2016 9:59:50 上午 org.exoplatform.portal.gadget.core.GateInJsonContainerConfig loadResources
信息: Reading container config: containers/default/container.js
十二月 13, 2016 9:59:50 上午 org.apache.shindig.gadgets.features.FeatureRegistry register
信息: Loading resources from: res:gatein-features/features.txt
十二月 13, 2016 9:59:50 上午 org.apache.shindig.common.xml.XmlUtil <clinit>
信息: Not using secure XML processing.
十二月 13, 2016 9:59:50 上午 org.apache.shindig.common.xml.XmlUtil <clinit>
信息: Reusing document builders
十二月 13, 2016 9:59:50 上午 org.apache.shindig.gadgets.features.FeatureRegistry register
信息: Loading resources from: res:features/features.txt
十二月 13, 2016 10:00:07 上午 org.apache.shindig.gadgets.http.BasicHttpFetcher fetch
信息: Timeout for http://www.google.com/ig/lib/libanalytics.js Exception: org.apache.http.NoHttpResponseException - The target server failed to respond - 16237ms
十二月 13, 2016 10:00:07 上午 org.apache.shindig.gadgets.features.FeatureResourceLoader$UriResource getContent
警告: Unable to retrieve remote library from http://www.google.com/ig/lib/libanalytics.js
十二月 13, 2016 10:00:23 上午 org.apache.shindig.gadgets.http.BasicHttpFetcher fetch
信息: Timeout for http://www.google.com/ig/lib/libga.js Exception: org.apache.http.NoHttpResponseException - The target server failed to respond - 16299ms
十二月 13, 2016 10:00:23 上午 org.apache.shindig.gadgets.features.FeatureResourceLoader$UriResource getContent
警告: Unable to retrieve remote library from http://www.google.com/ig/lib/libga.js
十二月 13, 2016 10:00:23 上午 org.apache.shindig.gadgets.servlet.CajaContentRewriter <init>
信息: Cajoled cache createdorg.apache.shindig.common.cache.ehcache.EhConfiguredCache@35ab22e3
十二月 13, 2016 10:00:24 上午 org.apache.shindig.gadgets.servlet.CajaContentRewriter <init>
信息: Cajoled cache createdorg.apache.shindig.common.cache.ehcache.EhConfiguredCache@35ab22e3
十二月 13, 2016 10:00:24 上午 org.apache.shindig.gadgets.oauth.OAuthModule$OAuthCrypterProvider <init>
信息: Using random key for OAuth client-side state encryption
十二月 13, 2016 10:16:00 上午 org.exoplatform.portal.gadget.core.GateInJsonContainerConfig loadContainers
信息: Loading resources from: containers/default/container.js
十二月 13, 2016 10:16:00 上午 org.exoplatform.portal.gadget.core.GateInJsonContainerConfig loadResources
信息: Reading container config: containers/default/container.js
十二月 13, 2016 10:16:01 上午 org.apache.shindig.gadgets.features.FeatureRegistry register
信息: Loading resources from: res:gatein-features/features.txt
十二月 13, 2016 10:16:01 上午 org.apache.shindig.common.xml.XmlUtil <clinit>
信息: Not using secure XML processing.
十二月 13, 2016 10:16:01 上午 org.apache.shindig.common.xml.XmlUtil <clinit>
信息: Reusing document builders
十二月 13, 2016 10:16:01 上午 org.apache.shindig.gadgets.features.FeatureRegistry register
信息: Loading resources from: res:features/features.txt
十二月 13, 2016 10:16:17 上午 org.apache.shindig.gadgets.http.BasicHttpFetcher fetch
信息: Timeout for http://www.google.com/ig/lib/libanalytics.js Exception: org.apache.http.NoHttpResponseException - The target server failed to respond - 16294ms
十二月 13, 2016 10:16:17 上午 org.apache.shindig.gadgets.features.FeatureResourceLoader$UriResource getContent
警告: Unable to retrieve remote library from http://www.google.com/ig/lib/libanalytics.js
十二月 13, 2016 10:16:34 上午 org.apache.shindig.gadgets.http.BasicHttpFetcher fetch
信息: Timeout for http://www.google.com/ig/lib/libga.js Exception: org.apache.http.NoHttpResponseException - The target server failed to respond - 16292ms
十二月 13, 2016 10:16:34 上午 org.apache.shindig.gadgets.features.FeatureResourceLoader$UriResource getContent
警告: Unable to retrieve remote library from http://www.google.com/ig/lib/libga.js
十二月 13, 2016 10:16:34 上午 org.apache.shindig.gadgets.servlet.CajaContentRewriter <init>
信息: Cajoled cache createdorg.apache.shindig.common.cache.ehcache.EhConfiguredCache@70c54e9e
十二月 13, 2016 10:16:34 上午 org.apache.shindig.gadgets.servlet.CajaContentRewriter <init>
信息: Cajoled cache createdorg.apache.shindig.common.cache.ehcache.EhConfiguredCache@70c54e9e
十二月 13, 2016 10:16:34 上午 org.apache.shindig.gadgets.oauth.OAuthModule$OAuthCrypterProvider <init>
信息: Using random key for OAuth client-side state encryption
十二月 13, 2016 10:32:08 上午 org.exoplatform.portal.gadget.core.GateInJsonContainerConfig loadContainers
信息: Loading resources from: containers/default/container.js
十二月 13, 2016 10:32:08 上午 org.exoplatform.portal.gadget.core.GateInJsonContainerConfig loadResources
信息: Reading container config: containers/default/container.js
十二月 13, 2016 10:32:08 上午 org.apache.shindig.gadgets.features.FeatureRegistry register
信息: Loading resources from: res:gatein-features/features.txt
十二月 13, 2016 10:32:08 上午 org.apache.shindig.common.xml.XmlUtil <clinit>
信息: Not using secure XML processing.
十二月 13, 2016 10:32:08 上午 org.apache.shindig.common.xml.XmlUtil <clinit>
信息: Reusing document builders
十二月 13, 2016 10:32:08 上午 org.apache.shindig.gadgets.features.FeatureRegistry register
信息: Loading resources from: res:features/default-features.txt
十二月 13, 2016 10:32:09 上午 org.apache.shindig.gadgets.features.FeatureRegistry register
信息: Loading resources from: res:features/online-features.txt
十二月 13, 2016 10:32:25 上午 org.apache.shindig.gadgets.http.BasicHttpFetcher fetch
信息: Timeout for http://www.google.com/ig/lib/libanalytics.js Exception: org.apache.http.NoHttpResponseException - The target server failed to respond - 16279ms
十二月 13, 2016 10:32:25 上午 org.apache.shindig.gadgets.features.FeatureResourceLoader$UriResource getContent
警告: Unable to retrieve remote library from http://www.google.com/ig/lib/libanalytics.js
十二月 13, 2016 10:32:42 上午 org.apache.shindig.gadgets.http.BasicHttpFetcher fetch
信息: Timeout for http://www.google.com/ig/lib/libga.js Exception: org.apache.http.NoHttpResponseException - The target server failed to respond - 16261ms
十二月 13, 2016 10:32:42 上午 org.apache.shindig.gadgets.features.FeatureResourceLoader$UriResource getContent
警告: Unable to retrieve remote library from http://www.google.com/ig/lib/libga.js
十二月 13, 2016 10:32:42 上午 org.apache.shindig.gadgets.servlet.CajaContentRewriter <init>
信息: Cajoled cache createdorg.apache.shindig.common.cache.ehcache.EhConfiguredCache@417f73f4
十二月 13, 2016 10:32:42 上午 org.apache.shindig.gadgets.servlet.CajaContentRewriter <init>
信息: Cajoled cache createdorg.apache.shindig.common.cache.ehcache.EhConfiguredCache@417f73f4
十二月 13, 2016 10:32:42 上午 org.apache.shindig.gadgets.oauth.OAuthModule$OAuthCrypterProvider <init>
信息: Using random key for OAuth client-side state encryption
十二月 13, 2016 10:33:01 上午 org.picketlink.idm.impl.cache.AbstractInfinispanCacheProvider initialize
信息: Infinispan cache for Picketlink IDM created successfuly. cache name: idm-portal-api
十二月 13, 2016 10:34:40 上午 org.apache.shindig.gadgets.http.BasicHttpFetcher fetch
信息: Timeout for http://www.google.com/ig/lib/libga.js Exception: org.apache.http.NoHttpResponseException - The target server failed to respond - 16236ms
十二月 13, 2016 10:34:40 上午 org.apache.shindig.gadgets.features.FeatureResourceLoader$UriResource getContent
警告: Unable to retrieve remote library from http://www.google.com/ig/lib/libga.js
十二月 13, 2016 10:34:57 上午 org.apache.shindig.gadgets.http.BasicHttpFetcher fetch
信息: Timeout for http://www.google.com/ig/lib/libanalytics.js Exception: org.apache.http.NoHttpResponseException - The target server failed to respond - 16297ms
十二月 13, 2016 10:34:57 上午 org.apache.shindig.gadgets.features.FeatureResourceLoader$UriResource getContent
警告: Unable to retrieve remote library from http://www.google.com/ig/lib/libanalytics.js
十二月 13, 2016 4:37:04 下午 org.exoplatform.portal.gadget.core.GateInJsonContainerConfig loadContainers
信息: Loading resources from: containers/default/container.js
十二月 13, 2016 4:37:04 下午 org.exoplatform.portal.gadget.core.GateInJsonContainerConfig loadResources
信息: Reading container config: containers/default/container.js
十二月 13, 2016 4:37:04 下午 org.apache.shindig.gadgets.features.FeatureRegistry register
信息: Loading resources from: res:gatein-features/features.txt
十二月 13, 2016 4:37:04 下午 org.apache.shindig.common.xml.XmlUtil <clinit>
信息: Not using secure XML processing.
十二月 13, 2016 4:37:04 下午 org.apache.shindig.common.xml.XmlUtil <clinit>
信息: Reusing document builders
十二月 13, 2016 4:37:04 下午 org.apache.shindig.gadgets.features.FeatureRegistry register
信息: Loading resources from: res:features/default-features.txt
十二月 13, 2016 4:37:04 下午 org.apache.shindig.gadgets.features.FeatureRegistry register
信息: Loading resources from: res:features/online-features.txt
十二月 13, 2016 4:37:07 下午 org.apache.shindig.gadgets.servlet.CajaContentRewriter <init>
信息: Cajoled cache createdorg.apache.shindig.common.cache.ehcache.EhConfiguredCache@ff31a20
十二月 13, 2016 4:37:07 下午 org.apache.shindig.gadgets.servlet.CajaContentRewriter <init>
信息: Cajoled cache createdorg.apache.shindig.common.cache.ehcache.EhConfiguredCache@ff31a20
十二月 13, 2016 4:37:07 下午 org.apache.shindig.gadgets.oauth.OAuthModule$OAuthCrypterProvider <init>
信息: Using random key for OAuth client-side state encryption
十二月 13, 2016 4:37:33 下午 org.picketlink.idm.impl.cache.AbstractInfinispanCacheProvider initialize
信息: Infinispan cache for Picketlink IDM created successfuly. cache name: idm-portal-api
