十二月 26, 2016 10:07:24 上午 org.exoplatform.portal.gadget.core.GateInJsonContainerConfig loadContainers
信息: Loading resources from: containers/default/container.js
十二月 26, 2016 10:07:24 上午 org.exoplatform.portal.gadget.core.GateInJsonContainerConfig loadResources
信息: Reading container config: containers/default/container.js
十二月 26, 2016 10:07:24 上午 org.apache.shindig.gadgets.features.FeatureRegistry register
信息: Loading resources from: res:gatein-features/features.txt
十二月 26, 2016 10:07:24 上午 org.apache.shindig.common.xml.XmlUtil <clinit>
信息: Not using secure XML processing.
十二月 26, 2016 10:07:24 上午 org.apache.shindig.common.xml.XmlUtil <clinit>
信息: Reusing document builders
十二月 26, 2016 10:07:24 上午 org.apache.shindig.gadgets.features.FeatureRegistry register
信息: Loading resources from: res:features/default-features.txt
十二月 26, 2016 10:07:24 上午 org.apache.shindig.gadgets.features.FeatureRegistry register
信息: Loading resources from: res:features/online-features.txt
十二月 26, 2016 10:07:26 上午 org.apache.shindig.gadgets.servlet.CajaContentRewriter <init>
信息: Cajoled cache createdorg.apache.shindig.common.cache.ehcache.EhConfiguredCache@c2fc269
十二月 26, 2016 10:07:26 上午 org.apache.shindig.gadgets.servlet.CajaContentRewriter <init>
信息: Cajoled cache createdorg.apache.shindig.common.cache.ehcache.EhConfiguredCache@c2fc269
十二月 26, 2016 10:07:26 上午 org.apache.shindig.gadgets.oauth.OAuthModule$OAuthCrypterProvider <init>
信息: Using random key for OAuth client-side state encryption
十二月 26, 2016 10:07:46 上午 org.picketlink.idm.impl.cache.AbstractInfinispanCacheProvider initialize
信息: Infinispan cache for Picketlink IDM created successfuly. cache name: idm-portal-api
十二月 26, 2016 1:10:00 下午 org.exoplatform.portal.gadget.core.GateInJsonContainerConfig loadContainers
信息: Loading resources from: containers/default/container.js
十二月 26, 2016 1:10:00 下午 org.exoplatform.portal.gadget.core.GateInJsonContainerConfig loadResources
信息: Reading container config: containers/default/container.js
十二月 26, 2016 1:10:01 下午 org.apache.shindig.gadgets.features.FeatureRegistry register
信息: Loading resources from: res:gatein-features/features.txt
十二月 26, 2016 1:10:01 下午 org.apache.shindig.common.xml.XmlUtil <clinit>
信息: Not using secure XML processing.
十二月 26, 2016 1:10:01 下午 org.apache.shindig.common.xml.XmlUtil <clinit>
信息: Reusing document builders
十二月 26, 2016 1:10:01 下午 org.apache.shindig.gadgets.features.FeatureRegistry register
信息: Loading resources from: res:features/default-features.txt
十二月 26, 2016 1:10:01 下午 org.apache.shindig.gadgets.features.FeatureRegistry register
信息: Loading resources from: res:features/online-features.txt
十二月 26, 2016 1:10:18 下午 org.apache.shindig.gadgets.http.BasicHttpFetcher fetch
信息: Timeout for http://www.google.com/ig/lib/libanalytics.js Exception: org.apache.http.NoHttpResponseException - The target server failed to respond - 16236ms
十二月 26, 2016 1:10:18 下午 org.apache.shindig.gadgets.features.FeatureResourceLoader$UriResource getContent
警告: Unable to retrieve remote library from http://www.google.com/ig/lib/libanalytics.js
十二月 26, 2016 1:10:34 下午 org.apache.shindig.gadgets.http.BasicHttpFetcher fetch
信息: Timeout for http://www.google.com/ig/lib/libga.js Exception: org.apache.http.NoHttpResponseException - The target server failed to respond - 16278ms
十二月 26, 2016 1:10:34 下午 org.apache.shindig.gadgets.features.FeatureResourceLoader$UriResource getContent
警告: Unable to retrieve remote library from http://www.google.com/ig/lib/libga.js
十二月 26, 2016 1:10:34 下午 org.apache.shindig.gadgets.servlet.CajaContentRewriter <init>
信息: Cajoled cache createdorg.apache.shindig.common.cache.ehcache.EhConfiguredCache@7362a7e6
十二月 26, 2016 1:10:35 下午 org.apache.shindig.gadgets.servlet.CajaContentRewriter <init>
信息: Cajoled cache createdorg.apache.shindig.common.cache.ehcache.EhConfiguredCache@7362a7e6
十二月 26, 2016 1:10:35 下午 org.apache.shindig.gadgets.oauth.OAuthModule$OAuthCrypterProvider <init>
信息: Using random key for OAuth client-side state encryption
十二月 26, 2016 1:18:55 下午 org.exoplatform.portal.gadget.core.GateInJsonContainerConfig loadContainers
信息: Loading resources from: containers/default/container.js
十二月 26, 2016 1:18:55 下午 org.exoplatform.portal.gadget.core.GateInJsonContainerConfig loadResources
信息: Reading container config: containers/default/container.js
十二月 26, 2016 1:18:55 下午 org.apache.shindig.gadgets.features.FeatureRegistry register
信息: Loading resources from: res:gatein-features/features.txt
十二月 26, 2016 1:18:55 下午 org.apache.shindig.common.xml.XmlUtil <clinit>
信息: Not using secure XML processing.
十二月 26, 2016 1:18:55 下午 org.apache.shindig.common.xml.XmlUtil <clinit>
信息: Reusing document builders
十二月 26, 2016 1:18:55 下午 org.apache.shindig.gadgets.features.FeatureRegistry register
信息: Loading resources from: res:features/default-features.txt
十二月 26, 2016 1:18:55 下午 org.apache.shindig.gadgets.features.FeatureRegistry register
信息: Loading resources from: res:features/online-features.txt
十二月 26, 2016 1:19:12 下午 org.apache.shindig.gadgets.http.BasicHttpFetcher fetch
信息: Timeout for http://www.google.com/ig/lib/libanalytics.js Exception: org.apache.http.NoHttpResponseException - The target server failed to respond - 16230ms
十二月 26, 2016 1:19:12 下午 org.apache.shindig.gadgets.features.FeatureResourceLoader$UriResource getContent
警告: Unable to retrieve remote library from http://www.google.com/ig/lib/libanalytics.js
十二月 26, 2016 1:19:28 下午 org.apache.shindig.gadgets.http.BasicHttpFetcher fetch
信息: Timeout for http://www.google.com/ig/lib/libga.js Exception: org.apache.http.NoHttpResponseException - The target server failed to respond - 16303ms
十二月 26, 2016 1:19:28 下午 org.apache.shindig.gadgets.features.FeatureResourceLoader$UriResource getContent
警告: Unable to retrieve remote library from http://www.google.com/ig/lib/libga.js
十二月 26, 2016 1:19:28 下午 org.apache.shindig.gadgets.servlet.CajaContentRewriter <init>
信息: Cajoled cache createdorg.apache.shindig.common.cache.ehcache.EhConfiguredCache@734d3cc3
十二月 26, 2016 1:19:28 下午 org.apache.shindig.gadgets.servlet.CajaContentRewriter <init>
信息: Cajoled cache createdorg.apache.shindig.common.cache.ehcache.EhConfiguredCache@734d3cc3
十二月 26, 2016 1:19:28 下午 org.apache.shindig.gadgets.oauth.OAuthModule$OAuthCrypterProvider <init>
信息: Using random key for OAuth client-side state encryption
十二月 26, 2016 1:19:48 下午 org.picketlink.idm.impl.cache.AbstractInfinispanCacheProvider initialize
信息: Infinispan cache for Picketlink IDM created successfuly. cache name: idm-portal-api
