十二月 28, 2016 2:59:32 下午 org.exoplatform.portal.gadget.core.GateInJsonContainerConfig loadContainers
信息: Loading resources from: containers/default/container.js
十二月 28, 2016 2:59:32 下午 org.exoplatform.portal.gadget.core.GateInJsonContainerConfig loadResources
信息: Reading container config: containers/default/container.js
十二月 28, 2016 2:59:32 下午 org.apache.shindig.gadgets.features.FeatureRegistry register
信息: Loading resources from: res:gatein-features/features.txt
十二月 28, 2016 2:59:32 下午 org.apache.shindig.common.xml.XmlUtil <clinit>
信息: Not using secure XML processing.
十二月 28, 2016 2:59:32 下午 org.apache.shindig.common.xml.XmlUtil <clinit>
信息: Reusing document builders
十二月 28, 2016 2:59:32 下午 org.apache.shindig.gadgets.features.FeatureRegistry register
信息: Loading resources from: res:features/default-features.txt
十二月 28, 2016 2:59:33 下午 org.apache.shindig.gadgets.features.FeatureRegistry register
信息: Loading resources from: res:features/online-features.txt
十二月 28, 2016 2:59:49 下午 org.apache.shindig.gadgets.http.BasicHttpFetcher fetch
信息: Timeout for http://www.google.com/ig/lib/libanalytics.js Exception: org.apache.http.NoHttpResponseException - The target server failed to respond - 16290ms
十二月 28, 2016 2:59:49 下午 org.apache.shindig.gadgets.features.FeatureResourceLoader$UriResource getContent
警告: Unable to retrieve remote library from http://www.google.com/ig/lib/libanalytics.js
十二月 28, 2016 3:00:06 下午 org.apache.shindig.gadgets.http.BasicHttpFetcher fetch
信息: Timeout for http://www.google.com/ig/lib/libga.js Exception: org.apache.http.NoHttpResponseException - The target server failed to respond - 16300ms
十二月 28, 2016 3:00:06 下午 org.apache.shindig.gadgets.features.FeatureResourceLoader$UriResource getContent
警告: Unable to retrieve remote library from http://www.google.com/ig/lib/libga.js
十二月 28, 2016 3:00:06 下午 org.apache.shindig.gadgets.servlet.CajaContentRewriter <init>
信息: Cajoled cache createdorg.apache.shindig.common.cache.ehcache.EhConfiguredCache@57f67dbb
十二月 28, 2016 3:00:06 下午 org.apache.shindig.gadgets.servlet.CajaContentRewriter <init>
信息: Cajoled cache createdorg.apache.shindig.common.cache.ehcache.EhConfiguredCache@57f67dbb
十二月 28, 2016 3:00:06 下午 org.apache.shindig.gadgets.oauth.OAuthModule$OAuthCrypterProvider <init>
信息: Using random key for OAuth client-side state encryption
十二月 28, 2016 3:00:28 下午 org.picketlink.idm.impl.cache.AbstractInfinispanCacheProvider initialize
信息: Infinispan cache for Picketlink IDM created successfuly. cache name: idm-portal-api
