一月 01, 2017 12:43:16 上午 org.apache.coyote.AbstractProtocol pause
信息: Pausing ProtocolHandler ["http-bio-8085"]
一月 01, 2017 12:43:17 上午 javax.portlet.faces.GenericFacesPortlet destroy
信息: Destroy GenericFacesPortlet for portlet RedirectsAndImportExportAdminPortlet
一月 01, 2017 12:43:19 上午 org.apache.coyote.AbstractProtocol pause
信息: Pausing ProtocolHandler ["ajp-bio-8012"]
一月 01, 2017 12:43:19 上午 org.apache.catalina.core.StandardService stopInternal
信息: Stopping service Catalina
一月 01, 2017 12:43:20 上午 org.apache.catalina.loader.WebappClassLoader clearReferencesThreads
严重: The web application [/eXoGadgetServer] appears to have started a thread named [com.google.inject.internal.util.$Finalizer] but has failed to stop it. This is very likely to create a memory leak.
一月 01, 2017 12:43:20 上午 org.apache.catalina.loader.WebappClassLoader clearReferencesThreads
严重: The web application [/redirect-admin] appears to have started a thread named [push-session-manager-thread-0] but has failed to stop it. This is very likely to create a memory leak.
一月 01, 2017 12:43:20 上午 org.apache.coyote.AbstractProtocol stop
信息: Stopping ProtocolHandler ["http-bio-8085"]
一月 01, 2017 12:43:20 上午 org.apache.coyote.AbstractProtocol stop
信息: Stopping ProtocolHandler ["ajp-bio-8012"]
一月 01, 2017 12:43:20 上午 org.apache.coyote.AbstractProtocol destroy
信息: Destroying ProtocolHandler ["http-bio-8085"]
一月 01, 2017 12:43:20 上午 org.apache.coyote.AbstractProtocol destroy
信息: Destroying ProtocolHandler ["ajp-bio-8012"]
