一月 05, 2017 9:45:33 上午 org.apache.catalina.startup.ClassLoaderFactory validateFile
警告: Problem with directory [/Users/zhongwu/Documents/workspace/cmcc-project/GateIn-Manager/gatein/lib], exists: [false], isDirectory: [false], canRead: [false]
一月 05, 2017 9:45:34 上午 org.apache.catalina.core.AprLifecycleListener init
信息: The APR based Apache Tomcat Native library which allows optimal performance in production environments was not found on the java.library.path: /Users/zhongwu/Library/Java/Extensions:/Library/Java/Extensions:/Network/Library/Java/Extensions:/System/Library/Java/Extensions:/usr/lib/java:.
一月 05, 2017 9:45:35 上午 org.apache.coyote.AbstractProtocol init
信息: Initializing ProtocolHandler ["http-bio-8085"]
一月 05, 2017 9:45:35 上午 org.apache.coyote.AbstractProtocol init
信息: Initializing ProtocolHandler ["ajp-bio-8012"]
一月 05, 2017 9:45:35 上午 org.apache.catalina.startup.Catalina load
信息: Initialization processed in 1485 ms
一月 05, 2017 9:45:35 上午 org.apache.catalina.core.StandardService startInternal
信息: Starting service Catalina
一月 05, 2017 9:45:35 上午 org.apache.catalina.core.StandardEngine startInternal
信息: Starting Servlet Engine: Apache Tomcat/7.0.42
一月 05, 2017 9:45:35 上午 org.apache.catalina.startup.HostConfig deployDescriptor
信息: Deploying configuration descriptor /Users/zhongwu/Documents/workspace/cmcc-project/GateIn-Manager/conf/Catalina/localhost/portal.xml
一月 05, 2017 9:45:35 上午 org.apache.catalina.startup.HostConfig deployDescriptor
警告: A docBase /Users/zhongwu/Documents/workspace/cmcc-project/GateIn-Manager/webapps/portal inside the host appBase has been specified, and will be ignored
一月 05, 2017 9:45:37 上午 org.apache.catalina.startup.HostConfig deployWAR
信息: Deploying web application archive /Users/zhongwu/Documents/workspace/cmcc-project/GateIn-Manager/webapps/dashboard.war
一月 05, 2017 9:45:37 上午 org.apache.catalina.startup.HostConfig deployWAR
信息: Deploying web application archive /Users/zhongwu/Documents/workspace/cmcc-project/GateIn-Manager/webapps/exoadmin.war
一月 05, 2017 9:45:37 上午 org.apache.catalina.startup.HostConfig deployWAR
信息: Deploying web application archive /Users/zhongwu/Documents/workspace/cmcc-project/GateIn-Manager/webapps/eXoGadgets.war
一月 05, 2017 9:45:38 上午 org.apache.catalina.startup.HostConfig deployWAR
信息: Deploying web application archive /Users/zhongwu/Documents/workspace/cmcc-project/GateIn-Manager/webapps/eXoGadgetServer.war
一月 05, 2017 9:46:31 上午 org.apache.catalina.startup.HostConfig deployWAR
信息: Deploying web application archive /Users/zhongwu/Documents/workspace/cmcc-project/GateIn-Manager/webapps/eXoResources.war
一月 05, 2017 9:46:32 上午 org.apache.catalina.startup.HostConfig deployWAR
信息: Deploying web application archive /Users/zhongwu/Documents/workspace/cmcc-project/GateIn-Manager/webapps/gatein-mobile-configuration.war
一月 05, 2017 9:46:32 上午 org.apache.catalina.startup.HostConfig deployWAR
信息: Deploying web application archive /Users/zhongwu/Documents/workspace/cmcc-project/GateIn-Manager/webapps/gatein-mobile-login.war
一月 05, 2017 9:46:32 上午 org.apache.catalina.startup.HostConfig deployWAR
信息: Deploying web application archive /Users/zhongwu/Documents/workspace/cmcc-project/GateIn-Manager/webapps/gatein-responsive-skin.war
一月 05, 2017 9:46:32 上午 org.apache.catalina.startup.HostConfig deployWAR
信息: Deploying web application archive /Users/zhongwu/Documents/workspace/cmcc-project/GateIn-Manager/webapps/gatein-sample-skin.war
一月 05, 2017 9:46:32 上午 org.apache.catalina.startup.HostConfig deployWAR
信息: Deploying web application archive /Users/zhongwu/Documents/workspace/cmcc-project/GateIn-Manager/webapps/redirect-admin.war
一月 05, 2017 9:46:43 上午 com.sun.faces.config.ConfigureListener contextInitialized
信息: 初始化上下文 '/redirect-admin' 的 Mojarra 2.1.13 ( 20120907-1514)
一月 05, 2017 9:46:44 上午 com.sun.faces.spi.InjectionProviderFactory createInstance
信息: JSF1048：有 PostConstruct/PreDestroy 注释。标有这些注释的 ManagedBeans 方法将表示注释已处理。
一月 05, 2017 9:46:45 上午 org.richfaces.javascript.ClientServiceConfigParser parse
警告: Found JavaScript function definition for class javax.validation.constraints.NotNull, but that class is not presented
一月 05, 2017 9:46:45 上午 org.richfaces.javascript.ClientServiceConfigParser parse
警告: Found JavaScript function definition for class org.hibernate.validator.constraints.NotEmpty, but that class is not presented
一月 05, 2017 9:46:45 上午 org.richfaces.javascript.ClientServiceConfigParser parse
警告: Found JavaScript function definition for class javax.validation.constraints.Size, but that class is not presented
一月 05, 2017 9:46:45 上午 org.richfaces.javascript.ClientServiceConfigParser parse
警告: Found JavaScript function definition for class javax.validation.constraints.Pattern, but that class is not presented
一月 05, 2017 9:46:45 上午 org.richfaces.javascript.ClientServiceConfigParser parse
警告: Found JavaScript function definition for class javax.validation.constraints.Min, but that class is not presented
一月 05, 2017 9:46:45 上午 org.richfaces.javascript.ClientServiceConfigParser parse
警告: Found JavaScript function definition for class javax.validation.constraints.Max, but that class is not presented
一月 05, 2017 9:46:45 上午 org.richfaces.javascript.ClientServiceConfigParser parse
警告: Found JavaScript function definition for class javax.validation.constraints.AssertTrue, but that class is not presented
一月 05, 2017 9:46:45 上午 org.richfaces.javascript.ClientServiceConfigParser parse
警告: Found JavaScript function definition for class javax.validation.constraints.AssertFalse, but that class is not presented
一月 05, 2017 9:46:45 上午 org.richfaces.cache.CacheManager getCacheFactory
信息: Selected fallback cache factory
一月 05, 2017 9:46:45 上午 org.richfaces.cache.lru.LRUMapCacheFactory createCache
信息: Creating LRUMap cache instance using parameters: {javax.portlet.faces.RENDER_POLICY=ALWAYS_DELEGATE, org.richfaces.push.jms.enabled=true, org.gatein.portletbridge.WAR_BUNDLES_PORTLETBRIDGE=true, com.sun.faces.autoCompleteOffOnViewState=false, org.richfaces.resourceOptimization.enabled=true, javax.faces.INTERPRET_EMPTY_STRING_SUBMITTED_VALUES_AS_NULL=true, javax.faces.PROJECT_STAGE=Development, javax.faces.STATE_SAVING_METHOD=server, javax.faces.FACELETS_SKIP_COMMENTS=true, com.sun.faces.enableViewStateIdRendering=false, org.richfaces.enableControlSkinning=false}
一月 05, 2017 9:46:45 上午 org.richfaces.cache.lru.LRUMapCacheFactory createCache
信息: Creating LRUMap cache instance of 512 items capacity
一月 05, 2017 9:46:45 上午 org.richfaces.application.InitializationListener onStart
信息: RichFaces Core Implementation by JBoss by Red Hat, version 4.3.1.Final
一月 05, 2017 9:46:45 上午 org.richfaces.application.InitializationListener initializePushContext
信息: Startup initialization of PushContext
一月 05, 2017 9:46:45 上午 com.sun.faces.config.ConfigureListener$WebConfigResourceMonitor$Monitor <init>
信息: Monitoring jndi:/localhost/redirect-admin/WEB-INF/faces-config.xml for modifications
一月 05, 2017 9:46:45 上午 org.apache.catalina.startup.HostConfig deployWAR
信息: Deploying web application archive /Users/zhongwu/Documents/workspace/cmcc-project/GateIn-Manager/webapps/redirect-portlet.war
一月 05, 2017 9:46:46 上午 org.apache.catalina.startup.HostConfig deployWAR
信息: Deploying web application archive /Users/zhongwu/Documents/workspace/cmcc-project/GateIn-Manager/webapps/responsive-banner-portlet.war
一月 05, 2017 9:46:46 上午 org.apache.catalina.startup.HostConfig deployWAR
信息: Deploying web application archive /Users/zhongwu/Documents/workspace/cmcc-project/GateIn-Manager/webapps/responsive-community-portlet.war
一月 05, 2017 9:46:46 上午 org.apache.catalina.startup.HostConfig deployWAR
信息: Deploying web application archive /Users/zhongwu/Documents/workspace/cmcc-project/GateIn-Manager/webapps/responsive-features-portlet.war
一月 05, 2017 9:46:46 上午 org.apache.catalina.startup.HostConfig deployWAR
信息: Deploying web application archive /Users/zhongwu/Documents/workspace/cmcc-project/GateIn-Manager/webapps/responsive-footer-portlet.war
一月 05, 2017 9:46:47 上午 org.apache.catalina.startup.HostConfig deployWAR
信息: Deploying web application archive /Users/zhongwu/Documents/workspace/cmcc-project/GateIn-Manager/webapps/responsive-header-portlet.war
一月 05, 2017 9:46:47 上午 org.apache.catalina.startup.HostConfig deployWAR
信息: Deploying web application archive /Users/zhongwu/Documents/workspace/cmcc-project/GateIn-Manager/webapps/responsive-navigation-portlet.war
一月 05, 2017 9:46:47 上午 org.apache.catalina.startup.HostConfig deployWAR
信息: Deploying web application archive /Users/zhongwu/Documents/workspace/cmcc-project/GateIn-Manager/webapps/rest.war
一月 05, 2017 9:46:47 上午 org.apache.catalina.startup.HostConfig deployWAR
信息: Deploying web application archive /Users/zhongwu/Documents/workspace/cmcc-project/GateIn-Manager/webapps/web.war
一月 05, 2017 9:46:48 上午 org.apache.catalina.startup.HostConfig deployDirectory
信息: Deploying web application directory /Users/zhongwu/Documents/workspace/cmcc-project/GateIn-Manager/webapps/host-manager
一月 05, 2017 9:46:48 上午 org.apache.catalina.startup.HostConfig deployDirectory
信息: Deploying web application directory /Users/zhongwu/Documents/workspace/cmcc-project/GateIn-Manager/webapps/integration
一月 05, 2017 9:46:48 上午 org.apache.catalina.startup.HostConfig deployDirectory
信息: Deploying web application directory /Users/zhongwu/Documents/workspace/cmcc-project/GateIn-Manager/webapps/manager
一月 05, 2017 9:46:49 上午 org.apache.catalina.startup.HostConfig deployDirectory
信息: Deploying web application directory /Users/zhongwu/Documents/workspace/cmcc-project/GateIn-Manager/webapps/ROOT
一月 05, 2017 9:46:54 上午 org.picketlink.idm.impl.cache.AbstractInfinispanCacheProvider initialize
信息: Infinispan cache for Picketlink IDM created successfuly. cache name: idm-portal-api
一月 05, 2017 9:46:54 上午 org.picketlink.idm.impl.cache.AbstractInfinispanCacheProvider initialize
信息: Infinispan cache for Picketlink IDM created successfuly. cache name: idm-portal-store
一月 05, 2017 9:47:01 上午 org.picketlink.idm.impl.credential.HashingEncoder afterInitialize
信息: Algorithm SHA-256 will be used for password hashing
一月 05, 2017 9:47:01 上午 org.picketlink.idm.impl.credential.DatabaseReadingSaltEncoder afterInitialize
信息: Registered SecureRandomProvider will be used for random generating of password salts
一月 05, 2017 9:47:04 上午 javax.portlet.faces.GenericFacesPortlet init
信息: Init GenericFacesPortlet for portlet RedirectsAndImportExportAdminPortlet
一月 05, 2017 9:47:04 上午 javax.portlet.faces.GenericFacesPortlet calculateBridgeClassName
信息: Bridge class name is org.jboss.portletbridge.PortletBridgeImpl
一月 05, 2017 9:47:04 上午 org.apache.coyote.AbstractProtocol start
信息: Starting ProtocolHandler ["http-bio-8085"]
一月 05, 2017 9:47:04 上午 org.apache.coyote.AbstractProtocol start
信息: Starting ProtocolHandler ["ajp-bio-8012"]
一月 05, 2017 9:47:05 上午 org.apache.catalina.startup.Catalina start
信息: Server startup in 89646 ms
一月 05, 2017 9:49:06 上午 org.apache.tomcat.util.http.Cookies processCookieHeader
信息: Cookies: Invalid cookie. Value not a token or quoted value
 Note: further occurrences of Cookie errors will be logged at DEBUG level.
一月 05, 2017 6:12:01 下午 org.apache.coyote.AbstractProtocol pause
信息: Pausing ProtocolHandler ["http-bio-8085"]
一月 05, 2017 6:12:04 下午 org.apache.coyote.AbstractProtocol pause
信息: Pausing ProtocolHandler ["ajp-bio-8012"]
一月 05, 2017 6:12:04 下午 org.apache.catalina.core.StandardService stopInternal
信息: Stopping service Catalina
