十二月 30, 2016 10:45:16 上午 org.apache.catalina.startup.ClassLoaderFactory validateFile
警告: Problem with directory [/Users/zhongwu/Documents/移动研究院/GateIn-3.8.1.Final-tomcat-7/gatein/lib], exists: [false], isDirectory: [false], canRead: [false]
十二月 30, 2016 10:45:17 上午 org.apache.catalina.core.AprLifecycleListener init
信息: The APR based Apache Tomcat Native library which allows optimal performance in production environments was not found on the java.library.path: /Users/zhongwu/Library/Java/Extensions:/Library/Java/Extensions:/Network/Library/Java/Extensions:/System/Library/Java/Extensions:/usr/lib/java:.
十二月 30, 2016 10:45:18 上午 org.apache.coyote.AbstractProtocol init
信息: Initializing ProtocolHandler ["http-bio-8085"]
十二月 30, 2016 10:45:18 上午 org.apache.coyote.AbstractProtocol init
信息: Initializing ProtocolHandler ["ajp-bio-8012"]
十二月 30, 2016 10:45:18 上午 org.apache.catalina.startup.Catalina load
信息: Initialization processed in 959 ms
十二月 30, 2016 10:45:18 上午 org.apache.catalina.core.StandardService startInternal
信息: Starting service Catalina
十二月 30, 2016 10:45:18 上午 org.apache.catalina.core.StandardEngine startInternal
信息: Starting Servlet Engine: Apache Tomcat/7.0.42
十二月 30, 2016 10:45:18 上午 org.apache.catalina.startup.HostConfig deployDescriptor
信息: Deploying configuration descriptor /Users/zhongwu/Documents/移动研究院/GateIn-3.8.1.Final-tomcat-7/conf/Catalina/localhost/portal.xml
十二月 30, 2016 10:45:18 上午 org.apache.catalina.startup.HostConfig deployDescriptor
警告: A docBase /Users/zhongwu/Documents/移动研究院/GateIn-3.8.1.Final-tomcat-7/webapps/portal inside the host appBase has been specified, and will be ignored
十二月 30, 2016 10:45:19 上午 org.apache.catalina.startup.HostConfig deployWAR
信息: Deploying web application archive /Users/zhongwu/Documents/移动研究院/GateIn-3.8.1.Final-tomcat-7/webapps/dashboard.war
十二月 30, 2016 10:45:20 上午 org.apache.catalina.startup.HostConfig deployWAR
信息: Deploying web application archive /Users/zhongwu/Documents/移动研究院/GateIn-3.8.1.Final-tomcat-7/webapps/exoadmin.war
十二月 30, 2016 10:45:20 上午 org.apache.catalina.startup.HostConfig deployWAR
信息: Deploying web application archive /Users/zhongwu/Documents/移动研究院/GateIn-3.8.1.Final-tomcat-7/webapps/eXoGadgets.war
十二月 30, 2016 10:45:20 上午 org.apache.catalina.startup.HostConfig deployWAR
信息: Deploying web application archive /Users/zhongwu/Documents/移动研究院/GateIn-3.8.1.Final-tomcat-7/webapps/eXoGadgetServer.war
十二月 30, 2016 10:45:56 上午 org.apache.catalina.startup.HostConfig deployWAR
信息: Deploying web application archive /Users/zhongwu/Documents/移动研究院/GateIn-3.8.1.Final-tomcat-7/webapps/eXoResources.war
十二月 30, 2016 10:45:56 上午 org.apache.catalina.startup.HostConfig deployWAR
信息: Deploying web application archive /Users/zhongwu/Documents/移动研究院/GateIn-3.8.1.Final-tomcat-7/webapps/gatein-mobile-configuration.war
十二月 30, 2016 10:45:57 上午 org.apache.catalina.startup.HostConfig deployWAR
信息: Deploying web application archive /Users/zhongwu/Documents/移动研究院/GateIn-3.8.1.Final-tomcat-7/webapps/gatein-mobile-login.war
十二月 30, 2016 10:45:57 上午 org.apache.catalina.startup.HostConfig deployWAR
信息: Deploying web application archive /Users/zhongwu/Documents/移动研究院/GateIn-3.8.1.Final-tomcat-7/webapps/gatein-responsive-skin.war
十二月 30, 2016 10:45:57 上午 org.apache.catalina.startup.HostConfig deployWAR
信息: Deploying web application archive /Users/zhongwu/Documents/移动研究院/GateIn-3.8.1.Final-tomcat-7/webapps/gatein-sample-skin.war
十二月 30, 2016 10:45:57 上午 org.apache.catalina.startup.HostConfig deployWAR
信息: Deploying web application archive /Users/zhongwu/Documents/移动研究院/GateIn-3.8.1.Final-tomcat-7/webapps/redirect-admin.war
十二月 30, 2016 10:46:08 上午 com.sun.faces.config.ConfigureListener contextInitialized
信息: 初始化上下文 '/redirect-admin' 的 Mojarra 2.1.13 ( 20120907-1514)
十二月 30, 2016 10:46:09 上午 com.sun.faces.spi.InjectionProviderFactory createInstance
信息: JSF1048：有 PostConstruct/PreDestroy 注释。标有这些注释的 ManagedBeans 方法将表示注释已处理。
十二月 30, 2016 10:46:10 上午 org.richfaces.javascript.ClientServiceConfigParser parse
警告: Found JavaScript function definition for class javax.validation.constraints.NotNull, but that class is not presented
十二月 30, 2016 10:46:10 上午 org.richfaces.javascript.ClientServiceConfigParser parse
警告: Found JavaScript function definition for class org.hibernate.validator.constraints.NotEmpty, but that class is not presented
十二月 30, 2016 10:46:10 上午 org.richfaces.javascript.ClientServiceConfigParser parse
警告: Found JavaScript function definition for class javax.validation.constraints.Size, but that class is not presented
十二月 30, 2016 10:46:10 上午 org.richfaces.javascript.ClientServiceConfigParser parse
警告: Found JavaScript function definition for class javax.validation.constraints.Pattern, but that class is not presented
十二月 30, 2016 10:46:10 上午 org.richfaces.javascript.ClientServiceConfigParser parse
警告: Found JavaScript function definition for class javax.validation.constraints.Min, but that class is not presented
十二月 30, 2016 10:46:10 上午 org.richfaces.javascript.ClientServiceConfigParser parse
警告: Found JavaScript function definition for class javax.validation.constraints.Max, but that class is not presented
十二月 30, 2016 10:46:10 上午 org.richfaces.javascript.ClientServiceConfigParser parse
警告: Found JavaScript function definition for class javax.validation.constraints.AssertTrue, but that class is not presented
十二月 30, 2016 10:46:10 上午 org.richfaces.javascript.ClientServiceConfigParser parse
警告: Found JavaScript function definition for class javax.validation.constraints.AssertFalse, but that class is not presented
十二月 30, 2016 10:46:10 上午 org.richfaces.cache.CacheManager getCacheFactory
信息: Selected fallback cache factory
十二月 30, 2016 10:46:10 上午 org.richfaces.cache.lru.LRUMapCacheFactory createCache
信息: Creating LRUMap cache instance using parameters: {javax.portlet.faces.RENDER_POLICY=ALWAYS_DELEGATE, org.richfaces.push.jms.enabled=true, org.gatein.portletbridge.WAR_BUNDLES_PORTLETBRIDGE=true, com.sun.faces.autoCompleteOffOnViewState=false, org.richfaces.resourceOptimization.enabled=true, javax.faces.INTERPRET_EMPTY_STRING_SUBMITTED_VALUES_AS_NULL=true, javax.faces.PROJECT_STAGE=Development, javax.faces.STATE_SAVING_METHOD=server, javax.faces.FACELETS_SKIP_COMMENTS=true, com.sun.faces.enableViewStateIdRendering=false, org.richfaces.enableControlSkinning=false}
十二月 30, 2016 10:46:10 上午 org.richfaces.cache.lru.LRUMapCacheFactory createCache
信息: Creating LRUMap cache instance of 512 items capacity
十二月 30, 2016 10:46:10 上午 org.richfaces.application.InitializationListener onStart
信息: RichFaces Core Implementation by JBoss by Red Hat, version 4.3.1.Final
十二月 30, 2016 10:46:10 上午 org.richfaces.application.InitializationListener initializePushContext
信息: Startup initialization of PushContext
十二月 30, 2016 10:46:10 上午 com.sun.faces.config.ConfigureListener$WebConfigResourceMonitor$Monitor <init>
信息: Monitoring jndi:/localhost/redirect-admin/WEB-INF/faces-config.xml for modifications
十二月 30, 2016 10:46:10 上午 org.apache.catalina.startup.HostConfig deployWAR
信息: Deploying web application archive /Users/zhongwu/Documents/移动研究院/GateIn-3.8.1.Final-tomcat-7/webapps/redirect-portlet.war
十二月 30, 2016 10:46:10 上午 org.apache.catalina.startup.HostConfig deployWAR
信息: Deploying web application archive /Users/zhongwu/Documents/移动研究院/GateIn-3.8.1.Final-tomcat-7/webapps/responsive-banner-portlet.war
十二月 30, 2016 10:46:11 上午 org.apache.catalina.startup.HostConfig deployWAR
信息: Deploying web application archive /Users/zhongwu/Documents/移动研究院/GateIn-3.8.1.Final-tomcat-7/webapps/responsive-community-portlet.war
十二月 30, 2016 10:46:11 上午 org.apache.catalina.startup.HostConfig deployWAR
信息: Deploying web application archive /Users/zhongwu/Documents/移动研究院/GateIn-3.8.1.Final-tomcat-7/webapps/responsive-features-portlet.war
十二月 30, 2016 10:46:11 上午 org.apache.catalina.startup.HostConfig deployWAR
信息: Deploying web application archive /Users/zhongwu/Documents/移动研究院/GateIn-3.8.1.Final-tomcat-7/webapps/responsive-footer-portlet.war
十二月 30, 2016 10:46:11 上午 org.apache.catalina.startup.HostConfig deployWAR
信息: Deploying web application archive /Users/zhongwu/Documents/移动研究院/GateIn-3.8.1.Final-tomcat-7/webapps/responsive-header-portlet.war
十二月 30, 2016 10:46:11 上午 org.apache.catalina.startup.HostConfig deployWAR
信息: Deploying web application archive /Users/zhongwu/Documents/移动研究院/GateIn-3.8.1.Final-tomcat-7/webapps/responsive-navigation-portlet.war
十二月 30, 2016 10:46:11 上午 org.apache.catalina.startup.HostConfig deployWAR
信息: Deploying web application archive /Users/zhongwu/Documents/移动研究院/GateIn-3.8.1.Final-tomcat-7/webapps/rest.war
十二月 30, 2016 10:46:12 上午 org.apache.catalina.startup.HostConfig deployWAR
信息: Deploying web application archive /Users/zhongwu/Documents/移动研究院/GateIn-3.8.1.Final-tomcat-7/webapps/web.war
十二月 30, 2016 10:46:12 上午 org.apache.catalina.startup.HostConfig deployDirectory
信息: Deploying web application directory /Users/zhongwu/Documents/移动研究院/GateIn-3.8.1.Final-tomcat-7/webapps/host-manager
十二月 30, 2016 10:46:12 上午 org.apache.catalina.startup.HostConfig deployDirectory
信息: Deploying web application directory /Users/zhongwu/Documents/移动研究院/GateIn-3.8.1.Final-tomcat-7/webapps/integration
十二月 30, 2016 10:46:12 上午 org.apache.catalina.startup.HostConfig deployDirectory
信息: Deploying web application directory /Users/zhongwu/Documents/移动研究院/GateIn-3.8.1.Final-tomcat-7/webapps/manager
十二月 30, 2016 10:46:12 上午 org.apache.catalina.startup.HostConfig deployDirectory
信息: Deploying web application directory /Users/zhongwu/Documents/移动研究院/GateIn-3.8.1.Final-tomcat-7/webapps/ROOT
十二月 30, 2016 10:46:16 上午 org.picketlink.idm.impl.cache.AbstractInfinispanCacheProvider initialize
信息: Infinispan cache for Picketlink IDM created successfuly. cache name: idm-portal-api
十二月 30, 2016 10:46:16 上午 org.picketlink.idm.impl.cache.AbstractInfinispanCacheProvider initialize
信息: Infinispan cache for Picketlink IDM created successfuly. cache name: idm-portal-store
十二月 30, 2016 10:46:20 上午 org.picketlink.idm.impl.credential.HashingEncoder afterInitialize
信息: Algorithm SHA-256 will be used for password hashing
十二月 30, 2016 10:46:20 上午 org.picketlink.idm.impl.credential.DatabaseReadingSaltEncoder afterInitialize
信息: Registered SecureRandomProvider will be used for random generating of password salts
十二月 30, 2016 10:46:29 上午 javax.portlet.faces.GenericFacesPortlet init
信息: Init GenericFacesPortlet for portlet RedirectsAndImportExportAdminPortlet
十二月 30, 2016 10:46:29 上午 javax.portlet.faces.GenericFacesPortlet calculateBridgeClassName
信息: Bridge class name is org.jboss.portletbridge.PortletBridgeImpl
十二月 30, 2016 10:46:30 上午 org.apache.coyote.AbstractProtocol start
信息: Starting ProtocolHandler ["http-bio-8085"]
十二月 30, 2016 10:46:30 上午 org.apache.coyote.AbstractProtocol start
信息: Starting ProtocolHandler ["ajp-bio-8012"]
十二月 30, 2016 10:46:30 上午 org.apache.catalina.startup.Catalina start
信息: Server startup in 72828 ms
