Java HotSpot(TM) 64-Bit Server VM warning: ignoring option MaxPermSize=192m; support was removed in 8.0
十二月 30, 2016 10:45:16 上午 org.apache.catalina.startup.ClassLoaderFactory validateFile
警告: Problem with directory [/Users/zhongwu/Documents/移动研究院/GateIn-3.8.1.Final-tomcat-7/gatein/lib], exists: [false], isDirectory: [false], canRead: [false]
十二月 30, 2016 10:45:17 上午 org.apache.catalina.core.AprLifecycleListener init
信息: The APR based Apache Tomcat Native library which allows optimal performance in production environments was not found on the java.library.path: /Users/zhongwu/Library/Java/Extensions:/Library/Java/Extensions:/Network/Library/Java/Extensions:/System/Library/Java/Extensions:/usr/lib/java:.
十二月 30, 2016 10:45:18 上午 org.apache.coyote.AbstractProtocol init
信息: Initializing ProtocolHandler ["http-bio-8085"]
十二月 30, 2016 10:45:18 上午 org.apache.coyote.AbstractProtocol init
信息: Initializing ProtocolHandler ["ajp-bio-8012"]
十二月 30, 2016 10:45:18 上午 org.apache.catalina.startup.Catalina load
信息: Initialization processed in 959 ms
十二月 30, 2016 10:45:18 上午 org.apache.catalina.core.StandardService startInternal
信息: Starting service Catalina
十二月 30, 2016 10:45:18 上午 org.apache.catalina.core.StandardEngine startInternal
信息: Starting Servlet Engine: Apache Tomcat/7.0.42
十二月 30, 2016 10:45:18 上午 org.apache.catalina.startup.HostConfig deployDescriptor
信息: Deploying configuration descriptor /Users/zhongwu/Documents/移动研究院/GateIn-3.8.1.Final-tomcat-7/conf/Catalina/localhost/portal.xml
十二月 30, 2016 10:45:18 上午 org.apache.catalina.startup.HostConfig deployDescriptor
警告: A docBase /Users/zhongwu/Documents/移动研究院/GateIn-3.8.1.Final-tomcat-7/webapps/portal inside the host appBase has been specified, and will be ignored
[localhost-startStop-1] INFO exo.kernel.container.RootContainer - Building root container
[localhost-startStop-1] INFO exo.kernel.container.RootContainer - Active profiles [tomcat]
[localhost-startStop-1] INFO exo.kernel.container.RootContainer - Root container is built (build time 365ms)
[localhost-startStop-1] INFO exo.kernel.container.ExoContainerContext - Set the top container in its context
[localhost-startStop-1] INFO exo.kernel.container.RootContainer - Root container booted
[localhost-startStop-1] INFO org.exoplatform.portal.application.ResourceRequestFilter - Cache eXo Resource at client: true
十二月 30, 2016 10:45:19 上午 org.apache.catalina.startup.HostConfig deployWAR
信息: Deploying web application archive /Users/zhongwu/Documents/移动研究院/GateIn-3.8.1.Final-tomcat-7/webapps/dashboard.war
[localhost-startStop-1] INFO org.exoplatform.portal.application.ResourceRequestFilter - Cache eXo Resource at client: true
十二月 30, 2016 10:45:20 上午 org.apache.catalina.startup.HostConfig deployWAR
信息: Deploying web application archive /Users/zhongwu/Documents/移动研究院/GateIn-3.8.1.Final-tomcat-7/webapps/exoadmin.war
[localhost-startStop-1] INFO org.exoplatform.portal.application.ResourceRequestFilter - Cache eXo Resource at client: true
十二月 30, 2016 10:45:20 上午 org.apache.catalina.startup.HostConfig deployWAR
信息: Deploying web application archive /Users/zhongwu/Documents/移动研究院/GateIn-3.8.1.Final-tomcat-7/webapps/eXoGadgets.war
[localhost-startStop-1] INFO org.exoplatform.portal.application.ResourceRequestFilter - Cache eXo Resource at client: true
十二月 30, 2016 10:45:20 上午 org.apache.catalina.startup.HostConfig deployWAR
信息: Deploying web application archive /Users/zhongwu/Documents/移动研究院/GateIn-3.8.1.Final-tomcat-7/webapps/eXoGadgetServer.war
十二月 30, 2016 10:45:22 上午 org.exoplatform.portal.gadget.core.GateInJsonContainerConfig loadContainers
信息: Loading resources from: containers/default/container.js
十二月 30, 2016 10:45:22 上午 org.exoplatform.portal.gadget.core.GateInJsonContainerConfig loadResources
信息: Reading container config: containers/default/container.js
[localhost-startStop-1] INFO org.exoplatform.portal.gadget.core.ExoContainerConfig - Use signing key /Users/zhongwu/Documents/移动研究院/GateIn-3.8.1.Final-tomcat-7/bin/../gatein/conf/gadgets/oauthkey.pem for gadget security
十二月 30, 2016 10:45:22 上午 org.apache.shindig.gadgets.features.FeatureRegistry register
信息: Loading resources from: res:gatein-features/features.txt
十二月 30, 2016 10:45:22 上午 org.apache.shindig.common.xml.XmlUtil <clinit>
信息: Not using secure XML processing.
十二月 30, 2016 10:45:22 上午 org.apache.shindig.common.xml.XmlUtil <clinit>
信息: Reusing document builders
十二月 30, 2016 10:45:22 上午 org.apache.shindig.gadgets.features.FeatureRegistry register
信息: Loading resources from: res:features/default-features.txt
十二月 30, 2016 10:45:23 上午 org.apache.shindig.gadgets.features.FeatureRegistry register
信息: Loading resources from: res:features/online-features.txt
[localhost-startStop-1] INFO org.apache.http.impl.client.DefaultHttpClient - I/O exception (org.apache.http.NoHttpResponseException) caught when processing request: The target server failed to respond
[localhost-startStop-1] INFO org.apache.http.impl.client.DefaultHttpClient - Retrying request
[localhost-startStop-1] INFO org.apache.http.impl.client.DefaultHttpClient - I/O exception (org.apache.http.NoHttpResponseException) caught when processing request: The target server failed to respond
[localhost-startStop-1] INFO org.apache.http.impl.client.DefaultHttpClient - Retrying request
[localhost-startStop-1] INFO org.apache.http.impl.client.DefaultHttpClient - I/O exception (org.apache.http.NoHttpResponseException) caught when processing request: The target server failed to respond
[localhost-startStop-1] INFO org.apache.http.impl.client.DefaultHttpClient - Retrying request
十二月 30, 2016 10:45:39 上午 org.apache.shindig.gadgets.http.BasicHttpFetcher fetch
信息: Timeout for http://www.google.com/ig/lib/libanalytics.js Exception: org.apache.http.NoHttpResponseException - The target server failed to respond - 16291ms
十二月 30, 2016 10:45:39 上午 org.apache.shindig.gadgets.features.FeatureResourceLoader$UriResource getContent
警告: Unable to retrieve remote library from http://www.google.com/ig/lib/libanalytics.js
[localhost-startStop-1] INFO org.apache.http.impl.client.DefaultHttpClient - I/O exception (org.apache.http.NoHttpResponseException) caught when processing request: The target server failed to respond
[localhost-startStop-1] INFO org.apache.http.impl.client.DefaultHttpClient - Retrying request
[localhost-startStop-1] INFO org.apache.http.impl.client.DefaultHttpClient - I/O exception (org.apache.http.NoHttpResponseException) caught when processing request: The target server failed to respond
[localhost-startStop-1] INFO org.apache.http.impl.client.DefaultHttpClient - Retrying request
[localhost-startStop-1] INFO org.apache.http.impl.client.DefaultHttpClient - I/O exception (org.apache.http.NoHttpResponseException) caught when processing request: The target server failed to respond
[localhost-startStop-1] INFO org.apache.http.impl.client.DefaultHttpClient - Retrying request
十二月 30, 2016 10:45:56 上午 org.apache.shindig.gadgets.http.BasicHttpFetcher fetch
信息: Timeout for http://www.google.com/ig/lib/libga.js Exception: org.apache.http.NoHttpResponseException - The target server failed to respond - 16209ms
十二月 30, 2016 10:45:56 上午 org.apache.shindig.gadgets.features.FeatureResourceLoader$UriResource getContent
警告: Unable to retrieve remote library from http://www.google.com/ig/lib/libga.js
十二月 30, 2016 10:45:56 上午 org.apache.shindig.gadgets.servlet.CajaContentRewriter <init>
信息: Cajoled cache createdorg.apache.shindig.common.cache.ehcache.EhConfiguredCache@19404c70
十二月 30, 2016 10:45:56 上午 org.apache.shindig.gadgets.servlet.CajaContentRewriter <init>
信息: Cajoled cache createdorg.apache.shindig.common.cache.ehcache.EhConfiguredCache@19404c70
[localhost-startStop-1] INFO org.apache.shindig.gadgets.oauth.OAuthModule - Loading OAuth signing key from /Users/zhongwu/Documents/移动研究院/GateIn-3.8.1.Final-tomcat-7/bin/../gatein/conf/gadgets/oauthkey.pem
十二月 30, 2016 10:45:56 上午 org.apache.shindig.gadgets.oauth.OAuthModule$OAuthCrypterProvider <init>
信息: Using random key for OAuth client-side state encryption
十二月 30, 2016 10:45:56 上午 org.apache.catalina.startup.HostConfig deployWAR
信息: Deploying web application archive /Users/zhongwu/Documents/移动研究院/GateIn-3.8.1.Final-tomcat-7/webapps/eXoResources.war
[localhost-startStop-1] INFO org.exoplatform.portal.application.ResourceRequestFilter - Cache eXo Resource at client: true
十二月 30, 2016 10:45:56 上午 org.apache.catalina.startup.HostConfig deployWAR
信息: Deploying web application archive /Users/zhongwu/Documents/移动研究院/GateIn-3.8.1.Final-tomcat-7/webapps/gatein-mobile-configuration.war
十二月 30, 2016 10:45:57 上午 org.apache.catalina.startup.HostConfig deployWAR
信息: Deploying web application archive /Users/zhongwu/Documents/移动研究院/GateIn-3.8.1.Final-tomcat-7/webapps/gatein-mobile-login.war
十二月 30, 2016 10:45:57 上午 org.apache.catalina.startup.HostConfig deployWAR
信息: Deploying web application archive /Users/zhongwu/Documents/移动研究院/GateIn-3.8.1.Final-tomcat-7/webapps/gatein-responsive-skin.war
[localhost-startStop-1] INFO org.exoplatform.portal.application.ResourceRequestFilter - Cache eXo Resource at client: true
十二月 30, 2016 10:45:57 上午 org.apache.catalina.startup.HostConfig deployWAR
信息: Deploying web application archive /Users/zhongwu/Documents/移动研究院/GateIn-3.8.1.Final-tomcat-7/webapps/gatein-sample-skin.war
十二月 30, 2016 10:45:57 上午 org.apache.catalina.startup.HostConfig deployWAR
信息: Deploying web application archive /Users/zhongwu/Documents/移动研究院/GateIn-3.8.1.Final-tomcat-7/webapps/redirect-admin.war
十二月 30, 2016 10:46:08 上午 com.sun.faces.config.ConfigureListener contextInitialized
信息: 初始化上下文 '/redirect-admin' 的 Mojarra 2.1.13 ( 20120907-1514)
十二月 30, 2016 10:46:09 上午 com.sun.faces.spi.InjectionProviderFactory createInstance
信息: JSF1048：有 PostConstruct/PreDestroy 注释。标有这些注释的 ManagedBeans 方法将表示注释已处理。
十二月 30, 2016 10:46:10 上午 org.richfaces.javascript.ClientServiceConfigParser parse
警告: Found JavaScript function definition for class javax.validation.constraints.NotNull, but that class is not presented
十二月 30, 2016 10:46:10 上午 org.richfaces.javascript.ClientServiceConfigParser parse
警告: Found JavaScript function definition for class org.hibernate.validator.constraints.NotEmpty, but that class is not presented
十二月 30, 2016 10:46:10 上午 org.richfaces.javascript.ClientServiceConfigParser parse
警告: Found JavaScript function definition for class javax.validation.constraints.Size, but that class is not presented
十二月 30, 2016 10:46:10 上午 org.richfaces.javascript.ClientServiceConfigParser parse
警告: Found JavaScript function definition for class javax.validation.constraints.Pattern, but that class is not presented
十二月 30, 2016 10:46:10 上午 org.richfaces.javascript.ClientServiceConfigParser parse
警告: Found JavaScript function definition for class javax.validation.constraints.Min, but that class is not presented
十二月 30, 2016 10:46:10 上午 org.richfaces.javascript.ClientServiceConfigParser parse
警告: Found JavaScript function definition for class javax.validation.constraints.Max, but that class is not presented
十二月 30, 2016 10:46:10 上午 org.richfaces.javascript.ClientServiceConfigParser parse
警告: Found JavaScript function definition for class javax.validation.constraints.AssertTrue, but that class is not presented
十二月 30, 2016 10:46:10 上午 org.richfaces.javascript.ClientServiceConfigParser parse
警告: Found JavaScript function definition for class javax.validation.constraints.AssertFalse, but that class is not presented
十二月 30, 2016 10:46:10 上午 org.richfaces.cache.CacheManager getCacheFactory
信息: Selected fallback cache factory
十二月 30, 2016 10:46:10 上午 org.richfaces.cache.lru.LRUMapCacheFactory createCache
信息: Creating LRUMap cache instance using parameters: {javax.portlet.faces.RENDER_POLICY=ALWAYS_DELEGATE, org.richfaces.push.jms.enabled=true, org.gatein.portletbridge.WAR_BUNDLES_PORTLETBRIDGE=true, com.sun.faces.autoCompleteOffOnViewState=false, org.richfaces.resourceOptimization.enabled=true, javax.faces.INTERPRET_EMPTY_STRING_SUBMITTED_VALUES_AS_NULL=true, javax.faces.PROJECT_STAGE=Development, javax.faces.STATE_SAVING_METHOD=server, javax.faces.FACELETS_SKIP_COMMENTS=true, com.sun.faces.enableViewStateIdRendering=false, org.richfaces.enableControlSkinning=false}
十二月 30, 2016 10:46:10 上午 org.richfaces.cache.lru.LRUMapCacheFactory createCache
信息: Creating LRUMap cache instance of 512 items capacity
十二月 30, 2016 10:46:10 上午 org.richfaces.application.InitializationListener onStart
信息: RichFaces Core Implementation by JBoss by Red Hat, version 4.3.1.Final
十二月 30, 2016 10:46:10 上午 org.richfaces.application.InitializationListener initializePushContext
信息: Startup initialization of PushContext
十二月 30, 2016 10:46:10 上午 com.sun.faces.config.ConfigureListener$WebConfigResourceMonitor$Monitor <init>
信息: Monitoring jndi:/localhost/redirect-admin/WEB-INF/faces-config.xml for modifications
十二月 30, 2016 10:46:10 上午 org.apache.catalina.startup.HostConfig deployWAR
信息: Deploying web application archive /Users/zhongwu/Documents/移动研究院/GateIn-3.8.1.Final-tomcat-7/webapps/redirect-portlet.war
十二月 30, 2016 10:46:10 上午 org.apache.catalina.startup.HostConfig deployWAR
信息: Deploying web application archive /Users/zhongwu/Documents/移动研究院/GateIn-3.8.1.Final-tomcat-7/webapps/responsive-banner-portlet.war
[localhost-startStop-1] INFO org.exoplatform.portal.application.ResourceRequestFilter - Cache eXo Resource at client: true
十二月 30, 2016 10:46:11 上午 org.apache.catalina.startup.HostConfig deployWAR
信息: Deploying web application archive /Users/zhongwu/Documents/移动研究院/GateIn-3.8.1.Final-tomcat-7/webapps/responsive-community-portlet.war
[localhost-startStop-1] INFO org.exoplatform.portal.application.ResourceRequestFilter - Cache eXo Resource at client: true
十二月 30, 2016 10:46:11 上午 org.apache.catalina.startup.HostConfig deployWAR
信息: Deploying web application archive /Users/zhongwu/Documents/移动研究院/GateIn-3.8.1.Final-tomcat-7/webapps/responsive-features-portlet.war
[localhost-startStop-1] INFO org.exoplatform.portal.application.ResourceRequestFilter - Cache eXo Resource at client: true
十二月 30, 2016 10:46:11 上午 org.apache.catalina.startup.HostConfig deployWAR
信息: Deploying web application archive /Users/zhongwu/Documents/移动研究院/GateIn-3.8.1.Final-tomcat-7/webapps/responsive-footer-portlet.war
[localhost-startStop-1] INFO org.exoplatform.portal.application.ResourceRequestFilter - Cache eXo Resource at client: true
十二月 30, 2016 10:46:11 上午 org.apache.catalina.startup.HostConfig deployWAR
信息: Deploying web application archive /Users/zhongwu/Documents/移动研究院/GateIn-3.8.1.Final-tomcat-7/webapps/responsive-header-portlet.war
[localhost-startStop-1] INFO org.exoplatform.portal.application.ResourceRequestFilter - Cache eXo Resource at client: true
十二月 30, 2016 10:46:11 上午 org.apache.catalina.startup.HostConfig deployWAR
信息: Deploying web application archive /Users/zhongwu/Documents/移动研究院/GateIn-3.8.1.Final-tomcat-7/webapps/responsive-navigation-portlet.war
[localhost-startStop-1] INFO org.exoplatform.portal.application.ResourceRequestFilter - Cache eXo Resource at client: true
十二月 30, 2016 10:46:11 上午 org.apache.catalina.startup.HostConfig deployWAR
信息: Deploying web application archive /Users/zhongwu/Documents/移动研究院/GateIn-3.8.1.Final-tomcat-7/webapps/rest.war
十二月 30, 2016 10:46:12 上午 org.apache.catalina.startup.HostConfig deployWAR
信息: Deploying web application archive /Users/zhongwu/Documents/移动研究院/GateIn-3.8.1.Final-tomcat-7/webapps/web.war
[localhost-startStop-1] INFO org.exoplatform.portal.application.ResourceRequestFilter - Cache eXo Resource at client: true
十二月 30, 2016 10:46:12 上午 org.apache.catalina.startup.HostConfig deployDirectory
信息: Deploying web application directory /Users/zhongwu/Documents/移动研究院/GateIn-3.8.1.Final-tomcat-7/webapps/host-manager
十二月 30, 2016 10:46:12 上午 org.apache.catalina.startup.HostConfig deployDirectory
信息: Deploying web application directory /Users/zhongwu/Documents/移动研究院/GateIn-3.8.1.Final-tomcat-7/webapps/integration
十二月 30, 2016 10:46:12 上午 org.apache.catalina.startup.HostConfig deployDirectory
信息: Deploying web application directory /Users/zhongwu/Documents/移动研究院/GateIn-3.8.1.Final-tomcat-7/webapps/manager
十二月 30, 2016 10:46:12 上午 org.apache.catalina.startup.HostConfig deployDirectory
信息: Deploying web application directory /Users/zhongwu/Documents/移动研究院/GateIn-3.8.1.Final-tomcat-7/webapps/ROOT
[Catalina-startStop-1] INFO exo.kernel.container.RootContainer - Trying to create the portal container 'portal'
[Catalina-startStop-1] INFO exo.kernel.component.common.InitialContextInitializer - Reference bound: jdbcjcr_portal
[Catalina-startStop-1] INFO exo.kernel.component.common.InitialContextInitializer - Reference bound: jdbcidm_portal
[Catalina-startStop-1] INFO org.exoplatform.web.security.codec.CodecInitializer - Initialized codec using builder org.exoplatform.web.security.codec.JCASymmetricCodecBuilder
[Catalina-startStop-1] INFO org.exoplatform.web.WebAppController - Loading router configuration ../gatein/conf/controller.xml
[Catalina-startStop-1] INFO org.exoplatform.web.WebAppController - Loading router configuration file:/Users/zhongwu/Documents/移动研究院/GateIn-3.8.1.Final-tomcat-7/bin/../gatein/conf/controller.xml
10:46:14,861 INFO  [Version] HCANN000001: Hibernate Commons Annotations {4.0.1.Final}
10:46:14,872 INFO  [Version] HHH000412: Hibernate Core {4.2.5.Final}
10:46:14,875 INFO  [Environment] HHH000206: hibernate.properties not found
10:46:14,878 INFO  [Environment] HHH000021: Bytecode provider name : javassist
[Catalina-startStop-1] INFO exo.core.component.database.HibernateServiceImpl - Adding  Hibernate Mapping: picketlink-idm/mappings/HibernateRealm.hbm.xml
[Catalina-startStop-1] INFO exo.core.component.database.HibernateServiceImpl - Adding  Hibernate Mapping: picketlink-idm/mappings/HibernateIdentityObjectCredentialBinaryValue.hbm.xml
[Catalina-startStop-1] INFO exo.core.component.database.HibernateServiceImpl - Adding  Hibernate Mapping: picketlink-idm/mappings/HibernateIdentityObjectAttributeBinaryValue.hbm.xml
[Catalina-startStop-1] INFO exo.core.component.database.HibernateServiceImpl - Adding  Hibernate Mapping: picketlink-idm/mappings/HibernateIdentityObject.hbm.xml
[Catalina-startStop-1] INFO exo.core.component.database.HibernateServiceImpl - Adding  Hibernate Mapping: picketlink-idm/mappings/HibernateIdentityObjectCredential.hbm.xml
[Catalina-startStop-1] INFO exo.core.component.database.HibernateServiceImpl - Adding  Hibernate Mapping: picketlink-idm/mappings/HibernateIdentityObjectCredentialType.hbm.xml
[Catalina-startStop-1] INFO exo.core.component.database.HibernateServiceImpl - Adding  Hibernate Mapping: picketlink-idm/mappings/HibernateIdentityObjectAttribute.hbm.xml
[Catalina-startStop-1] INFO exo.core.component.database.HibernateServiceImpl - Adding  Hibernate Mapping: picketlink-idm/mappings/HibernateIdentityObjectType.hbm.xml
[Catalina-startStop-1] INFO exo.core.component.database.HibernateServiceImpl - Adding  Hibernate Mapping: picketlink-idm/mappings/HibernateIdentityObjectRelationship.hbm.xml
[Catalina-startStop-1] INFO exo.core.component.database.HibernateServiceImpl - Adding  Hibernate Mapping: picketlink-idm/mappings/HibernateIdentityObjectRelationshipType.hbm.xml
[Catalina-startStop-1] INFO exo.core.component.database.HibernateServiceImpl - Adding  Hibernate Mapping: picketlink-idm/mappings/HibernateIdentityObjectRelationshipName.hbm.xml
10:46:15,835 INFO  [ENGINE] Checkpoint start
10:46:15,835 INFO  [ENGINE] checkpointClose start
10:46:15,844 INFO  [ENGINE] checkpointClose end
10:46:15,845 INFO  [ENGINE] Checkpoint end - txts: 1
10:46:15,889 INFO  [Dialect] HHH000400: Using dialect: org.hibernate.dialect.HSQLDialect
10:46:15,982 INFO  [TransactionFactoryInitiator] HHH000399: Using default transaction strategy (direct JDBC transactions)
10:46:15,986 INFO  [ASTQueryTranslatorFactory] HHH000397: Using ASTQueryTranslatorFactory
10:46:16,496 INFO  [SchemaUpdate] HHH000228: Running hbm2ddl schema update
10:46:16,496 INFO  [SchemaUpdate] HHH000102: Fetching database metadata
10:46:16,501 INFO  [SchemaUpdate] HHH000396: Updating schema
10:46:16,518 INFO  [DatabaseMetaData] HHH000262: Table not found: jbid_attr_bin_value
10:46:16,520 INFO  [DatabaseMetaData] HHH000262: Table not found: jbid_creden_bin_value
10:46:16,521 INFO  [DatabaseMetaData] HHH000262: Table not found: jbid_io
10:46:16,523 INFO  [DatabaseMetaData] HHH000262: Table not found: jbid_io_attr
10:46:16,523 INFO  [DatabaseMetaData] HHH000262: Table not found: jbid_io_attr_text_values
10:46:16,525 INFO  [DatabaseMetaData] HHH000262: Table not found: jbid_io_creden
10:46:16,526 INFO  [DatabaseMetaData] HHH000262: Table not found: jbid_io_creden_props
10:46:16,527 INFO  [DatabaseMetaData] HHH000262: Table not found: jbid_io_creden_type
10:46:16,538 INFO  [DatabaseMetaData] HHH000262: Table not found: jbid_io_props
10:46:16,539 INFO  [DatabaseMetaData] HHH000262: Table not found: jbid_io_rel
10:46:16,540 INFO  [DatabaseMetaData] HHH000262: Table not found: jbid_io_rel_name
10:46:16,541 INFO  [DatabaseMetaData] HHH000262: Table not found: jbid_io_rel_name_props
10:46:16,542 INFO  [DatabaseMetaData] HHH000262: Table not found: jbid_io_rel_props
10:46:16,543 INFO  [DatabaseMetaData] HHH000262: Table not found: jbid_io_rel_type
10:46:16,545 INFO  [DatabaseMetaData] HHH000262: Table not found: jbid_io_type
10:46:16,546 INFO  [DatabaseMetaData] HHH000262: Table not found: jbid_real_props
10:46:16,547 INFO  [DatabaseMetaData] HHH000262: Table not found: jbid_realm
10:46:16,548 INFO  [DatabaseMetaData] HHH000262: Table not found: jbid_attr_bin_value
10:46:16,549 INFO  [DatabaseMetaData] HHH000262: Table not found: jbid_creden_bin_value
10:46:16,550 INFO  [DatabaseMetaData] HHH000262: Table not found: jbid_io
10:46:16,551 INFO  [DatabaseMetaData] HHH000262: Table not found: jbid_io_attr
10:46:16,553 INFO  [DatabaseMetaData] HHH000262: Table not found: jbid_io_attr_text_values
10:46:16,554 INFO  [DatabaseMetaData] HHH000262: Table not found: jbid_io_creden
10:46:16,556 INFO  [DatabaseMetaData] HHH000262: Table not found: jbid_io_creden_props
10:46:16,557 INFO  [DatabaseMetaData] HHH000262: Table not found: jbid_io_creden_type
10:46:16,558 INFO  [DatabaseMetaData] HHH000262: Table not found: jbid_io_props
10:46:16,559 INFO  [DatabaseMetaData] HHH000262: Table not found: jbid_io_rel
10:46:16,560 INFO  [DatabaseMetaData] HHH000262: Table not found: jbid_io_rel_name
10:46:16,561 INFO  [DatabaseMetaData] HHH000262: Table not found: jbid_io_rel_name_props
10:46:16,562 INFO  [DatabaseMetaData] HHH000262: Table not found: jbid_io_rel_props
10:46:16,563 INFO  [DatabaseMetaData] HHH000262: Table not found: jbid_io_rel_type
10:46:16,564 INFO  [DatabaseMetaData] HHH000262: Table not found: jbid_io_type
10:46:16,565 INFO  [DatabaseMetaData] HHH000262: Table not found: jbid_real_props
10:46:16,566 INFO  [DatabaseMetaData] HHH000262: Table not found: jbid_realm
10:46:16,567 INFO  [DatabaseMetaData] HHH000262: Table not found: jbid_attr_bin_value
10:46:16,568 INFO  [DatabaseMetaData] HHH000262: Table not found: jbid_creden_bin_value
10:46:16,569 INFO  [DatabaseMetaData] HHH000262: Table not found: jbid_io
10:46:16,572 INFO  [DatabaseMetaData] HHH000262: Table not found: jbid_io_attr
10:46:16,573 INFO  [DatabaseMetaData] HHH000262: Table not found: jbid_io_attr_text_values
10:46:16,574 INFO  [DatabaseMetaData] HHH000262: Table not found: jbid_io_creden
10:46:16,575 INFO  [DatabaseMetaData] HHH000262: Table not found: jbid_io_creden_props
10:46:16,576 INFO  [DatabaseMetaData] HHH000262: Table not found: jbid_io_creden_type
10:46:16,577 INFO  [DatabaseMetaData] HHH000262: Table not found: jbid_io_props
10:46:16,578 INFO  [DatabaseMetaData] HHH000262: Table not found: jbid_io_rel
10:46:16,579 INFO  [DatabaseMetaData] HHH000262: Table not found: jbid_io_rel_name
10:46:16,580 INFO  [DatabaseMetaData] HHH000262: Table not found: jbid_io_rel_name_props
10:46:16,582 INFO  [DatabaseMetaData] HHH000262: Table not found: jbid_io_rel_props
10:46:16,583 INFO  [DatabaseMetaData] HHH000262: Table not found: jbid_io_rel_type
10:46:16,584 INFO  [DatabaseMetaData] HHH000262: Table not found: jbid_io_type
10:46:16,585 INFO  [DatabaseMetaData] HHH000262: Table not found: jbid_real_props
10:46:16,586 INFO  [DatabaseMetaData] HHH000262: Table not found: jbid_realm
10:46:16,620 INFO  [SchemaUpdate] HHH000232: Schema update complete
10:46:16,678 INFO  [GlobalComponentRegistry] ISPN000128: Infinispan version: Infinispan 'Delirium' 5.2.7.Final
10:46:16,732 INFO  [TransactionManagerFactory] ISPN000161: Using a batchMode transaction manager
10:46:16,936 INFO  [CacheJmxRegistration] ISPN000031: MBeans were successfully registered to the platform MBean server.
10:46:16,975 INFO  [IDMTreeCacheImpl] StaleNodesCleaner started successfully with delay 120000
十二月 30, 2016 10:46:16 上午 org.picketlink.idm.impl.cache.AbstractInfinispanCacheProvider initialize
信息: Infinispan cache for Picketlink IDM created successfuly. cache name: idm-portal-api
十二月 30, 2016 10:46:16 上午 org.picketlink.idm.impl.cache.AbstractInfinispanCacheProvider initialize
信息: Infinispan cache for Picketlink IDM created successfuly. cache name: idm-portal-api
10:46:16,984 INFO  [TransactionManagerFactory] ISPN000161: Using a batchMode transaction manager
10:46:16,988 INFO  [CacheJmxRegistration] ISPN000031: MBeans were successfully registered to the platform MBean server.
10:46:16,992 INFO  [IDMTreeCacheImpl] StaleNodesCleaner started successfully with delay 120000
十二月 30, 2016 10:46:16 上午 org.picketlink.idm.impl.cache.AbstractInfinispanCacheProvider initialize
信息: Infinispan cache for Picketlink IDM created successfuly. cache name: idm-portal-store
[Catalina-startStop-1] INFO org.gatein.portal.controller.resource.ResourceRequestHandler - Use version "3.8.1.Final" for resource serving
[Catalina-startStop-1] INFO exo.core.component.xml-processing.XMLResolvingServiceImpl - New entries to ResolvingService added (public) : -//W3C//ENTITIES Latin 1 for XHTML//EN : dtd/xhtml-lat1.ent
[Catalina-startStop-1] INFO exo.core.component.xml-processing.XMLResolvingServiceImpl - New entries to ResolvingService added (public) : -//W3C//DTD XHTML 1.0 Transitional//EN : dtd/xhtml1-transitional.dtd
[Catalina-startStop-1] INFO exo.core.component.xml-processing.XMLResolvingServiceImpl - New entries to ResolvingService added (public) : -//W3C//DTD XHTML 1.0 Strict//EN : dtd/xhtml1-strict.dtd
[Catalina-startStop-1] INFO exo.core.component.xml-processing.XMLResolvingServiceImpl - New entries to ResolvingService added (public) : -//W3C//DTD XMLSCHEMA 200102//EN : dtd/XMLSchema.dtd
[Catalina-startStop-1] INFO exo.core.component.xml-processing.XMLResolvingServiceImpl - New entries to ResolvingService added (public) : -//W3C//ENTITIES Special for XHTML//EN : dtd/xhtml-special.ent
[Catalina-startStop-1] INFO exo.core.component.xml-processing.XMLResolvingServiceImpl - New entries to ResolvingService added (public) : -//W3C//DTD XHTML 1.0 Frameset//EN : dtd/xhtml1-frameset.dtd
[Catalina-startStop-1] INFO exo.core.component.xml-processing.XMLResolvingServiceImpl - New entries to ResolvingService added (public) : -//Sun Microsystems, Inc.//DTD Web Application 2.3//EN : dtd/web-app_2_3.dtd
[Catalina-startStop-1] INFO exo.core.component.xml-processing.XMLResolvingServiceImpl - New entries to ResolvingService added (public) : -//W3C//ENTITIES Symbols for XHTML//EN : dtd/xhtml-symbol.ent
[Catalina-startStop-1] INFO exo.core.component.xml-processing.XMLResolvingServiceImpl - New entries to ResolvingService added (system) : http://www.w3.org/TR/xhtml1/DTD/xhtml1-frameset.dtd : dtd/xhtml1-frameset.dtd
[Catalina-startStop-1] INFO exo.core.component.xml-processing.XMLResolvingServiceImpl - New entries to ResolvingService added (system) : http://www.w3.org/TR/xhtml1/DTD/xhtml1-transitional.dtd : dtd/xhtml1-transitional.dtd
[Catalina-startStop-1] INFO exo.core.component.xml-processing.XMLResolvingServiceImpl - New entries to ResolvingService added (system) : http://www.w3.org/TR/xhtml1/DTD/xhtml-symbol.ent : dtd/xhtml-symbol.ent
[Catalina-startStop-1] INFO exo.core.component.xml-processing.XMLResolvingServiceImpl - New entries to ResolvingService added (system) : http://www.w3.org/TR/xhtml1/DTD/xhtml-special.ent : dtd/xhtml-special.ent
[Catalina-startStop-1] INFO exo.core.component.xml-processing.XMLResolvingServiceImpl - New entries to ResolvingService added (system) : http://www.w3.org/2001/datatypes.dtd : dtd/datatypes.dtd
[Catalina-startStop-1] INFO exo.core.component.xml-processing.XMLResolvingServiceImpl - New entries to ResolvingService added (system) : http://java.sun.com/dtd/web-app_2_3.dtd : dtd/web-app_2_3.dtd
[Catalina-startStop-1] INFO exo.core.component.xml-processing.XMLResolvingServiceImpl - New entries to ResolvingService added (system) : http://www.w3.org/TR/xhtml1/DTD/xhtml1-strict.dtd : dtd/xhtml1-strict.dtd
[Catalina-startStop-1] INFO exo.core.component.xml-processing.XMLResolvingServiceImpl - New entries to ResolvingService added (system) : http://www.w3.org/2001/XMLSchema.dtd : dtd/XMLSchema.dtd
[Catalina-startStop-1] INFO exo.core.component.xml-processing.XMLResolvingServiceImpl - New entries to ResolvingService added (system) : http://www.w3.org/TR/xhtml1/DTD/xhtml-lat1.ent : dtd/xhtml-lat1.ent
[Catalina-startStop-1] INFO exo.core.component.xml-processing.TRAXTemplatesServiceImpl - XSLT schema found by relative path: xslt/get-method.xsl
10:46:17,574 INFO  [ENGINE] Checkpoint start
10:46:17,574 INFO  [ENGINE] checkpointClose start
10:46:17,581 INFO  [ENGINE] checkpointClose end
10:46:17,581 INFO  [ENGINE] Checkpoint end - txts: 1
[Catalina-startStop-1] INFO exo.jcr.component.core.JDBCWorkspaceDataContainer - dialect:HSQLDB, source-name:jdbcjcr_portal, db-structure-type:isolated, update-storage:true, max-buffer-size:204800, swap-directory:../gatein/data/jcr/swap/system_portal, value storage provider: []
[Catalina-startStop-1] INFO exo.jcr.component.core.DBInitializer - The DB schema of the workspace 'system' has been initialized succesfully.
[Catalina-startStop-1] INFO exo.jcr.component.core.InfinispanCacheFactory - Infinispan Cache configuration used: war:/conf/jcr/infinispan/local/config.xml
[Catalina-startStop-1] INFO exo.jcr.component.core.InfinispanCacheFactory - A new ISPN Cache Manager instance has been registered for the region Data_repository_system and the container portal
[Catalina-startStop-1] INFO exo.jcr.component.core.InfinispanCacheFactory - The region Data_repository_system has been registered for the container portal
10:46:17,757 INFO  [CacheJmxRegistration] ISPN000031: MBeans were successfully registered to the platform MBean server.
[Catalina-startStop-1] INFO exo.jcr.component.core.JDBCWorkspaceDataContainer - dialect:HSQLDB, source-name:jdbcjcr_portal, db-structure-type:isolated, update-storage:true, max-buffer-size:204800, swap-directory:../gatein/data/jcr/swap/portal-system_portal, db-tablename-suffix:PSYSTEM, value storage provider: []
[Catalina-startStop-1] INFO exo.jcr.component.core.DBInitializer - The DB schema of the workspace 'portal-system' has been initialized succesfully.
[Catalina-startStop-1] INFO exo.jcr.component.core.InfinispanCacheFactory - Infinispan Cache configuration used: war:/conf/jcr/infinispan/local/config_portal-system.xml
[Catalina-startStop-1] INFO exo.jcr.component.core.InfinispanCacheFactory - The region Data_repository_portal_system has been registered for the container portal
10:46:17,794 INFO  [CacheJmxRegistration] ISPN000031: MBeans were successfully registered to the platform MBean server.
[Catalina-startStop-1] INFO exo.jcr.component.core.JDBCWorkspaceDataContainer - dialect:HSQLDB, source-name:jdbcjcr_portal, db-structure-type:isolated, update-storage:true, max-buffer-size:204800, swap-directory:../gatein/data/jcr/swap/portal-work_portal, db-tablename-suffix:PWORK, value storage provider: []
[Catalina-startStop-1] INFO exo.jcr.component.core.DBInitializer - The DB schema of the workspace 'portal-work' has been initialized succesfully.
[Catalina-startStop-1] INFO exo.jcr.component.core.InfinispanCacheFactory - Infinispan Cache configuration used: war:/conf/jcr/infinispan/local/config.xml
[Catalina-startStop-1] INFO exo.jcr.component.core.InfinispanCacheFactory - The region Data_repository_portal_work has been registered for the container portal
10:46:17,816 INFO  [CacheJmxRegistration] ISPN000031: MBeans were successfully registered to the platform MBean server.
[Catalina-startStop-1] WARN com.arjuna.ats.arjuna.logging.arjLoggerI18N - [com.arjuna.ats.arjuna.coordinator.TxControl_1] - Name of XA node not defined. Using a49e103:d5c6:5865ca79:1
[Catalina-startStop-1] INFO com.arjuna.ats.arjuna.logging.arjLoggerI18N - [com.arjuna.ats.arjuna.recovery.TransactionStatusManager_1] - Starting service com.arjuna.ats.arjuna.recovery.ActionStatusService on port 54727
[Catalina-startStop-1] INFO com.arjuna.ats.arjuna.logging.arjLogger - TransactionStatusManagerItem - host: 127.0.0.1 port: 54727
[Catalina-startStop-1] INFO com.arjuna.ats.arjuna.logging.arjLoggerI18N - [com.arjuna.ats.arjuna.recovery.TransactionStatusManager_3] - TransactionStatusManager started on port 54727 and host 127.0.0.1 with service com.arjuna.ats.arjuna.recovery.ActionStatusService
[Catalina-startStop-1] INFO exo.jcr.component.core.InfinispanCacheFactory - Infinispan Cache configuration used: war:/conf/jcr/infinispan/local/lock-config.xml
[Catalina-startStop-1] INFO exo.jcr.component.core.InfinispanCacheFactory - The region Lrepositorysystem has been registered for the container portal
10:46:18,392 INFO  [CacheJmxRegistration] ISPN000031: MBeans were successfully registered to the platform MBean server.
[Catalina-startStop-1] INFO exo.jcr.component.core.IndexerIoModeHandler - Indexer io mode=READ_WRITE
[Catalina-startStop-1] INFO exo.jcr.component.core.SearchIndex - Index created: /Users/zhongwu/Documents/移动研究院/GateIn-3.8.1.Final-tomcat-7/bin/../gatein/data/jcr/lucene/system_portal_system
[Catalina-startStop-1] INFO exo.jcr.component.core.MultiIndex - Setting index OFFLINE (repository/repository_system[system])
[Catalina-startStop-1] INFO exo.jcr.component.core.MultiIndex - Initial index for 112 nodes created (repository/repository_system[system]).
[Catalina-startStop-1] INFO exo.jcr.component.core.MultiIndex - Setting index ONLINE (repository/repository_system[system])
[Catalina-startStop-1] INFO exo.jcr.component.core.SearchIndex - Index initialized: /Users/zhongwu/Documents/移动研究院/GateIn-3.8.1.Final-tomcat-7/bin/../gatein/data/jcr/lucene/system_portal_system Version: 4
[Catalina-startStop-1] INFO exo.jcr.component.core.SearchIndex - Index created: /Users/zhongwu/Documents/移动研究院/GateIn-3.8.1.Final-tomcat-7/bin/../gatein/data/jcr/lucene/system_portal
[Catalina-startStop-1] INFO exo.jcr.component.core.MultiIndex - Setting index OFFLINE (repository/repository_system)
[Catalina-startStop-1] INFO exo.jcr.component.core.MultiIndex - Initial index for 1 nodes created (repository/repository_system).
[Catalina-startStop-1] INFO exo.jcr.component.core.MultiIndex - Setting index ONLINE (repository/repository_system)
[Catalina-startStop-1] INFO exo.jcr.component.core.SearchIndex - Index initialized: /Users/zhongwu/Documents/移动研究院/GateIn-3.8.1.Final-tomcat-7/bin/../gatein/data/jcr/lucene/system_portal Version: 4
[Catalina-startStop-1] INFO exo.jcr.component.core.InfinispanCacheFactory - Infinispan Cache configuration used: war:/conf/jcr/infinispan/local/lock-config.xml
[Catalina-startStop-1] INFO exo.jcr.component.core.InfinispanCacheFactory - The region Lrepositoryportal_system has been registered for the container portal
10:46:18,910 INFO  [CacheJmxRegistration] ISPN000031: MBeans were successfully registered to the platform MBean server.
[Catalina-startStop-1] INFO exo.jcr.component.core.IndexerIoModeHandler - Indexer io mode=READ_WRITE
[Catalina-startStop-1] INFO exo.jcr.component.core.SearchIndex - Index created: /Users/zhongwu/Documents/移动研究院/GateIn-3.8.1.Final-tomcat-7/bin/../gatein/data/jcr/lucene/portal-system_portal
[Catalina-startStop-1] INFO exo.jcr.component.core.MultiIndex - Setting index OFFLINE (repository/repository_portal-system)
[Catalina-startStop-1] INFO exo.jcr.component.core.MultiIndex - Initial index for 1 nodes created (repository/repository_portal-system).
[Catalina-startStop-1] INFO exo.jcr.component.core.MultiIndex - Setting index ONLINE (repository/repository_portal-system)
[Catalina-startStop-1] INFO exo.jcr.component.core.SearchIndex - Index initialized: /Users/zhongwu/Documents/移动研究院/GateIn-3.8.1.Final-tomcat-7/bin/../gatein/data/jcr/lucene/portal-system_portal Version: 4
[Catalina-startStop-1] INFO exo.jcr.component.core.InfinispanCacheFactory - Infinispan Cache configuration used: war:/conf/jcr/infinispan/local/lock-config.xml
[Catalina-startStop-1] INFO exo.jcr.component.core.InfinispanCacheFactory - The region Lrepositoryportal_work has been registered for the container portal
10:46:18,972 INFO  [CacheJmxRegistration] ISPN000031: MBeans were successfully registered to the platform MBean server.
[Catalina-startStop-1] INFO exo.jcr.component.core.IndexerIoModeHandler - Indexer io mode=READ_WRITE
[Catalina-startStop-1] INFO exo.jcr.component.core.SearchIndex - Index created: /Users/zhongwu/Documents/移动研究院/GateIn-3.8.1.Final-tomcat-7/bin/../gatein/data/jcr/lucene/portal-work_portal
[Catalina-startStop-1] INFO exo.jcr.component.core.MultiIndex - Setting index OFFLINE (repository/repository_portal-work)
[Catalina-startStop-1] INFO exo.jcr.component.core.MultiIndex - Initial index for 1 nodes created (repository/repository_portal-work).
[Catalina-startStop-1] INFO exo.jcr.component.core.MultiIndex - Setting index ONLINE (repository/repository_portal-work)
[Catalina-startStop-1] INFO exo.jcr.component.core.SearchIndex - Index initialized: /Users/zhongwu/Documents/移动研究院/GateIn-3.8.1.Final-tomcat-7/bin/../gatein/data/jcr/lucene/portal-work_portal Version: 4
[Catalina-startStop-1] INFO exo.jcr.component.core.SessionImpl - The JCR will throw an exception anytime we will try to use a dead session.
十二月 30, 2016 10:46:20 上午 org.picketlink.idm.impl.credential.HashingEncoder afterInitialize
信息: Algorithm SHA-256 will be used for password hashing
十二月 30, 2016 10:46:20 上午 org.picketlink.idm.impl.credential.DatabaseReadingSaltEncoder afterInitialize
信息: Registered SecureRandomProvider will be used for random generating of password salts
[Catalina-startStop-1] INFO exo.jcr.component.webdav.WebDavServiceInitParams - def-folder-node-type = nt:folder
[Catalina-startStop-1] INFO exo.jcr.component.webdav.WebDavServiceInitParams - def-file-node-type = nt:file
[Catalina-startStop-1] INFO exo.jcr.component.webdav.WebDavServiceInitParams - def-file-mimetype = text/plain
[Catalina-startStop-1] INFO exo.jcr.component.webdav.WebDavServiceInitParams - update-policy = create-version
十二月 30, 2016 10:46:29 上午 javax.portlet.faces.GenericFacesPortlet init
信息: Init GenericFacesPortlet for portlet RedirectsAndImportExportAdminPortlet
十二月 30, 2016 10:46:29 上午 javax.portlet.faces.GenericFacesPortlet calculateBridgeClassName
信息: Bridge class name is org.jboss.portletbridge.PortletBridgeImpl
[Catalina-startStop-1] INFO exo.jcr.component.ext.NodeRepresentationService - NodeRepresentationFactory added nt:file org.exoplatform.services.jcr.ext.resource.representation.NtFileNodeRepresentationFactory
[Catalina-startStop-1] INFO exo.jcr.component.ext.NodeRepresentationService - NodeRepresentationFactory added nt:resource org.exoplatform.services.jcr.ext.resource.representation.NtResourceNodeRepresentationFactory
[Catalina-startStop-1] INFO org.gatein.portal.application.PortalController - The WebAppController has been successfully initialized for the portal 'portal'
[Catalina-startStop-1] INFO exo.kernel.container.RootContainer - The portal container 'portal' has been created successfully
十二月 30, 2016 10:46:30 上午 org.apache.coyote.AbstractProtocol start
信息: Starting ProtocolHandler ["http-bio-8085"]
十二月 30, 2016 10:46:30 上午 org.apache.coyote.AbstractProtocol start
信息: Starting ProtocolHandler ["ajp-bio-8012"]
十二月 30, 2016 10:46:30 上午 org.apache.catalina.startup.Catalina start
信息: Server startup in 72828 ms
一月 01, 2017 12:43:16 上午 org.apache.coyote.AbstractProtocol pause
信息: Pausing ProtocolHandler ["http-bio-8085"]
[Thread-2] INFO exo.jcr.component.core.SearchIndex - Index closed: /Users/zhongwu/Documents/移动研究院/GateIn-3.8.1.Final-tomcat-7/bin/../gatein/data/jcr/lucene/portal-system_portal
[Thread-2] INFO exo.jcr.component.core.SearchIndex - Index closed: /Users/zhongwu/Documents/移动研究院/GateIn-3.8.1.Final-tomcat-7/bin/../gatein/data/jcr/lucene/portal-work_portal
[Thread-2] INFO exo.jcr.component.core.SearchIndex - Index closed: /Users/zhongwu/Documents/移动研究院/GateIn-3.8.1.Final-tomcat-7/bin/../gatein/data/jcr/lucene/system_portal_system
[Thread-2] INFO exo.jcr.component.core.SearchIndex - Index closed: /Users/zhongwu/Documents/移动研究院/GateIn-3.8.1.Final-tomcat-7/bin/../gatein/data/jcr/lucene/system_portal
一月 01, 2017 12:43:17 上午 javax.portlet.faces.GenericFacesPortlet destroy
信息: Destroy GenericFacesPortlet for portlet RedirectsAndImportExportAdminPortlet
[Thread-2] INFO exo.kernel.container.ExoContainerContext - Set the top container in its context
一月 01, 2017 12:43:19 上午 org.apache.coyote.AbstractProtocol pause
信息: Pausing ProtocolHandler ["ajp-bio-8012"]
一月 01, 2017 12:43:19 上午 org.apache.catalina.core.StandardService stopInternal
信息: Stopping service Catalina
一月 01, 2017 12:43:20 上午 org.apache.catalina.loader.WebappClassLoader clearReferencesThreads
严重: The web application [/eXoGadgetServer] appears to have started a thread named [com.google.inject.internal.util.$Finalizer] but has failed to stop it. This is very likely to create a memory leak.
一月 01, 2017 12:43:20 上午 org.apache.catalina.loader.WebappClassLoader clearReferencesThreads
严重: The web application [/redirect-admin] appears to have started a thread named [push-session-manager-thread-0] but has failed to stop it. This is very likely to create a memory leak.
一月 01, 2017 12:43:20 上午 org.apache.coyote.AbstractProtocol stop
信息: Stopping ProtocolHandler ["http-bio-8085"]
一月 01, 2017 12:43:20 上午 org.apache.coyote.AbstractProtocol stop
信息: Stopping ProtocolHandler ["ajp-bio-8012"]
一月 01, 2017 12:43:20 上午 org.apache.coyote.AbstractProtocol destroy
信息: Destroying ProtocolHandler ["http-bio-8085"]
一月 01, 2017 12:43:20 上午 org.apache.coyote.AbstractProtocol destroy
信息: Destroying ProtocolHandler ["ajp-bio-8012"]
Java HotSpot(TM) 64-Bit Server VM warning: ignoring option MaxPermSize=192m; support was removed in 8.0
一月 05, 2017 9:45:33 上午 org.apache.catalina.startup.ClassLoaderFactory validateFile
警告: Problem with directory [/Users/zhongwu/Documents/workspace/cmcc-project/GateIn-Manager/gatein/lib], exists: [false], isDirectory: [false], canRead: [false]
一月 05, 2017 9:45:34 上午 org.apache.catalina.core.AprLifecycleListener init
信息: The APR based Apache Tomcat Native library which allows optimal performance in production environments was not found on the java.library.path: /Users/zhongwu/Library/Java/Extensions:/Library/Java/Extensions:/Network/Library/Java/Extensions:/System/Library/Java/Extensions:/usr/lib/java:.
一月 05, 2017 9:45:35 上午 org.apache.coyote.AbstractProtocol init
信息: Initializing ProtocolHandler ["http-bio-8085"]
一月 05, 2017 9:45:35 上午 org.apache.coyote.AbstractProtocol init
信息: Initializing ProtocolHandler ["ajp-bio-8012"]
一月 05, 2017 9:45:35 上午 org.apache.catalina.startup.Catalina load
信息: Initialization processed in 1485 ms
一月 05, 2017 9:45:35 上午 org.apache.catalina.core.StandardService startInternal
信息: Starting service Catalina
一月 05, 2017 9:45:35 上午 org.apache.catalina.core.StandardEngine startInternal
信息: Starting Servlet Engine: Apache Tomcat/7.0.42
一月 05, 2017 9:45:35 上午 org.apache.catalina.startup.HostConfig deployDescriptor
信息: Deploying configuration descriptor /Users/zhongwu/Documents/workspace/cmcc-project/GateIn-Manager/conf/Catalina/localhost/portal.xml
一月 05, 2017 9:45:35 上午 org.apache.catalina.startup.HostConfig deployDescriptor
警告: A docBase /Users/zhongwu/Documents/workspace/cmcc-project/GateIn-Manager/webapps/portal inside the host appBase has been specified, and will be ignored
[localhost-startStop-1] INFO exo.kernel.container.RootContainer - Building root container
[localhost-startStop-1] INFO exo.kernel.container.RootContainer - Active profiles [tomcat]
[localhost-startStop-1] INFO exo.kernel.container.RootContainer - Root container is built (build time 545ms)
[localhost-startStop-1] INFO exo.kernel.container.ExoContainerContext - Set the top container in its context
[localhost-startStop-1] INFO exo.kernel.container.RootContainer - Root container booted
[localhost-startStop-1] INFO org.exoplatform.portal.application.ResourceRequestFilter - Cache eXo Resource at client: true
一月 05, 2017 9:45:37 上午 org.apache.catalina.startup.HostConfig deployWAR
信息: Deploying web application archive /Users/zhongwu/Documents/workspace/cmcc-project/GateIn-Manager/webapps/dashboard.war
[localhost-startStop-1] INFO org.exoplatform.portal.application.ResourceRequestFilter - Cache eXo Resource at client: true
一月 05, 2017 9:45:37 上午 org.apache.catalina.startup.HostConfig deployWAR
信息: Deploying web application archive /Users/zhongwu/Documents/workspace/cmcc-project/GateIn-Manager/webapps/exoadmin.war
[localhost-startStop-1] INFO org.exoplatform.portal.application.ResourceRequestFilter - Cache eXo Resource at client: true
一月 05, 2017 9:45:37 上午 org.apache.catalina.startup.HostConfig deployWAR
信息: Deploying web application archive /Users/zhongwu/Documents/workspace/cmcc-project/GateIn-Manager/webapps/eXoGadgets.war
[localhost-startStop-1] INFO org.exoplatform.portal.application.ResourceRequestFilter - Cache eXo Resource at client: true
一月 05, 2017 9:45:38 上午 org.apache.catalina.startup.HostConfig deployWAR
信息: Deploying web application archive /Users/zhongwu/Documents/workspace/cmcc-project/GateIn-Manager/webapps/eXoGadgetServer.war
一月 05, 2017 9:45:40 上午 org.exoplatform.portal.gadget.core.GateInJsonContainerConfig loadContainers
信息: Loading resources from: containers/default/container.js
一月 05, 2017 9:45:40 上午 org.exoplatform.portal.gadget.core.GateInJsonContainerConfig loadResources
信息: Reading container config: containers/default/container.js
[localhost-startStop-1] INFO org.exoplatform.portal.gadget.core.ExoContainerConfig - Found token key file /Users/zhongwu/Documents/workspace/cmcc-project/GateIn-Manager/bin/../gatein/conf/gadgets/key.txt for gadgets security
[localhost-startStop-1] INFO org.exoplatform.portal.gadget.core.ExoContainerConfig - Use signing key /Users/zhongwu/Documents/workspace/cmcc-project/GateIn-Manager/bin/../gatein/conf/gadgets/oauthkey.pem for gadget security
一月 05, 2017 9:45:40 上午 org.apache.shindig.gadgets.features.FeatureRegistry register
信息: Loading resources from: res:gatein-features/features.txt
一月 05, 2017 9:45:40 上午 org.apache.shindig.common.xml.XmlUtil <clinit>
信息: Not using secure XML processing.
一月 05, 2017 9:45:40 上午 org.apache.shindig.common.xml.XmlUtil <clinit>
信息: Reusing document builders
一月 05, 2017 9:45:40 上午 org.apache.shindig.gadgets.features.FeatureRegistry register
信息: Loading resources from: res:features/default-features.txt
一月 05, 2017 9:45:40 上午 org.apache.shindig.gadgets.features.FeatureRegistry register
信息: Loading resources from: res:features/online-features.txt
[localhost-startStop-1] INFO org.apache.http.impl.client.DefaultHttpClient - I/O exception (org.apache.http.NoHttpResponseException) caught when processing request: The target server failed to respond
[localhost-startStop-1] INFO org.apache.http.impl.client.DefaultHttpClient - Retrying request
[localhost-startStop-1] INFO org.apache.http.impl.client.DefaultHttpClient - I/O exception (org.apache.http.NoHttpResponseException) caught when processing request: The target server failed to respond
[localhost-startStop-1] INFO org.apache.http.impl.client.DefaultHttpClient - Retrying request
[localhost-startStop-1] INFO org.apache.http.impl.client.DefaultHttpClient - I/O exception (org.apache.http.NoHttpResponseException) caught when processing request: The target server failed to respond
[localhost-startStop-1] INFO org.apache.http.impl.client.DefaultHttpClient - Retrying request
一月 05, 2017 9:45:57 上午 org.apache.shindig.gadgets.http.BasicHttpFetcher fetch
信息: Timeout for http://www.google-analytics.com/urchin.js Exception: org.apache.http.NoHttpResponseException - The target server failed to respond - 16410ms
一月 05, 2017 9:45:57 上午 org.apache.shindig.gadgets.features.FeatureResourceLoader$UriResource getContent
警告: Unable to retrieve remote library from http://www.google-analytics.com/urchin.js
[localhost-startStop-1] INFO org.apache.http.impl.client.DefaultHttpClient - I/O exception (org.apache.http.NoHttpResponseException) caught when processing request: The target server failed to respond
[localhost-startStop-1] INFO org.apache.http.impl.client.DefaultHttpClient - Retrying request
[localhost-startStop-1] INFO org.apache.http.impl.client.DefaultHttpClient - I/O exception (org.apache.http.NoHttpResponseException) caught when processing request: The target server failed to respond
[localhost-startStop-1] INFO org.apache.http.impl.client.DefaultHttpClient - Retrying request
[localhost-startStop-1] INFO org.apache.http.impl.client.DefaultHttpClient - I/O exception (org.apache.http.NoHttpResponseException) caught when processing request: The target server failed to respond
[localhost-startStop-1] INFO org.apache.http.impl.client.DefaultHttpClient - Retrying request
一月 05, 2017 9:46:15 上午 org.apache.shindig.gadgets.http.BasicHttpFetcher fetch
信息: Timeout for http://www.google.com/ig/lib/libanalytics.js Exception: org.apache.http.NoHttpResponseException - The target server failed to respond - 18101ms
一月 05, 2017 9:46:15 上午 org.apache.shindig.gadgets.features.FeatureResourceLoader$UriResource getContent
警告: Unable to retrieve remote library from http://www.google.com/ig/lib/libanalytics.js
[localhost-startStop-1] INFO org.apache.http.impl.client.DefaultHttpClient - I/O exception (org.apache.http.NoHttpResponseException) caught when processing request: The target server failed to respond
[localhost-startStop-1] INFO org.apache.http.impl.client.DefaultHttpClient - Retrying request
[localhost-startStop-1] INFO org.apache.http.impl.client.DefaultHttpClient - I/O exception (org.apache.http.NoHttpResponseException) caught when processing request: The target server failed to respond
[localhost-startStop-1] INFO org.apache.http.impl.client.DefaultHttpClient - Retrying request
[localhost-startStop-1] INFO org.apache.http.impl.client.DefaultHttpClient - I/O exception (org.apache.http.NoHttpResponseException) caught when processing request: The target server failed to respond
[localhost-startStop-1] INFO org.apache.http.impl.client.DefaultHttpClient - Retrying request
一月 05, 2017 9:46:31 上午 org.apache.shindig.gadgets.http.BasicHttpFetcher fetch
信息: Timeout for http://www.google.com/ig/lib/libga.js Exception: org.apache.http.NoHttpResponseException - The target server failed to respond - 16248ms
一月 05, 2017 9:46:31 上午 org.apache.shindig.gadgets.features.FeatureResourceLoader$UriResource getContent
警告: Unable to retrieve remote library from http://www.google.com/ig/lib/libga.js
一月 05, 2017 9:46:31 上午 org.apache.shindig.gadgets.servlet.CajaContentRewriter <init>
信息: Cajoled cache createdorg.apache.shindig.common.cache.ehcache.EhConfiguredCache@2b12f7e
一月 05, 2017 9:46:31 上午 org.apache.shindig.gadgets.servlet.CajaContentRewriter <init>
信息: Cajoled cache createdorg.apache.shindig.common.cache.ehcache.EhConfiguredCache@2b12f7e
一月 05, 2017 9:46:31 上午 org.apache.shindig.gadgets.oauth.OAuthModule$OAuthCrypterProvider <init>
信息: Using random key for OAuth client-side state encryption
[localhost-startStop-1] INFO org.apache.shindig.gadgets.oauth.OAuthModule - Loading OAuth signing key from /Users/zhongwu/Documents/workspace/cmcc-project/GateIn-Manager/bin/../gatein/conf/gadgets/oauthkey.pem
一月 05, 2017 9:46:31 上午 org.apache.catalina.startup.HostConfig deployWAR
信息: Deploying web application archive /Users/zhongwu/Documents/workspace/cmcc-project/GateIn-Manager/webapps/eXoResources.war
[localhost-startStop-1] INFO org.exoplatform.portal.application.ResourceRequestFilter - Cache eXo Resource at client: true
一月 05, 2017 9:46:32 上午 org.apache.catalina.startup.HostConfig deployWAR
信息: Deploying web application archive /Users/zhongwu/Documents/workspace/cmcc-project/GateIn-Manager/webapps/gatein-mobile-configuration.war
一月 05, 2017 9:46:32 上午 org.apache.catalina.startup.HostConfig deployWAR
信息: Deploying web application archive /Users/zhongwu/Documents/workspace/cmcc-project/GateIn-Manager/webapps/gatein-mobile-login.war
一月 05, 2017 9:46:32 上午 org.apache.catalina.startup.HostConfig deployWAR
信息: Deploying web application archive /Users/zhongwu/Documents/workspace/cmcc-project/GateIn-Manager/webapps/gatein-responsive-skin.war
[localhost-startStop-1] INFO org.exoplatform.portal.application.ResourceRequestFilter - Cache eXo Resource at client: true
一月 05, 2017 9:46:32 上午 org.apache.catalina.startup.HostConfig deployWAR
信息: Deploying web application archive /Users/zhongwu/Documents/workspace/cmcc-project/GateIn-Manager/webapps/gatein-sample-skin.war
一月 05, 2017 9:46:32 上午 org.apache.catalina.startup.HostConfig deployWAR
信息: Deploying web application archive /Users/zhongwu/Documents/workspace/cmcc-project/GateIn-Manager/webapps/redirect-admin.war
一月 05, 2017 9:46:43 上午 com.sun.faces.config.ConfigureListener contextInitialized
信息: 初始化上下文 '/redirect-admin' 的 Mojarra 2.1.13 ( 20120907-1514)
一月 05, 2017 9:46:44 上午 com.sun.faces.spi.InjectionProviderFactory createInstance
信息: JSF1048：有 PostConstruct/PreDestroy 注释。标有这些注释的 ManagedBeans 方法将表示注释已处理。
一月 05, 2017 9:46:45 上午 org.richfaces.javascript.ClientServiceConfigParser parse
警告: Found JavaScript function definition for class javax.validation.constraints.NotNull, but that class is not presented
一月 05, 2017 9:46:45 上午 org.richfaces.javascript.ClientServiceConfigParser parse
警告: Found JavaScript function definition for class org.hibernate.validator.constraints.NotEmpty, but that class is not presented
一月 05, 2017 9:46:45 上午 org.richfaces.javascript.ClientServiceConfigParser parse
警告: Found JavaScript function definition for class javax.validation.constraints.Size, but that class is not presented
一月 05, 2017 9:46:45 上午 org.richfaces.javascript.ClientServiceConfigParser parse
警告: Found JavaScript function definition for class javax.validation.constraints.Pattern, but that class is not presented
一月 05, 2017 9:46:45 上午 org.richfaces.javascript.ClientServiceConfigParser parse
警告: Found JavaScript function definition for class javax.validation.constraints.Min, but that class is not presented
一月 05, 2017 9:46:45 上午 org.richfaces.javascript.ClientServiceConfigParser parse
警告: Found JavaScript function definition for class javax.validation.constraints.Max, but that class is not presented
一月 05, 2017 9:46:45 上午 org.richfaces.javascript.ClientServiceConfigParser parse
警告: Found JavaScript function definition for class javax.validation.constraints.AssertTrue, but that class is not presented
一月 05, 2017 9:46:45 上午 org.richfaces.javascript.ClientServiceConfigParser parse
警告: Found JavaScript function definition for class javax.validation.constraints.AssertFalse, but that class is not presented
一月 05, 2017 9:46:45 上午 org.richfaces.cache.CacheManager getCacheFactory
信息: Selected fallback cache factory
一月 05, 2017 9:46:45 上午 org.richfaces.cache.lru.LRUMapCacheFactory createCache
信息: Creating LRUMap cache instance using parameters: {javax.portlet.faces.RENDER_POLICY=ALWAYS_DELEGATE, org.richfaces.push.jms.enabled=true, org.gatein.portletbridge.WAR_BUNDLES_PORTLETBRIDGE=true, com.sun.faces.autoCompleteOffOnViewState=false, org.richfaces.resourceOptimization.enabled=true, javax.faces.INTERPRET_EMPTY_STRING_SUBMITTED_VALUES_AS_NULL=true, javax.faces.PROJECT_STAGE=Development, javax.faces.STATE_SAVING_METHOD=server, javax.faces.FACELETS_SKIP_COMMENTS=true, com.sun.faces.enableViewStateIdRendering=false, org.richfaces.enableControlSkinning=false}
一月 05, 2017 9:46:45 上午 org.richfaces.cache.lru.LRUMapCacheFactory createCache
信息: Creating LRUMap cache instance of 512 items capacity
一月 05, 2017 9:46:45 上午 org.richfaces.application.InitializationListener onStart
信息: RichFaces Core Implementation by JBoss by Red Hat, version 4.3.1.Final
一月 05, 2017 9:46:45 上午 org.richfaces.application.InitializationListener initializePushContext
信息: Startup initialization of PushContext
一月 05, 2017 9:46:45 上午 com.sun.faces.config.ConfigureListener$WebConfigResourceMonitor$Monitor <init>
信息: Monitoring jndi:/localhost/redirect-admin/WEB-INF/faces-config.xml for modifications
一月 05, 2017 9:46:45 上午 org.apache.catalina.startup.HostConfig deployWAR
信息: Deploying web application archive /Users/zhongwu/Documents/workspace/cmcc-project/GateIn-Manager/webapps/redirect-portlet.war
一月 05, 2017 9:46:46 上午 org.apache.catalina.startup.HostConfig deployWAR
信息: Deploying web application archive /Users/zhongwu/Documents/workspace/cmcc-project/GateIn-Manager/webapps/responsive-banner-portlet.war
[localhost-startStop-1] INFO org.exoplatform.portal.application.ResourceRequestFilter - Cache eXo Resource at client: true
一月 05, 2017 9:46:46 上午 org.apache.catalina.startup.HostConfig deployWAR
信息: Deploying web application archive /Users/zhongwu/Documents/workspace/cmcc-project/GateIn-Manager/webapps/responsive-community-portlet.war
[localhost-startStop-1] INFO org.exoplatform.portal.application.ResourceRequestFilter - Cache eXo Resource at client: true
一月 05, 2017 9:46:46 上午 org.apache.catalina.startup.HostConfig deployWAR
信息: Deploying web application archive /Users/zhongwu/Documents/workspace/cmcc-project/GateIn-Manager/webapps/responsive-features-portlet.war
[localhost-startStop-1] INFO org.exoplatform.portal.application.ResourceRequestFilter - Cache eXo Resource at client: true
一月 05, 2017 9:46:46 上午 org.apache.catalina.startup.HostConfig deployWAR
信息: Deploying web application archive /Users/zhongwu/Documents/workspace/cmcc-project/GateIn-Manager/webapps/responsive-footer-portlet.war
[localhost-startStop-1] INFO org.exoplatform.portal.application.ResourceRequestFilter - Cache eXo Resource at client: true
一月 05, 2017 9:46:47 上午 org.apache.catalina.startup.HostConfig deployWAR
信息: Deploying web application archive /Users/zhongwu/Documents/workspace/cmcc-project/GateIn-Manager/webapps/responsive-header-portlet.war
[localhost-startStop-1] INFO org.exoplatform.portal.application.ResourceRequestFilter - Cache eXo Resource at client: true
一月 05, 2017 9:46:47 上午 org.apache.catalina.startup.HostConfig deployWAR
信息: Deploying web application archive /Users/zhongwu/Documents/workspace/cmcc-project/GateIn-Manager/webapps/responsive-navigation-portlet.war
[localhost-startStop-1] INFO org.exoplatform.portal.application.ResourceRequestFilter - Cache eXo Resource at client: true
一月 05, 2017 9:46:47 上午 org.apache.catalina.startup.HostConfig deployWAR
信息: Deploying web application archive /Users/zhongwu/Documents/workspace/cmcc-project/GateIn-Manager/webapps/rest.war
一月 05, 2017 9:46:47 上午 org.apache.catalina.startup.HostConfig deployWAR
信息: Deploying web application archive /Users/zhongwu/Documents/workspace/cmcc-project/GateIn-Manager/webapps/web.war
[localhost-startStop-1] INFO org.exoplatform.portal.application.ResourceRequestFilter - Cache eXo Resource at client: true
一月 05, 2017 9:46:48 上午 org.apache.catalina.startup.HostConfig deployDirectory
信息: Deploying web application directory /Users/zhongwu/Documents/workspace/cmcc-project/GateIn-Manager/webapps/host-manager
一月 05, 2017 9:46:48 上午 org.apache.catalina.startup.HostConfig deployDirectory
信息: Deploying web application directory /Users/zhongwu/Documents/workspace/cmcc-project/GateIn-Manager/webapps/integration
一月 05, 2017 9:46:48 上午 org.apache.catalina.startup.HostConfig deployDirectory
信息: Deploying web application directory /Users/zhongwu/Documents/workspace/cmcc-project/GateIn-Manager/webapps/manager
一月 05, 2017 9:46:49 上午 org.apache.catalina.startup.HostConfig deployDirectory
信息: Deploying web application directory /Users/zhongwu/Documents/workspace/cmcc-project/GateIn-Manager/webapps/ROOT
[Catalina-startStop-1] INFO exo.kernel.container.RootContainer - Trying to create the portal container 'portal'
[Catalina-startStop-1] INFO exo.kernel.component.common.InitialContextInitializer - Reference bound: jdbcjcr_portal
[Catalina-startStop-1] INFO exo.kernel.component.common.InitialContextInitializer - Reference bound: jdbcidm_portal
[Catalina-startStop-1] INFO org.exoplatform.web.security.codec.CodecInitializer - Initialized codec using builder org.exoplatform.web.security.codec.JCASymmetricCodecBuilder
[Catalina-startStop-1] INFO org.exoplatform.web.WebAppController - Loading router configuration ../gatein/conf/controller.xml
[Catalina-startStop-1] INFO org.exoplatform.web.WebAppController - Loading router configuration file:/Users/zhongwu/Documents/workspace/cmcc-project/GateIn-Manager/bin/../gatein/conf/controller.xml
09:46:51,711 INFO  [Version] HCANN000001: Hibernate Commons Annotations {4.0.1.Final}
09:46:51,724 INFO  [Version] HHH000412: Hibernate Core {4.2.5.Final}
09:46:51,734 INFO  [Environment] HHH000206: hibernate.properties not found
09:46:51,739 INFO  [Environment] HHH000021: Bytecode provider name : javassist
[Catalina-startStop-1] INFO exo.core.component.database.HibernateServiceImpl - Adding  Hibernate Mapping: picketlink-idm/mappings/HibernateRealm.hbm.xml
[Catalina-startStop-1] INFO exo.core.component.database.HibernateServiceImpl - Adding  Hibernate Mapping: picketlink-idm/mappings/HibernateIdentityObjectCredentialBinaryValue.hbm.xml
[Catalina-startStop-1] INFO exo.core.component.database.HibernateServiceImpl - Adding  Hibernate Mapping: picketlink-idm/mappings/HibernateIdentityObjectAttributeBinaryValue.hbm.xml
[Catalina-startStop-1] INFO exo.core.component.database.HibernateServiceImpl - Adding  Hibernate Mapping: picketlink-idm/mappings/HibernateIdentityObject.hbm.xml
[Catalina-startStop-1] INFO exo.core.component.database.HibernateServiceImpl - Adding  Hibernate Mapping: picketlink-idm/mappings/HibernateIdentityObjectCredential.hbm.xml
[Catalina-startStop-1] INFO exo.core.component.database.HibernateServiceImpl - Adding  Hibernate Mapping: picketlink-idm/mappings/HibernateIdentityObjectCredentialType.hbm.xml
[Catalina-startStop-1] INFO exo.core.component.database.HibernateServiceImpl - Adding  Hibernate Mapping: picketlink-idm/mappings/HibernateIdentityObjectAttribute.hbm.xml
[Catalina-startStop-1] INFO exo.core.component.database.HibernateServiceImpl - Adding  Hibernate Mapping: picketlink-idm/mappings/HibernateIdentityObjectType.hbm.xml
[Catalina-startStop-1] INFO exo.core.component.database.HibernateServiceImpl - Adding  Hibernate Mapping: picketlink-idm/mappings/HibernateIdentityObjectRelationship.hbm.xml
[Catalina-startStop-1] INFO exo.core.component.database.HibernateServiceImpl - Adding  Hibernate Mapping: picketlink-idm/mappings/HibernateIdentityObjectRelationshipType.hbm.xml
[Catalina-startStop-1] INFO exo.core.component.database.HibernateServiceImpl - Adding  Hibernate Mapping: picketlink-idm/mappings/HibernateIdentityObjectRelationshipName.hbm.xml
09:46:52,973 INFO  [Dialect] HHH000400: Using dialect: org.hibernate.dialect.MySQLDialect
09:46:53,093 INFO  [TransactionFactoryInitiator] HHH000399: Using default transaction strategy (direct JDBC transactions)
09:46:53,099 INFO  [ASTQueryTranslatorFactory] HHH000397: Using ASTQueryTranslatorFactory
09:46:53,508 INFO  [SchemaUpdate] HHH000228: Running hbm2ddl schema update
09:46:53,508 INFO  [SchemaUpdate] HHH000102: Fetching database metadata
09:46:53,511 INFO  [SchemaUpdate] HHH000396: Updating schema
09:46:53,739 INFO  [TableMetadata] HHH000261: Table found: jdbcidm_portal.jbid_attr_bin_value
09:46:53,739 INFO  [TableMetadata] HHH000037: Columns: [bin_value_id, value]
09:46:53,739 INFO  [TableMetadata] HHH000108: Foreign keys: []
09:46:53,740 INFO  [TableMetadata] HHH000126: Indexes: [primary]
09:46:53,745 INFO  [TableMetadata] HHH000261: Table found: jdbcidm_portal.jbid_creden_bin_value
09:46:53,746 INFO  [TableMetadata] HHH000037: Columns: [bin_value_id, value]
09:46:53,746 INFO  [TableMetadata] HHH000108: Foreign keys: []
09:46:53,746 INFO  [TableMetadata] HHH000126: Indexes: [primary]
09:46:53,753 INFO  [TableMetadata] HHH000261: Table found: jdbcidm_portal.jbid_io
09:46:53,753 INFO  [TableMetadata] HHH000037: Columns: [name, realm, id, identity_type]
09:46:53,753 INFO  [TableMetadata] HHH000108: Foreign keys: [fk_1524d961cmjrfv470i376n1df, fk_5j9pr8t7b237yfhe3q4u820y6]
09:46:53,753 INFO  [TableMetadata] HHH000126: Indexes: [id, fk_1524d961cmjrfv470i376n1df, fk_5j9pr8t7b237yfhe3q4u820y6, primary]
09:46:53,759 INFO  [TableMetadata] HHH000261: Table found: jdbcidm_portal.jbid_io_attr
09:46:53,759 INFO  [TableMetadata] HHH000037: Columns: [bin_value_id, attribute_id, name, identity_object_id, attribute_type]
09:46:53,759 INFO  [TableMetadata] HHH000108: Foreign keys: [fk_jk4i7udwn5obtux8wr62sw6wg, fk_pbtnw2uh4v9g6ykci74woc0x8]
09:46:53,759 INFO  [TableMetadata] HHH000126: Indexes: [fk_jk4i7udwn5obtux8wr62sw6wg, id, fk_pbtnw2uh4v9g6ykci74woc0x8, primary]
09:46:53,764 INFO  [TableMetadata] HHH000261: Table found: jdbcidm_portal.jbid_io_attr_text_values
09:46:53,764 INFO  [TableMetadata] HHH000037: Columns: [attr_value, text_attr_value_id]
09:46:53,764 INFO  [TableMetadata] HHH000108: Foreign keys: [fk_9t69d6ilqtu0tr4j8ab2bw9ev]
09:46:53,764 INFO  [TableMetadata] HHH000126: Indexes: [fk_9t69d6ilqtu0tr4j8ab2bw9ev]
09:46:53,769 INFO  [TableMetadata] HHH000261: Table found: jdbcidm_portal.jbid_io_creden
09:46:53,770 INFO  [TableMetadata] HHH000037: Columns: [credential_type, bin_value_id, identity_object_id, id, text]
09:46:53,770 INFO  [TableMetadata] HHH000108: Foreign keys: [fk_avbrewjv8179ugkt6ttuk85e, fk_otmncrr31bm1f9c7gyywe30u9, fk_4ptntoev8jb05281319wltg07]
09:46:53,770 INFO  [TableMetadata] HHH000126: Indexes: [fk_avbrewjv8179ugkt6ttuk85e, fk_otmncrr31bm1f9c7gyywe30u9, id, fk_4ptntoev8jb05281319wltg07, primary]
09:46:53,775 INFO  [TableMetadata] HHH000261: Table found: jdbcidm_portal.jbid_io_creden_props
09:46:53,775 INFO  [TableMetadata] HHH000037: Columns: [prop_name, prop_id, prop_value]
09:46:53,775 INFO  [TableMetadata] HHH000108: Foreign keys: [fk_o8vcn5cjmisu2fpygubl4p1l9]
09:46:53,775 INFO  [TableMetadata] HHH000126: Indexes: [fk_o8vcn5cjmisu2fpygubl4p1l9, primary]
09:46:53,779 INFO  [TableMetadata] HHH000261: Table found: jdbcidm_portal.jbid_io_creden_type
09:46:53,779 INFO  [TableMetadata] HHH000037: Columns: [name, id]
09:46:53,780 INFO  [TableMetadata] HHH000108: Foreign keys: []
09:46:53,780 INFO  [TableMetadata] HHH000126: Indexes: [uk_iqgcb1lwma9oj85v1dvu0s7oo, primary]
09:46:53,785 INFO  [TableMetadata] HHH000261: Table found: jdbcidm_portal.jbid_io_props
09:46:53,785 INFO  [TableMetadata] HHH000037: Columns: [prop_name, prop_id, prop_value]
09:46:53,785 INFO  [TableMetadata] HHH000108: Foreign keys: [fk_idt21674gp6njdxo68qo5590u]
09:46:53,785 INFO  [TableMetadata] HHH000126: Indexes: [fk_idt21674gp6njdxo68qo5590u, primary]
09:46:53,791 INFO  [TableMetadata] HHH000261: Table found: jdbcidm_portal.jbid_io_rel
09:46:53,791 INFO  [TableMetadata] HHH000037: Columns: [to_identity, name, rel_type, id, from_identity]
09:46:53,791 INFO  [TableMetadata] HHH000108: Foreign keys: [fk_r5hojsy1l0exg60afyvcjh6ff, fk_60mbu620sn7pqmj1wdqfux7de, fk_jn0uhpfjr7nh4lr4qbe9wk3n3, fk_ddl776m12nmg0j0fieodyykyy]
09:46:53,791 INFO  [TableMetadata] HHH000126: Indexes: [fk_r5hojsy1l0exg60afyvcjh6ff, fk_60mbu620sn7pqmj1wdqfux7de, fk_jn0uhpfjr7nh4lr4qbe9wk3n3, id, primary, fk_ddl776m12nmg0j0fieodyykyy]
09:46:53,796 INFO  [TableMetadata] HHH000261: Table found: jdbcidm_portal.jbid_io_rel_name
09:46:53,796 INFO  [TableMetadata] HHH000037: Columns: [name, realm, id]
09:46:53,796 INFO  [TableMetadata] HHH000108: Foreign keys: [fk_7fkcek6fgih072s18cper1g9t]
09:46:53,796 INFO  [TableMetadata] HHH000126: Indexes: [id, fk_7fkcek6fgih072s18cper1g9t, primary]
09:46:53,800 INFO  [TableMetadata] HHH000261: Table found: jdbcidm_portal.jbid_io_rel_name_props
09:46:53,801 INFO  [TableMetadata] HHH000037: Columns: [prop_name, prop_id, prop_value]
09:46:53,801 INFO  [TableMetadata] HHH000108: Foreign keys: [fk_8kjju28ee6sd26amdxuq82oee]
09:46:53,801 INFO  [TableMetadata] HHH000126: Indexes: [fk_8kjju28ee6sd26amdxuq82oee, primary]
09:46:53,807 INFO  [TableMetadata] HHH000261: Table found: jdbcidm_portal.jbid_io_rel_props
09:46:53,807 INFO  [TableMetadata] HHH000037: Columns: [prop_name, prop_id, prop_value]
09:46:53,808 INFO  [TableMetadata] HHH000108: Foreign keys: [fk_8xd4s1so6bgygp2eced42bdd5]
09:46:53,808 INFO  [TableMetadata] HHH000126: Indexes: [fk_8xd4s1so6bgygp2eced42bdd5, primary]
09:46:53,812 INFO  [TableMetadata] HHH000261: Table found: jdbcidm_portal.jbid_io_rel_type
09:46:53,812 INFO  [TableMetadata] HHH000037: Columns: [name, id]
09:46:53,812 INFO  [TableMetadata] HHH000108: Foreign keys: []
09:46:53,812 INFO  [TableMetadata] HHH000126: Indexes: [uk_q0viotf5dq1gpwliq817lmfdb, primary]
09:46:53,816 INFO  [TableMetadata] HHH000261: Table found: jdbcidm_portal.jbid_io_type
09:46:53,817 INFO  [TableMetadata] HHH000037: Columns: [name, id]
09:46:53,817 INFO  [TableMetadata] HHH000108: Foreign keys: []
09:46:53,817 INFO  [TableMetadata] HHH000126: Indexes: [uk_6qhvm42s96tyb1ul648ogjamq, primary]
09:46:53,821 INFO  [TableMetadata] HHH000261: Table found: jdbcidm_portal.jbid_real_props
09:46:53,821 INFO  [TableMetadata] HHH000037: Columns: [prop_name, prop_id, prop_value]
09:46:53,821 INFO  [TableMetadata] HHH000108: Foreign keys: [fk_hv1at4rpxkgkgcrd4pi3cq706]
09:46:53,821 INFO  [TableMetadata] HHH000126: Indexes: [fk_hv1at4rpxkgkgcrd4pi3cq706, primary]
09:46:53,825 INFO  [TableMetadata] HHH000261: Table found: jdbcidm_portal.jbid_realm
09:46:53,825 INFO  [TableMetadata] HHH000037: Columns: [name, id]
09:46:53,825 INFO  [TableMetadata] HHH000108: Foreign keys: []
09:46:53,825 INFO  [TableMetadata] HHH000126: Indexes: [id, primary]
09:46:53,827 INFO  [SchemaUpdate] HHH000232: Schema update complete
09:46:53,891 INFO  [GlobalComponentRegistry] ISPN000128: Infinispan version: Infinispan 'Delirium' 5.2.7.Final
09:46:53,953 INFO  [TransactionManagerFactory] ISPN000161: Using a batchMode transaction manager
09:46:54,144 INFO  [CacheJmxRegistration] ISPN000031: MBeans were successfully registered to the platform MBean server.
09:46:54,176 INFO  [IDMTreeCacheImpl] StaleNodesCleaner started successfully with delay 120000
一月 05, 2017 9:46:54 上午 org.picketlink.idm.impl.cache.AbstractInfinispanCacheProvider initialize
信息: Infinispan cache for Picketlink IDM created successfuly. cache name: idm-portal-api
一月 05, 2017 9:46:54 上午 org.picketlink.idm.impl.cache.AbstractInfinispanCacheProvider initialize
信息: Infinispan cache for Picketlink IDM created successfuly. cache name: idm-portal-api
09:46:54,179 INFO  [TransactionManagerFactory] ISPN000161: Using a batchMode transaction manager
09:46:54,183 INFO  [CacheJmxRegistration] ISPN000031: MBeans were successfully registered to the platform MBean server.
09:46:54,187 INFO  [IDMTreeCacheImpl] StaleNodesCleaner started successfully with delay 120000
一月 05, 2017 9:46:54 上午 org.picketlink.idm.impl.cache.AbstractInfinispanCacheProvider initialize
信息: Infinispan cache for Picketlink IDM created successfuly. cache name: idm-portal-store
[Catalina-startStop-1] INFO org.gatein.portal.controller.resource.ResourceRequestHandler - Use version "3.8.1.Final" for resource serving
[Catalina-startStop-1] INFO exo.core.component.xml-processing.XMLResolvingServiceImpl - New entries to ResolvingService added (public) : -//W3C//ENTITIES Latin 1 for XHTML//EN : dtd/xhtml-lat1.ent
[Catalina-startStop-1] INFO exo.core.component.xml-processing.XMLResolvingServiceImpl - New entries to ResolvingService added (public) : -//W3C//DTD XHTML 1.0 Transitional//EN : dtd/xhtml1-transitional.dtd
[Catalina-startStop-1] INFO exo.core.component.xml-processing.XMLResolvingServiceImpl - New entries to ResolvingService added (public) : -//W3C//DTD XHTML 1.0 Strict//EN : dtd/xhtml1-strict.dtd
[Catalina-startStop-1] INFO exo.core.component.xml-processing.XMLResolvingServiceImpl - New entries to ResolvingService added (public) : -//W3C//DTD XMLSCHEMA 200102//EN : dtd/XMLSchema.dtd
[Catalina-startStop-1] INFO exo.core.component.xml-processing.XMLResolvingServiceImpl - New entries to ResolvingService added (public) : -//W3C//ENTITIES Special for XHTML//EN : dtd/xhtml-special.ent
[Catalina-startStop-1] INFO exo.core.component.xml-processing.XMLResolvingServiceImpl - New entries to ResolvingService added (public) : -//W3C//DTD XHTML 1.0 Frameset//EN : dtd/xhtml1-frameset.dtd
[Catalina-startStop-1] INFO exo.core.component.xml-processing.XMLResolvingServiceImpl - New entries to ResolvingService added (public) : -//Sun Microsystems, Inc.//DTD Web Application 2.3//EN : dtd/web-app_2_3.dtd
[Catalina-startStop-1] INFO exo.core.component.xml-processing.XMLResolvingServiceImpl - New entries to ResolvingService added (public) : -//W3C//ENTITIES Symbols for XHTML//EN : dtd/xhtml-symbol.ent
[Catalina-startStop-1] INFO exo.core.component.xml-processing.XMLResolvingServiceImpl - New entries to ResolvingService added (system) : http://www.w3.org/TR/xhtml1/DTD/xhtml1-frameset.dtd : dtd/xhtml1-frameset.dtd
[Catalina-startStop-1] INFO exo.core.component.xml-processing.XMLResolvingServiceImpl - New entries to ResolvingService added (system) : http://www.w3.org/TR/xhtml1/DTD/xhtml1-transitional.dtd : dtd/xhtml1-transitional.dtd
[Catalina-startStop-1] INFO exo.core.component.xml-processing.XMLResolvingServiceImpl - New entries to ResolvingService added (system) : http://www.w3.org/TR/xhtml1/DTD/xhtml-symbol.ent : dtd/xhtml-symbol.ent
[Catalina-startStop-1] INFO exo.core.component.xml-processing.XMLResolvingServiceImpl - New entries to ResolvingService added (system) : http://www.w3.org/TR/xhtml1/DTD/xhtml-special.ent : dtd/xhtml-special.ent
[Catalina-startStop-1] INFO exo.core.component.xml-processing.XMLResolvingServiceImpl - New entries to ResolvingService added (system) : http://www.w3.org/2001/datatypes.dtd : dtd/datatypes.dtd
[Catalina-startStop-1] INFO exo.core.component.xml-processing.XMLResolvingServiceImpl - New entries to ResolvingService added (system) : http://java.sun.com/dtd/web-app_2_3.dtd : dtd/web-app_2_3.dtd
[Catalina-startStop-1] INFO exo.core.component.xml-processing.XMLResolvingServiceImpl - New entries to ResolvingService added (system) : http://www.w3.org/TR/xhtml1/DTD/xhtml1-strict.dtd : dtd/xhtml1-strict.dtd
[Catalina-startStop-1] INFO exo.core.component.xml-processing.XMLResolvingServiceImpl - New entries to ResolvingService added (system) : http://www.w3.org/2001/XMLSchema.dtd : dtd/XMLSchema.dtd
[Catalina-startStop-1] INFO exo.core.component.xml-processing.XMLResolvingServiceImpl - New entries to ResolvingService added (system) : http://www.w3.org/TR/xhtml1/DTD/xhtml-lat1.ent : dtd/xhtml-lat1.ent
[Catalina-startStop-1] INFO exo.core.component.xml-processing.TRAXTemplatesServiceImpl - XSLT schema found by relative path: xslt/get-method.xsl
09:46:55,631 INFO  [ENGINE] checkpointClose start
09:46:55,748 INFO  [ENGINE] checkpointClose end
[Catalina-startStop-1] INFO exo.jcr.component.core.JDBCWorkspaceDataContainer - dialect:HSQLDB, source-name:jdbcjcr_portal, db-structure-type:isolated, update-storage:true, max-buffer-size:204800, swap-directory:../gatein/data/jcr/swap/system_portal, value storage provider: []
[Catalina-startStop-1] INFO exo.jcr.component.core.DBInitializer - The DB schema of the workspace 'system' has been initialized succesfully.
[Catalina-startStop-1] INFO exo.jcr.component.core.InfinispanCacheFactory - Infinispan Cache configuration used: war:/conf/jcr/infinispan/local/config.xml
[Catalina-startStop-1] INFO exo.jcr.component.core.InfinispanCacheFactory - A new ISPN Cache Manager instance has been registered for the region Data_repository_system and the container portal
[Catalina-startStop-1] INFO exo.jcr.component.core.InfinispanCacheFactory - The region Data_repository_system has been registered for the container portal
09:46:55,995 INFO  [CacheJmxRegistration] ISPN000031: MBeans were successfully registered to the platform MBean server.
[Catalina-startStop-1] INFO exo.jcr.component.core.JDBCWorkspaceDataContainer - Some files have been found in the swap directory and will be deleted
[Catalina-startStop-1] INFO exo.jcr.component.core.JDBCWorkspaceDataContainer - dialect:HSQLDB, source-name:jdbcjcr_portal, db-structure-type:isolated, update-storage:true, max-buffer-size:204800, swap-directory:../gatein/data/jcr/swap/portal-system_portal, db-tablename-suffix:PSYSTEM, value storage provider: []
[Catalina-startStop-1] INFO exo.jcr.component.core.DBInitializer - The DB schema of the workspace 'portal-system' has been initialized succesfully.
[Catalina-startStop-1] INFO exo.jcr.component.core.InfinispanCacheFactory - Infinispan Cache configuration used: war:/conf/jcr/infinispan/local/config_portal-system.xml
[Catalina-startStop-1] INFO exo.jcr.component.core.InfinispanCacheFactory - The region Data_repository_portal_system has been registered for the container portal
09:46:56,054 INFO  [CacheJmxRegistration] ISPN000031: MBeans were successfully registered to the platform MBean server.
[Catalina-startStop-1] INFO exo.jcr.component.core.JDBCWorkspaceDataContainer - dialect:HSQLDB, source-name:jdbcjcr_portal, db-structure-type:isolated, update-storage:true, max-buffer-size:204800, swap-directory:../gatein/data/jcr/swap/portal-work_portal, db-tablename-suffix:PWORK, value storage provider: []
[Catalina-startStop-1] INFO exo.jcr.component.core.DBInitializer - The DB schema of the workspace 'portal-work' has been initialized succesfully.
[Catalina-startStop-1] INFO exo.jcr.component.core.InfinispanCacheFactory - Infinispan Cache configuration used: war:/conf/jcr/infinispan/local/config.xml
[Catalina-startStop-1] INFO exo.jcr.component.core.InfinispanCacheFactory - The region Data_repository_portal_work has been registered for the container portal
09:46:56,088 INFO  [CacheJmxRegistration] ISPN000031: MBeans were successfully registered to the platform MBean server.
[Catalina-startStop-1] WARN com.arjuna.ats.arjuna.logging.arjLoggerI18N - [com.arjuna.ats.arjuna.coordinator.TxControl_1] - Name of XA node not defined. Using a023248:c764:586da590:1
[Catalina-startStop-1] INFO com.arjuna.ats.arjuna.logging.arjLoggerI18N - [com.arjuna.ats.arjuna.recovery.TransactionStatusManager_1] - Starting service com.arjuna.ats.arjuna.recovery.ActionStatusService on port 51045
[Catalina-startStop-1] INFO com.arjuna.ats.arjuna.logging.arjLogger - TransactionStatusManagerItem - host: 127.0.0.1 port: 51045
[Catalina-startStop-1] INFO com.arjuna.ats.arjuna.logging.arjLoggerI18N - [com.arjuna.ats.arjuna.recovery.TransactionStatusManager_3] - TransactionStatusManager started on port 51045 and host 127.0.0.1 with service com.arjuna.ats.arjuna.recovery.ActionStatusService
[Catalina-startStop-1] INFO exo.jcr.component.core.InfinispanCacheFactory - Infinispan Cache configuration used: war:/conf/jcr/infinispan/local/lock-config.xml
[Catalina-startStop-1] INFO exo.jcr.component.core.InfinispanCacheFactory - The region Lrepositorysystem has been registered for the container portal
09:46:59,262 INFO  [CacheJmxRegistration] ISPN000031: MBeans were successfully registered to the platform MBean server.
[Catalina-startStop-1] INFO exo.jcr.component.core.IndexerIoModeHandler - Indexer io mode=READ_WRITE
[Catalina-startStop-1] INFO exo.jcr.component.core.SearchIndex - Index created: /Users/zhongwu/Documents/workspace/cmcc-project/GateIn-Manager/bin/../gatein/data/jcr/lucene/system_portal_system
[Catalina-startStop-1] INFO exo.jcr.component.core.SearchIndex - Index initialized: /Users/zhongwu/Documents/workspace/cmcc-project/GateIn-Manager/bin/../gatein/data/jcr/lucene/system_portal_system Version: 4
[Catalina-startStop-1] INFO exo.jcr.component.core.SearchIndex - Index created: /Users/zhongwu/Documents/workspace/cmcc-project/GateIn-Manager/bin/../gatein/data/jcr/lucene/system_portal
[Catalina-startStop-1] INFO exo.jcr.component.core.SearchIndex - Index initialized: /Users/zhongwu/Documents/workspace/cmcc-project/GateIn-Manager/bin/../gatein/data/jcr/lucene/system_portal Version: 4
[Catalina-startStop-1] INFO exo.jcr.component.core.InfinispanCacheFactory - Infinispan Cache configuration used: war:/conf/jcr/infinispan/local/lock-config.xml
[Catalina-startStop-1] INFO exo.jcr.component.core.InfinispanCacheFactory - The region Lrepositoryportal_system has been registered for the container portal
09:46:59,741 INFO  [CacheJmxRegistration] ISPN000031: MBeans were successfully registered to the platform MBean server.
[Catalina-startStop-1] INFO exo.jcr.component.core.IndexerIoModeHandler - Indexer io mode=READ_WRITE
[Catalina-startStop-1] INFO exo.jcr.component.core.SearchIndex - Index created: /Users/zhongwu/Documents/workspace/cmcc-project/GateIn-Manager/bin/../gatein/data/jcr/lucene/portal-system_portal
[Catalina-startStop-1] INFO exo.jcr.component.core.SearchIndex - Index initialized: /Users/zhongwu/Documents/workspace/cmcc-project/GateIn-Manager/bin/../gatein/data/jcr/lucene/portal-system_portal Version: 4
[Catalina-startStop-1] INFO exo.jcr.component.core.InfinispanCacheFactory - Infinispan Cache configuration used: war:/conf/jcr/infinispan/local/lock-config.xml
[Catalina-startStop-1] INFO exo.jcr.component.core.InfinispanCacheFactory - The region Lrepositoryportal_work has been registered for the container portal
09:46:59,823 INFO  [CacheJmxRegistration] ISPN000031: MBeans were successfully registered to the platform MBean server.
[Catalina-startStop-1] INFO exo.jcr.component.core.IndexerIoModeHandler - Indexer io mode=READ_WRITE
[Catalina-startStop-1] INFO exo.jcr.component.core.SearchIndex - Index created: /Users/zhongwu/Documents/workspace/cmcc-project/GateIn-Manager/bin/../gatein/data/jcr/lucene/portal-work_portal
[Catalina-startStop-1] INFO exo.jcr.component.core.SearchIndex - Index initialized: /Users/zhongwu/Documents/workspace/cmcc-project/GateIn-Manager/bin/../gatein/data/jcr/lucene/portal-work_portal Version: 4
[Catalina-startStop-1] INFO exo.jcr.component.core.SessionImpl - The JCR will throw an exception anytime we will try to use a dead session.
一月 05, 2017 9:47:01 上午 org.picketlink.idm.impl.credential.HashingEncoder afterInitialize
信息: Algorithm SHA-256 will be used for password hashing
一月 05, 2017 9:47:01 上午 org.picketlink.idm.impl.credential.DatabaseReadingSaltEncoder afterInitialize
信息: Registered SecureRandomProvider will be used for random generating of password salts
[Catalina-startStop-1] INFO exo.jcr.component.webdav.WebDavServiceInitParams - def-folder-node-type = nt:folder
[Catalina-startStop-1] INFO exo.jcr.component.webdav.WebDavServiceInitParams - def-file-node-type = nt:file
[Catalina-startStop-1] INFO exo.jcr.component.webdav.WebDavServiceInitParams - def-file-mimetype = text/plain
[Catalina-startStop-1] INFO exo.jcr.component.webdav.WebDavServiceInitParams - update-policy = create-version
一月 05, 2017 9:47:04 上午 javax.portlet.faces.GenericFacesPortlet init
信息: Init GenericFacesPortlet for portlet RedirectsAndImportExportAdminPortlet
一月 05, 2017 9:47:04 上午 javax.portlet.faces.GenericFacesPortlet calculateBridgeClassName
信息: Bridge class name is org.jboss.portletbridge.PortletBridgeImpl
[Catalina-startStop-1] INFO exo.jcr.component.ext.NodeRepresentationService - NodeRepresentationFactory added nt:file org.exoplatform.services.jcr.ext.resource.representation.NtFileNodeRepresentationFactory
[Catalina-startStop-1] INFO exo.jcr.component.ext.NodeRepresentationService - NodeRepresentationFactory added nt:resource org.exoplatform.services.jcr.ext.resource.representation.NtResourceNodeRepresentationFactory
[Catalina-startStop-1] INFO org.gatein.portal.application.PortalController - The WebAppController has been successfully initialized for the portal 'portal'
[Catalina-startStop-1] INFO exo.kernel.container.RootContainer - The portal container 'portal' has been created successfully
一月 05, 2017 9:47:04 上午 org.apache.coyote.AbstractProtocol start
信息: Starting ProtocolHandler ["http-bio-8085"]
一月 05, 2017 9:47:04 上午 org.apache.coyote.AbstractProtocol start
信息: Starting ProtocolHandler ["ajp-bio-8012"]
一月 05, 2017 9:47:05 上午 org.apache.catalina.startup.Catalina start
信息: Server startup in 89646 ms
一月 05, 2017 9:49:06 上午 org.apache.tomcat.util.http.Cookies processCookieHeader
信息: Cookies: Invalid cookie. Value not a token or quoted value
 Note: further occurrences of Cookie errors will be logged at DEBUG level.
一月 05, 2017 6:12:01 下午 org.apache.coyote.AbstractProtocol pause
信息: Pausing ProtocolHandler ["http-bio-8085"]
[Thread-2] INFO exo.jcr.component.core.SearchIndex - Index closed: /Users/zhongwu/Documents/workspace/cmcc-project/GateIn-Manager/bin/../gatein/data/jcr/lucene/portal-system_portal
[Thread-2] INFO exo.jcr.component.core.SearchIndex - Index closed: /Users/zhongwu/Documents/workspace/cmcc-project/GateIn-Manager/bin/../gatein/data/jcr/lucene/portal-work_portal
[Thread-2] INFO exo.jcr.component.core.SearchIndex - Index closed: /Users/zhongwu/Documents/workspace/cmcc-project/GateIn-Manager/bin/../gatein/data/jcr/lucene/system_portal_system
[Thread-2] INFO exo.jcr.component.core.SearchIndex - Index closed: /Users/zhongwu/Documents/workspace/cmcc-project/GateIn-Manager/bin/../gatein/data/jcr/lucene/system_portal
一月 05, 2017 6:12:04 下午 org.apache.coyote.AbstractProtocol pause
信息: Pausing ProtocolHandler ["ajp-bio-8012"]
一月 05, 2017 6:12:04 下午 org.apache.catalina.core.StandardService stopInternal
信息: Stopping service Catalina
