十二月 23, 2016 12:02:37 下午 org.apache.catalina.startup.VersionLoggerListener log
信息: Server version:        Apache Tomcat/7.0.57
十二月 23, 2016 12:02:37 下午 org.apache.catalina.startup.VersionLoggerListener log
信息: Server built:          Nov 3 2014 08:39:16 UTC
十二月 23, 2016 12:02:37 下午 org.apache.catalina.startup.VersionLoggerListener log
信息: Server number:         7.0.57.0
十二月 23, 2016 12:02:37 下午 org.apache.catalina.startup.VersionLoggerListener log
信息: OS Name:               Linux
十二月 23, 2016 12:02:37 下午 org.apache.catalina.startup.VersionLoggerListener log
信息: OS Version:            2.6.32-358.el6.x86_64
十二月 23, 2016 12:02:37 下午 org.apache.catalina.startup.VersionLoggerListener log
信息: Architecture:          amd64
十二月 23, 2016 12:02:37 下午 org.apache.catalina.startup.VersionLoggerListener log
信息: JAVA_HOME:             /usr/local/jdk1.7.0_67/jre
十二月 23, 2016 12:02:37 下午 org.apache.catalina.startup.VersionLoggerListener log
信息: JVM Version:           1.7.0_67-b01
十二月 23, 2016 12:02:37 下午 org.apache.catalina.startup.VersionLoggerListener log
信息: JVM Vendor:            Oracle Corporation
十二月 23, 2016 12:02:37 下午 org.apache.catalina.startup.VersionLoggerListener log
信息: CATALINA_BASE:         /root/zhongwu/apache-tomcat-7.0.57
十二月 23, 2016 12:02:37 下午 org.apache.catalina.startup.VersionLoggerListener log
信息: CATALINA_HOME:         /root/zhongwu/apache-tomcat-7.0.57
十二月 23, 2016 12:02:37 下午 org.apache.catalina.startup.VersionLoggerListener log
信息: Command line argument: -Djava.util.logging.config.file=/root/zhongwu/apache-tomcat-7.0.57/conf/logging.properties
十二月 23, 2016 12:02:37 下午 org.apache.catalina.startup.VersionLoggerListener log
信息: Command line argument: -Djava.util.logging.manager=org.apache.juli.ClassLoaderLogManager
十二月 23, 2016 12:02:37 下午 org.apache.catalina.startup.VersionLoggerListener log
信息: Command line argument: -Djava.endorsed.dirs=/root/zhongwu/apache-tomcat-7.0.57/endorsed
十二月 23, 2016 12:02:37 下午 org.apache.catalina.startup.VersionLoggerListener log
信息: Command line argument: -Dcatalina.base=/root/zhongwu/apache-tomcat-7.0.57
十二月 23, 2016 12:02:37 下午 org.apache.catalina.startup.VersionLoggerListener log
信息: Command line argument: -Dcatalina.home=/root/zhongwu/apache-tomcat-7.0.57
十二月 23, 2016 12:02:37 下午 org.apache.catalina.startup.VersionLoggerListener log
信息: Command line argument: -Djava.io.tmpdir=/root/zhongwu/apache-tomcat-7.0.57/temp
十二月 23, 2016 12:02:37 下午 org.apache.catalina.core.AprLifecycleListener lifecycleEvent
信息: The APR based Apache Tomcat Native library which allows optimal performance in production environments was not found on the java.library.path: /usr/java/packages/lib/amd64:/usr/lib64:/lib64:/lib:/usr/lib
十二月 23, 2016 12:02:37 下午 org.apache.coyote.AbstractProtocol init
信息: Initializing ProtocolHandler ["http-bio-8086"]
十二月 23, 2016 12:02:37 下午 org.apache.coyote.AbstractProtocol init
信息: Initializing ProtocolHandler ["ajp-bio-8011"]
十二月 23, 2016 12:02:37 下午 org.apache.catalina.startup.Catalina load
信息: Initialization processed in 1002 ms
十二月 23, 2016 12:02:37 下午 org.apache.catalina.core.StandardService startInternal
信息: Starting service Catalina
十二月 23, 2016 12:02:37 下午 org.apache.catalina.core.StandardEngine startInternal
信息: Starting Servlet Engine: Apache Tomcat/7.0.57
十二月 23, 2016 12:02:37 下午 org.apache.catalina.startup.HostConfig deployWAR
信息: Deploying web application archive /root/zhongwu/apache-tomcat-7.0.57/webapps/cas-server.war
十二月 23, 2016 12:02:40 下午 org.apache.catalina.core.ApplicationContext log
信息: No Spring WebApplicationInitializer types detected on classpath
十二月 23, 2016 12:02:40 下午 org.apache.catalina.core.ApplicationContext log
信息: Initializing Spring root WebApplicationContext
十二月 23, 2016 12:02:44 下午 org.apache.catalina.core.ApplicationContext log
信息: Initializing Spring FrameworkServlet 'cas'
十二月 23, 2016 12:02:45 下午 org.apache.catalina.startup.HostConfig deployWAR
信息: Deployment of web application archive /root/zhongwu/apache-tomcat-7.0.57/webapps/cas-server.war has finished in 8,009 ms
十二月 23, 2016 12:02:45 下午 org.apache.catalina.startup.HostConfig deployDirectory
信息: Deploying web application directory /root/zhongwu/apache-tomcat-7.0.57/webapps/host-manager
十二月 23, 2016 12:02:45 下午 org.apache.catalina.startup.HostConfig deployDirectory
信息: Deployment of web application directory /root/zhongwu/apache-tomcat-7.0.57/webapps/host-manager has finished in 57 ms
十二月 23, 2016 12:02:45 下午 org.apache.catalina.startup.HostConfig deployDirectory
信息: Deploying web application directory /root/zhongwu/apache-tomcat-7.0.57/webapps/docs
十二月 23, 2016 12:02:45 下午 org.apache.catalina.startup.HostConfig deployDirectory
信息: Deployment of web application directory /root/zhongwu/apache-tomcat-7.0.57/webapps/docs has finished in 42 ms
十二月 23, 2016 12:02:45 下午 org.apache.catalina.startup.HostConfig deployDirectory
信息: Deploying web application directory /root/zhongwu/apache-tomcat-7.0.57/webapps/manager
十二月 23, 2016 12:02:45 下午 org.apache.catalina.startup.HostConfig deployDirectory
信息: Deployment of web application directory /root/zhongwu/apache-tomcat-7.0.57/webapps/manager has finished in 55 ms
十二月 23, 2016 12:02:45 下午 org.apache.catalina.startup.HostConfig deployDirectory
信息: Deploying web application directory /root/zhongwu/apache-tomcat-7.0.57/webapps/ROOT
十二月 23, 2016 12:02:45 下午 org.apache.catalina.startup.HostConfig deployDirectory
信息: Deployment of web application directory /root/zhongwu/apache-tomcat-7.0.57/webapps/ROOT has finished in 41 ms
十二月 23, 2016 12:02:45 下午 org.apache.catalina.startup.HostConfig deployDirectory
信息: Deploying web application directory /root/zhongwu/apache-tomcat-7.0.57/webapps/examples
十二月 23, 2016 12:02:45 下午 org.apache.catalina.core.ApplicationContext log
信息: ContextListener: contextInitialized()
十二月 23, 2016 12:02:45 下午 org.apache.catalina.core.ApplicationContext log
信息: SessionListener: contextInitialized()
十二月 23, 2016 12:02:45 下午 org.apache.catalina.core.ApplicationContext log
信息: ContextListener: attributeAdded('org.apache.jasper.compiler.TldLocationsCache', 'org.apache.jasper.compiler.TldLocationsCache@430c5212')
十二月 23, 2016 12:02:45 下午 org.apache.catalina.startup.HostConfig deployDirectory
信息: Deployment of web application directory /root/zhongwu/apache-tomcat-7.0.57/webapps/examples has finished in 243 ms
十二月 23, 2016 12:02:45 下午 org.apache.coyote.AbstractProtocol start
信息: Starting ProtocolHandler ["http-bio-8086"]
十二月 23, 2016 12:02:45 下午 org.apache.coyote.AbstractProtocol start
信息: Starting ProtocolHandler ["ajp-bio-8011"]
十二月 23, 2016 12:02:45 下午 org.apache.catalina.startup.Catalina start
信息: Server startup in 8580 ms
十二月 23, 2016 12:04:38 下午 org.apache.catalina.core.StandardServer await
信息: A valid shutdown command was received via the shutdown port. Stopping the Server instance.
十二月 23, 2016 12:04:38 下午 org.apache.coyote.AbstractProtocol pause
信息: Pausing ProtocolHandler ["http-bio-8086"]
十二月 23, 2016 12:04:38 下午 org.apache.coyote.AbstractProtocol pause
信息: Pausing ProtocolHandler ["ajp-bio-8011"]
十二月 23, 2016 12:04:38 下午 org.apache.catalina.core.StandardService stopInternal
信息: Stopping service Catalina
十二月 23, 2016 12:04:38 下午 org.apache.catalina.core.ApplicationContext log
信息: SessionListener: contextDestroyed()
十二月 23, 2016 12:04:38 下午 org.apache.catalina.core.ApplicationContext log
信息: ContextListener: contextDestroyed()
十二月 23, 2016 12:04:38 下午 org.apache.catalina.core.ApplicationContext log
信息: Closing Spring root WebApplicationContext
十二月 23, 2016 12:04:38 下午 org.apache.catalina.loader.WebappClassLoader clearReferencesThreads
严重: The web application [/cas-server] appears to have started a thread named [perf4j-async-stats-appender-sink-CoalescingStatistics] but has failed to stop it. This is very likely to create a memory leak.
十二月 23, 2016 12:04:38 下午 org.apache.catalina.loader.WebappClassLoader clearReferencesThreads
严重: The web application [/cas-server] appears to have started a thread named [FileWatchdog] but has failed to stop it. This is very likely to create a memory leak.
十二月 23, 2016 12:04:38 下午 org.apache.catalina.loader.WebappClassLoader clearReferencesThreads
严重: The web application [/cas-server] appears to have started a thread named [scheduler_Worker-1] but has failed to stop it. This is very likely to create a memory leak.
十二月 23, 2016 12:04:38 下午 org.apache.catalina.loader.WebappClassLoader clearReferencesThreads
严重: The web application [/cas-server] appears to have started a thread named [scheduler_Worker-2] but has failed to stop it. This is very likely to create a memory leak.
十二月 23, 2016 12:04:38 下午 org.apache.catalina.loader.WebappClassLoader clearReferencesThreads
严重: The web application [/cas-server] appears to have started a thread named [scheduler_Worker-3] but has failed to stop it. This is very likely to create a memory leak.
十二月 23, 2016 12:04:38 下午 org.apache.catalina.loader.WebappClassLoader clearReferencesThreads
严重: The web application [/cas-server] appears to have started a thread named [scheduler_Worker-4] but has failed to stop it. This is very likely to create a memory leak.
十二月 23, 2016 12:04:38 下午 org.apache.catalina.loader.WebappClassLoader clearReferencesThreads
严重: The web application [/cas-server] appears to have started a thread named [scheduler_Worker-5] but has failed to stop it. This is very likely to create a memory leak.
十二月 23, 2016 12:04:38 下午 org.apache.catalina.loader.WebappClassLoader clearReferencesThreads
严重: The web application [/cas-server] appears to have started a thread named [scheduler_Worker-6] but has failed to stop it. This is very likely to create a memory leak.
十二月 23, 2016 12:04:38 下午 org.apache.catalina.loader.WebappClassLoader clearReferencesThreads
严重: The web application [/cas-server] appears to have started a thread named [scheduler_Worker-7] but has failed to stop it. This is very likely to create a memory leak.
十二月 23, 2016 12:04:38 下午 org.apache.catalina.loader.WebappClassLoader clearReferencesThreads
严重: The web application [/cas-server] appears to have started a thread named [scheduler_Worker-8] but has failed to stop it. This is very likely to create a memory leak.
十二月 23, 2016 12:04:38 下午 org.apache.catalina.loader.WebappClassLoader clearReferencesThreads
严重: The web application [/cas-server] appears to have started a thread named [scheduler_Worker-9] but has failed to stop it. This is very likely to create a memory leak.
十二月 23, 2016 12:04:38 下午 org.apache.catalina.loader.WebappClassLoader clearReferencesThreads
严重: The web application [/cas-server] appears to have started a thread named [scheduler_Worker-10] but has failed to stop it. This is very likely to create a memory leak.
十二月 23, 2016 12:04:38 下午 org.apache.coyote.AbstractProtocol stop
信息: Stopping ProtocolHandler ["http-bio-8086"]
十二月 23, 2016 12:04:38 下午 org.apache.coyote.AbstractProtocol stop
信息: Stopping ProtocolHandler ["ajp-bio-8011"]
十二月 23, 2016 12:04:38 下午 org.apache.coyote.AbstractProtocol destroy
信息: Destroying ProtocolHandler ["http-bio-8086"]
十二月 23, 2016 12:04:38 下午 org.apache.coyote.AbstractProtocol destroy
信息: Destroying ProtocolHandler ["ajp-bio-8011"]
十二月 23, 2016 12:06:25 下午 org.apache.catalina.startup.VersionLoggerListener log
信息: Server version:        Apache Tomcat/7.0.57
十二月 23, 2016 12:06:25 下午 org.apache.catalina.startup.VersionLoggerListener log
信息: Server built:          Nov 3 2014 08:39:16 UTC
十二月 23, 2016 12:06:25 下午 org.apache.catalina.startup.VersionLoggerListener log
信息: Server number:         7.0.57.0
十二月 23, 2016 12:06:25 下午 org.apache.catalina.startup.VersionLoggerListener log
信息: OS Name:               Linux
十二月 23, 2016 12:06:25 下午 org.apache.catalina.startup.VersionLoggerListener log
信息: OS Version:            2.6.32-358.el6.x86_64
十二月 23, 2016 12:06:25 下午 org.apache.catalina.startup.VersionLoggerListener log
信息: Architecture:          amd64
十二月 23, 2016 12:06:25 下午 org.apache.catalina.startup.VersionLoggerListener log
信息: JAVA_HOME:             /usr/local/jdk1.7.0_67/jre
十二月 23, 2016 12:06:25 下午 org.apache.catalina.startup.VersionLoggerListener log
信息: JVM Version:           1.7.0_67-b01
十二月 23, 2016 12:06:25 下午 org.apache.catalina.startup.VersionLoggerListener log
信息: JVM Vendor:            Oracle Corporation
十二月 23, 2016 12:06:25 下午 org.apache.catalina.startup.VersionLoggerListener log
信息: CATALINA_BASE:         /root/zhongwu/apache-tomcat-7.0.57
十二月 23, 2016 12:06:25 下午 org.apache.catalina.startup.VersionLoggerListener log
信息: CATALINA_HOME:         /root/zhongwu/apache-tomcat-7.0.57
十二月 23, 2016 12:06:25 下午 org.apache.catalina.startup.VersionLoggerListener log
信息: Command line argument: -Djava.util.logging.config.file=/root/zhongwu/apache-tomcat-7.0.57/conf/logging.properties
十二月 23, 2016 12:06:25 下午 org.apache.catalina.startup.VersionLoggerListener log
信息: Command line argument: -Djava.util.logging.manager=org.apache.juli.ClassLoaderLogManager
十二月 23, 2016 12:06:25 下午 org.apache.catalina.startup.VersionLoggerListener log
信息: Command line argument: -Djava.endorsed.dirs=/root/zhongwu/apache-tomcat-7.0.57/endorsed
十二月 23, 2016 12:06:25 下午 org.apache.catalina.startup.VersionLoggerListener log
信息: Command line argument: -Dcatalina.base=/root/zhongwu/apache-tomcat-7.0.57
十二月 23, 2016 12:06:25 下午 org.apache.catalina.startup.VersionLoggerListener log
信息: Command line argument: -Dcatalina.home=/root/zhongwu/apache-tomcat-7.0.57
十二月 23, 2016 12:06:25 下午 org.apache.catalina.startup.VersionLoggerListener log
信息: Command line argument: -Djava.io.tmpdir=/root/zhongwu/apache-tomcat-7.0.57/temp
十二月 23, 2016 12:06:25 下午 org.apache.catalina.core.AprLifecycleListener lifecycleEvent
信息: The APR based Apache Tomcat Native library which allows optimal performance in production environments was not found on the java.library.path: /usr/java/packages/lib/amd64:/usr/lib64:/lib64:/lib:/usr/lib
十二月 23, 2016 12:06:26 下午 org.apache.coyote.AbstractProtocol init
信息: Initializing ProtocolHandler ["http-bio-8086"]
十二月 23, 2016 12:06:26 下午 org.apache.coyote.AbstractProtocol init
信息: Initializing ProtocolHandler ["ajp-bio-8011"]
十二月 23, 2016 12:06:26 下午 org.apache.catalina.startup.Catalina load
信息: Initialization processed in 1028 ms
十二月 23, 2016 12:06:26 下午 org.apache.catalina.core.StandardService startInternal
信息: Starting service Catalina
十二月 23, 2016 12:06:26 下午 org.apache.catalina.core.StandardEngine startInternal
信息: Starting Servlet Engine: Apache Tomcat/7.0.57
十二月 23, 2016 12:06:26 下午 org.apache.catalina.startup.HostConfig deployWAR
信息: Deploying web application archive /root/zhongwu/apache-tomcat-7.0.57/webapps/cas-server.war
十二月 23, 2016 12:06:29 下午 org.apache.catalina.core.ApplicationContext log
信息: No Spring WebApplicationInitializer types detected on classpath
十二月 23, 2016 12:06:29 下午 org.apache.catalina.core.ApplicationContext log
信息: Initializing Spring root WebApplicationContext
十二月 23, 2016 12:06:34 下午 org.apache.catalina.core.ApplicationContext log
信息: Initializing Spring FrameworkServlet 'cas'
十二月 23, 2016 12:06:35 下午 org.apache.catalina.startup.HostConfig deployWAR
信息: Deployment of web application archive /root/zhongwu/apache-tomcat-7.0.57/webapps/cas-server.war has finished in 8,995 ms
十二月 23, 2016 12:06:35 下午 org.apache.catalina.startup.HostConfig deployDirectory
信息: Deploying web application directory /root/zhongwu/apache-tomcat-7.0.57/webapps/host-manager
十二月 23, 2016 12:06:35 下午 org.apache.catalina.startup.HostConfig deployDirectory
信息: Deployment of web application directory /root/zhongwu/apache-tomcat-7.0.57/webapps/host-manager has finished in 58 ms
十二月 23, 2016 12:06:35 下午 org.apache.catalina.startup.HostConfig deployDirectory
信息: Deploying web application directory /root/zhongwu/apache-tomcat-7.0.57/webapps/docs
十二月 23, 2016 12:06:35 下午 org.apache.catalina.startup.HostConfig deployDirectory
信息: Deployment of web application directory /root/zhongwu/apache-tomcat-7.0.57/webapps/docs has finished in 46 ms
十二月 23, 2016 12:06:35 下午 org.apache.catalina.startup.HostConfig deployDirectory
信息: Deploying web application directory /root/zhongwu/apache-tomcat-7.0.57/webapps/manager
十二月 23, 2016 12:06:35 下午 org.apache.catalina.startup.HostConfig deployDirectory
信息: Deployment of web application directory /root/zhongwu/apache-tomcat-7.0.57/webapps/manager has finished in 58 ms
十二月 23, 2016 12:06:35 下午 org.apache.catalina.startup.HostConfig deployDirectory
信息: Deploying web application directory /root/zhongwu/apache-tomcat-7.0.57/webapps/ROOT
十二月 23, 2016 12:06:35 下午 org.apache.catalina.startup.HostConfig deployDirectory
信息: Deployment of web application directory /root/zhongwu/apache-tomcat-7.0.57/webapps/ROOT has finished in 54 ms
十二月 23, 2016 12:06:35 下午 org.apache.catalina.startup.HostConfig deployDirectory
信息: Deploying web application directory /root/zhongwu/apache-tomcat-7.0.57/webapps/examples
十二月 23, 2016 12:06:35 下午 org.apache.catalina.core.ApplicationContext log
信息: ContextListener: contextInitialized()
十二月 23, 2016 12:06:35 下午 org.apache.catalina.core.ApplicationContext log
信息: SessionListener: contextInitialized()
十二月 23, 2016 12:06:35 下午 org.apache.catalina.core.ApplicationContext log
信息: ContextListener: attributeAdded('org.apache.jasper.compiler.TldLocationsCache', 'org.apache.jasper.compiler.TldLocationsCache@39ff1633')
十二月 23, 2016 12:06:35 下午 org.apache.catalina.startup.HostConfig deployDirectory
信息: Deployment of web application directory /root/zhongwu/apache-tomcat-7.0.57/webapps/examples has finished in 255 ms
十二月 23, 2016 12:06:35 下午 org.apache.coyote.AbstractProtocol start
信息: Starting ProtocolHandler ["http-bio-8086"]
十二月 23, 2016 12:06:35 下午 org.apache.coyote.AbstractProtocol start
信息: Starting ProtocolHandler ["ajp-bio-8011"]
十二月 23, 2016 12:06:35 下午 org.apache.catalina.startup.Catalina start
信息: Server startup in 9615 ms
十二月 23, 2016 12:08:37 下午 org.apache.catalina.core.StandardServer await
信息: A valid shutdown command was received via the shutdown port. Stopping the Server instance.
十二月 23, 2016 12:08:37 下午 org.apache.coyote.AbstractProtocol pause
信息: Pausing ProtocolHandler ["http-bio-8086"]
十二月 23, 2016 12:08:37 下午 org.apache.coyote.AbstractProtocol pause
信息: Pausing ProtocolHandler ["ajp-bio-8011"]
十二月 23, 2016 12:08:37 下午 org.apache.catalina.core.StandardService stopInternal
信息: Stopping service Catalina
十二月 23, 2016 12:08:37 下午 org.apache.catalina.core.ApplicationContext log
信息: SessionListener: contextDestroyed()
十二月 23, 2016 12:08:37 下午 org.apache.catalina.core.ApplicationContext log
信息: ContextListener: contextDestroyed()
十二月 23, 2016 12:08:37 下午 org.apache.catalina.core.ApplicationContext log
信息: Closing Spring root WebApplicationContext
十二月 23, 2016 12:08:37 下午 org.apache.catalina.loader.WebappClassLoader clearReferencesThreads
严重: The web application [/cas-server] appears to have started a thread named [perf4j-async-stats-appender-sink-CoalescingStatistics] but has failed to stop it. This is very likely to create a memory leak.
十二月 23, 2016 12:08:37 下午 org.apache.catalina.loader.WebappClassLoader clearReferencesThreads
严重: The web application [/cas-server] appears to have started a thread named [FileWatchdog] but has failed to stop it. This is very likely to create a memory leak.
十二月 23, 2016 12:08:37 下午 org.apache.catalina.loader.WebappClassLoader clearReferencesThreads
严重: The web application [/cas-server] appears to have started a thread named [scheduler_Worker-1] but has failed to stop it. This is very likely to create a memory leak.
十二月 23, 2016 12:08:37 下午 org.apache.catalina.loader.WebappClassLoader clearReferencesThreads
严重: The web application [/cas-server] appears to have started a thread named [scheduler_Worker-2] but has failed to stop it. This is very likely to create a memory leak.
十二月 23, 2016 12:08:37 下午 org.apache.catalina.loader.WebappClassLoader clearReferencesThreads
严重: The web application [/cas-server] appears to have started a thread named [scheduler_Worker-3] but has failed to stop it. This is very likely to create a memory leak.
十二月 23, 2016 12:08:37 下午 org.apache.catalina.loader.WebappClassLoader clearReferencesThreads
严重: The web application [/cas-server] appears to have started a thread named [scheduler_Worker-4] but has failed to stop it. This is very likely to create a memory leak.
十二月 23, 2016 12:08:37 下午 org.apache.catalina.loader.WebappClassLoader clearReferencesThreads
严重: The web application [/cas-server] appears to have started a thread named [scheduler_Worker-5] but has failed to stop it. This is very likely to create a memory leak.
十二月 23, 2016 12:08:37 下午 org.apache.catalina.loader.WebappClassLoader clearReferencesThreads
严重: The web application [/cas-server] appears to have started a thread named [scheduler_Worker-6] but has failed to stop it. This is very likely to create a memory leak.
十二月 23, 2016 12:08:37 下午 org.apache.catalina.loader.WebappClassLoader clearReferencesThreads
严重: The web application [/cas-server] appears to have started a thread named [scheduler_Worker-7] but has failed to stop it. This is very likely to create a memory leak.
十二月 23, 2016 12:08:37 下午 org.apache.catalina.loader.WebappClassLoader clearReferencesThreads
严重: The web application [/cas-server] appears to have started a thread named [scheduler_Worker-8] but has failed to stop it. This is very likely to create a memory leak.
十二月 23, 2016 12:08:37 下午 org.apache.catalina.loader.WebappClassLoader clearReferencesThreads
严重: The web application [/cas-server] appears to have started a thread named [scheduler_Worker-9] but has failed to stop it. This is very likely to create a memory leak.
十二月 23, 2016 12:08:37 下午 org.apache.catalina.loader.WebappClassLoader clearReferencesThreads
严重: The web application [/cas-server] appears to have started a thread named [scheduler_Worker-10] but has failed to stop it. This is very likely to create a memory leak.
十二月 23, 2016 12:08:37 下午 org.apache.coyote.AbstractProtocol stop
信息: Stopping ProtocolHandler ["http-bio-8086"]
十二月 23, 2016 12:08:37 下午 org.apache.coyote.AbstractProtocol stop
信息: Stopping ProtocolHandler ["ajp-bio-8011"]
十二月 23, 2016 12:08:37 下午 org.apache.coyote.AbstractProtocol destroy
信息: Destroying ProtocolHandler ["http-bio-8086"]
十二月 23, 2016 12:08:37 下午 org.apache.coyote.AbstractProtocol destroy
信息: Destroying ProtocolHandler ["ajp-bio-8011"]
十二月 23, 2016 12:09:01 下午 org.apache.catalina.startup.VersionLoggerListener log
信息: Server version:        Apache Tomcat/7.0.57
十二月 23, 2016 12:09:01 下午 org.apache.catalina.startup.VersionLoggerListener log
信息: Server built:          Nov 3 2014 08:39:16 UTC
十二月 23, 2016 12:09:01 下午 org.apache.catalina.startup.VersionLoggerListener log
信息: Server number:         7.0.57.0
十二月 23, 2016 12:09:01 下午 org.apache.catalina.startup.VersionLoggerListener log
信息: OS Name:               Linux
十二月 23, 2016 12:09:01 下午 org.apache.catalina.startup.VersionLoggerListener log
信息: OS Version:            2.6.32-358.el6.x86_64
十二月 23, 2016 12:09:01 下午 org.apache.catalina.startup.VersionLoggerListener log
信息: Architecture:          amd64
十二月 23, 2016 12:09:01 下午 org.apache.catalina.startup.VersionLoggerListener log
信息: JAVA_HOME:             /usr/local/jdk1.7.0_67/jre
十二月 23, 2016 12:09:01 下午 org.apache.catalina.startup.VersionLoggerListener log
信息: JVM Version:           1.7.0_67-b01
十二月 23, 2016 12:09:01 下午 org.apache.catalina.startup.VersionLoggerListener log
信息: JVM Vendor:            Oracle Corporation
十二月 23, 2016 12:09:01 下午 org.apache.catalina.startup.VersionLoggerListener log
信息: CATALINA_BASE:         /root/zhongwu/apache-tomcat-7.0.57
十二月 23, 2016 12:09:02 下午 org.apache.catalina.startup.VersionLoggerListener log
信息: CATALINA_HOME:         /root/zhongwu/apache-tomcat-7.0.57
十二月 23, 2016 12:09:02 下午 org.apache.catalina.startup.VersionLoggerListener log
信息: Command line argument: -Djava.util.logging.config.file=/root/zhongwu/apache-tomcat-7.0.57/conf/logging.properties
十二月 23, 2016 12:09:02 下午 org.apache.catalina.startup.VersionLoggerListener log
信息: Command line argument: -Djava.util.logging.manager=org.apache.juli.ClassLoaderLogManager
十二月 23, 2016 12:09:02 下午 org.apache.catalina.startup.VersionLoggerListener log
信息: Command line argument: -Djava.endorsed.dirs=/root/zhongwu/apache-tomcat-7.0.57/endorsed
十二月 23, 2016 12:09:02 下午 org.apache.catalina.startup.VersionLoggerListener log
信息: Command line argument: -Dcatalina.base=/root/zhongwu/apache-tomcat-7.0.57
十二月 23, 2016 12:09:02 下午 org.apache.catalina.startup.VersionLoggerListener log
信息: Command line argument: -Dcatalina.home=/root/zhongwu/apache-tomcat-7.0.57
十二月 23, 2016 12:09:02 下午 org.apache.catalina.startup.VersionLoggerListener log
信息: Command line argument: -Djava.io.tmpdir=/root/zhongwu/apache-tomcat-7.0.57/temp
十二月 23, 2016 12:09:02 下午 org.apache.catalina.core.AprLifecycleListener lifecycleEvent
信息: The APR based Apache Tomcat Native library which allows optimal performance in production environments was not found on the java.library.path: /usr/java/packages/lib/amd64:/usr/lib64:/lib64:/lib:/usr/lib
十二月 23, 2016 12:09:02 下午 org.apache.coyote.AbstractProtocol init
信息: Initializing ProtocolHandler ["http-bio-8086"]
十二月 23, 2016 12:09:02 下午 org.apache.coyote.AbstractProtocol init
信息: Initializing ProtocolHandler ["ajp-bio-8011"]
十二月 23, 2016 12:09:02 下午 org.apache.catalina.startup.Catalina load
信息: Initialization processed in 1208 ms
十二月 23, 2016 12:09:02 下午 org.apache.catalina.core.StandardService startInternal
信息: Starting service Catalina
十二月 23, 2016 12:09:02 下午 org.apache.catalina.core.StandardEngine startInternal
信息: Starting Servlet Engine: Apache Tomcat/7.0.57
十二月 23, 2016 12:09:02 下午 org.apache.catalina.startup.HostConfig deployWAR
信息: Deploying web application archive /root/zhongwu/apache-tomcat-7.0.57/webapps/cas-server.war
十二月 23, 2016 12:09:10 下午 org.apache.catalina.startup.HostConfig deployWAR
信息: Deployment of web application archive /root/zhongwu/apache-tomcat-7.0.57/webapps/cas-server.war has finished in 8,402 ms
十二月 23, 2016 12:09:10 下午 org.apache.catalina.startup.HostConfig deployDirectory
信息: Deploying web application directory /root/zhongwu/apache-tomcat-7.0.57/webapps/host-manager
十二月 23, 2016 12:09:10 下午 org.apache.catalina.startup.HostConfig deployDirectory
信息: Deployment of web application directory /root/zhongwu/apache-tomcat-7.0.57/webapps/host-manager has finished in 64 ms
十二月 23, 2016 12:09:10 下午 org.apache.catalina.startup.HostConfig deployDirectory
信息: Deploying web application directory /root/zhongwu/apache-tomcat-7.0.57/webapps/docs
十二月 23, 2016 12:09:10 下午 org.apache.catalina.startup.HostConfig deployDirectory
信息: Deployment of web application directory /root/zhongwu/apache-tomcat-7.0.57/webapps/docs has finished in 45 ms
十二月 23, 2016 12:09:10 下午 org.apache.catalina.startup.HostConfig deployDirectory
信息: Deploying web application directory /root/zhongwu/apache-tomcat-7.0.57/webapps/manager
十二月 23, 2016 12:09:10 下午 org.apache.catalina.startup.HostConfig deployDirectory
信息: Deployment of web application directory /root/zhongwu/apache-tomcat-7.0.57/webapps/manager has finished in 59 ms
十二月 23, 2016 12:09:10 下午 org.apache.catalina.startup.HostConfig deployDirectory
信息: Deploying web application directory /root/zhongwu/apache-tomcat-7.0.57/webapps/ROOT
十二月 23, 2016 12:09:11 下午 org.apache.catalina.startup.HostConfig deployDirectory
信息: Deployment of web application directory /root/zhongwu/apache-tomcat-7.0.57/webapps/ROOT has finished in 44 ms
十二月 23, 2016 12:09:11 下午 org.apache.catalina.startup.HostConfig deployDirectory
信息: Deploying web application directory /root/zhongwu/apache-tomcat-7.0.57/webapps/examples
十二月 23, 2016 12:09:11 下午 org.apache.catalina.startup.HostConfig deployDirectory
信息: Deployment of web application directory /root/zhongwu/apache-tomcat-7.0.57/webapps/examples has finished in 246 ms
十二月 23, 2016 12:09:11 下午 org.apache.coyote.AbstractProtocol start
信息: Starting ProtocolHandler ["http-bio-8086"]
十二月 23, 2016 12:09:11 下午 org.apache.catalina.connector.MapperListener findDefaultHost
警告: Unknown default host [192.168.85.233] for connector [Connector[HTTP/1.1-8086]]
十二月 23, 2016 12:09:11 下午 org.apache.coyote.AbstractProtocol start
信息: Starting ProtocolHandler ["ajp-bio-8011"]
十二月 23, 2016 12:09:11 下午 org.apache.catalina.connector.MapperListener findDefaultHost
警告: Unknown default host [192.168.85.233] for connector [Connector[AJP/1.3-8011]]
十二月 23, 2016 12:09:11 下午 org.apache.catalina.startup.Catalina start
信息: Server startup in 9032 ms
十二月 23, 2016 12:16:24 下午 org.apache.catalina.core.StandardServer await
信息: A valid shutdown command was received via the shutdown port. Stopping the Server instance.
十二月 23, 2016 12:16:24 下午 org.apache.coyote.AbstractProtocol pause
信息: Pausing ProtocolHandler ["http-bio-8086"]
十二月 23, 2016 12:16:24 下午 org.apache.coyote.AbstractProtocol pause
信息: Pausing ProtocolHandler ["ajp-bio-8011"]
十二月 23, 2016 12:16:24 下午 org.apache.catalina.core.StandardService stopInternal
信息: Stopping service Catalina
十二月 23, 2016 12:16:25 下午 org.apache.catalina.loader.WebappClassLoader clearReferencesThreads
严重: The web application [/cas-server] appears to have started a thread named [perf4j-async-stats-appender-sink-CoalescingStatistics] but has failed to stop it. This is very likely to create a memory leak.
十二月 23, 2016 12:16:25 下午 org.apache.catalina.loader.WebappClassLoader clearReferencesThreads
严重: The web application [/cas-server] appears to have started a thread named [FileWatchdog] but has failed to stop it. This is very likely to create a memory leak.
十二月 23, 2016 12:16:25 下午 org.apache.catalina.loader.WebappClassLoader clearReferencesThreads
严重: The web application [/cas-server] appears to have started a thread named [scheduler_Worker-1] but has failed to stop it. This is very likely to create a memory leak.
十二月 23, 2016 12:16:25 下午 org.apache.catalina.loader.WebappClassLoader clearReferencesThreads
严重: The web application [/cas-server] appears to have started a thread named [scheduler_Worker-2] but has failed to stop it. This is very likely to create a memory leak.
十二月 23, 2016 12:16:25 下午 org.apache.catalina.loader.WebappClassLoader clearReferencesThreads
严重: The web application [/cas-server] appears to have started a thread named [scheduler_Worker-3] but has failed to stop it. This is very likely to create a memory leak.
十二月 23, 2016 12:16:25 下午 org.apache.catalina.loader.WebappClassLoader clearReferencesThreads
严重: The web application [/cas-server] appears to have started a thread named [scheduler_Worker-4] but has failed to stop it. This is very likely to create a memory leak.
十二月 23, 2016 12:16:25 下午 org.apache.catalina.loader.WebappClassLoader clearReferencesThreads
严重: The web application [/cas-server] appears to have started a thread named [scheduler_Worker-5] but has failed to stop it. This is very likely to create a memory leak.
十二月 23, 2016 12:16:25 下午 org.apache.catalina.loader.WebappClassLoader clearReferencesThreads
严重: The web application [/cas-server] appears to have started a thread named [scheduler_Worker-6] but has failed to stop it. This is very likely to create a memory leak.
十二月 23, 2016 12:16:25 下午 org.apache.catalina.loader.WebappClassLoader clearReferencesThreads
严重: The web application [/cas-server] appears to have started a thread named [scheduler_Worker-7] but has failed to stop it. This is very likely to create a memory leak.
十二月 23, 2016 12:16:25 下午 org.apache.catalina.loader.WebappClassLoader clearReferencesThreads
严重: The web application [/cas-server] appears to have started a thread named [scheduler_Worker-8] but has failed to stop it. This is very likely to create a memory leak.
十二月 23, 2016 12:16:25 下午 org.apache.catalina.loader.WebappClassLoader clearReferencesThreads
严重: The web application [/cas-server] appears to have started a thread named [scheduler_Worker-9] but has failed to stop it. This is very likely to create a memory leak.
十二月 23, 2016 12:16:25 下午 org.apache.catalina.loader.WebappClassLoader clearReferencesThreads
严重: The web application [/cas-server] appears to have started a thread named [scheduler_Worker-10] but has failed to stop it. This is very likely to create a memory leak.
十二月 23, 2016 12:16:25 下午 org.apache.coyote.AbstractProtocol stop
信息: Stopping ProtocolHandler ["http-bio-8086"]
十二月 23, 2016 12:16:25 下午 org.apache.coyote.AbstractProtocol stop
信息: Stopping ProtocolHandler ["ajp-bio-8011"]
十二月 23, 2016 12:16:25 下午 org.apache.coyote.AbstractProtocol destroy
信息: Destroying ProtocolHandler ["http-bio-8086"]
十二月 23, 2016 12:16:25 下午 org.apache.coyote.AbstractProtocol destroy
信息: Destroying ProtocolHandler ["ajp-bio-8011"]
十二月 23, 2016 12:16:31 下午 org.apache.catalina.startup.VersionLoggerListener log
信息: Server version:        Apache Tomcat/7.0.57
十二月 23, 2016 12:16:31 下午 org.apache.catalina.startup.VersionLoggerListener log
信息: Server built:          Nov 3 2014 08:39:16 UTC
十二月 23, 2016 12:16:31 下午 org.apache.catalina.startup.VersionLoggerListener log
信息: Server number:         7.0.57.0
十二月 23, 2016 12:16:31 下午 org.apache.catalina.startup.VersionLoggerListener log
信息: OS Name:               Linux
十二月 23, 2016 12:16:31 下午 org.apache.catalina.startup.VersionLoggerListener log
信息: OS Version:            2.6.32-358.el6.x86_64
十二月 23, 2016 12:16:31 下午 org.apache.catalina.startup.VersionLoggerListener log
信息: Architecture:          amd64
十二月 23, 2016 12:16:31 下午 org.apache.catalina.startup.VersionLoggerListener log
信息: JAVA_HOME:             /usr/local/jdk1.7.0_67/jre
十二月 23, 2016 12:16:31 下午 org.apache.catalina.startup.VersionLoggerListener log
信息: JVM Version:           1.7.0_67-b01
十二月 23, 2016 12:16:31 下午 org.apache.catalina.startup.VersionLoggerListener log
信息: JVM Vendor:            Oracle Corporation
十二月 23, 2016 12:16:31 下午 org.apache.catalina.startup.VersionLoggerListener log
信息: CATALINA_BASE:         /root/zhongwu/apache-tomcat-7.0.57
十二月 23, 2016 12:16:31 下午 org.apache.catalina.startup.VersionLoggerListener log
信息: CATALINA_HOME:         /root/zhongwu/apache-tomcat-7.0.57
十二月 23, 2016 12:16:31 下午 org.apache.catalina.startup.VersionLoggerListener log
信息: Command line argument: -Djava.util.logging.config.file=/root/zhongwu/apache-tomcat-7.0.57/conf/logging.properties
十二月 23, 2016 12:16:31 下午 org.apache.catalina.startup.VersionLoggerListener log
信息: Command line argument: -Djava.util.logging.manager=org.apache.juli.ClassLoaderLogManager
十二月 23, 2016 12:16:31 下午 org.apache.catalina.startup.VersionLoggerListener log
信息: Command line argument: -Djava.endorsed.dirs=/root/zhongwu/apache-tomcat-7.0.57/endorsed
十二月 23, 2016 12:16:31 下午 org.apache.catalina.startup.VersionLoggerListener log
信息: Command line argument: -Dcatalina.base=/root/zhongwu/apache-tomcat-7.0.57
十二月 23, 2016 12:16:31 下午 org.apache.catalina.startup.VersionLoggerListener log
信息: Command line argument: -Dcatalina.home=/root/zhongwu/apache-tomcat-7.0.57
十二月 23, 2016 12:16:31 下午 org.apache.catalina.startup.VersionLoggerListener log
信息: Command line argument: -Djava.io.tmpdir=/root/zhongwu/apache-tomcat-7.0.57/temp
十二月 23, 2016 12:16:31 下午 org.apache.catalina.core.AprLifecycleListener lifecycleEvent
信息: The APR based Apache Tomcat Native library which allows optimal performance in production environments was not found on the java.library.path: /usr/java/packages/lib/amd64:/usr/lib64:/lib64:/lib:/usr/lib
十二月 23, 2016 12:16:31 下午 org.apache.coyote.AbstractProtocol init
信息: Initializing ProtocolHandler ["http-bio-8086"]
十二月 23, 2016 12:16:31 下午 org.apache.coyote.AbstractProtocol init
信息: Initializing ProtocolHandler ["ajp-bio-8011"]
十二月 23, 2016 12:16:31 下午 org.apache.catalina.startup.Catalina load
信息: Initialization processed in 1067 ms
十二月 23, 2016 12:16:31 下午 org.apache.catalina.core.StandardService startInternal
信息: Starting service Catalina
十二月 23, 2016 12:16:31 下午 org.apache.catalina.core.StandardEngine startInternal
信息: Starting Servlet Engine: Apache Tomcat/7.0.57
十二月 23, 2016 12:16:31 下午 org.apache.catalina.startup.HostConfig deployWAR
信息: Deploying web application archive /root/zhongwu/apache-tomcat-7.0.57/webapps/cas-server.war
十二月 23, 2016 12:16:39 下午 org.apache.catalina.startup.HostConfig deployWAR
信息: Deployment of web application archive /root/zhongwu/apache-tomcat-7.0.57/webapps/cas-server.war has finished in 8,001 ms
十二月 23, 2016 12:16:39 下午 org.apache.catalina.startup.HostConfig deployDirectory
信息: Deploying web application directory /root/zhongwu/apache-tomcat-7.0.57/webapps/host-manager
十二月 23, 2016 12:16:39 下午 org.apache.catalina.startup.HostConfig deployDirectory
信息: Deployment of web application directory /root/zhongwu/apache-tomcat-7.0.57/webapps/host-manager has finished in 60 ms
十二月 23, 2016 12:16:39 下午 org.apache.catalina.startup.HostConfig deployDirectory
信息: Deploying web application directory /root/zhongwu/apache-tomcat-7.0.57/webapps/docs
十二月 23, 2016 12:16:40 下午 org.apache.catalina.startup.HostConfig deployDirectory
信息: Deployment of web application directory /root/zhongwu/apache-tomcat-7.0.57/webapps/docs has finished in 43 ms
十二月 23, 2016 12:16:40 下午 org.apache.catalina.startup.HostConfig deployDirectory
信息: Deploying web application directory /root/zhongwu/apache-tomcat-7.0.57/webapps/manager
十二月 23, 2016 12:16:40 下午 org.apache.catalina.startup.HostConfig deployDirectory
信息: Deployment of web application directory /root/zhongwu/apache-tomcat-7.0.57/webapps/manager has finished in 56 ms
十二月 23, 2016 12:16:40 下午 org.apache.catalina.startup.HostConfig deployDirectory
信息: Deploying web application directory /root/zhongwu/apache-tomcat-7.0.57/webapps/ROOT
十二月 23, 2016 12:16:40 下午 org.apache.catalina.startup.HostConfig deployDirectory
信息: Deployment of web application directory /root/zhongwu/apache-tomcat-7.0.57/webapps/ROOT has finished in 42 ms
十二月 23, 2016 12:16:40 下午 org.apache.catalina.startup.HostConfig deployDirectory
信息: Deploying web application directory /root/zhongwu/apache-tomcat-7.0.57/webapps/examples
十二月 23, 2016 12:16:40 下午 org.apache.catalina.startup.HostConfig deployDirectory
信息: Deployment of web application directory /root/zhongwu/apache-tomcat-7.0.57/webapps/examples has finished in 237 ms
十二月 23, 2016 12:16:40 下午 org.apache.coyote.AbstractProtocol start
信息: Starting ProtocolHandler ["http-bio-8086"]
十二月 23, 2016 12:16:40 下午 org.apache.catalina.connector.MapperListener findDefaultHost
警告: Unknown default host [192.168.85.233] for connector [Connector[HTTP/1.1-8086]]
十二月 23, 2016 12:16:40 下午 org.apache.coyote.AbstractProtocol start
信息: Starting ProtocolHandler ["ajp-bio-8011"]
十二月 23, 2016 12:16:40 下午 org.apache.catalina.connector.MapperListener findDefaultHost
警告: Unknown default host [192.168.85.233] for connector [Connector[AJP/1.3-8011]]
十二月 23, 2016 12:16:40 下午 org.apache.catalina.startup.Catalina start
信息: Server startup in 8579 ms
十二月 23, 2016 12:18:02 下午 org.apache.catalina.core.StandardServer await
信息: A valid shutdown command was received via the shutdown port. Stopping the Server instance.
十二月 23, 2016 12:18:02 下午 org.apache.coyote.AbstractProtocol pause
信息: Pausing ProtocolHandler ["http-bio-8086"]
十二月 23, 2016 12:18:02 下午 org.apache.coyote.AbstractProtocol pause
信息: Pausing ProtocolHandler ["ajp-bio-8011"]
十二月 23, 2016 12:18:03 下午 org.apache.catalina.core.StandardService stopInternal
信息: Stopping service Catalina
十二月 23, 2016 12:18:03 下午 org.apache.catalina.loader.WebappClassLoader clearReferencesThreads
严重: The web application [/cas-server] appears to have started a thread named [perf4j-async-stats-appender-sink-CoalescingStatistics] but has failed to stop it. This is very likely to create a memory leak.
十二月 23, 2016 12:18:03 下午 org.apache.catalina.loader.WebappClassLoader clearReferencesThreads
严重: The web application [/cas-server] appears to have started a thread named [FileWatchdog] but has failed to stop it. This is very likely to create a memory leak.
十二月 23, 2016 12:18:03 下午 org.apache.catalina.loader.WebappClassLoader clearReferencesThreads
严重: The web application [/cas-server] appears to have started a thread named [scheduler_Worker-1] but has failed to stop it. This is very likely to create a memory leak.
十二月 23, 2016 12:18:03 下午 org.apache.catalina.loader.WebappClassLoader clearReferencesThreads
严重: The web application [/cas-server] appears to have started a thread named [scheduler_Worker-2] but has failed to stop it. This is very likely to create a memory leak.
十二月 23, 2016 12:18:03 下午 org.apache.catalina.loader.WebappClassLoader clearReferencesThreads
严重: The web application [/cas-server] appears to have started a thread named [scheduler_Worker-3] but has failed to stop it. This is very likely to create a memory leak.
十二月 23, 2016 12:18:03 下午 org.apache.catalina.loader.WebappClassLoader clearReferencesThreads
严重: The web application [/cas-server] appears to have started a thread named [scheduler_Worker-4] but has failed to stop it. This is very likely to create a memory leak.
十二月 23, 2016 12:18:03 下午 org.apache.catalina.loader.WebappClassLoader clearReferencesThreads
严重: The web application [/cas-server] appears to have started a thread named [scheduler_Worker-5] but has failed to stop it. This is very likely to create a memory leak.
十二月 23, 2016 12:18:03 下午 org.apache.catalina.loader.WebappClassLoader clearReferencesThreads
严重: The web application [/cas-server] appears to have started a thread named [scheduler_Worker-6] but has failed to stop it. This is very likely to create a memory leak.
十二月 23, 2016 12:18:03 下午 org.apache.catalina.loader.WebappClassLoader clearReferencesThreads
严重: The web application [/cas-server] appears to have started a thread named [scheduler_Worker-7] but has failed to stop it. This is very likely to create a memory leak.
十二月 23, 2016 12:18:03 下午 org.apache.catalina.loader.WebappClassLoader clearReferencesThreads
严重: The web application [/cas-server] appears to have started a thread named [scheduler_Worker-8] but has failed to stop it. This is very likely to create a memory leak.
十二月 23, 2016 12:18:03 下午 org.apache.catalina.loader.WebappClassLoader clearReferencesThreads
严重: The web application [/cas-server] appears to have started a thread named [scheduler_Worker-9] but has failed to stop it. This is very likely to create a memory leak.
十二月 23, 2016 12:18:03 下午 org.apache.catalina.loader.WebappClassLoader clearReferencesThreads
严重: The web application [/cas-server] appears to have started a thread named [scheduler_Worker-10] but has failed to stop it. This is very likely to create a memory leak.
十二月 23, 2016 12:18:03 下午 org.apache.coyote.AbstractProtocol stop
信息: Stopping ProtocolHandler ["http-bio-8086"]
十二月 23, 2016 12:18:03 下午 org.apache.coyote.AbstractProtocol stop
信息: Stopping ProtocolHandler ["ajp-bio-8011"]
十二月 23, 2016 12:18:03 下午 org.apache.coyote.AbstractProtocol destroy
信息: Destroying ProtocolHandler ["http-bio-8086"]
十二月 23, 2016 12:18:03 下午 org.apache.coyote.AbstractProtocol destroy
信息: Destroying ProtocolHandler ["ajp-bio-8011"]
十二月 23, 2016 12:18:29 下午 org.apache.catalina.startup.VersionLoggerListener log
信息: Server version:        Apache Tomcat/7.0.57
十二月 23, 2016 12:18:29 下午 org.apache.catalina.startup.VersionLoggerListener log
信息: Server built:          Nov 3 2014 08:39:16 UTC
十二月 23, 2016 12:18:29 下午 org.apache.catalina.startup.VersionLoggerListener log
信息: Server number:         7.0.57.0
十二月 23, 2016 12:18:29 下午 org.apache.catalina.startup.VersionLoggerListener log
信息: OS Name:               Linux
十二月 23, 2016 12:18:29 下午 org.apache.catalina.startup.VersionLoggerListener log
信息: OS Version:            2.6.32-358.el6.x86_64
十二月 23, 2016 12:18:29 下午 org.apache.catalina.startup.VersionLoggerListener log
信息: Architecture:          amd64
十二月 23, 2016 12:18:29 下午 org.apache.catalina.startup.VersionLoggerListener log
信息: JAVA_HOME:             /usr/local/jdk1.7.0_67/jre
十二月 23, 2016 12:18:29 下午 org.apache.catalina.startup.VersionLoggerListener log
信息: JVM Version:           1.7.0_67-b01
十二月 23, 2016 12:18:29 下午 org.apache.catalina.startup.VersionLoggerListener log
信息: JVM Vendor:            Oracle Corporation
十二月 23, 2016 12:18:29 下午 org.apache.catalina.startup.VersionLoggerListener log
信息: CATALINA_BASE:         /root/zhongwu/apache-tomcat-7.0.57
十二月 23, 2016 12:18:29 下午 org.apache.catalina.startup.VersionLoggerListener log
信息: CATALINA_HOME:         /root/zhongwu/apache-tomcat-7.0.57
十二月 23, 2016 12:18:29 下午 org.apache.catalina.startup.VersionLoggerListener log
信息: Command line argument: -Djava.util.logging.config.file=/root/zhongwu/apache-tomcat-7.0.57/conf/logging.properties
十二月 23, 2016 12:18:29 下午 org.apache.catalina.startup.VersionLoggerListener log
信息: Command line argument: -Djava.util.logging.manager=org.apache.juli.ClassLoaderLogManager
十二月 23, 2016 12:18:29 下午 org.apache.catalina.startup.VersionLoggerListener log
信息: Command line argument: -Djava.endorsed.dirs=/root/zhongwu/apache-tomcat-7.0.57/endorsed
十二月 23, 2016 12:18:29 下午 org.apache.catalina.startup.VersionLoggerListener log
信息: Command line argument: -Dcatalina.base=/root/zhongwu/apache-tomcat-7.0.57
十二月 23, 2016 12:18:29 下午 org.apache.catalina.startup.VersionLoggerListener log
信息: Command line argument: -Dcatalina.home=/root/zhongwu/apache-tomcat-7.0.57
十二月 23, 2016 12:18:29 下午 org.apache.catalina.startup.VersionLoggerListener log
信息: Command line argument: -Djava.io.tmpdir=/root/zhongwu/apache-tomcat-7.0.57/temp
十二月 23, 2016 12:18:29 下午 org.apache.catalina.core.AprLifecycleListener lifecycleEvent
信息: The APR based Apache Tomcat Native library which allows optimal performance in production environments was not found on the java.library.path: /usr/java/packages/lib/amd64:/usr/lib64:/lib64:/lib:/usr/lib
十二月 23, 2016 12:18:29 下午 org.apache.coyote.AbstractProtocol init
信息: Initializing ProtocolHandler ["http-bio-8086"]
十二月 23, 2016 12:18:29 下午 org.apache.coyote.AbstractProtocol init
信息: Initializing ProtocolHandler ["ajp-bio-8011"]
十二月 23, 2016 12:18:29 下午 org.apache.catalina.startup.Catalina load
信息: Initialization processed in 1039 ms
十二月 23, 2016 12:18:29 下午 org.apache.catalina.core.StandardService startInternal
信息: Starting service Catalina
十二月 23, 2016 12:18:29 下午 org.apache.catalina.core.StandardEngine startInternal
信息: Starting Servlet Engine: Apache Tomcat/7.0.57
十二月 23, 2016 12:18:29 下午 org.apache.catalina.startup.HostConfig deployWAR
信息: Deploying web application archive /root/zhongwu/apache-tomcat-7.0.57/webapps/cas-server.war
十二月 23, 2016 12:18:32 下午 org.apache.catalina.core.ApplicationContext log
信息: No Spring WebApplicationInitializer types detected on classpath
十二月 23, 2016 12:18:32 下午 org.apache.catalina.core.ApplicationContext log
信息: Initializing Spring root WebApplicationContext
十二月 23, 2016 12:18:36 下午 org.apache.catalina.core.ApplicationContext log
信息: Initializing Spring FrameworkServlet 'cas'
十二月 23, 2016 12:18:37 下午 org.apache.catalina.startup.HostConfig deployWAR
信息: Deployment of web application archive /root/zhongwu/apache-tomcat-7.0.57/webapps/cas-server.war has finished in 7,631 ms
十二月 23, 2016 12:18:37 下午 org.apache.catalina.startup.HostConfig deployDirectory
信息: Deploying web application directory /root/zhongwu/apache-tomcat-7.0.57/webapps/host-manager
十二月 23, 2016 12:18:37 下午 org.apache.catalina.startup.HostConfig deployDirectory
信息: Deployment of web application directory /root/zhongwu/apache-tomcat-7.0.57/webapps/host-manager has finished in 58 ms
十二月 23, 2016 12:18:37 下午 org.apache.catalina.startup.HostConfig deployDirectory
信息: Deploying web application directory /root/zhongwu/apache-tomcat-7.0.57/webapps/docs
十二月 23, 2016 12:18:37 下午 org.apache.catalina.startup.HostConfig deployDirectory
信息: Deployment of web application directory /root/zhongwu/apache-tomcat-7.0.57/webapps/docs has finished in 43 ms
十二月 23, 2016 12:18:37 下午 org.apache.catalina.startup.HostConfig deployDirectory
信息: Deploying web application directory /root/zhongwu/apache-tomcat-7.0.57/webapps/manager
十二月 23, 2016 12:18:37 下午 org.apache.catalina.startup.HostConfig deployDirectory
信息: Deployment of web application directory /root/zhongwu/apache-tomcat-7.0.57/webapps/manager has finished in 55 ms
十二月 23, 2016 12:18:37 下午 org.apache.catalina.startup.HostConfig deployDirectory
信息: Deploying web application directory /root/zhongwu/apache-tomcat-7.0.57/webapps/ROOT
十二月 23, 2016 12:18:37 下午 org.apache.catalina.startup.HostConfig deployDirectory
信息: Deployment of web application directory /root/zhongwu/apache-tomcat-7.0.57/webapps/ROOT has finished in 41 ms
十二月 23, 2016 12:18:37 下午 org.apache.catalina.startup.HostConfig deployDirectory
信息: Deploying web application directory /root/zhongwu/apache-tomcat-7.0.57/webapps/examples
十二月 23, 2016 12:18:37 下午 org.apache.catalina.core.ApplicationContext log
信息: ContextListener: contextInitialized()
十二月 23, 2016 12:18:37 下午 org.apache.catalina.core.ApplicationContext log
信息: SessionListener: contextInitialized()
十二月 23, 2016 12:18:37 下午 org.apache.catalina.core.ApplicationContext log
信息: ContextListener: attributeAdded('org.apache.jasper.compiler.TldLocationsCache', 'org.apache.jasper.compiler.TldLocationsCache@4a77ba21')
十二月 23, 2016 12:18:37 下午 org.apache.catalina.startup.HostConfig deployDirectory
信息: Deployment of web application directory /root/zhongwu/apache-tomcat-7.0.57/webapps/examples has finished in 252 ms
十二月 23, 2016 12:18:37 下午 org.apache.coyote.AbstractProtocol start
信息: Starting ProtocolHandler ["http-bio-8086"]
十二月 23, 2016 12:18:37 下午 org.apache.coyote.AbstractProtocol start
信息: Starting ProtocolHandler ["ajp-bio-8011"]
十二月 23, 2016 12:18:37 下午 org.apache.catalina.startup.Catalina start
信息: Server startup in 8202 ms
十二月 23, 2016 12:19:05 下午 org.apache.jasper.compiler.TldLocationsCache tldScanJar
信息: At least one JAR was scanned for TLDs yet contained no TLDs. Enable debug logging for this logger for a complete list of JARs that were scanned but no TLDs were found in them. Skipping unneeded JARs during scanning can improve startup time and JSP compilation time.
十二月 23, 2016 12:26:58 下午 org.apache.catalina.startup.HostConfig deployWAR
信息: Deploying web application archive /root/zhongwu/apache-tomcat-7.0.57/webapps/ProjectA.war
十二月 23, 2016 12:26:58 下午 org.apache.catalina.startup.ContextConfig beforeStart
严重: Exception fixing docBase for context [/ProjectA]
java.util.zip.ZipException: error in opening zip file
	at java.util.zip.ZipFile.open(Native Method)
	at java.util.zip.ZipFile.<init>(ZipFile.java:215)
	at java.util.zip.ZipFile.<init>(ZipFile.java:145)
	at java.util.jar.JarFile.<init>(JarFile.java:154)
	at java.util.jar.JarFile.<init>(JarFile.java:91)
	at sun.net.www.protocol.jar.URLJarFile.<init>(URLJarFile.java:93)
	at sun.net.www.protocol.jar.URLJarFile.getJarFile(URLJarFile.java:69)
	at sun.net.www.protocol.jar.JarFileFactory.get(JarFileFactory.java:99)
	at sun.net.www.protocol.jar.JarURLConnection.connect(JarURLConnection.java:122)
	at sun.net.www.protocol.jar.JarURLConnection.getJarFile(JarURLConnection.java:89)
	at org.apache.catalina.startup.ExpandWar.expand(ExpandWar.java:111)
	at org.apache.catalina.startup.ContextConfig.fixDocBase(ContextConfig.java:735)
	at org.apache.catalina.startup.ContextConfig.beforeStart(ContextConfig.java:863)
	at org.apache.catalina.startup.ContextConfig.lifecycleEvent(ContextConfig.java:388)
	at org.apache.catalina.util.LifecycleSupport.fireLifecycleEvent(LifecycleSupport.java:117)
	at org.apache.catalina.util.LifecycleBase.fireLifecycleEvent(LifecycleBase.java:90)
	at org.apache.catalina.util.LifecycleBase.setStateInternal(LifecycleBase.java:402)
	at org.apache.catalina.util.LifecycleBase.start(LifecycleBase.java:147)
	at org.apache.catalina.core.ContainerBase.addChildInternal(ContainerBase.java:901)
	at org.apache.catalina.core.ContainerBase.addChild(ContainerBase.java:877)
	at org.apache.catalina.core.StandardHost.addChild(StandardHost.java:649)
	at org.apache.catalina.startup.HostConfig.deployWAR(HostConfig.java:1081)
	at org.apache.catalina.startup.HostConfig$DeployWar.run(HostConfig.java:1877)
	at java.util.concurrent.Executors$RunnableAdapter.call(Executors.java:471)
	at java.util.concurrent.FutureTask.run(FutureTask.java:262)
	at java.util.concurrent.ThreadPoolExecutor.runWorker(ThreadPoolExecutor.java:1145)
	at java.util.concurrent.ThreadPoolExecutor$Worker.run(ThreadPoolExecutor.java:615)
	at java.lang.Thread.run(Thread.java:745)

十二月 23, 2016 12:26:58 下午 org.apache.catalina.core.StandardContext resourcesStart
严重: Error starting static Resources
java.lang.IllegalArgumentException: Invalid or unreadable WAR file : error in opening zip file
	at org.apache.naming.resources.WARDirContext.setDocBase(WARDirContext.java:136)
	at org.apache.catalina.core.StandardContext.resourcesStart(StandardContext.java:5110)
	at org.apache.catalina.core.StandardContext.startInternal(StandardContext.java:5294)
	at org.apache.catalina.util.LifecycleBase.start(LifecycleBase.java:150)
	at org.apache.catalina.core.ContainerBase.addChildInternal(ContainerBase.java:901)
	at org.apache.catalina.core.ContainerBase.addChild(ContainerBase.java:877)
	at org.apache.catalina.core.StandardHost.addChild(StandardHost.java:649)
	at org.apache.catalina.startup.HostConfig.deployWAR(HostConfig.java:1081)
	at org.apache.catalina.startup.HostConfig$DeployWar.run(HostConfig.java:1877)
	at java.util.concurrent.Executors$RunnableAdapter.call(Executors.java:471)
	at java.util.concurrent.FutureTask.run(FutureTask.java:262)
	at java.util.concurrent.ThreadPoolExecutor.runWorker(ThreadPoolExecutor.java:1145)
	at java.util.concurrent.ThreadPoolExecutor$Worker.run(ThreadPoolExecutor.java:615)
	at java.lang.Thread.run(Thread.java:745)

十二月 23, 2016 12:26:58 下午 org.apache.catalina.core.ContainerBase addChildInternal
严重: ContainerBase.addChild: start: 
org.apache.catalina.LifecycleException: Failed to start component [StandardEngine[Catalina].StandardHost[192.168.85.233].StandardContext[/ProjectA]]
	at org.apache.catalina.util.LifecycleBase.start(LifecycleBase.java:154)
	at org.apache.catalina.core.ContainerBase.addChildInternal(ContainerBase.java:901)
	at org.apache.catalina.core.ContainerBase.addChild(ContainerBase.java:877)
	at org.apache.catalina.core.StandardHost.addChild(StandardHost.java:649)
	at org.apache.catalina.startup.HostConfig.deployWAR(HostConfig.java:1081)
	at org.apache.catalina.startup.HostConfig$DeployWar.run(HostConfig.java:1877)
	at java.util.concurrent.Executors$RunnableAdapter.call(Executors.java:471)
	at java.util.concurrent.FutureTask.run(FutureTask.java:262)
	at java.util.concurrent.ThreadPoolExecutor.runWorker(ThreadPoolExecutor.java:1145)
	at java.util.concurrent.ThreadPoolExecutor$Worker.run(ThreadPoolExecutor.java:615)
	at java.lang.Thread.run(Thread.java:745)
Caused by: org.apache.catalina.LifecycleException: Error in resourceStart()
	at org.apache.catalina.core.StandardContext.startInternal(StandardContext.java:5295)
	at org.apache.catalina.util.LifecycleBase.start(LifecycleBase.java:150)
	... 10 more

十二月 23, 2016 12:26:58 下午 org.apache.catalina.startup.HostConfig deployWAR
严重: Error deploying web application archive /root/zhongwu/apache-tomcat-7.0.57/webapps/ProjectA.war
java.lang.IllegalStateException: ContainerBase.addChild: start: org.apache.catalina.LifecycleException: Failed to start component [StandardEngine[Catalina].StandardHost[192.168.85.233].StandardContext[/ProjectA]]
	at org.apache.catalina.core.ContainerBase.addChildInternal(ContainerBase.java:904)
	at org.apache.catalina.core.ContainerBase.addChild(ContainerBase.java:877)
	at org.apache.catalina.core.StandardHost.addChild(StandardHost.java:649)
	at org.apache.catalina.startup.HostConfig.deployWAR(HostConfig.java:1081)
	at org.apache.catalina.startup.HostConfig$DeployWar.run(HostConfig.java:1877)
	at java.util.concurrent.Executors$RunnableAdapter.call(Executors.java:471)
	at java.util.concurrent.FutureTask.run(FutureTask.java:262)
	at java.util.concurrent.ThreadPoolExecutor.runWorker(ThreadPoolExecutor.java:1145)
	at java.util.concurrent.ThreadPoolExecutor$Worker.run(ThreadPoolExecutor.java:615)
	at java.lang.Thread.run(Thread.java:745)

十二月 23, 2016 12:26:58 下午 org.apache.catalina.startup.HostConfig deployWAR
信息: Deployment of web application archive /root/zhongwu/apache-tomcat-7.0.57/webapps/ProjectA.war has finished in 59 ms
十二月 23, 2016 12:27:16 下午 org.apache.catalina.core.StandardServer await
信息: A valid shutdown command was received via the shutdown port. Stopping the Server instance.
十二月 23, 2016 12:27:16 下午 org.apache.coyote.AbstractProtocol pause
信息: Pausing ProtocolHandler ["http-bio-8086"]
十二月 23, 2016 12:27:16 下午 org.apache.coyote.AbstractProtocol pause
信息: Pausing ProtocolHandler ["ajp-bio-8011"]
十二月 23, 2016 12:27:16 下午 org.apache.catalina.core.StandardService stopInternal
信息: Stopping service Catalina
十二月 23, 2016 12:27:16 下午 org.apache.catalina.core.ApplicationContext log
信息: SessionListener: contextDestroyed()
十二月 23, 2016 12:27:16 下午 org.apache.catalina.core.ApplicationContext log
信息: ContextListener: contextDestroyed()
十二月 23, 2016 12:27:16 下午 org.apache.catalina.core.ApplicationContext log
信息: Closing Spring root WebApplicationContext
十二月 23, 2016 12:27:17 下午 org.apache.catalina.loader.WebappClassLoader clearReferencesThreads
严重: The web application [/cas-server] appears to have started a thread named [perf4j-async-stats-appender-sink-CoalescingStatistics] but has failed to stop it. This is very likely to create a memory leak.
十二月 23, 2016 12:27:17 下午 org.apache.catalina.loader.WebappClassLoader clearReferencesThreads
严重: The web application [/cas-server] appears to have started a thread named [FileWatchdog] but has failed to stop it. This is very likely to create a memory leak.
十二月 23, 2016 12:27:17 下午 org.apache.catalina.loader.WebappClassLoader clearReferencesThreads
严重: The web application [/cas-server] appears to have started a thread named [scheduler_Worker-1] but has failed to stop it. This is very likely to create a memory leak.
十二月 23, 2016 12:27:17 下午 org.apache.catalina.loader.WebappClassLoader clearReferencesThreads
严重: The web application [/cas-server] appears to have started a thread named [scheduler_Worker-2] but has failed to stop it. This is very likely to create a memory leak.
十二月 23, 2016 12:27:17 下午 org.apache.catalina.loader.WebappClassLoader clearReferencesThreads
严重: The web application [/cas-server] appears to have started a thread named [scheduler_Worker-3] but has failed to stop it. This is very likely to create a memory leak.
十二月 23, 2016 12:27:17 下午 org.apache.catalina.loader.WebappClassLoader clearReferencesThreads
严重: The web application [/cas-server] appears to have started a thread named [scheduler_Worker-4] but has failed to stop it. This is very likely to create a memory leak.
十二月 23, 2016 12:27:17 下午 org.apache.catalina.loader.WebappClassLoader clearReferencesThreads
严重: The web application [/cas-server] appears to have started a thread named [scheduler_Worker-5] but has failed to stop it. This is very likely to create a memory leak.
十二月 23, 2016 12:27:17 下午 org.apache.catalina.loader.WebappClassLoader clearReferencesThreads
严重: The web application [/cas-server] appears to have started a thread named [scheduler_Worker-6] but has failed to stop it. This is very likely to create a memory leak.
十二月 23, 2016 12:27:17 下午 org.apache.catalina.loader.WebappClassLoader clearReferencesThreads
严重: The web application [/cas-server] appears to have started a thread named [scheduler_Worker-7] but has failed to stop it. This is very likely to create a memory leak.
十二月 23, 2016 12:27:17 下午 org.apache.catalina.loader.WebappClassLoader clearReferencesThreads
严重: The web application [/cas-server] appears to have started a thread named [scheduler_Worker-8] but has failed to stop it. This is very likely to create a memory leak.
十二月 23, 2016 12:27:17 下午 org.apache.catalina.loader.WebappClassLoader clearReferencesThreads
严重: The web application [/cas-server] appears to have started a thread named [scheduler_Worker-9] but has failed to stop it. This is very likely to create a memory leak.
十二月 23, 2016 12:27:17 下午 org.apache.catalina.loader.WebappClassLoader clearReferencesThreads
严重: The web application [/cas-server] appears to have started a thread named [scheduler_Worker-10] but has failed to stop it. This is very likely to create a memory leak.
十二月 23, 2016 12:27:17 下午 org.apache.coyote.AbstractProtocol stop
信息: Stopping ProtocolHandler ["http-bio-8086"]
十二月 23, 2016 12:27:17 下午 org.apache.coyote.AbstractProtocol stop
信息: Stopping ProtocolHandler ["ajp-bio-8011"]
十二月 23, 2016 12:27:17 下午 org.apache.coyote.AbstractProtocol destroy
信息: Destroying ProtocolHandler ["http-bio-8086"]
十二月 23, 2016 12:27:17 下午 org.apache.coyote.AbstractProtocol destroy
信息: Destroying ProtocolHandler ["ajp-bio-8011"]
十二月 23, 2016 12:27:21 下午 org.apache.catalina.startup.VersionLoggerListener log
信息: Server version:        Apache Tomcat/7.0.57
十二月 23, 2016 12:27:21 下午 org.apache.catalina.startup.VersionLoggerListener log
信息: Server built:          Nov 3 2014 08:39:16 UTC
十二月 23, 2016 12:27:21 下午 org.apache.catalina.startup.VersionLoggerListener log
信息: Server number:         7.0.57.0
十二月 23, 2016 12:27:21 下午 org.apache.catalina.startup.VersionLoggerListener log
信息: OS Name:               Linux
十二月 23, 2016 12:27:21 下午 org.apache.catalina.startup.VersionLoggerListener log
信息: OS Version:            2.6.32-358.el6.x86_64
十二月 23, 2016 12:27:21 下午 org.apache.catalina.startup.VersionLoggerListener log
信息: Architecture:          amd64
十二月 23, 2016 12:27:21 下午 org.apache.catalina.startup.VersionLoggerListener log
信息: JAVA_HOME:             /usr/local/jdk1.7.0_67/jre
十二月 23, 2016 12:27:21 下午 org.apache.catalina.startup.VersionLoggerListener log
信息: JVM Version:           1.7.0_67-b01
十二月 23, 2016 12:27:21 下午 org.apache.catalina.startup.VersionLoggerListener log
信息: JVM Vendor:            Oracle Corporation
十二月 23, 2016 12:27:21 下午 org.apache.catalina.startup.VersionLoggerListener log
信息: CATALINA_BASE:         /root/zhongwu/apache-tomcat-7.0.57
十二月 23, 2016 12:27:21 下午 org.apache.catalina.startup.VersionLoggerListener log
信息: CATALINA_HOME:         /root/zhongwu/apache-tomcat-7.0.57
十二月 23, 2016 12:27:21 下午 org.apache.catalina.startup.VersionLoggerListener log
信息: Command line argument: -Djava.util.logging.config.file=/root/zhongwu/apache-tomcat-7.0.57/conf/logging.properties
十二月 23, 2016 12:27:21 下午 org.apache.catalina.startup.VersionLoggerListener log
信息: Command line argument: -Djava.util.logging.manager=org.apache.juli.ClassLoaderLogManager
十二月 23, 2016 12:27:21 下午 org.apache.catalina.startup.VersionLoggerListener log
信息: Command line argument: -Djava.endorsed.dirs=/root/zhongwu/apache-tomcat-7.0.57/endorsed
十二月 23, 2016 12:27:21 下午 org.apache.catalina.startup.VersionLoggerListener log
信息: Command line argument: -Dcatalina.base=/root/zhongwu/apache-tomcat-7.0.57
十二月 23, 2016 12:27:21 下午 org.apache.catalina.startup.VersionLoggerListener log
信息: Command line argument: -Dcatalina.home=/root/zhongwu/apache-tomcat-7.0.57
十二月 23, 2016 12:27:21 下午 org.apache.catalina.startup.VersionLoggerListener log
信息: Command line argument: -Djava.io.tmpdir=/root/zhongwu/apache-tomcat-7.0.57/temp
十二月 23, 2016 12:27:21 下午 org.apache.catalina.core.AprLifecycleListener lifecycleEvent
信息: The APR based Apache Tomcat Native library which allows optimal performance in production environments was not found on the java.library.path: /usr/java/packages/lib/amd64:/usr/lib64:/lib64:/lib:/usr/lib
十二月 23, 2016 12:27:21 下午 org.apache.coyote.AbstractProtocol init
信息: Initializing ProtocolHandler ["http-bio-8086"]
十二月 23, 2016 12:27:21 下午 org.apache.coyote.AbstractProtocol init
信息: Initializing ProtocolHandler ["ajp-bio-8011"]
十二月 23, 2016 12:27:21 下午 org.apache.catalina.startup.Catalina load
信息: Initialization processed in 1009 ms
十二月 23, 2016 12:27:21 下午 org.apache.catalina.core.StandardService startInternal
信息: Starting service Catalina
十二月 23, 2016 12:27:21 下午 org.apache.catalina.core.StandardEngine startInternal
信息: Starting Servlet Engine: Apache Tomcat/7.0.57
十二月 23, 2016 12:27:21 下午 org.apache.catalina.startup.HostConfig deployWAR
信息: Deploying web application archive /root/zhongwu/apache-tomcat-7.0.57/webapps/cas-server.war
十二月 23, 2016 12:27:24 下午 org.apache.catalina.core.ApplicationContext log
信息: No Spring WebApplicationInitializer types detected on classpath
十二月 23, 2016 12:27:24 下午 org.apache.catalina.core.ApplicationContext log
信息: Initializing Spring root WebApplicationContext
十二月 23, 2016 12:27:28 下午 org.apache.catalina.core.ApplicationContext log
信息: Initializing Spring FrameworkServlet 'cas'
十二月 23, 2016 12:27:29 下午 org.apache.catalina.startup.HostConfig deployWAR
信息: Deployment of web application archive /root/zhongwu/apache-tomcat-7.0.57/webapps/cas-server.war has finished in 7,873 ms
十二月 23, 2016 12:27:29 下午 org.apache.catalina.startup.HostConfig deployWAR
信息: Deploying web application archive /root/zhongwu/apache-tomcat-7.0.57/webapps/ProjectA.war
十二月 23, 2016 12:27:29 下午 org.apache.catalina.loader.WebappClassLoader validateJarFile
信息: validateJarFile(/root/zhongwu/apache-tomcat-7.0.57/webapps/ProjectA/WEB-INF/lib/servlet-api.jar) - jar not loaded. See Servlet Spec 3.0, section 10.7.2. Offending class: javax/servlet/Servlet.class
十二月 23, 2016 12:27:32 下午 org.apache.catalina.core.ApplicationContext log
信息: No Spring WebApplicationInitializer types detected on classpath
十二月 23, 2016 12:27:32 下午 org.apache.catalina.startup.HostConfig deployWAR
信息: Deployment of web application archive /root/zhongwu/apache-tomcat-7.0.57/webapps/ProjectA.war has finished in 2,542 ms
十二月 23, 2016 12:27:32 下午 org.apache.catalina.startup.HostConfig deployDirectory
信息: Deploying web application directory /root/zhongwu/apache-tomcat-7.0.57/webapps/host-manager
十二月 23, 2016 12:27:32 下午 org.apache.catalina.startup.HostConfig deployDirectory
信息: Deployment of web application directory /root/zhongwu/apache-tomcat-7.0.57/webapps/host-manager has finished in 72 ms
十二月 23, 2016 12:27:32 下午 org.apache.catalina.startup.HostConfig deployDirectory
信息: Deploying web application directory /root/zhongwu/apache-tomcat-7.0.57/webapps/docs
十二月 23, 2016 12:27:32 下午 org.apache.catalina.startup.HostConfig deployDirectory
信息: Deployment of web application directory /root/zhongwu/apache-tomcat-7.0.57/webapps/docs has finished in 52 ms
十二月 23, 2016 12:27:32 下午 org.apache.catalina.startup.HostConfig deployDirectory
信息: Deploying web application directory /root/zhongwu/apache-tomcat-7.0.57/webapps/manager
十二月 23, 2016 12:27:32 下午 org.apache.catalina.startup.HostConfig deployDirectory
信息: Deployment of web application directory /root/zhongwu/apache-tomcat-7.0.57/webapps/manager has finished in 62 ms
十二月 23, 2016 12:27:32 下午 org.apache.catalina.startup.HostConfig deployDirectory
信息: Deploying web application directory /root/zhongwu/apache-tomcat-7.0.57/webapps/ROOT
十二月 23, 2016 12:27:32 下午 org.apache.catalina.startup.HostConfig deployDirectory
信息: Deployment of web application directory /root/zhongwu/apache-tomcat-7.0.57/webapps/ROOT has finished in 50 ms
十二月 23, 2016 12:27:32 下午 org.apache.catalina.startup.HostConfig deployDirectory
信息: Deploying web application directory /root/zhongwu/apache-tomcat-7.0.57/webapps/examples
十二月 23, 2016 12:27:32 下午 org.apache.catalina.core.ApplicationContext log
信息: ContextListener: contextInitialized()
十二月 23, 2016 12:27:32 下午 org.apache.catalina.core.ApplicationContext log
信息: SessionListener: contextInitialized()
十二月 23, 2016 12:27:32 下午 org.apache.catalina.core.ApplicationContext log
信息: ContextListener: attributeAdded('org.apache.jasper.compiler.TldLocationsCache', 'org.apache.jasper.compiler.TldLocationsCache@747b06a2')
十二月 23, 2016 12:27:32 下午 org.apache.catalina.startup.HostConfig deployDirectory
信息: Deployment of web application directory /root/zhongwu/apache-tomcat-7.0.57/webapps/examples has finished in 306 ms
十二月 23, 2016 12:27:32 下午 org.apache.coyote.AbstractProtocol start
信息: Starting ProtocolHandler ["http-bio-8086"]
十二月 23, 2016 12:27:32 下午 org.apache.coyote.AbstractProtocol start
信息: Starting ProtocolHandler ["ajp-bio-8011"]
十二月 23, 2016 12:27:32 下午 org.apache.catalina.startup.Catalina start
信息: Server startup in 11096 ms
十二月 23, 2016 12:32:09 下午 org.apache.jasper.compiler.TldLocationsCache tldScanJar
信息: At least one JAR was scanned for TLDs yet contained no TLDs. Enable debug logging for this logger for a complete list of JARs that were scanned but no TLDs were found in them. Skipping unneeded JARs during scanning can improve startup time and JSP compilation time.
