十二月 27, 2016 12:11:43 下午 org.apache.catalina.startup.HostConfig undeploy
信息: Undeploying context [/cas-server]
十二月 27, 2016 12:11:43 下午 org.apache.catalina.core.ApplicationContext log
信息: Closing Spring root WebApplicationContext
十二月 27, 2016 12:11:43 下午 org.apache.catalina.core.StandardContext listenerStop
严重: Exception sending context destroyed event to listener instance of class org.jasig.cas.web.init.SafeContextLoaderListener
java.lang.NoClassDefFoundError: org/apache/log4j/spi/ThrowableInformation
	at org.apache.log4j.spi.LoggingEvent.<init>(LoggingEvent.java:165)
	at org.apache.log4j.Category.forcedLog(Category.java:391)
	at org.apache.log4j.Category.log(Category.java:856)
	at org.slf4j.impl.Log4jLoggerAdapter.log(Log4jLoggerAdapter.java:601)
	at org.apache.commons.logging.impl.SLF4JLocationAwareLog.warn(SLF4JLocationAwareLog.java:199)
	at org.springframework.context.support.AbstractApplicationContext.doClose(AbstractApplicationContext.java:1060)
	at org.springframework.context.support.AbstractApplicationContext.close(AbstractApplicationContext.java:1010)
	at org.springframework.web.context.ContextLoader.closeWebApplicationContext(ContextLoader.java:559)
	at org.springframework.web.context.ContextLoaderListener.contextDestroyed(ContextLoaderListener.java:143)
	at org.jasig.cas.web.init.SafeContextLoaderListener.contextDestroyed(SafeContextLoaderListener.java:105)
	at org.apache.catalina.core.StandardContext.listenerStop(StandardContext.java:5035)
	at org.apache.catalina.core.StandardContext.stopInternal(StandardContext.java:5687)
	at org.apache.catalina.util.LifecycleBase.stop(LifecycleBase.java:232)
	at org.apache.catalina.core.ContainerBase.removeChild(ContainerBase.java:1028)
	at org.apache.catalina.startup.HostConfig.undeploy(HostConfig.java:1498)
	at org.apache.catalina.startup.HostConfig.checkResources(HostConfig.java:1446)
	at org.apache.catalina.startup.HostConfig.check(HostConfig.java:1646)
	at org.apache.catalina.startup.HostConfig.lifecycleEvent(HostConfig.java:328)
	at org.apache.catalina.util.LifecycleSupport.fireLifecycleEvent(LifecycleSupport.java:117)
	at org.apache.catalina.util.LifecycleBase.fireLifecycleEvent(LifecycleBase.java:90)
	at org.apache.catalina.core.ContainerBase.backgroundProcess(ContainerBase.java:1374)
	at org.apache.catalina.core.ContainerBase$ContainerBackgroundProcessor.processChildren(ContainerBase.java:1546)
	at org.apache.catalina.core.ContainerBase$ContainerBackgroundProcessor.processChildren(ContainerBase.java:1556)
	at org.apache.catalina.core.ContainerBase$ContainerBackgroundProcessor.run(ContainerBase.java:1524)
	at java.lang.Thread.run(Thread.java:745)

十二月 27, 2016 12:11:43 下午 org.apache.catalina.loader.WebappClassLoader clearReferencesThreads
严重: The web application [/cas-server] appears to have started a thread named [perf4j-async-stats-appender-sink-CoalescingStatistics] but has failed to stop it. This is very likely to create a memory leak.
十二月 27, 2016 12:11:43 下午 org.apache.catalina.loader.WebappClassLoader clearReferencesThreads
严重: The web application [/cas-server] appears to have started a thread named [FileWatchdog] but has failed to stop it. This is very likely to create a memory leak.
十二月 27, 2016 12:11:43 下午 org.apache.catalina.loader.WebappClassLoader clearReferencesThreads
严重: The web application [/cas-server] appears to have started a thread named [scheduler_Worker-1] but has failed to stop it. This is very likely to create a memory leak.
十二月 27, 2016 12:11:43 下午 org.apache.catalina.loader.WebappClassLoader clearReferencesThreads
严重: The web application [/cas-server] appears to have started a thread named [scheduler_Worker-2] but has failed to stop it. This is very likely to create a memory leak.
十二月 27, 2016 12:11:43 下午 org.apache.catalina.loader.WebappClassLoader clearReferencesThreads
严重: The web application [/cas-server] appears to have started a thread named [scheduler_Worker-3] but has failed to stop it. This is very likely to create a memory leak.
十二月 27, 2016 12:11:43 下午 org.apache.catalina.loader.WebappClassLoader clearReferencesThreads
严重: The web application [/cas-server] appears to have started a thread named [scheduler_Worker-4] but has failed to stop it. This is very likely to create a memory leak.
十二月 27, 2016 12:11:43 下午 org.apache.catalina.loader.WebappClassLoader clearReferencesThreads
严重: The web application [/cas-server] appears to have started a thread named [scheduler_Worker-5] but has failed to stop it. This is very likely to create a memory leak.
十二月 27, 2016 12:11:43 下午 org.apache.catalina.loader.WebappClassLoader clearReferencesThreads
严重: The web application [/cas-server] appears to have started a thread named [scheduler_Worker-6] but has failed to stop it. This is very likely to create a memory leak.
十二月 27, 2016 12:11:43 下午 org.apache.catalina.loader.WebappClassLoader clearReferencesThreads
严重: The web application [/cas-server] appears to have started a thread named [scheduler_Worker-7] but has failed to stop it. This is very likely to create a memory leak.
十二月 27, 2016 12:11:43 下午 org.apache.catalina.loader.WebappClassLoader clearReferencesThreads
严重: The web application [/cas-server] appears to have started a thread named [scheduler_Worker-8] but has failed to stop it. This is very likely to create a memory leak.
十二月 27, 2016 12:11:43 下午 org.apache.catalina.loader.WebappClassLoader clearReferencesThreads
严重: The web application [/cas-server] appears to have started a thread named [scheduler_Worker-9] but has failed to stop it. This is very likely to create a memory leak.
十二月 27, 2016 12:11:43 下午 org.apache.catalina.loader.WebappClassLoader clearReferencesThreads
严重: The web application [/cas-server] appears to have started a thread named [scheduler_Worker-10] but has failed to stop it. This is very likely to create a memory leak.
十二月 27, 2016 12:11:43 下午 org.apache.catalina.loader.WebappClassLoader clearReferencesThreads
严重: The web application [/cas-server] appears to have started a thread named [pool-1-thread-1] but has failed to stop it. This is very likely to create a memory leak.
十二月 27, 2016 12:11:43 下午 org.apache.catalina.loader.WebappClassLoader clearReferencesThreads
严重: The web application [/cas-server] appears to have started a thread named [pool-1-thread-2] but has failed to stop it. This is very likely to create a memory leak.
十二月 27, 2016 12:11:43 下午 org.apache.catalina.loader.WebappClassLoader clearReferencesThreads
严重: The web application [/cas-server] appears to have started a thread named [pool-1-thread-3] but has failed to stop it. This is very likely to create a memory leak.
十二月 27, 2016 12:11:43 下午 org.apache.catalina.loader.WebappClassLoader clearReferencesThreads
严重: The web application [/cas-server] appears to have started a thread named [pool-1-thread-4] but has failed to stop it. This is very likely to create a memory leak.
十二月 27, 2016 12:11:43 下午 org.apache.catalina.loader.WebappClassLoader clearReferencesThreads
严重: The web application [/cas-server] appears to have started a thread named [pool-1-thread-5] but has failed to stop it. This is very likely to create a memory leak.
十二月 27, 2016 12:11:43 下午 org.apache.catalina.loader.WebappClassLoader clearReferencesThreads
严重: The web application [/cas-server] appears to have started a thread named [scheduler_QuartzSchedulerThread] but has failed to stop it. This is very likely to create a memory leak.
十二月 27, 2016 12:11:43 下午 org.apache.catalina.loader.WebappClassLoader checkThreadLocalMapForLeaks
严重: The web application [/cas-server] created a ThreadLocal with key of type [java.lang.ThreadLocal] (value [java.lang.ThreadLocal@5f3f9317]) and a value of type [org.springframework.security.core.context.SecurityContextImpl] (value [org.springframework.security.core.context.SecurityContextImpl@ffffffff: Null authentication]) but failed to remove it when the web application was stopped. Threads are going to be renewed over time to try and avoid a probable memory leak.
十二月 27, 2016 12:11:43 下午 org.apache.catalina.loader.WebappClassLoader checkThreadLocalMapForLeaks
严重: The web application [/cas-server] created a ThreadLocal with key of type [java.lang.ThreadLocal] (value [java.lang.ThreadLocal@5f3f9317]) and a value of type [org.springframework.security.core.context.SecurityContextImpl] (value [org.springframework.security.core.context.SecurityContextImpl@ffffffff: Null authentication]) but failed to remove it when the web application was stopped. Threads are going to be renewed over time to try and avoid a probable memory leak.
十二月 27, 2016 12:11:48 下午 org.apache.catalina.core.StandardServer await
信息: A valid shutdown command was received via the shutdown port. Stopping the Server instance.
十二月 27, 2016 12:11:48 下午 org.apache.coyote.AbstractProtocol pause
信息: Pausing ProtocolHandler ["http-bio-8086"]
十二月 27, 2016 12:11:48 下午 org.apache.coyote.AbstractProtocol pause
信息: Pausing ProtocolHandler ["ajp-bio-8011"]
十二月 27, 2016 12:11:48 下午 org.apache.catalina.core.StandardService stopInternal
信息: Stopping service Catalina
十二月 27, 2016 12:11:48 下午 org.apache.catalina.core.ApplicationContext log
信息: SessionListener: contextDestroyed()
十二月 27, 2016 12:11:48 下午 org.apache.catalina.core.ApplicationContext log
信息: ContextListener: contextDestroyed()
十二月 27, 2016 12:11:48 下午 org.apache.coyote.AbstractProtocol stop
信息: Stopping ProtocolHandler ["http-bio-8086"]
十二月 27, 2016 12:11:48 下午 org.apache.coyote.AbstractProtocol stop
信息: Stopping ProtocolHandler ["ajp-bio-8011"]
十二月 27, 2016 12:11:48 下午 org.apache.coyote.AbstractProtocol destroy
信息: Destroying ProtocolHandler ["http-bio-8086"]
十二月 27, 2016 12:11:48 下午 org.apache.coyote.AbstractProtocol destroy
信息: Destroying ProtocolHandler ["ajp-bio-8011"]
十二月 27, 2016 12:12:15 下午 org.apache.catalina.startup.VersionLoggerListener log
信息: Server version:        Apache Tomcat/7.0.57
十二月 27, 2016 12:12:15 下午 org.apache.catalina.startup.VersionLoggerListener log
信息: Server built:          Nov 3 2014 08:39:16 UTC
十二月 27, 2016 12:12:15 下午 org.apache.catalina.startup.VersionLoggerListener log
信息: Server number:         7.0.57.0
十二月 27, 2016 12:12:15 下午 org.apache.catalina.startup.VersionLoggerListener log
信息: OS Name:               Linux
十二月 27, 2016 12:12:15 下午 org.apache.catalina.startup.VersionLoggerListener log
信息: OS Version:            2.6.32-358.el6.x86_64
十二月 27, 2016 12:12:15 下午 org.apache.catalina.startup.VersionLoggerListener log
信息: Architecture:          amd64
十二月 27, 2016 12:12:15 下午 org.apache.catalina.startup.VersionLoggerListener log
信息: JAVA_HOME:             /usr/local/jdk1.7.0_67/jre
十二月 27, 2016 12:12:15 下午 org.apache.catalina.startup.VersionLoggerListener log
信息: JVM Version:           1.7.0_67-b01
十二月 27, 2016 12:12:15 下午 org.apache.catalina.startup.VersionLoggerListener log
信息: JVM Vendor:            Oracle Corporation
十二月 27, 2016 12:12:15 下午 org.apache.catalina.startup.VersionLoggerListener log
信息: CATALINA_BASE:         /root/zhongwu/apache-tomcat-7.0.57
十二月 27, 2016 12:12:15 下午 org.apache.catalina.startup.VersionLoggerListener log
信息: CATALINA_HOME:         /root/zhongwu/apache-tomcat-7.0.57
十二月 27, 2016 12:12:15 下午 org.apache.catalina.startup.VersionLoggerListener log
信息: Command line argument: -Djava.util.logging.config.file=/root/zhongwu/apache-tomcat-7.0.57/conf/logging.properties
十二月 27, 2016 12:12:15 下午 org.apache.catalina.startup.VersionLoggerListener log
信息: Command line argument: -Djava.util.logging.manager=org.apache.juli.ClassLoaderLogManager
十二月 27, 2016 12:12:15 下午 org.apache.catalina.startup.VersionLoggerListener log
信息: Command line argument: -Djava.endorsed.dirs=/root/zhongwu/apache-tomcat-7.0.57/endorsed
十二月 27, 2016 12:12:15 下午 org.apache.catalina.startup.VersionLoggerListener log
信息: Command line argument: -Dcatalina.base=/root/zhongwu/apache-tomcat-7.0.57
十二月 27, 2016 12:12:15 下午 org.apache.catalina.startup.VersionLoggerListener log
信息: Command line argument: -Dcatalina.home=/root/zhongwu/apache-tomcat-7.0.57
十二月 27, 2016 12:12:15 下午 org.apache.catalina.startup.VersionLoggerListener log
信息: Command line argument: -Djava.io.tmpdir=/root/zhongwu/apache-tomcat-7.0.57/temp
十二月 27, 2016 12:12:15 下午 org.apache.catalina.core.AprLifecycleListener lifecycleEvent
信息: The APR based Apache Tomcat Native library which allows optimal performance in production environments was not found on the java.library.path: /usr/java/packages/lib/amd64:/usr/lib64:/lib64:/lib:/usr/lib
十二月 27, 2016 12:12:16 下午 org.apache.coyote.AbstractProtocol init
信息: Initializing ProtocolHandler ["http-bio-8086"]
十二月 27, 2016 12:12:16 下午 org.apache.coyote.AbstractProtocol init
信息: Initializing ProtocolHandler ["ajp-bio-8011"]
十二月 27, 2016 12:12:16 下午 org.apache.catalina.startup.Catalina load
信息: Initialization processed in 1101 ms
十二月 27, 2016 12:12:16 下午 org.apache.catalina.core.StandardService startInternal
信息: Starting service Catalina
十二月 27, 2016 12:12:16 下午 org.apache.catalina.core.StandardEngine startInternal
信息: Starting Servlet Engine: Apache Tomcat/7.0.57
十二月 27, 2016 12:12:16 下午 org.apache.catalina.startup.HostConfig deployWAR
信息: Deploying web application archive /root/zhongwu/apache-tomcat-7.0.57/webapps/cas-server.war
十二月 27, 2016 12:12:19 下午 org.apache.catalina.core.ApplicationContext log
信息: No Spring WebApplicationInitializer types detected on classpath
十二月 27, 2016 12:12:19 下午 org.apache.catalina.core.ApplicationContext log
信息: Initializing Spring root WebApplicationContext
十二月 27, 2016 12:12:24 下午 org.apache.catalina.core.ApplicationContext log
信息: Initializing Spring FrameworkServlet 'cas'
十二月 27, 2016 12:12:24 下午 org.apache.catalina.startup.HostConfig deployWAR
信息: Deployment of web application archive /root/zhongwu/apache-tomcat-7.0.57/webapps/cas-server.war has finished in 8,522 ms
十二月 27, 2016 12:12:24 下午 org.apache.catalina.startup.HostConfig deployWAR
信息: Deploying web application archive /root/zhongwu/apache-tomcat-7.0.57/webapps/ProjectA.war
十二月 27, 2016 12:12:24 下午 org.apache.catalina.loader.WebappClassLoader validateJarFile
信息: validateJarFile(/root/zhongwu/apache-tomcat-7.0.57/webapps/ProjectA/WEB-INF/lib/servlet-api.jar) - jar not loaded. See Servlet Spec 3.0, section 10.7.2. Offending class: javax/servlet/Servlet.class
十二月 27, 2016 12:12:26 下午 org.apache.catalina.core.ApplicationContext log
信息: No Spring WebApplicationInitializer types detected on classpath
十二月 27, 2016 12:12:26 下午 org.apache.catalina.startup.HostConfig deployWAR
信息: Deployment of web application archive /root/zhongwu/apache-tomcat-7.0.57/webapps/ProjectA.war has finished in 1,709 ms
十二月 27, 2016 12:12:26 下午 org.apache.catalina.startup.HostConfig deployDirectory
信息: Deploying web application directory /root/zhongwu/apache-tomcat-7.0.57/webapps/host-manager
十二月 27, 2016 12:12:26 下午 org.apache.catalina.startup.HostConfig deployDirectory
信息: Deployment of web application directory /root/zhongwu/apache-tomcat-7.0.57/webapps/host-manager has finished in 57 ms
十二月 27, 2016 12:12:26 下午 org.apache.catalina.startup.HostConfig deployDirectory
信息: Deploying web application directory /root/zhongwu/apache-tomcat-7.0.57/webapps/docs
十二月 27, 2016 12:12:26 下午 org.apache.catalina.startup.HostConfig deployDirectory
信息: Deployment of web application directory /root/zhongwu/apache-tomcat-7.0.57/webapps/docs has finished in 45 ms
十二月 27, 2016 12:12:26 下午 org.apache.catalina.startup.HostConfig deployDirectory
信息: Deploying web application directory /root/zhongwu/apache-tomcat-7.0.57/webapps/manager
十二月 27, 2016 12:12:26 下午 org.apache.catalina.startup.HostConfig deployDirectory
信息: Deployment of web application directory /root/zhongwu/apache-tomcat-7.0.57/webapps/manager has finished in 53 ms
十二月 27, 2016 12:12:26 下午 org.apache.catalina.startup.HostConfig deployDirectory
信息: Deploying web application directory /root/zhongwu/apache-tomcat-7.0.57/webapps/ROOT
十二月 27, 2016 12:12:26 下午 org.apache.catalina.startup.HostConfig deployDirectory
信息: Deployment of web application directory /root/zhongwu/apache-tomcat-7.0.57/webapps/ROOT has finished in 42 ms
十二月 27, 2016 12:12:26 下午 org.apache.catalina.startup.HostConfig deployDirectory
信息: Deploying web application directory /root/zhongwu/apache-tomcat-7.0.57/webapps/examples
十二月 27, 2016 12:12:26 下午 org.apache.catalina.core.ApplicationContext log
信息: ContextListener: contextInitialized()
十二月 27, 2016 12:12:26 下午 org.apache.catalina.core.ApplicationContext log
信息: SessionListener: contextInitialized()
十二月 27, 2016 12:12:26 下午 org.apache.catalina.core.ApplicationContext log
信息: ContextListener: attributeAdded('org.apache.jasper.compiler.TldLocationsCache', 'org.apache.jasper.compiler.TldLocationsCache@38168860')
十二月 27, 2016 12:12:26 下午 org.apache.catalina.startup.HostConfig deployDirectory
信息: Deployment of web application directory /root/zhongwu/apache-tomcat-7.0.57/webapps/examples has finished in 230 ms
十二月 27, 2016 12:12:26 下午 org.apache.coyote.AbstractProtocol start
信息: Starting ProtocolHandler ["http-bio-8086"]
十二月 27, 2016 12:12:26 下午 org.apache.coyote.AbstractProtocol start
信息: Starting ProtocolHandler ["ajp-bio-8011"]
十二月 27, 2016 12:12:26 下午 org.apache.catalina.startup.Catalina start
信息: Server startup in 10805 ms
十二月 27, 2016 1:40:12 下午 org.apache.catalina.core.StandardServer await
信息: A valid shutdown command was received via the shutdown port. Stopping the Server instance.
十二月 27, 2016 1:40:12 下午 org.apache.coyote.AbstractProtocol pause
信息: Pausing ProtocolHandler ["http-bio-8086"]
十二月 27, 2016 1:40:12 下午 org.apache.coyote.AbstractProtocol pause
信息: Pausing ProtocolHandler ["ajp-bio-8011"]
十二月 27, 2016 1:40:12 下午 org.apache.catalina.core.StandardService stopInternal
信息: Stopping service Catalina
十二月 27, 2016 1:40:12 下午 org.apache.catalina.core.ApplicationContext log
信息: SessionListener: contextDestroyed()
十二月 27, 2016 1:40:12 下午 org.apache.catalina.core.ApplicationContext log
信息: ContextListener: contextDestroyed()
十二月 27, 2016 1:40:12 下午 org.apache.catalina.core.ApplicationContext log
信息: Closing Spring root WebApplicationContext
十二月 27, 2016 1:40:12 下午 org.apache.catalina.loader.WebappClassLoader clearReferencesThreads
严重: The web application [/cas-server] appears to have started a thread named [perf4j-async-stats-appender-sink-CoalescingStatistics] but has failed to stop it. This is very likely to create a memory leak.
十二月 27, 2016 1:40:12 下午 org.apache.catalina.loader.WebappClassLoader clearReferencesThreads
严重: The web application [/cas-server] appears to have started a thread named [Thread-2] but has failed to stop it. This is very likely to create a memory leak.
十二月 27, 2016 1:40:12 下午 org.apache.catalina.loader.WebappClassLoader clearReferencesThreads
严重: The web application [/cas-server] appears to have started a thread named [scheduler_Worker-1] but has failed to stop it. This is very likely to create a memory leak.
十二月 27, 2016 1:40:12 下午 org.apache.catalina.loader.WebappClassLoader clearReferencesThreads
严重: The web application [/cas-server] appears to have started a thread named [scheduler_Worker-2] but has failed to stop it. This is very likely to create a memory leak.
十二月 27, 2016 1:40:12 下午 org.apache.catalina.loader.WebappClassLoader clearReferencesThreads
严重: The web application [/cas-server] appears to have started a thread named [scheduler_Worker-3] but has failed to stop it. This is very likely to create a memory leak.
十二月 27, 2016 1:40:12 下午 org.apache.catalina.loader.WebappClassLoader clearReferencesThreads
严重: The web application [/cas-server] appears to have started a thread named [scheduler_Worker-4] but has failed to stop it. This is very likely to create a memory leak.
十二月 27, 2016 1:40:12 下午 org.apache.catalina.loader.WebappClassLoader clearReferencesThreads
严重: The web application [/cas-server] appears to have started a thread named [scheduler_Worker-5] but has failed to stop it. This is very likely to create a memory leak.
十二月 27, 2016 1:40:12 下午 org.apache.catalina.loader.WebappClassLoader clearReferencesThreads
严重: The web application [/cas-server] appears to have started a thread named [scheduler_Worker-6] but has failed to stop it. This is very likely to create a memory leak.
十二月 27, 2016 1:40:12 下午 org.apache.catalina.loader.WebappClassLoader clearReferencesThreads
严重: The web application [/cas-server] appears to have started a thread named [scheduler_Worker-7] but has failed to stop it. This is very likely to create a memory leak.
十二月 27, 2016 1:40:12 下午 org.apache.catalina.loader.WebappClassLoader clearReferencesThreads
严重: The web application [/cas-server] appears to have started a thread named [scheduler_Worker-8] but has failed to stop it. This is very likely to create a memory leak.
十二月 27, 2016 1:40:12 下午 org.apache.catalina.loader.WebappClassLoader clearReferencesThreads
严重: The web application [/cas-server] appears to have started a thread named [scheduler_Worker-9] but has failed to stop it. This is very likely to create a memory leak.
十二月 27, 2016 1:40:12 下午 org.apache.coyote.AbstractProtocol stop
信息: Stopping ProtocolHandler ["http-bio-8086"]
十二月 27, 2016 1:40:12 下午 org.apache.coyote.AbstractProtocol stop
信息: Stopping ProtocolHandler ["ajp-bio-8011"]
十二月 27, 2016 1:40:12 下午 org.apache.coyote.AbstractProtocol destroy
信息: Destroying ProtocolHandler ["http-bio-8086"]
十二月 27, 2016 1:40:12 下午 org.apache.coyote.AbstractProtocol destroy
信息: Destroying ProtocolHandler ["ajp-bio-8011"]
十二月 27, 2016 1:40:16 下午 org.apache.catalina.startup.VersionLoggerListener log
信息: Server version:        Apache Tomcat/7.0.57
十二月 27, 2016 1:40:16 下午 org.apache.catalina.startup.VersionLoggerListener log
信息: Server built:          Nov 3 2014 08:39:16 UTC
十二月 27, 2016 1:40:16 下午 org.apache.catalina.startup.VersionLoggerListener log
信息: Server number:         7.0.57.0
十二月 27, 2016 1:40:16 下午 org.apache.catalina.startup.VersionLoggerListener log
信息: OS Name:               Linux
十二月 27, 2016 1:40:16 下午 org.apache.catalina.startup.VersionLoggerListener log
信息: OS Version:            2.6.32-358.el6.x86_64
十二月 27, 2016 1:40:16 下午 org.apache.catalina.startup.VersionLoggerListener log
信息: Architecture:          amd64
十二月 27, 2016 1:40:16 下午 org.apache.catalina.startup.VersionLoggerListener log
信息: JAVA_HOME:             /usr/local/jdk1.7.0_67/jre
十二月 27, 2016 1:40:16 下午 org.apache.catalina.startup.VersionLoggerListener log
信息: JVM Version:           1.7.0_67-b01
十二月 27, 2016 1:40:16 下午 org.apache.catalina.startup.VersionLoggerListener log
信息: JVM Vendor:            Oracle Corporation
十二月 27, 2016 1:40:16 下午 org.apache.catalina.startup.VersionLoggerListener log
信息: CATALINA_BASE:         /root/zhongwu/apache-tomcat-7.0.57
十二月 27, 2016 1:40:16 下午 org.apache.catalina.startup.VersionLoggerListener log
信息: CATALINA_HOME:         /root/zhongwu/apache-tomcat-7.0.57
十二月 27, 2016 1:40:16 下午 org.apache.catalina.startup.VersionLoggerListener log
信息: Command line argument: -Djava.util.logging.config.file=/root/zhongwu/apache-tomcat-7.0.57/conf/logging.properties
十二月 27, 2016 1:40:16 下午 org.apache.catalina.startup.VersionLoggerListener log
信息: Command line argument: -Djava.util.logging.manager=org.apache.juli.ClassLoaderLogManager
十二月 27, 2016 1:40:16 下午 org.apache.catalina.startup.VersionLoggerListener log
信息: Command line argument: -Djava.endorsed.dirs=/root/zhongwu/apache-tomcat-7.0.57/endorsed
十二月 27, 2016 1:40:16 下午 org.apache.catalina.startup.VersionLoggerListener log
信息: Command line argument: -Dcatalina.base=/root/zhongwu/apache-tomcat-7.0.57
十二月 27, 2016 1:40:16 下午 org.apache.catalina.startup.VersionLoggerListener log
信息: Command line argument: -Dcatalina.home=/root/zhongwu/apache-tomcat-7.0.57
十二月 27, 2016 1:40:16 下午 org.apache.catalina.startup.VersionLoggerListener log
信息: Command line argument: -Djava.io.tmpdir=/root/zhongwu/apache-tomcat-7.0.57/temp
十二月 27, 2016 1:40:16 下午 org.apache.catalina.core.AprLifecycleListener lifecycleEvent
信息: The APR based Apache Tomcat Native library which allows optimal performance in production environments was not found on the java.library.path: /usr/java/packages/lib/amd64:/usr/lib64:/lib64:/lib:/usr/lib
十二月 27, 2016 1:40:16 下午 org.apache.coyote.AbstractProtocol init
信息: Initializing ProtocolHandler ["http-bio-8086"]
十二月 27, 2016 1:40:16 下午 org.apache.coyote.AbstractProtocol init
信息: Initializing ProtocolHandler ["ajp-bio-8011"]
十二月 27, 2016 1:40:16 下午 org.apache.catalina.startup.Catalina load
信息: Initialization processed in 1040 ms
十二月 27, 2016 1:40:16 下午 org.apache.catalina.core.StandardService startInternal
信息: Starting service Catalina
十二月 27, 2016 1:40:16 下午 org.apache.catalina.core.StandardEngine startInternal
信息: Starting Servlet Engine: Apache Tomcat/7.0.57
十二月 27, 2016 1:40:17 下午 org.apache.catalina.startup.HostConfig deployWAR
信息: Deploying web application archive /root/zhongwu/apache-tomcat-7.0.57/webapps/cas-server.war
十二月 27, 2016 1:40:20 下午 org.apache.catalina.core.ApplicationContext log
信息: No Spring WebApplicationInitializer types detected on classpath
十二月 27, 2016 1:40:20 下午 org.apache.catalina.core.ApplicationContext log
信息: Initializing Spring root WebApplicationContext
十二月 27, 2016 1:40:25 下午 org.apache.catalina.core.ApplicationContext log
信息: Initializing Spring FrameworkServlet 'cas'
十二月 27, 2016 1:40:25 下午 org.apache.catalina.startup.HostConfig deployWAR
信息: Deployment of web application archive /root/zhongwu/apache-tomcat-7.0.57/webapps/cas-server.war has finished in 8,964 ms
十二月 27, 2016 1:40:25 下午 org.apache.catalina.startup.HostConfig deployWAR
信息: Deploying web application archive /root/zhongwu/apache-tomcat-7.0.57/webapps/ProjectA.war
十二月 27, 2016 1:40:26 下午 org.apache.catalina.loader.WebappClassLoader validateJarFile
信息: validateJarFile(/root/zhongwu/apache-tomcat-7.0.57/webapps/ProjectA/WEB-INF/lib/servlet-api.jar) - jar not loaded. See Servlet Spec 3.0, section 10.7.2. Offending class: javax/servlet/Servlet.class
十二月 27, 2016 1:40:28 下午 org.apache.catalina.core.ApplicationContext log
信息: No Spring WebApplicationInitializer types detected on classpath
十二月 27, 2016 1:40:28 下午 org.apache.catalina.startup.HostConfig deployWAR
信息: Deployment of web application archive /root/zhongwu/apache-tomcat-7.0.57/webapps/ProjectA.war has finished in 2,090 ms
十二月 27, 2016 1:40:28 下午 org.apache.catalina.startup.HostConfig deployDirectory
信息: Deploying web application directory /root/zhongwu/apache-tomcat-7.0.57/webapps/host-manager
十二月 27, 2016 1:40:28 下午 org.apache.catalina.startup.HostConfig deployDirectory
信息: Deployment of web application directory /root/zhongwu/apache-tomcat-7.0.57/webapps/host-manager has finished in 58 ms
十二月 27, 2016 1:40:28 下午 org.apache.catalina.startup.HostConfig deployDirectory
信息: Deploying web application directory /root/zhongwu/apache-tomcat-7.0.57/webapps/docs
十二月 27, 2016 1:40:28 下午 org.apache.catalina.startup.HostConfig deployDirectory
信息: Deployment of web application directory /root/zhongwu/apache-tomcat-7.0.57/webapps/docs has finished in 45 ms
十二月 27, 2016 1:40:28 下午 org.apache.catalina.startup.HostConfig deployDirectory
信息: Deploying web application directory /root/zhongwu/apache-tomcat-7.0.57/webapps/manager
十二月 27, 2016 1:40:28 下午 org.apache.catalina.startup.HostConfig deployDirectory
信息: Deployment of web application directory /root/zhongwu/apache-tomcat-7.0.57/webapps/manager has finished in 53 ms
十二月 27, 2016 1:40:28 下午 org.apache.catalina.startup.HostConfig deployDirectory
信息: Deploying web application directory /root/zhongwu/apache-tomcat-7.0.57/webapps/ROOT
十二月 27, 2016 1:40:28 下午 org.apache.catalina.startup.HostConfig deployDirectory
信息: Deployment of web application directory /root/zhongwu/apache-tomcat-7.0.57/webapps/ROOT has finished in 42 ms
十二月 27, 2016 1:40:28 下午 org.apache.catalina.startup.HostConfig deployDirectory
信息: Deploying web application directory /root/zhongwu/apache-tomcat-7.0.57/webapps/examples
十二月 27, 2016 1:40:28 下午 org.apache.catalina.core.ApplicationContext log
信息: ContextListener: contextInitialized()
十二月 27, 2016 1:40:28 下午 org.apache.catalina.core.ApplicationContext log
信息: SessionListener: contextInitialized()
十二月 27, 2016 1:40:28 下午 org.apache.catalina.core.ApplicationContext log
信息: ContextListener: attributeAdded('org.apache.jasper.compiler.TldLocationsCache', 'org.apache.jasper.compiler.TldLocationsCache@2a561c8d')
十二月 27, 2016 1:40:28 下午 org.apache.catalina.startup.HostConfig deployDirectory
信息: Deployment of web application directory /root/zhongwu/apache-tomcat-7.0.57/webapps/examples has finished in 239 ms
十二月 27, 2016 1:40:28 下午 org.apache.coyote.AbstractProtocol start
信息: Starting ProtocolHandler ["http-bio-8086"]
十二月 27, 2016 1:40:28 下午 org.apache.coyote.AbstractProtocol start
信息: Starting ProtocolHandler ["ajp-bio-8011"]
十二月 27, 2016 1:40:28 下午 org.apache.catalina.startup.Catalina start
信息: Server startup in 11631 ms
十二月 27, 2016 3:09:20 下午 org.apache.jasper.compiler.TldLocationsCache tldScanJar
信息: At least one JAR was scanned for TLDs yet contained no TLDs. Enable debug logging for this logger for a complete list of JARs that were scanned but no TLDs were found in them. Skipping unneeded JARs during scanning can improve startup time and JSP compilation time.
十二月 27, 2016 3:14:13 下午 org.apache.catalina.core.StandardServer await
信息: A valid shutdown command was received via the shutdown port. Stopping the Server instance.
十二月 27, 2016 3:14:13 下午 org.apache.coyote.AbstractProtocol pause
信息: Pausing ProtocolHandler ["http-bio-8086"]
十二月 27, 2016 3:14:13 下午 org.apache.coyote.AbstractProtocol pause
信息: Pausing ProtocolHandler ["ajp-bio-8011"]
十二月 27, 2016 3:14:13 下午 org.apache.catalina.core.StandardService stopInternal
信息: Stopping service Catalina
十二月 27, 2016 3:14:13 下午 org.apache.catalina.core.ApplicationContext log
信息: SessionListener: contextDestroyed()
十二月 27, 2016 3:14:13 下午 org.apache.catalina.core.ApplicationContext log
信息: ContextListener: contextDestroyed()
十二月 27, 2016 3:14:14 下午 org.apache.catalina.core.ApplicationContext log
信息: Closing Spring root WebApplicationContext
十二月 27, 2016 3:14:14 下午 org.apache.catalina.loader.WebappClassLoader clearReferencesThreads
严重: The web application [/cas-server] appears to have started a thread named [perf4j-async-stats-appender-sink-CoalescingStatistics] but has failed to stop it. This is very likely to create a memory leak.
十二月 27, 2016 3:14:14 下午 org.apache.catalina.loader.WebappClassLoader clearReferencesThreads
严重: The web application [/cas-server] appears to have started a thread named [Thread-2] but has failed to stop it. This is very likely to create a memory leak.
十二月 27, 2016 3:14:14 下午 org.apache.catalina.loader.WebappClassLoader clearReferencesThreads
严重: The web application [/cas-server] appears to have started a thread named [scheduler_Worker-1] but has failed to stop it. This is very likely to create a memory leak.
十二月 27, 2016 3:14:14 下午 org.apache.catalina.loader.WebappClassLoader clearReferencesThreads
严重: The web application [/cas-server] appears to have started a thread named [scheduler_Worker-2] but has failed to stop it. This is very likely to create a memory leak.
十二月 27, 2016 3:14:14 下午 org.apache.catalina.loader.WebappClassLoader clearReferencesThreads
严重: The web application [/cas-server] appears to have started a thread named [scheduler_Worker-3] but has failed to stop it. This is very likely to create a memory leak.
十二月 27, 2016 3:14:14 下午 org.apache.catalina.loader.WebappClassLoader clearReferencesThreads
严重: The web application [/cas-server] appears to have started a thread named [scheduler_Worker-4] but has failed to stop it. This is very likely to create a memory leak.
十二月 27, 2016 3:14:14 下午 org.apache.catalina.loader.WebappClassLoader clearReferencesThreads
严重: The web application [/cas-server] appears to have started a thread named [scheduler_Worker-5] but has failed to stop it. This is very likely to create a memory leak.
十二月 27, 2016 3:14:14 下午 org.apache.catalina.loader.WebappClassLoader clearReferencesThreads
严重: The web application [/cas-server] appears to have started a thread named [scheduler_Worker-7] but has failed to stop it. This is very likely to create a memory leak.
十二月 27, 2016 3:14:14 下午 org.apache.catalina.loader.WebappClassLoader clearReferencesThreads
严重: The web application [/cas-server] appears to have started a thread named [scheduler_Worker-8] but has failed to stop it. This is very likely to create a memory leak.
十二月 27, 2016 3:14:14 下午 org.apache.catalina.loader.WebappClassLoader clearReferencesThreads
严重: The web application [/cas-server] appears to have started a thread named [scheduler_Worker-9] but has failed to stop it. This is very likely to create a memory leak.
十二月 27, 2016 3:14:14 下午 org.apache.catalina.loader.WebappClassLoader clearReferencesThreads
严重: The web application [/cas-server] appears to have started a thread named [scheduler_Worker-10] but has failed to stop it. This is very likely to create a memory leak.
十二月 27, 2016 3:14:14 下午 org.apache.coyote.AbstractProtocol stop
信息: Stopping ProtocolHandler ["http-bio-8086"]
十二月 27, 2016 3:14:14 下午 org.apache.coyote.AbstractProtocol stop
信息: Stopping ProtocolHandler ["ajp-bio-8011"]
十二月 27, 2016 3:14:14 下午 org.apache.coyote.AbstractProtocol destroy
信息: Destroying ProtocolHandler ["http-bio-8086"]
十二月 27, 2016 3:14:14 下午 org.apache.coyote.AbstractProtocol destroy
信息: Destroying ProtocolHandler ["ajp-bio-8011"]
十二月 27, 2016 3:14:18 下午 org.apache.catalina.startup.VersionLoggerListener log
信息: Server version:        Apache Tomcat/7.0.57
十二月 27, 2016 3:14:18 下午 org.apache.catalina.startup.VersionLoggerListener log
信息: Server built:          Nov 3 2014 08:39:16 UTC
十二月 27, 2016 3:14:18 下午 org.apache.catalina.startup.VersionLoggerListener log
信息: Server number:         7.0.57.0
十二月 27, 2016 3:14:18 下午 org.apache.catalina.startup.VersionLoggerListener log
信息: OS Name:               Linux
十二月 27, 2016 3:14:18 下午 org.apache.catalina.startup.VersionLoggerListener log
信息: OS Version:            2.6.32-358.el6.x86_64
十二月 27, 2016 3:14:18 下午 org.apache.catalina.startup.VersionLoggerListener log
信息: Architecture:          amd64
十二月 27, 2016 3:14:18 下午 org.apache.catalina.startup.VersionLoggerListener log
信息: JAVA_HOME:             /usr/local/jdk1.7.0_67/jre
十二月 27, 2016 3:14:18 下午 org.apache.catalina.startup.VersionLoggerListener log
信息: JVM Version:           1.7.0_67-b01
十二月 27, 2016 3:14:18 下午 org.apache.catalina.startup.VersionLoggerListener log
信息: JVM Vendor:            Oracle Corporation
十二月 27, 2016 3:14:18 下午 org.apache.catalina.startup.VersionLoggerListener log
信息: CATALINA_BASE:         /root/zhongwu/apache-tomcat-7.0.57
十二月 27, 2016 3:14:18 下午 org.apache.catalina.startup.VersionLoggerListener log
信息: CATALINA_HOME:         /root/zhongwu/apache-tomcat-7.0.57
十二月 27, 2016 3:14:18 下午 org.apache.catalina.startup.VersionLoggerListener log
信息: Command line argument: -Djava.util.logging.config.file=/root/zhongwu/apache-tomcat-7.0.57/conf/logging.properties
十二月 27, 2016 3:14:18 下午 org.apache.catalina.startup.VersionLoggerListener log
信息: Command line argument: -Djava.util.logging.manager=org.apache.juli.ClassLoaderLogManager
十二月 27, 2016 3:14:18 下午 org.apache.catalina.startup.VersionLoggerListener log
信息: Command line argument: -Djava.endorsed.dirs=/root/zhongwu/apache-tomcat-7.0.57/endorsed
十二月 27, 2016 3:14:18 下午 org.apache.catalina.startup.VersionLoggerListener log
信息: Command line argument: -Dcatalina.base=/root/zhongwu/apache-tomcat-7.0.57
十二月 27, 2016 3:14:18 下午 org.apache.catalina.startup.VersionLoggerListener log
信息: Command line argument: -Dcatalina.home=/root/zhongwu/apache-tomcat-7.0.57
十二月 27, 2016 3:14:18 下午 org.apache.catalina.startup.VersionLoggerListener log
信息: Command line argument: -Djava.io.tmpdir=/root/zhongwu/apache-tomcat-7.0.57/temp
十二月 27, 2016 3:14:18 下午 org.apache.catalina.core.AprLifecycleListener lifecycleEvent
信息: The APR based Apache Tomcat Native library which allows optimal performance in production environments was not found on the java.library.path: /usr/java/packages/lib/amd64:/usr/lib64:/lib64:/lib:/usr/lib
十二月 27, 2016 3:14:18 下午 org.apache.coyote.AbstractProtocol init
信息: Initializing ProtocolHandler ["http-bio-8086"]
十二月 27, 2016 3:14:18 下午 org.apache.coyote.AbstractProtocol init
信息: Initializing ProtocolHandler ["ajp-bio-8011"]
十二月 27, 2016 3:14:18 下午 org.apache.catalina.startup.Catalina load
信息: Initialization processed in 1125 ms
十二月 27, 2016 3:14:18 下午 org.apache.catalina.core.StandardService startInternal
信息: Starting service Catalina
十二月 27, 2016 3:14:18 下午 org.apache.catalina.core.StandardEngine startInternal
信息: Starting Servlet Engine: Apache Tomcat/7.0.57
十二月 27, 2016 3:14:18 下午 org.apache.catalina.startup.HostConfig deployWAR
信息: Deploying web application archive /root/zhongwu/apache-tomcat-7.0.57/webapps/cas-server.war
十二月 27, 2016 3:14:21 下午 org.apache.catalina.core.ApplicationContext log
信息: No Spring WebApplicationInitializer types detected on classpath
十二月 27, 2016 3:14:21 下午 org.apache.catalina.core.ApplicationContext log
信息: Initializing Spring root WebApplicationContext
十二月 27, 2016 3:14:26 下午 org.apache.catalina.core.ApplicationContext log
信息: Initializing Spring FrameworkServlet 'cas'
十二月 27, 2016 3:14:26 下午 org.apache.catalina.startup.HostConfig deployWAR
信息: Deployment of web application archive /root/zhongwu/apache-tomcat-7.0.57/webapps/cas-server.war has finished in 8,347 ms
十二月 27, 2016 3:14:26 下午 org.apache.catalina.startup.HostConfig deployWAR
信息: Deploying web application archive /root/zhongwu/apache-tomcat-7.0.57/webapps/ProjectA.war
十二月 27, 2016 3:14:26 下午 org.apache.catalina.loader.WebappClassLoader validateJarFile
信息: validateJarFile(/root/zhongwu/apache-tomcat-7.0.57/webapps/ProjectA/WEB-INF/lib/servlet-api.jar) - jar not loaded. See Servlet Spec 3.0, section 10.7.2. Offending class: javax/servlet/Servlet.class
十二月 27, 2016 3:14:29 下午 org.apache.catalina.core.ApplicationContext log
信息: No Spring WebApplicationInitializer types detected on classpath
十二月 27, 2016 3:14:29 下午 org.apache.catalina.startup.HostConfig deployWAR
信息: Deployment of web application archive /root/zhongwu/apache-tomcat-7.0.57/webapps/ProjectA.war has finished in 2,286 ms
十二月 27, 2016 3:14:29 下午 org.apache.catalina.startup.HostConfig deployDirectory
信息: Deploying web application directory /root/zhongwu/apache-tomcat-7.0.57/webapps/host-manager
十二月 27, 2016 3:14:29 下午 org.apache.catalina.startup.HostConfig deployDirectory
信息: Deployment of web application directory /root/zhongwu/apache-tomcat-7.0.57/webapps/host-manager has finished in 56 ms
十二月 27, 2016 3:14:29 下午 org.apache.catalina.startup.HostConfig deployDirectory
信息: Deploying web application directory /root/zhongwu/apache-tomcat-7.0.57/webapps/docs
十二月 27, 2016 3:14:29 下午 org.apache.catalina.startup.HostConfig deployDirectory
信息: Deployment of web application directory /root/zhongwu/apache-tomcat-7.0.57/webapps/docs has finished in 43 ms
十二月 27, 2016 3:14:29 下午 org.apache.catalina.startup.HostConfig deployDirectory
信息: Deploying web application directory /root/zhongwu/apache-tomcat-7.0.57/webapps/manager
十二月 27, 2016 3:14:29 下午 org.apache.catalina.startup.HostConfig deployDirectory
信息: Deployment of web application directory /root/zhongwu/apache-tomcat-7.0.57/webapps/manager has finished in 52 ms
十二月 27, 2016 3:14:29 下午 org.apache.catalina.startup.HostConfig deployDirectory
信息: Deploying web application directory /root/zhongwu/apache-tomcat-7.0.57/webapps/ROOT
十二月 27, 2016 3:14:29 下午 org.apache.catalina.startup.HostConfig deployDirectory
信息: Deployment of web application directory /root/zhongwu/apache-tomcat-7.0.57/webapps/ROOT has finished in 42 ms
十二月 27, 2016 3:14:29 下午 org.apache.catalina.startup.HostConfig deployDirectory
信息: Deploying web application directory /root/zhongwu/apache-tomcat-7.0.57/webapps/examples
十二月 27, 2016 3:14:29 下午 org.apache.catalina.core.ApplicationContext log
信息: ContextListener: contextInitialized()
十二月 27, 2016 3:14:29 下午 org.apache.catalina.core.ApplicationContext log
信息: SessionListener: contextInitialized()
十二月 27, 2016 3:14:29 下午 org.apache.catalina.core.ApplicationContext log
信息: ContextListener: attributeAdded('org.apache.jasper.compiler.TldLocationsCache', 'org.apache.jasper.compiler.TldLocationsCache@21e6fc98')
十二月 27, 2016 3:14:29 下午 org.apache.catalina.startup.HostConfig deployDirectory
信息: Deployment of web application directory /root/zhongwu/apache-tomcat-7.0.57/webapps/examples has finished in 236 ms
十二月 27, 2016 3:14:29 下午 org.apache.coyote.AbstractProtocol start
信息: Starting ProtocolHandler ["http-bio-8086"]
十二月 27, 2016 3:14:29 下午 org.apache.coyote.AbstractProtocol start
信息: Starting ProtocolHandler ["ajp-bio-8011"]
十二月 27, 2016 3:14:29 下午 org.apache.catalina.startup.Catalina start
信息: Server startup in 11228 ms
十二月 27, 2016 4:05:13 下午 org.apache.catalina.core.StandardWrapperValve invoke
严重: Servlet.service() for servlet [cas] in context with path [/cas-server] threw exception [Request processing failed; nested exception is org.springframework.webflow.execution.repository.BadlyFormattedFlowExecutionKeyException: Badly formatted flow execution key '[Ljava.lang.String;@70103dac', the expected format is 'e<executionId>s<snapshotId>'] with root cause
org.springframework.webflow.execution.repository.BadlyFormattedFlowExecutionKeyException: Badly formatted flow execution key '[Ljava.lang.String;@70103dac', the expected format is 'e<executionId>s<snapshotId>'
	at org.springframework.webflow.execution.repository.support.CompositeFlowExecutionKey.keyParts(CompositeFlowExecutionKey.java:105)
	at org.springframework.webflow.execution.repository.support.AbstractFlowExecutionRepository.parseFlowExecutionKey(AbstractFlowExecutionRepository.java:118)
	at org.springframework.webflow.executor.FlowExecutorImpl.resumeExecution(FlowExecutorImpl.java:164)
	at org.springframework.webflow.mvc.servlet.FlowHandlerAdapter.handle(FlowHandlerAdapter.java:183)
	at org.springframework.web.servlet.DispatcherServlet.doDispatch(DispatcherServlet.java:923)
	at org.springframework.web.servlet.DispatcherServlet.doService(DispatcherServlet.java:852)
	at org.springframework.web.servlet.FrameworkServlet.processRequest(FrameworkServlet.java:882)
	at org.springframework.web.servlet.FrameworkServlet.doGet(FrameworkServlet.java:778)
	at javax.servlet.http.HttpServlet.service(HttpServlet.java:620)
	at javax.servlet.http.HttpServlet.service(HttpServlet.java:727)
	at org.jasig.cas.web.init.SafeDispatcherServlet.service_aroundBody2(SafeDispatcherServlet.java:128)
	at org.jasig.cas.web.init.SafeDispatcherServlet.service_aroundBody3$advice(SafeDispatcherServlet.java:57)
	at org.jasig.cas.web.init.SafeDispatcherServlet.service(SafeDispatcherServlet.java:1)
	at org.apache.catalina.core.ApplicationFilterChain.internalDoFilter(ApplicationFilterChain.java:303)
	at org.apache.catalina.core.ApplicationFilterChain.doFilter(ApplicationFilterChain.java:208)
	at org.apache.tomcat.websocket.server.WsFilter.doFilter(WsFilter.java:52)
	at org.apache.catalina.core.ApplicationFilterChain.internalDoFilter(ApplicationFilterChain.java:241)
	at org.apache.catalina.core.ApplicationFilterChain.doFilter(ApplicationFilterChain.java:208)
	at org.springframework.web.filter.CharacterEncodingFilter.doFilterInternal(CharacterEncodingFilter.java:88)
	at org.springframework.web.filter.OncePerRequestFilter.doFilter(OncePerRequestFilter.java:76)
	at org.springframework.web.filter.DelegatingFilterProxy.invokeDelegate(DelegatingFilterProxy.java:346)
	at org.springframework.web.filter.DelegatingFilterProxy.doFilter(DelegatingFilterProxy.java:259)
	at org.apache.catalina.core.ApplicationFilterChain.internalDoFilter(ApplicationFilterChain.java:241)
	at org.apache.catalina.core.ApplicationFilterChain.doFilter(ApplicationFilterChain.java:208)
	at com.github.inspektr.common.web.ClientInfoThreadLocalFilter.doFilter(ClientInfoThreadLocalFilter.java:63)
	at org.apache.catalina.core.ApplicationFilterChain.internalDoFilter(ApplicationFilterChain.java:241)
	at org.apache.catalina.core.ApplicationFilterChain.doFilter(ApplicationFilterChain.java:208)
	at org.apache.catalina.core.StandardWrapperValve.invoke(StandardWrapperValve.java:220)
	at org.apache.catalina.core.StandardContextValve.invoke(StandardContextValve.java:122)
	at org.apache.catalina.authenticator.AuthenticatorBase.invoke(AuthenticatorBase.java:503)
	at org.apache.catalina.core.StandardHostValve.invoke(StandardHostValve.java:170)
	at org.apache.catalina.valves.ErrorReportValve.invoke(ErrorReportValve.java:103)
	at org.apache.catalina.valves.AccessLogValve.invoke(AccessLogValve.java:950)
	at org.apache.catalina.core.StandardEngineValve.invoke(StandardEngineValve.java:116)
	at org.apache.catalina.connector.CoyoteAdapter.service(CoyoteAdapter.java:421)
	at org.apache.coyote.http11.AbstractHttp11Processor.process(AbstractHttp11Processor.java:1070)
	at org.apache.coyote.AbstractProtocol$AbstractConnectionHandler.process(AbstractProtocol.java:611)
	at org.apache.tomcat.util.net.JIoEndpoint$SocketProcessor.run(JIoEndpoint.java:316)
	at java.util.concurrent.ThreadPoolExecutor.runWorker(ThreadPoolExecutor.java:1145)
	at java.util.concurrent.ThreadPoolExecutor$Worker.run(ThreadPoolExecutor.java:615)
	at org.apache.tomcat.util.threads.TaskThread$WrappingRunnable.run(TaskThread.java:61)
	at java.lang.Thread.run(Thread.java:745)

十二月 27, 2016 4:05:14 下午 org.apache.jasper.compiler.TldLocationsCache tldScanJar
信息: At least one JAR was scanned for TLDs yet contained no TLDs. Enable debug logging for this logger for a complete list of JARs that were scanned but no TLDs were found in them. Skipping unneeded JARs during scanning can improve startup time and JSP compilation time.
十二月 27, 2016 4:05:23 下午 org.apache.catalina.core.StandardWrapperValve invoke
严重: Servlet.service() for servlet [cas] in context with path [/cas-server] threw exception [Request processing failed; nested exception is org.springframework.webflow.execution.repository.BadlyFormattedFlowExecutionKeyException: Badly formatted flow execution key '[Ljava.lang.String;@555b293b', the expected format is 'e<executionId>s<snapshotId>'] with root cause
org.springframework.webflow.execution.repository.BadlyFormattedFlowExecutionKeyException: Badly formatted flow execution key '[Ljava.lang.String;@555b293b', the expected format is 'e<executionId>s<snapshotId>'
	at org.springframework.webflow.execution.repository.support.CompositeFlowExecutionKey.keyParts(CompositeFlowExecutionKey.java:105)
	at org.springframework.webflow.execution.repository.support.AbstractFlowExecutionRepository.parseFlowExecutionKey(AbstractFlowExecutionRepository.java:118)
	at org.springframework.webflow.executor.FlowExecutorImpl.resumeExecution(FlowExecutorImpl.java:164)
	at org.springframework.webflow.mvc.servlet.FlowHandlerAdapter.handle(FlowHandlerAdapter.java:183)
	at org.springframework.web.servlet.DispatcherServlet.doDispatch(DispatcherServlet.java:923)
	at org.springframework.web.servlet.DispatcherServlet.doService(DispatcherServlet.java:852)
	at org.springframework.web.servlet.FrameworkServlet.processRequest(FrameworkServlet.java:882)
	at org.springframework.web.servlet.FrameworkServlet.doGet(FrameworkServlet.java:778)
	at javax.servlet.http.HttpServlet.service(HttpServlet.java:620)
	at javax.servlet.http.HttpServlet.service(HttpServlet.java:727)
	at org.jasig.cas.web.init.SafeDispatcherServlet.service_aroundBody2(SafeDispatcherServlet.java:128)
	at org.jasig.cas.web.init.SafeDispatcherServlet.service_aroundBody3$advice(SafeDispatcherServlet.java:57)
	at org.jasig.cas.web.init.SafeDispatcherServlet.service(SafeDispatcherServlet.java:1)
	at org.apache.catalina.core.ApplicationFilterChain.internalDoFilter(ApplicationFilterChain.java:303)
	at org.apache.catalina.core.ApplicationFilterChain.doFilter(ApplicationFilterChain.java:208)
	at org.apache.tomcat.websocket.server.WsFilter.doFilter(WsFilter.java:52)
	at org.apache.catalina.core.ApplicationFilterChain.internalDoFilter(ApplicationFilterChain.java:241)
	at org.apache.catalina.core.ApplicationFilterChain.doFilter(ApplicationFilterChain.java:208)
	at org.springframework.web.filter.CharacterEncodingFilter.doFilterInternal(CharacterEncodingFilter.java:88)
	at org.springframework.web.filter.OncePerRequestFilter.doFilter(OncePerRequestFilter.java:76)
	at org.springframework.web.filter.DelegatingFilterProxy.invokeDelegate(DelegatingFilterProxy.java:346)
	at org.springframework.web.filter.DelegatingFilterProxy.doFilter(DelegatingFilterProxy.java:259)
	at org.apache.catalina.core.ApplicationFilterChain.internalDoFilter(ApplicationFilterChain.java:241)
	at org.apache.catalina.core.ApplicationFilterChain.doFilter(ApplicationFilterChain.java:208)
	at com.github.inspektr.common.web.ClientInfoThreadLocalFilter.doFilter(ClientInfoThreadLocalFilter.java:63)
	at org.apache.catalina.core.ApplicationFilterChain.internalDoFilter(ApplicationFilterChain.java:241)
	at org.apache.catalina.core.ApplicationFilterChain.doFilter(ApplicationFilterChain.java:208)
	at org.apache.catalina.core.StandardWrapperValve.invoke(StandardWrapperValve.java:220)
	at org.apache.catalina.core.StandardContextValve.invoke(StandardContextValve.java:122)
	at org.apache.catalina.authenticator.AuthenticatorBase.invoke(AuthenticatorBase.java:503)
	at org.apache.catalina.core.StandardHostValve.invoke(StandardHostValve.java:170)
	at org.apache.catalina.valves.ErrorReportValve.invoke(ErrorReportValve.java:103)
	at org.apache.catalina.valves.AccessLogValve.invoke(AccessLogValve.java:950)
	at org.apache.catalina.core.StandardEngineValve.invoke(StandardEngineValve.java:116)
	at org.apache.catalina.connector.CoyoteAdapter.service(CoyoteAdapter.java:421)
	at org.apache.coyote.http11.AbstractHttp11Processor.process(AbstractHttp11Processor.java:1070)
	at org.apache.coyote.AbstractProtocol$AbstractConnectionHandler.process(AbstractProtocol.java:611)
	at org.apache.tomcat.util.net.JIoEndpoint$SocketProcessor.run(JIoEndpoint.java:316)
	at java.util.concurrent.ThreadPoolExecutor.runWorker(ThreadPoolExecutor.java:1145)
	at java.util.concurrent.ThreadPoolExecutor$Worker.run(ThreadPoolExecutor.java:615)
	at org.apache.tomcat.util.threads.TaskThread$WrappingRunnable.run(TaskThread.java:61)
	at java.lang.Thread.run(Thread.java:745)

十二月 27, 2016 4:22:54 下午 org.apache.catalina.core.StandardServer await
信息: A valid shutdown command was received via the shutdown port. Stopping the Server instance.
十二月 27, 2016 4:22:54 下午 org.apache.coyote.AbstractProtocol pause
信息: Pausing ProtocolHandler ["http-bio-8086"]
十二月 27, 2016 4:22:54 下午 org.apache.coyote.AbstractProtocol pause
信息: Pausing ProtocolHandler ["ajp-bio-8011"]
十二月 27, 2016 4:22:54 下午 org.apache.catalina.core.StandardService stopInternal
信息: Stopping service Catalina
十二月 27, 2016 4:22:54 下午 org.apache.catalina.core.ApplicationContext log
信息: SessionListener: contextDestroyed()
十二月 27, 2016 4:22:54 下午 org.apache.catalina.core.ApplicationContext log
信息: ContextListener: contextDestroyed()
十二月 27, 2016 4:22:54 下午 org.apache.catalina.core.ApplicationContext log
信息: Closing Spring root WebApplicationContext
十二月 27, 2016 4:22:54 下午 org.apache.catalina.loader.WebappClassLoader clearReferencesThreads
严重: The web application [/cas-server] appears to have started a thread named [perf4j-async-stats-appender-sink-CoalescingStatistics] but has failed to stop it. This is very likely to create a memory leak.
十二月 27, 2016 4:22:54 下午 org.apache.catalina.loader.WebappClassLoader clearReferencesThreads
严重: The web application [/cas-server] appears to have started a thread named [Thread-2] but has failed to stop it. This is very likely to create a memory leak.
十二月 27, 2016 4:22:54 下午 org.apache.catalina.loader.WebappClassLoader clearReferencesThreads
严重: The web application [/cas-server] appears to have started a thread named [scheduler_Worker-1] but has failed to stop it. This is very likely to create a memory leak.
十二月 27, 2016 4:22:54 下午 org.apache.catalina.loader.WebappClassLoader clearReferencesThreads
严重: The web application [/cas-server] appears to have started a thread named [scheduler_Worker-2] but has failed to stop it. This is very likely to create a memory leak.
十二月 27, 2016 4:22:54 下午 org.apache.catalina.loader.WebappClassLoader clearReferencesThreads
严重: The web application [/cas-server] appears to have started a thread named [scheduler_Worker-3] but has failed to stop it. This is very likely to create a memory leak.
十二月 27, 2016 4:22:54 下午 org.apache.catalina.loader.WebappClassLoader clearReferencesThreads
严重: The web application [/cas-server] appears to have started a thread named [scheduler_Worker-4] but has failed to stop it. This is very likely to create a memory leak.
十二月 27, 2016 4:22:54 下午 org.apache.catalina.loader.WebappClassLoader clearReferencesThreads
严重: The web application [/cas-server] appears to have started a thread named [scheduler_Worker-5] but has failed to stop it. This is very likely to create a memory leak.
十二月 27, 2016 4:22:54 下午 org.apache.catalina.loader.WebappClassLoader clearReferencesThreads
严重: The web application [/cas-server] appears to have started a thread named [scheduler_Worker-8] but has failed to stop it. This is very likely to create a memory leak.
十二月 27, 2016 4:22:54 下午 org.apache.catalina.loader.WebappClassLoader clearReferencesThreads
严重: The web application [/cas-server] appears to have started a thread named [scheduler_Worker-9] but has failed to stop it. This is very likely to create a memory leak.
十二月 27, 2016 4:22:54 下午 org.apache.catalina.loader.WebappClassLoader clearReferencesThreads
严重: The web application [/cas-server] appears to have started a thread named [scheduler_Worker-10] but has failed to stop it. This is very likely to create a memory leak.
十二月 27, 2016 4:22:54 下午 org.apache.coyote.AbstractProtocol stop
信息: Stopping ProtocolHandler ["http-bio-8086"]
十二月 27, 2016 4:22:54 下午 org.apache.coyote.AbstractProtocol stop
信息: Stopping ProtocolHandler ["ajp-bio-8011"]
十二月 27, 2016 4:22:54 下午 org.apache.coyote.AbstractProtocol destroy
信息: Destroying ProtocolHandler ["http-bio-8086"]
十二月 27, 2016 4:22:54 下午 org.apache.coyote.AbstractProtocol destroy
信息: Destroying ProtocolHandler ["ajp-bio-8011"]
十二月 27, 2016 4:23:03 下午 org.apache.catalina.startup.VersionLoggerListener log
信息: Server version:        Apache Tomcat/7.0.57
十二月 27, 2016 4:23:03 下午 org.apache.catalina.startup.VersionLoggerListener log
信息: Server built:          Nov 3 2014 08:39:16 UTC
十二月 27, 2016 4:23:03 下午 org.apache.catalina.startup.VersionLoggerListener log
信息: Server number:         7.0.57.0
十二月 27, 2016 4:23:03 下午 org.apache.catalina.startup.VersionLoggerListener log
信息: OS Name:               Linux
十二月 27, 2016 4:23:03 下午 org.apache.catalina.startup.VersionLoggerListener log
信息: OS Version:            2.6.32-358.el6.x86_64
十二月 27, 2016 4:23:03 下午 org.apache.catalina.startup.VersionLoggerListener log
信息: Architecture:          amd64
十二月 27, 2016 4:23:03 下午 org.apache.catalina.startup.VersionLoggerListener log
信息: JAVA_HOME:             /usr/local/jdk1.7.0_67/jre
十二月 27, 2016 4:23:03 下午 org.apache.catalina.startup.VersionLoggerListener log
信息: JVM Version:           1.7.0_67-b01
十二月 27, 2016 4:23:03 下午 org.apache.catalina.startup.VersionLoggerListener log
信息: JVM Vendor:            Oracle Corporation
十二月 27, 2016 4:23:03 下午 org.apache.catalina.startup.VersionLoggerListener log
信息: CATALINA_BASE:         /root/zhongwu/apache-tomcat-7.0.57
十二月 27, 2016 4:23:03 下午 org.apache.catalina.startup.VersionLoggerListener log
信息: CATALINA_HOME:         /root/zhongwu/apache-tomcat-7.0.57
十二月 27, 2016 4:23:03 下午 org.apache.catalina.startup.VersionLoggerListener log
信息: Command line argument: -Djava.util.logging.config.file=/root/zhongwu/apache-tomcat-7.0.57/conf/logging.properties
十二月 27, 2016 4:23:03 下午 org.apache.catalina.startup.VersionLoggerListener log
信息: Command line argument: -Djava.util.logging.manager=org.apache.juli.ClassLoaderLogManager
十二月 27, 2016 4:23:03 下午 org.apache.catalina.startup.VersionLoggerListener log
信息: Command line argument: -Djava.endorsed.dirs=/root/zhongwu/apache-tomcat-7.0.57/endorsed
十二月 27, 2016 4:23:03 下午 org.apache.catalina.startup.VersionLoggerListener log
信息: Command line argument: -Dcatalina.base=/root/zhongwu/apache-tomcat-7.0.57
十二月 27, 2016 4:23:03 下午 org.apache.catalina.startup.VersionLoggerListener log
信息: Command line argument: -Dcatalina.home=/root/zhongwu/apache-tomcat-7.0.57
十二月 27, 2016 4:23:03 下午 org.apache.catalina.startup.VersionLoggerListener log
信息: Command line argument: -Djava.io.tmpdir=/root/zhongwu/apache-tomcat-7.0.57/temp
十二月 27, 2016 4:23:03 下午 org.apache.catalina.core.AprLifecycleListener lifecycleEvent
信息: The APR based Apache Tomcat Native library which allows optimal performance in production environments was not found on the java.library.path: /usr/java/packages/lib/amd64:/usr/lib64:/lib64:/lib:/usr/lib
十二月 27, 2016 4:23:03 下午 org.apache.coyote.AbstractProtocol init
信息: Initializing ProtocolHandler ["http-bio-8086"]
十二月 27, 2016 4:23:03 下午 org.apache.coyote.AbstractProtocol init
信息: Initializing ProtocolHandler ["ajp-bio-8011"]
十二月 27, 2016 4:23:03 下午 org.apache.catalina.startup.Catalina load
信息: Initialization processed in 1034 ms
十二月 27, 2016 4:23:03 下午 org.apache.catalina.core.StandardService startInternal
信息: Starting service Catalina
十二月 27, 2016 4:23:03 下午 org.apache.catalina.core.StandardEngine startInternal
信息: Starting Servlet Engine: Apache Tomcat/7.0.57
十二月 27, 2016 4:23:03 下午 org.apache.catalina.startup.HostConfig deployWAR
信息: Deploying web application archive /root/zhongwu/apache-tomcat-7.0.57/webapps/cas-server.war
十二月 27, 2016 4:23:06 下午 org.apache.catalina.core.ApplicationContext log
信息: No Spring WebApplicationInitializer types detected on classpath
十二月 27, 2016 4:23:06 下午 org.apache.catalina.core.ApplicationContext log
信息: Initializing Spring root WebApplicationContext
十二月 27, 2016 4:23:21 下午 org.apache.catalina.util.SessionIdGenerator createSecureRandom
信息: Creation of SecureRandom instance for session ID generation using [SHA1PRNG] took [9,604] milliseconds.
十二月 27, 2016 4:23:21 下午 org.apache.catalina.core.ApplicationContext log
信息: Initializing Spring FrameworkServlet 'cas'
十二月 27, 2016 4:23:21 下午 org.apache.catalina.startup.HostConfig deployWAR
信息: Deployment of web application archive /root/zhongwu/apache-tomcat-7.0.57/webapps/cas-server.war has finished in 18,334 ms
十二月 27, 2016 4:23:21 下午 org.apache.catalina.startup.HostConfig deployWAR
信息: Deploying web application archive /root/zhongwu/apache-tomcat-7.0.57/webapps/ProjectA.war
十二月 27, 2016 4:23:21 下午 org.apache.catalina.loader.WebappClassLoader validateJarFile
信息: validateJarFile(/root/zhongwu/apache-tomcat-7.0.57/webapps/ProjectA/WEB-INF/lib/servlet-api.jar) - jar not loaded. See Servlet Spec 3.0, section 10.7.2. Offending class: javax/servlet/Servlet.class
十二月 27, 2016 4:23:23 下午 org.apache.catalina.core.ApplicationContext log
信息: No Spring WebApplicationInitializer types detected on classpath
十二月 27, 2016 4:23:23 下午 org.apache.catalina.startup.HostConfig deployWAR
信息: Deployment of web application archive /root/zhongwu/apache-tomcat-7.0.57/webapps/ProjectA.war has finished in 1,574 ms
十二月 27, 2016 4:23:23 下午 org.apache.catalina.startup.HostConfig deployDirectory
信息: Deploying web application directory /root/zhongwu/apache-tomcat-7.0.57/webapps/host-manager
十二月 27, 2016 4:23:23 下午 org.apache.catalina.startup.HostConfig deployDirectory
信息: Deployment of web application directory /root/zhongwu/apache-tomcat-7.0.57/webapps/host-manager has finished in 57 ms
十二月 27, 2016 4:23:23 下午 org.apache.catalina.startup.HostConfig deployDirectory
信息: Deploying web application directory /root/zhongwu/apache-tomcat-7.0.57/webapps/docs
十二月 27, 2016 4:23:23 下午 org.apache.catalina.startup.HostConfig deployDirectory
信息: Deployment of web application directory /root/zhongwu/apache-tomcat-7.0.57/webapps/docs has finished in 44 ms
十二月 27, 2016 4:23:23 下午 org.apache.catalina.startup.HostConfig deployDirectory
信息: Deploying web application directory /root/zhongwu/apache-tomcat-7.0.57/webapps/manager
十二月 27, 2016 4:23:23 下午 org.apache.catalina.startup.HostConfig deployDirectory
信息: Deployment of web application directory /root/zhongwu/apache-tomcat-7.0.57/webapps/manager has finished in 53 ms
十二月 27, 2016 4:23:23 下午 org.apache.catalina.startup.HostConfig deployDirectory
信息: Deploying web application directory /root/zhongwu/apache-tomcat-7.0.57/webapps/ROOT
十二月 27, 2016 4:23:23 下午 org.apache.catalina.startup.HostConfig deployDirectory
信息: Deployment of web application directory /root/zhongwu/apache-tomcat-7.0.57/webapps/ROOT has finished in 43 ms
十二月 27, 2016 4:23:23 下午 org.apache.catalina.startup.HostConfig deployDirectory
信息: Deploying web application directory /root/zhongwu/apache-tomcat-7.0.57/webapps/examples
十二月 27, 2016 4:23:23 下午 org.apache.catalina.core.ApplicationContext log
信息: ContextListener: contextInitialized()
十二月 27, 2016 4:23:23 下午 org.apache.catalina.core.ApplicationContext log
信息: SessionListener: contextInitialized()
十二月 27, 2016 4:23:23 下午 org.apache.catalina.core.ApplicationContext log
信息: ContextListener: attributeAdded('org.apache.jasper.compiler.TldLocationsCache', 'org.apache.jasper.compiler.TldLocationsCache@676b8a78')
十二月 27, 2016 4:23:23 下午 org.apache.catalina.startup.HostConfig deployDirectory
信息: Deployment of web application directory /root/zhongwu/apache-tomcat-7.0.57/webapps/examples has finished in 230 ms
十二月 27, 2016 4:23:23 下午 org.apache.coyote.AbstractProtocol start
信息: Starting ProtocolHandler ["http-bio-8086"]
十二月 27, 2016 4:23:23 下午 org.apache.coyote.AbstractProtocol start
信息: Starting ProtocolHandler ["ajp-bio-8011"]
十二月 27, 2016 4:23:23 下午 org.apache.catalina.startup.Catalina start
信息: Server startup in 20456 ms
十二月 27, 2016 4:28:54 下午 org.apache.jasper.compiler.TldLocationsCache tldScanJar
信息: At least one JAR was scanned for TLDs yet contained no TLDs. Enable debug logging for this logger for a complete list of JARs that were scanned but no TLDs were found in them. Skipping unneeded JARs during scanning can improve startup time and JSP compilation time.
十二月 27, 2016 4:43:52 下午 org.apache.catalina.core.StandardServer await
信息: A valid shutdown command was received via the shutdown port. Stopping the Server instance.
十二月 27, 2016 4:43:52 下午 org.apache.coyote.AbstractProtocol pause
信息: Pausing ProtocolHandler ["http-bio-8086"]
十二月 27, 2016 4:43:53 下午 org.apache.coyote.AbstractProtocol pause
信息: Pausing ProtocolHandler ["ajp-bio-8011"]
十二月 27, 2016 4:43:53 下午 org.apache.catalina.core.StandardService stopInternal
信息: Stopping service Catalina
十二月 27, 2016 4:43:53 下午 org.apache.catalina.core.ApplicationContext log
信息: SessionListener: contextDestroyed()
十二月 27, 2016 4:43:53 下午 org.apache.catalina.core.ApplicationContext log
信息: ContextListener: contextDestroyed()
十二月 27, 2016 4:43:53 下午 org.apache.catalina.core.ApplicationContext log
信息: Closing Spring root WebApplicationContext
十二月 27, 2016 4:43:53 下午 org.apache.catalina.loader.WebappClassLoader clearReferencesThreads
严重: The web application [/cas-server] appears to have started a thread named [perf4j-async-stats-appender-sink-CoalescingStatistics] but has failed to stop it. This is very likely to create a memory leak.
十二月 27, 2016 4:43:53 下午 org.apache.catalina.loader.WebappClassLoader clearReferencesThreads
严重: The web application [/cas-server] appears to have started a thread named [Thread-2] but has failed to stop it. This is very likely to create a memory leak.
十二月 27, 2016 4:43:53 下午 org.apache.catalina.loader.WebappClassLoader clearReferencesThreads
严重: The web application [/cas-server] appears to have started a thread named [scheduler_Worker-1] but has failed to stop it. This is very likely to create a memory leak.
十二月 27, 2016 4:43:53 下午 org.apache.catalina.loader.WebappClassLoader clearReferencesThreads
严重: The web application [/cas-server] appears to have started a thread named [scheduler_Worker-2] but has failed to stop it. This is very likely to create a memory leak.
十二月 27, 2016 4:43:53 下午 org.apache.catalina.loader.WebappClassLoader clearReferencesThreads
严重: The web application [/cas-server] appears to have started a thread named [scheduler_Worker-3] but has failed to stop it. This is very likely to create a memory leak.
十二月 27, 2016 4:43:53 下午 org.apache.catalina.loader.WebappClassLoader clearReferencesThreads
严重: The web application [/cas-server] appears to have started a thread named [scheduler_Worker-4] but has failed to stop it. This is very likely to create a memory leak.
十二月 27, 2016 4:43:53 下午 org.apache.catalina.loader.WebappClassLoader clearReferencesThreads
严重: The web application [/cas-server] appears to have started a thread named [scheduler_Worker-5] but has failed to stop it. This is very likely to create a memory leak.
十二月 27, 2016 4:43:53 下午 org.apache.catalina.loader.WebappClassLoader clearReferencesThreads
严重: The web application [/cas-server] appears to have started a thread named [scheduler_Worker-6] but has failed to stop it. This is very likely to create a memory leak.
十二月 27, 2016 4:43:53 下午 org.apache.catalina.loader.WebappClassLoader clearReferencesThreads
严重: The web application [/cas-server] appears to have started a thread named [scheduler_Worker-7] but has failed to stop it. This is very likely to create a memory leak.
十二月 27, 2016 4:43:53 下午 org.apache.catalina.loader.WebappClassLoader clearReferencesThreads
严重: The web application [/cas-server] appears to have started a thread named [scheduler_Worker-8] but has failed to stop it. This is very likely to create a memory leak.
十二月 27, 2016 4:43:53 下午 org.apache.catalina.loader.WebappClassLoader clearReferencesThreads
严重: The web application [/cas-server] appears to have started a thread named [scheduler_Worker-9] but has failed to stop it. This is very likely to create a memory leak.
十二月 27, 2016 4:43:53 下午 org.apache.catalina.loader.WebappClassLoader clearReferencesThreads
严重: The web application [/cas-server] appears to have started a thread named [scheduler_Worker-10] but has failed to stop it. This is very likely to create a memory leak.
十二月 27, 2016 4:43:53 下午 org.apache.coyote.AbstractProtocol stop
信息: Stopping ProtocolHandler ["http-bio-8086"]
十二月 27, 2016 4:43:53 下午 org.apache.coyote.AbstractProtocol stop
信息: Stopping ProtocolHandler ["ajp-bio-8011"]
十二月 27, 2016 4:43:53 下午 org.apache.coyote.AbstractProtocol destroy
信息: Destroying ProtocolHandler ["http-bio-8086"]
十二月 27, 2016 4:43:53 下午 org.apache.coyote.AbstractProtocol destroy
信息: Destroying ProtocolHandler ["ajp-bio-8011"]
十二月 27, 2016 4:43:55 下午 org.apache.catalina.startup.VersionLoggerListener log
信息: Server version:        Apache Tomcat/7.0.57
十二月 27, 2016 4:43:55 下午 org.apache.catalina.startup.VersionLoggerListener log
信息: Server built:          Nov 3 2014 08:39:16 UTC
十二月 27, 2016 4:43:55 下午 org.apache.catalina.startup.VersionLoggerListener log
信息: Server number:         7.0.57.0
十二月 27, 2016 4:43:55 下午 org.apache.catalina.startup.VersionLoggerListener log
信息: OS Name:               Linux
十二月 27, 2016 4:43:55 下午 org.apache.catalina.startup.VersionLoggerListener log
信息: OS Version:            2.6.32-358.el6.x86_64
十二月 27, 2016 4:43:55 下午 org.apache.catalina.startup.VersionLoggerListener log
信息: Architecture:          amd64
十二月 27, 2016 4:43:55 下午 org.apache.catalina.startup.VersionLoggerListener log
信息: JAVA_HOME:             /usr/local/jdk1.7.0_67/jre
十二月 27, 2016 4:43:55 下午 org.apache.catalina.startup.VersionLoggerListener log
信息: JVM Version:           1.7.0_67-b01
十二月 27, 2016 4:43:55 下午 org.apache.catalina.startup.VersionLoggerListener log
信息: JVM Vendor:            Oracle Corporation
十二月 27, 2016 4:43:55 下午 org.apache.catalina.startup.VersionLoggerListener log
信息: CATALINA_BASE:         /root/zhongwu/apache-tomcat-7.0.57
十二月 27, 2016 4:43:55 下午 org.apache.catalina.startup.VersionLoggerListener log
信息: CATALINA_HOME:         /root/zhongwu/apache-tomcat-7.0.57
十二月 27, 2016 4:43:55 下午 org.apache.catalina.startup.VersionLoggerListener log
信息: Command line argument: -Djava.util.logging.config.file=/root/zhongwu/apache-tomcat-7.0.57/conf/logging.properties
十二月 27, 2016 4:43:55 下午 org.apache.catalina.startup.VersionLoggerListener log
信息: Command line argument: -Djava.util.logging.manager=org.apache.juli.ClassLoaderLogManager
十二月 27, 2016 4:43:55 下午 org.apache.catalina.startup.VersionLoggerListener log
信息: Command line argument: -Djava.endorsed.dirs=/root/zhongwu/apache-tomcat-7.0.57/endorsed
十二月 27, 2016 4:43:55 下午 org.apache.catalina.startup.VersionLoggerListener log
信息: Command line argument: -Dcatalina.base=/root/zhongwu/apache-tomcat-7.0.57
十二月 27, 2016 4:43:55 下午 org.apache.catalina.startup.VersionLoggerListener log
信息: Command line argument: -Dcatalina.home=/root/zhongwu/apache-tomcat-7.0.57
十二月 27, 2016 4:43:55 下午 org.apache.catalina.startup.VersionLoggerListener log
信息: Command line argument: -Djava.io.tmpdir=/root/zhongwu/apache-tomcat-7.0.57/temp
十二月 27, 2016 4:43:55 下午 org.apache.catalina.core.AprLifecycleListener lifecycleEvent
信息: The APR based Apache Tomcat Native library which allows optimal performance in production environments was not found on the java.library.path: /usr/java/packages/lib/amd64:/usr/lib64:/lib64:/lib:/usr/lib
十二月 27, 2016 4:43:56 下午 org.apache.coyote.AbstractProtocol init
信息: Initializing ProtocolHandler ["http-bio-8086"]
十二月 27, 2016 4:43:56 下午 org.apache.coyote.AbstractProtocol init
信息: Initializing ProtocolHandler ["ajp-bio-8011"]
十二月 27, 2016 4:43:56 下午 org.apache.catalina.startup.Catalina load
信息: Initialization processed in 1023 ms
十二月 27, 2016 4:43:56 下午 org.apache.catalina.core.StandardService startInternal
信息: Starting service Catalina
十二月 27, 2016 4:43:56 下午 org.apache.catalina.core.StandardEngine startInternal
信息: Starting Servlet Engine: Apache Tomcat/7.0.57
十二月 27, 2016 4:43:56 下午 org.apache.catalina.startup.HostConfig deployWAR
信息: Deploying web application archive /root/zhongwu/apache-tomcat-7.0.57/webapps/cas-server.war
十二月 27, 2016 4:43:58 下午 org.apache.catalina.core.ApplicationContext log
信息: No Spring WebApplicationInitializer types detected on classpath
十二月 27, 2016 4:43:59 下午 org.apache.catalina.core.ApplicationContext log
信息: Initializing Spring root WebApplicationContext
十二月 27, 2016 4:44:03 下午 org.apache.catalina.core.ApplicationContext log
信息: Initializing Spring FrameworkServlet 'cas'
十二月 27, 2016 4:44:04 下午 org.apache.catalina.startup.HostConfig deployWAR
信息: Deployment of web application archive /root/zhongwu/apache-tomcat-7.0.57/webapps/cas-server.war has finished in 8,115 ms
十二月 27, 2016 4:44:04 下午 org.apache.catalina.startup.HostConfig deployWAR
信息: Deploying web application archive /root/zhongwu/apache-tomcat-7.0.57/webapps/ProjectA.war
十二月 27, 2016 4:44:04 下午 org.apache.catalina.loader.WebappClassLoader validateJarFile
信息: validateJarFile(/root/zhongwu/apache-tomcat-7.0.57/webapps/ProjectA/WEB-INF/lib/servlet-api.jar) - jar not loaded. See Servlet Spec 3.0, section 10.7.2. Offending class: javax/servlet/Servlet.class
十二月 27, 2016 4:44:06 下午 org.apache.catalina.core.ApplicationContext log
信息: No Spring WebApplicationInitializer types detected on classpath
十二月 27, 2016 4:44:06 下午 org.apache.catalina.startup.HostConfig deployWAR
信息: Deployment of web application archive /root/zhongwu/apache-tomcat-7.0.57/webapps/ProjectA.war has finished in 1,806 ms
十二月 27, 2016 4:44:06 下午 org.apache.catalina.startup.HostConfig deployDirectory
信息: Deploying web application directory /root/zhongwu/apache-tomcat-7.0.57/webapps/host-manager
十二月 27, 2016 4:44:06 下午 org.apache.catalina.startup.HostConfig deployDirectory
信息: Deployment of web application directory /root/zhongwu/apache-tomcat-7.0.57/webapps/host-manager has finished in 56 ms
十二月 27, 2016 4:44:06 下午 org.apache.catalina.startup.HostConfig deployDirectory
信息: Deploying web application directory /root/zhongwu/apache-tomcat-7.0.57/webapps/docs
十二月 27, 2016 4:44:06 下午 org.apache.catalina.startup.HostConfig deployDirectory
信息: Deployment of web application directory /root/zhongwu/apache-tomcat-7.0.57/webapps/docs has finished in 42 ms
十二月 27, 2016 4:44:06 下午 org.apache.catalina.startup.HostConfig deployDirectory
信息: Deploying web application directory /root/zhongwu/apache-tomcat-7.0.57/webapps/manager
十二月 27, 2016 4:44:06 下午 org.apache.catalina.startup.HostConfig deployDirectory
信息: Deployment of web application directory /root/zhongwu/apache-tomcat-7.0.57/webapps/manager has finished in 51 ms
十二月 27, 2016 4:44:06 下午 org.apache.catalina.startup.HostConfig deployDirectory
信息: Deploying web application directory /root/zhongwu/apache-tomcat-7.0.57/webapps/ROOT
十二月 27, 2016 4:44:06 下午 org.apache.catalina.startup.HostConfig deployDirectory
信息: Deployment of web application directory /root/zhongwu/apache-tomcat-7.0.57/webapps/ROOT has finished in 40 ms
十二月 27, 2016 4:44:06 下午 org.apache.catalina.startup.HostConfig deployDirectory
信息: Deploying web application directory /root/zhongwu/apache-tomcat-7.0.57/webapps/examples
十二月 27, 2016 4:44:06 下午 org.apache.catalina.core.ApplicationContext log
信息: ContextListener: contextInitialized()
十二月 27, 2016 4:44:06 下午 org.apache.catalina.core.ApplicationContext log
信息: SessionListener: contextInitialized()
十二月 27, 2016 4:44:06 下午 org.apache.catalina.core.ApplicationContext log
信息: ContextListener: attributeAdded('org.apache.jasper.compiler.TldLocationsCache', 'org.apache.jasper.compiler.TldLocationsCache@5a2bf583')
十二月 27, 2016 4:44:06 下午 org.apache.catalina.startup.HostConfig deployDirectory
信息: Deployment of web application directory /root/zhongwu/apache-tomcat-7.0.57/webapps/examples has finished in 238 ms
十二月 27, 2016 4:44:06 下午 org.apache.coyote.AbstractProtocol start
信息: Starting ProtocolHandler ["http-bio-8086"]
十二月 27, 2016 4:44:06 下午 org.apache.coyote.AbstractProtocol start
信息: Starting ProtocolHandler ["ajp-bio-8011"]
十二月 27, 2016 4:44:06 下午 org.apache.catalina.startup.Catalina start
信息: Server startup in 10491 ms
十二月 27, 2016 4:50:21 下午 org.apache.catalina.core.StandardServer await
信息: A valid shutdown command was received via the shutdown port. Stopping the Server instance.
十二月 27, 2016 4:50:21 下午 org.apache.coyote.AbstractProtocol pause
信息: Pausing ProtocolHandler ["http-bio-8086"]
十二月 27, 2016 4:50:21 下午 org.apache.coyote.AbstractProtocol pause
信息: Pausing ProtocolHandler ["ajp-bio-8011"]
十二月 27, 2016 4:50:21 下午 org.apache.catalina.core.StandardService stopInternal
信息: Stopping service Catalina
十二月 27, 2016 4:50:21 下午 org.apache.catalina.core.ApplicationContext log
信息: SessionListener: contextDestroyed()
十二月 27, 2016 4:50:21 下午 org.apache.catalina.core.ApplicationContext log
信息: ContextListener: contextDestroyed()
十二月 27, 2016 4:50:21 下午 org.apache.catalina.core.ApplicationContext log
信息: Closing Spring root WebApplicationContext
十二月 27, 2016 4:50:21 下午 org.apache.catalina.loader.WebappClassLoader clearReferencesThreads
严重: The web application [/cas-server] appears to have started a thread named [perf4j-async-stats-appender-sink-CoalescingStatistics] but has failed to stop it. This is very likely to create a memory leak.
十二月 27, 2016 4:50:21 下午 org.apache.catalina.loader.WebappClassLoader clearReferencesThreads
严重: The web application [/cas-server] appears to have started a thread named [Thread-2] but has failed to stop it. This is very likely to create a memory leak.
十二月 27, 2016 4:50:21 下午 org.apache.catalina.loader.WebappClassLoader clearReferencesThreads
严重: The web application [/cas-server] appears to have started a thread named [scheduler_Worker-1] but has failed to stop it. This is very likely to create a memory leak.
十二月 27, 2016 4:50:21 下午 org.apache.catalina.loader.WebappClassLoader clearReferencesThreads
严重: The web application [/cas-server] appears to have started a thread named [scheduler_Worker-2] but has failed to stop it. This is very likely to create a memory leak.
十二月 27, 2016 4:50:21 下午 org.apache.catalina.loader.WebappClassLoader clearReferencesThreads
严重: The web application [/cas-server] appears to have started a thread named [scheduler_Worker-3] but has failed to stop it. This is very likely to create a memory leak.
十二月 27, 2016 4:50:21 下午 org.apache.catalina.loader.WebappClassLoader clearReferencesThreads
严重: The web application [/cas-server] appears to have started a thread named [scheduler_Worker-4] but has failed to stop it. This is very likely to create a memory leak.
十二月 27, 2016 4:50:21 下午 org.apache.catalina.loader.WebappClassLoader clearReferencesThreads
严重: The web application [/cas-server] appears to have started a thread named [scheduler_Worker-5] but has failed to stop it. This is very likely to create a memory leak.
十二月 27, 2016 4:50:21 下午 org.apache.catalina.loader.WebappClassLoader clearReferencesThreads
严重: The web application [/cas-server] appears to have started a thread named [scheduler_Worker-6] but has failed to stop it. This is very likely to create a memory leak.
十二月 27, 2016 4:50:21 下午 org.apache.catalina.loader.WebappClassLoader clearReferencesThreads
严重: The web application [/cas-server] appears to have started a thread named [scheduler_Worker-7] but has failed to stop it. This is very likely to create a memory leak.
十二月 27, 2016 4:50:21 下午 org.apache.catalina.loader.WebappClassLoader clearReferencesThreads
严重: The web application [/cas-server] appears to have started a thread named [scheduler_Worker-8] but has failed to stop it. This is very likely to create a memory leak.
十二月 27, 2016 4:50:21 下午 org.apache.catalina.loader.WebappClassLoader clearReferencesThreads
严重: The web application [/cas-server] appears to have started a thread named [scheduler_Worker-9] but has failed to stop it. This is very likely to create a memory leak.
十二月 27, 2016 4:50:21 下午 org.apache.catalina.loader.WebappClassLoader clearReferencesThreads
严重: The web application [/cas-server] appears to have started a thread named [scheduler_Worker-10] but has failed to stop it. This is very likely to create a memory leak.
十二月 27, 2016 4:50:21 下午 org.apache.coyote.AbstractProtocol stop
信息: Stopping ProtocolHandler ["http-bio-8086"]
十二月 27, 2016 4:50:21 下午 org.apache.coyote.AbstractProtocol stop
信息: Stopping ProtocolHandler ["ajp-bio-8011"]
十二月 27, 2016 4:50:21 下午 org.apache.coyote.AbstractProtocol destroy
信息: Destroying ProtocolHandler ["http-bio-8086"]
十二月 27, 2016 4:50:21 下午 org.apache.coyote.AbstractProtocol destroy
信息: Destroying ProtocolHandler ["ajp-bio-8011"]
十二月 27, 2016 4:50:23 下午 org.apache.catalina.startup.VersionLoggerListener log
信息: Server version:        Apache Tomcat/7.0.57
十二月 27, 2016 4:50:23 下午 org.apache.catalina.startup.VersionLoggerListener log
信息: Server built:          Nov 3 2014 08:39:16 UTC
十二月 27, 2016 4:50:23 下午 org.apache.catalina.startup.VersionLoggerListener log
信息: Server number:         7.0.57.0
十二月 27, 2016 4:50:23 下午 org.apache.catalina.startup.VersionLoggerListener log
信息: OS Name:               Linux
十二月 27, 2016 4:50:23 下午 org.apache.catalina.startup.VersionLoggerListener log
信息: OS Version:            2.6.32-358.el6.x86_64
十二月 27, 2016 4:50:23 下午 org.apache.catalina.startup.VersionLoggerListener log
信息: Architecture:          amd64
十二月 27, 2016 4:50:23 下午 org.apache.catalina.startup.VersionLoggerListener log
信息: JAVA_HOME:             /usr/local/jdk1.7.0_67/jre
十二月 27, 2016 4:50:23 下午 org.apache.catalina.startup.VersionLoggerListener log
信息: JVM Version:           1.7.0_67-b01
十二月 27, 2016 4:50:23 下午 org.apache.catalina.startup.VersionLoggerListener log
信息: JVM Vendor:            Oracle Corporation
十二月 27, 2016 4:50:23 下午 org.apache.catalina.startup.VersionLoggerListener log
信息: CATALINA_BASE:         /root/zhongwu/apache-tomcat-7.0.57
十二月 27, 2016 4:50:23 下午 org.apache.catalina.startup.VersionLoggerListener log
信息: CATALINA_HOME:         /root/zhongwu/apache-tomcat-7.0.57
十二月 27, 2016 4:50:23 下午 org.apache.catalina.startup.VersionLoggerListener log
信息: Command line argument: -Djava.util.logging.config.file=/root/zhongwu/apache-tomcat-7.0.57/conf/logging.properties
十二月 27, 2016 4:50:23 下午 org.apache.catalina.startup.VersionLoggerListener log
信息: Command line argument: -Djava.util.logging.manager=org.apache.juli.ClassLoaderLogManager
十二月 27, 2016 4:50:23 下午 org.apache.catalina.startup.VersionLoggerListener log
信息: Command line argument: -Djava.endorsed.dirs=/root/zhongwu/apache-tomcat-7.0.57/endorsed
十二月 27, 2016 4:50:23 下午 org.apache.catalina.startup.VersionLoggerListener log
信息: Command line argument: -Dcatalina.base=/root/zhongwu/apache-tomcat-7.0.57
十二月 27, 2016 4:50:23 下午 org.apache.catalina.startup.VersionLoggerListener log
信息: Command line argument: -Dcatalina.home=/root/zhongwu/apache-tomcat-7.0.57
十二月 27, 2016 4:50:23 下午 org.apache.catalina.startup.VersionLoggerListener log
信息: Command line argument: -Djava.io.tmpdir=/root/zhongwu/apache-tomcat-7.0.57/temp
十二月 27, 2016 4:50:23 下午 org.apache.catalina.core.AprLifecycleListener lifecycleEvent
信息: The APR based Apache Tomcat Native library which allows optimal performance in production environments was not found on the java.library.path: /usr/java/packages/lib/amd64:/usr/lib64:/lib64:/lib:/usr/lib
十二月 27, 2016 4:50:24 下午 org.apache.coyote.AbstractProtocol init
信息: Initializing ProtocolHandler ["http-bio-8086"]
十二月 27, 2016 4:50:24 下午 org.apache.coyote.AbstractProtocol init
信息: Initializing ProtocolHandler ["ajp-bio-8011"]
十二月 27, 2016 4:50:24 下午 org.apache.catalina.startup.Catalina load
信息: Initialization processed in 1028 ms
十二月 27, 2016 4:50:24 下午 org.apache.catalina.core.StandardService startInternal
信息: Starting service Catalina
十二月 27, 2016 4:50:24 下午 org.apache.catalina.core.StandardEngine startInternal
信息: Starting Servlet Engine: Apache Tomcat/7.0.57
十二月 27, 2016 4:50:24 下午 org.apache.catalina.startup.HostConfig deployWAR
信息: Deploying web application archive /root/zhongwu/apache-tomcat-7.0.57/webapps/cas-server.war
十二月 27, 2016 4:50:27 下午 org.apache.catalina.core.ApplicationContext log
信息: No Spring WebApplicationInitializer types detected on classpath
十二月 27, 2016 4:50:27 下午 org.apache.catalina.core.ApplicationContext log
信息: Initializing Spring root WebApplicationContext
十二月 27, 2016 4:50:31 下午 org.apache.catalina.core.ApplicationContext log
信息: Initializing Spring FrameworkServlet 'cas'
十二月 27, 2016 4:50:32 下午 org.apache.catalina.startup.HostConfig deployWAR
信息: Deployment of web application archive /root/zhongwu/apache-tomcat-7.0.57/webapps/cas-server.war has finished in 8,118 ms
十二月 27, 2016 4:50:32 下午 org.apache.catalina.startup.HostConfig deployWAR
信息: Deploying web application archive /root/zhongwu/apache-tomcat-7.0.57/webapps/ProjectA.war
十二月 27, 2016 4:50:32 下午 org.apache.catalina.loader.WebappClassLoader validateJarFile
信息: validateJarFile(/root/zhongwu/apache-tomcat-7.0.57/webapps/ProjectA/WEB-INF/lib/servlet-api.jar) - jar not loaded. See Servlet Spec 3.0, section 10.7.2. Offending class: javax/servlet/Servlet.class
十二月 27, 2016 4:50:34 下午 org.apache.catalina.core.ApplicationContext log
信息: No Spring WebApplicationInitializer types detected on classpath
十二月 27, 2016 4:50:34 下午 org.apache.catalina.startup.HostConfig deployWAR
信息: Deployment of web application archive /root/zhongwu/apache-tomcat-7.0.57/webapps/ProjectA.war has finished in 1,876 ms
十二月 27, 2016 4:50:34 下午 org.apache.catalina.startup.HostConfig deployDirectory
信息: Deploying web application directory /root/zhongwu/apache-tomcat-7.0.57/webapps/host-manager
十二月 27, 2016 4:50:34 下午 org.apache.catalina.startup.HostConfig deployDirectory
信息: Deployment of web application directory /root/zhongwu/apache-tomcat-7.0.57/webapps/host-manager has finished in 54 ms
十二月 27, 2016 4:50:34 下午 org.apache.catalina.startup.HostConfig deployDirectory
信息: Deploying web application directory /root/zhongwu/apache-tomcat-7.0.57/webapps/docs
十二月 27, 2016 4:50:34 下午 org.apache.catalina.startup.HostConfig deployDirectory
信息: Deployment of web application directory /root/zhongwu/apache-tomcat-7.0.57/webapps/docs has finished in 42 ms
十二月 27, 2016 4:50:34 下午 org.apache.catalina.startup.HostConfig deployDirectory
信息: Deploying web application directory /root/zhongwu/apache-tomcat-7.0.57/webapps/manager
十二月 27, 2016 4:50:34 下午 org.apache.catalina.startup.HostConfig deployDirectory
信息: Deployment of web application directory /root/zhongwu/apache-tomcat-7.0.57/webapps/manager has finished in 51 ms
十二月 27, 2016 4:50:34 下午 org.apache.catalina.startup.HostConfig deployDirectory
信息: Deploying web application directory /root/zhongwu/apache-tomcat-7.0.57/webapps/ROOT
十二月 27, 2016 4:50:34 下午 org.apache.catalina.startup.HostConfig deployDirectory
信息: Deployment of web application directory /root/zhongwu/apache-tomcat-7.0.57/webapps/ROOT has finished in 39 ms
十二月 27, 2016 4:50:34 下午 org.apache.catalina.startup.HostConfig deployDirectory
信息: Deploying web application directory /root/zhongwu/apache-tomcat-7.0.57/webapps/examples
十二月 27, 2016 4:50:34 下午 org.apache.catalina.core.ApplicationContext log
信息: ContextListener: contextInitialized()
十二月 27, 2016 4:50:34 下午 org.apache.catalina.core.ApplicationContext log
信息: SessionListener: contextInitialized()
十二月 27, 2016 4:50:34 下午 org.apache.catalina.core.ApplicationContext log
信息: ContextListener: attributeAdded('org.apache.jasper.compiler.TldLocationsCache', 'org.apache.jasper.compiler.TldLocationsCache@4383a1e3')
十二月 27, 2016 4:50:34 下午 org.apache.catalina.startup.HostConfig deployDirectory
信息: Deployment of web application directory /root/zhongwu/apache-tomcat-7.0.57/webapps/examples has finished in 235 ms
十二月 27, 2016 4:50:34 下午 org.apache.coyote.AbstractProtocol start
信息: Starting ProtocolHandler ["http-bio-8086"]
十二月 27, 2016 4:50:34 下午 org.apache.coyote.AbstractProtocol start
信息: Starting ProtocolHandler ["ajp-bio-8011"]
十二月 27, 2016 4:50:34 下午 org.apache.catalina.startup.Catalina start
信息: Server startup in 10569 ms
十二月 27, 2016 5:15:12 下午 org.apache.catalina.core.StandardWrapperValve invoke
严重: Servlet.service() for servlet [cas] in context with path [/cas-server] threw exception [Request processing failed; nested exception is org.springframework.webflow.execution.repository.BadlyFormattedFlowExecutionKeyException: Badly formatted flow execution key '[Ljava.lang.String;@6dc2367e', the expected format is 'e<executionId>s<snapshotId>'] with root cause
org.springframework.webflow.execution.repository.BadlyFormattedFlowExecutionKeyException: Badly formatted flow execution key '[Ljava.lang.String;@6dc2367e', the expected format is 'e<executionId>s<snapshotId>'
	at org.springframework.webflow.execution.repository.support.CompositeFlowExecutionKey.keyParts(CompositeFlowExecutionKey.java:105)
	at org.springframework.webflow.execution.repository.support.AbstractFlowExecutionRepository.parseFlowExecutionKey(AbstractFlowExecutionRepository.java:118)
	at org.springframework.webflow.executor.FlowExecutorImpl.resumeExecution(FlowExecutorImpl.java:164)
	at org.springframework.webflow.mvc.servlet.FlowHandlerAdapter.handle(FlowHandlerAdapter.java:183)
	at org.springframework.web.servlet.DispatcherServlet.doDispatch(DispatcherServlet.java:923)
	at org.springframework.web.servlet.DispatcherServlet.doService(DispatcherServlet.java:852)
	at org.springframework.web.servlet.FrameworkServlet.processRequest(FrameworkServlet.java:882)
	at org.springframework.web.servlet.FrameworkServlet.doGet(FrameworkServlet.java:778)
	at javax.servlet.http.HttpServlet.service(HttpServlet.java:620)
	at javax.servlet.http.HttpServlet.service(HttpServlet.java:727)
	at org.jasig.cas.web.init.SafeDispatcherServlet.service_aroundBody2(SafeDispatcherServlet.java:128)
	at org.jasig.cas.web.init.SafeDispatcherServlet.service_aroundBody3$advice(SafeDispatcherServlet.java:57)
	at org.jasig.cas.web.init.SafeDispatcherServlet.service(SafeDispatcherServlet.java:1)
	at org.apache.catalina.core.ApplicationFilterChain.internalDoFilter(ApplicationFilterChain.java:303)
	at org.apache.catalina.core.ApplicationFilterChain.doFilter(ApplicationFilterChain.java:208)
	at org.apache.tomcat.websocket.server.WsFilter.doFilter(WsFilter.java:52)
	at org.apache.catalina.core.ApplicationFilterChain.internalDoFilter(ApplicationFilterChain.java:241)
	at org.apache.catalina.core.ApplicationFilterChain.doFilter(ApplicationFilterChain.java:208)
	at org.springframework.web.filter.CharacterEncodingFilter.doFilterInternal(CharacterEncodingFilter.java:88)
	at org.springframework.web.filter.OncePerRequestFilter.doFilter(OncePerRequestFilter.java:76)
	at org.springframework.web.filter.DelegatingFilterProxy.invokeDelegate(DelegatingFilterProxy.java:346)
	at org.springframework.web.filter.DelegatingFilterProxy.doFilter(DelegatingFilterProxy.java:259)
	at org.apache.catalina.core.ApplicationFilterChain.internalDoFilter(ApplicationFilterChain.java:241)
	at org.apache.catalina.core.ApplicationFilterChain.doFilter(ApplicationFilterChain.java:208)
	at com.github.inspektr.common.web.ClientInfoThreadLocalFilter.doFilter(ClientInfoThreadLocalFilter.java:63)
	at org.apache.catalina.core.ApplicationFilterChain.internalDoFilter(ApplicationFilterChain.java:241)
	at org.apache.catalina.core.ApplicationFilterChain.doFilter(ApplicationFilterChain.java:208)
	at org.apache.catalina.core.StandardWrapperValve.invoke(StandardWrapperValve.java:220)
	at org.apache.catalina.core.StandardContextValve.invoke(StandardContextValve.java:122)
	at org.apache.catalina.authenticator.AuthenticatorBase.invoke(AuthenticatorBase.java:503)
	at org.apache.catalina.core.StandardHostValve.invoke(StandardHostValve.java:170)
	at org.apache.catalina.valves.ErrorReportValve.invoke(ErrorReportValve.java:103)
	at org.apache.catalina.valves.AccessLogValve.invoke(AccessLogValve.java:950)
	at org.apache.catalina.core.StandardEngineValve.invoke(StandardEngineValve.java:116)
	at org.apache.catalina.connector.CoyoteAdapter.service(CoyoteAdapter.java:421)
	at org.apache.coyote.http11.AbstractHttp11Processor.process(AbstractHttp11Processor.java:1070)
	at org.apache.coyote.AbstractProtocol$AbstractConnectionHandler.process(AbstractProtocol.java:611)
	at org.apache.tomcat.util.net.JIoEndpoint$SocketProcessor.run(JIoEndpoint.java:316)
	at java.util.concurrent.ThreadPoolExecutor.runWorker(ThreadPoolExecutor.java:1145)
	at java.util.concurrent.ThreadPoolExecutor$Worker.run(ThreadPoolExecutor.java:615)
	at org.apache.tomcat.util.threads.TaskThread$WrappingRunnable.run(TaskThread.java:61)
	at java.lang.Thread.run(Thread.java:745)

