十二月 23, 2016 12:09:05 下午 org.apache.catalina.core.ApplicationContext log
信息: No Spring WebApplicationInitializer types detected on classpath
十二月 23, 2016 12:09:05 下午 org.apache.catalina.core.ApplicationContext log
信息: Initializing Spring root WebApplicationContext
十二月 23, 2016 12:09:10 下午 org.apache.catalina.core.ApplicationContext log
信息: Initializing Spring FrameworkServlet 'cas'
十二月 23, 2016 12:09:11 下午 org.apache.catalina.core.ApplicationContext log
信息: ContextListener: contextInitialized()
十二月 23, 2016 12:09:11 下午 org.apache.catalina.core.ApplicationContext log
信息: SessionListener: contextInitialized()
十二月 23, 2016 12:09:11 下午 org.apache.catalina.core.ApplicationContext log
信息: ContextListener: attributeAdded('org.apache.jasper.compiler.TldLocationsCache', 'org.apache.jasper.compiler.TldLocationsCache@577f7ca0')
十二月 23, 2016 12:16:25 下午 org.apache.catalina.core.ApplicationContext log
信息: SessionListener: contextDestroyed()
十二月 23, 2016 12:16:25 下午 org.apache.catalina.core.ApplicationContext log
信息: ContextListener: contextDestroyed()
十二月 23, 2016 12:16:25 下午 org.apache.catalina.core.ApplicationContext log
信息: Closing Spring root WebApplicationContext
十二月 23, 2016 12:16:34 下午 org.apache.catalina.core.ApplicationContext log
信息: No Spring WebApplicationInitializer types detected on classpath
十二月 23, 2016 12:16:34 下午 org.apache.catalina.core.ApplicationContext log
信息: Initializing Spring root WebApplicationContext
十二月 23, 2016 12:16:39 下午 org.apache.catalina.core.ApplicationContext log
信息: Initializing Spring FrameworkServlet 'cas'
十二月 23, 2016 12:16:40 下午 org.apache.catalina.core.ApplicationContext log
信息: ContextListener: contextInitialized()
十二月 23, 2016 12:16:40 下午 org.apache.catalina.core.ApplicationContext log
信息: SessionListener: contextInitialized()
十二月 23, 2016 12:16:40 下午 org.apache.catalina.core.ApplicationContext log
信息: ContextListener: attributeAdded('org.apache.jasper.compiler.TldLocationsCache', 'org.apache.jasper.compiler.TldLocationsCache@f2c2f5e')
十二月 23, 2016 12:18:03 下午 org.apache.catalina.core.ApplicationContext log
信息: SessionListener: contextDestroyed()
十二月 23, 2016 12:18:03 下午 org.apache.catalina.core.ApplicationContext log
信息: ContextListener: contextDestroyed()
十二月 23, 2016 12:18:03 下午 org.apache.catalina.core.ApplicationContext log
信息: Closing Spring root WebApplicationContext
