/*C15*/SET SCHEMA PUBLIC
DISCONNECT
/*C17*/SET SCHEMA PUBLIC
DISCONNECT
/*C19*/SET SCHEMA PUBLIC
DISCONNECT
/*C21*/SET SCHEMA PUBLIC
DISCONNECT
/*C23*/SET SCHEMA PUBLIC
DISCONNECT
/*C25*/SET SCHEMA PUBLIC
DISCONNECT
/*C27*/SET SCHEMA PUBLIC
DISCONNECT
/*C29*/SET SCHEMA PUBLIC
DISCONNECT
/*C32*/SET SCHEMA PUBLIC
DISCONNECT
/*C34*/SET SCHEMA PUBLIC
DISCONNECT
/*C37*/SET SCHEMA PUBLIC
DISCONNECT
/*C39*/SET SCHEMA PUBLIC
DISCONNECT
/*C22*/SET SCHEMA PUBLIC
DELETE FROM JCR_IPSYSTEM WHERE ID='4962219d0a49c48c02f498e3c5926ca6'
INSERT INTO JCR_IPSYSTEM VALUES('4962219d0a49c48c02f498e3c5926ca6','49620d7b0a49c48c16e7e49b555688bb','[http://www.gatein.org/jcr/gatein/1.0/]lastmodificationdate',17,2,1,NULL,5,FALSE)
DELETE FROM JCR_VPSYSTEM WHERE ID=3623
INSERT INTO JCR_VPSYSTEM VALUES(3623,'323031372d30312d30335431313a32353a33332e3532342b30383a3030',0,'4962219d0a49c48c02f498e3c5926ca6',NULL)
DELETE FROM JCR_IPSYSTEM WHERE ID='496221a40a49c48c4f8b0e57b9b43016'
INSERT INTO JCR_IPSYSTEM VALUES('496221a40a49c48c4f8b0e57b9b43016','49620d7b0a49c48c16e7e49b555688bb','[http://www.gatein.org/jcr/gatein/1.0/]status',17,2,1,NULL,3,FALSE)
DELETE FROM JCR_VPSYSTEM WHERE ID=3624
INSERT INTO JCR_VPSYSTEM VALUES(3624,'31',0,'496221a40a49c48c4f8b0e57b9b43016',NULL)
COMMIT
