十二月 27, 2016 9:56:00 上午 org.apache.catalina.startup.ClassLoaderFactory validateFile
警告: Problem with directory [/Users/zhongwu/Documents/workspace/cmcc-project/GateIn-3.8.1.Final-tomcat-7/gatein/lib], exists: [false], isDirectory: [false], canRead: [false]
十二月 27, 2016 9:56:01 上午 org.apache.catalina.core.AprLifecycleListener init
信息: The APR based Apache Tomcat Native library which allows optimal performance in production environments was not found on the java.library.path: /Users/zhongwu/Library/Java/Extensions:/Library/Java/Extensions:/Network/Library/Java/Extensions:/System/Library/Java/Extensions:/usr/lib/java:.
十二月 27, 2016 9:56:02 上午 org.apache.coyote.AbstractProtocol init
信息: Initializing ProtocolHandler ["http-bio-8080"]
十二月 27, 2016 9:56:02 上午 org.apache.coyote.AbstractProtocol init
信息: Initializing ProtocolHandler ["ajp-bio-8009"]
十二月 27, 2016 9:56:02 上午 org.apache.catalina.startup.Catalina load
信息: Initialization processed in 1071 ms
十二月 27, 2016 9:56:02 上午 org.apache.catalina.core.StandardService startInternal
信息: Starting service Catalina
十二月 27, 2016 9:56:02 上午 org.apache.catalina.core.StandardEngine startInternal
信息: Starting Servlet Engine: Apache Tomcat/7.0.42
十二月 27, 2016 9:56:02 上午 org.apache.catalina.startup.HostConfig deployDescriptor
信息: Deploying configuration descriptor /Users/zhongwu/Documents/workspace/cmcc-project/GateIn-3.8.1.Final-tomcat-7/conf/Catalina/localhost/portal.xml
十二月 27, 2016 9:56:02 上午 org.apache.catalina.startup.HostConfig deployDescriptor
警告: A docBase /Users/zhongwu/Documents/workspace/cmcc-project/GateIn-3.8.1.Final-tomcat-7/webapps/portal inside the host appBase has been specified, and will be ignored
十二月 27, 2016 9:56:03 上午 org.apache.catalina.startup.HostConfig deployWAR
信息: Deploying web application archive /Users/zhongwu/Documents/workspace/cmcc-project/GateIn-3.8.1.Final-tomcat-7/webapps/dashboard.war
十二月 27, 2016 9:56:03 上午 org.apache.catalina.startup.HostConfig deployWAR
信息: Deploying web application archive /Users/zhongwu/Documents/workspace/cmcc-project/GateIn-3.8.1.Final-tomcat-7/webapps/exoadmin.war
十二月 27, 2016 9:56:04 上午 org.apache.catalina.startup.HostConfig deployWAR
信息: Deploying web application archive /Users/zhongwu/Documents/workspace/cmcc-project/GateIn-3.8.1.Final-tomcat-7/webapps/eXoGadgets.war
十二月 27, 2016 9:56:04 上午 org.apache.catalina.startup.HostConfig deployWAR
信息: Deploying web application archive /Users/zhongwu/Documents/workspace/cmcc-project/GateIn-3.8.1.Final-tomcat-7/webapps/eXoGadgetServer.war
十二月 27, 2016 9:56:40 上午 org.apache.catalina.startup.HostConfig deployWAR
信息: Deploying web application archive /Users/zhongwu/Documents/workspace/cmcc-project/GateIn-3.8.1.Final-tomcat-7/webapps/eXoResources.war
十二月 27, 2016 9:56:40 上午 org.apache.catalina.startup.HostConfig deployWAR
信息: Deploying web application archive /Users/zhongwu/Documents/workspace/cmcc-project/GateIn-3.8.1.Final-tomcat-7/webapps/gatein-mobile-configuration.war
十二月 27, 2016 9:56:40 上午 org.apache.catalina.startup.HostConfig deployWAR
信息: Deploying web application archive /Users/zhongwu/Documents/workspace/cmcc-project/GateIn-3.8.1.Final-tomcat-7/webapps/gatein-mobile-login.war
十二月 27, 2016 9:56:40 上午 org.apache.catalina.startup.HostConfig deployWAR
信息: Deploying web application archive /Users/zhongwu/Documents/workspace/cmcc-project/GateIn-3.8.1.Final-tomcat-7/webapps/gatein-responsive-skin.war
十二月 27, 2016 9:56:41 上午 org.apache.catalina.startup.HostConfig deployWAR
信息: Deploying web application archive /Users/zhongwu/Documents/workspace/cmcc-project/GateIn-3.8.1.Final-tomcat-7/webapps/gatein-sample-skin.war
十二月 27, 2016 9:56:41 上午 org.apache.catalina.startup.HostConfig deployWAR
信息: Deploying web application archive /Users/zhongwu/Documents/workspace/cmcc-project/GateIn-3.8.1.Final-tomcat-7/webapps/redirect-admin.war
十二月 27, 2016 9:56:54 上午 com.sun.faces.config.ConfigureListener contextInitialized
信息: 初始化上下文 '/redirect-admin' 的 Mojarra 2.1.13 ( 20120907-1514)
十二月 27, 2016 9:56:55 上午 com.sun.faces.spi.InjectionProviderFactory createInstance
信息: JSF1048：有 PostConstruct/PreDestroy 注释。标有这些注释的 ManagedBeans 方法将表示注释已处理。
十二月 27, 2016 9:56:57 上午 org.richfaces.javascript.ClientServiceConfigParser parse
警告: Found JavaScript function definition for class javax.validation.constraints.NotNull, but that class is not presented
十二月 27, 2016 9:56:57 上午 org.richfaces.javascript.ClientServiceConfigParser parse
警告: Found JavaScript function definition for class org.hibernate.validator.constraints.NotEmpty, but that class is not presented
十二月 27, 2016 9:56:57 上午 org.richfaces.javascript.ClientServiceConfigParser parse
警告: Found JavaScript function definition for class javax.validation.constraints.Size, but that class is not presented
十二月 27, 2016 9:56:57 上午 org.richfaces.javascript.ClientServiceConfigParser parse
警告: Found JavaScript function definition for class javax.validation.constraints.Pattern, but that class is not presented
十二月 27, 2016 9:56:57 上午 org.richfaces.javascript.ClientServiceConfigParser parse
警告: Found JavaScript function definition for class javax.validation.constraints.Min, but that class is not presented
十二月 27, 2016 9:56:57 上午 org.richfaces.javascript.ClientServiceConfigParser parse
警告: Found JavaScript function definition for class javax.validation.constraints.Max, but that class is not presented
十二月 27, 2016 9:56:57 上午 org.richfaces.javascript.ClientServiceConfigParser parse
警告: Found JavaScript function definition for class javax.validation.constraints.AssertTrue, but that class is not presented
十二月 27, 2016 9:56:57 上午 org.richfaces.javascript.ClientServiceConfigParser parse
警告: Found JavaScript function definition for class javax.validation.constraints.AssertFalse, but that class is not presented
十二月 27, 2016 9:56:57 上午 org.richfaces.cache.CacheManager getCacheFactory
信息: Selected fallback cache factory
十二月 27, 2016 9:56:57 上午 org.richfaces.cache.lru.LRUMapCacheFactory createCache
信息: Creating LRUMap cache instance using parameters: {javax.portlet.faces.RENDER_POLICY=ALWAYS_DELEGATE, org.richfaces.push.jms.enabled=true, org.gatein.portletbridge.WAR_BUNDLES_PORTLETBRIDGE=true, com.sun.faces.autoCompleteOffOnViewState=false, org.richfaces.resourceOptimization.enabled=true, javax.faces.INTERPRET_EMPTY_STRING_SUBMITTED_VALUES_AS_NULL=true, javax.faces.PROJECT_STAGE=Development, javax.faces.STATE_SAVING_METHOD=server, javax.faces.FACELETS_SKIP_COMMENTS=true, com.sun.faces.enableViewStateIdRendering=false, org.richfaces.enableControlSkinning=false}
十二月 27, 2016 9:56:57 上午 org.richfaces.cache.lru.LRUMapCacheFactory createCache
信息: Creating LRUMap cache instance of 512 items capacity
十二月 27, 2016 9:56:57 上午 org.richfaces.application.InitializationListener onStart
信息: RichFaces Core Implementation by JBoss by Red Hat, version 4.3.1.Final
十二月 27, 2016 9:56:57 上午 org.richfaces.application.InitializationListener initializePushContext
信息: Startup initialization of PushContext
十二月 27, 2016 9:56:57 上午 com.sun.faces.config.ConfigureListener$WebConfigResourceMonitor$Monitor <init>
信息: Monitoring jndi:/localhost/redirect-admin/WEB-INF/faces-config.xml for modifications
十二月 27, 2016 9:56:57 上午 org.apache.catalina.startup.HostConfig deployWAR
信息: Deploying web application archive /Users/zhongwu/Documents/workspace/cmcc-project/GateIn-3.8.1.Final-tomcat-7/webapps/redirect-portlet.war
十二月 27, 2016 9:56:57 上午 org.apache.catalina.startup.HostConfig deployWAR
信息: Deploying web application archive /Users/zhongwu/Documents/workspace/cmcc-project/GateIn-3.8.1.Final-tomcat-7/webapps/responsive-banner-portlet.war
十二月 27, 2016 9:56:57 上午 org.apache.catalina.startup.HostConfig deployWAR
信息: Deploying web application archive /Users/zhongwu/Documents/workspace/cmcc-project/GateIn-3.8.1.Final-tomcat-7/webapps/responsive-community-portlet.war
十二月 27, 2016 9:56:58 上午 org.apache.catalina.startup.HostConfig deployWAR
信息: Deploying web application archive /Users/zhongwu/Documents/workspace/cmcc-project/GateIn-3.8.1.Final-tomcat-7/webapps/responsive-features-portlet.war
十二月 27, 2016 9:56:58 上午 org.apache.catalina.startup.HostConfig deployWAR
信息: Deploying web application archive /Users/zhongwu/Documents/workspace/cmcc-project/GateIn-3.8.1.Final-tomcat-7/webapps/responsive-footer-portlet.war
十二月 27, 2016 9:56:58 上午 org.apache.catalina.startup.HostConfig deployWAR
信息: Deploying web application archive /Users/zhongwu/Documents/workspace/cmcc-project/GateIn-3.8.1.Final-tomcat-7/webapps/responsive-header-portlet.war
十二月 27, 2016 9:56:58 上午 org.apache.catalina.startup.HostConfig deployWAR
信息: Deploying web application archive /Users/zhongwu/Documents/workspace/cmcc-project/GateIn-3.8.1.Final-tomcat-7/webapps/responsive-navigation-portlet.war
十二月 27, 2016 9:56:58 上午 org.apache.catalina.startup.HostConfig deployWAR
信息: Deploying web application archive /Users/zhongwu/Documents/workspace/cmcc-project/GateIn-3.8.1.Final-tomcat-7/webapps/rest.war
十二月 27, 2016 9:56:58 上午 org.apache.catalina.startup.HostConfig deployWAR
信息: Deploying web application archive /Users/zhongwu/Documents/workspace/cmcc-project/GateIn-3.8.1.Final-tomcat-7/webapps/web.war
十二月 27, 2016 9:56:59 上午 org.apache.catalina.startup.HostConfig deployDirectory
信息: Deploying web application directory /Users/zhongwu/Documents/workspace/cmcc-project/GateIn-3.8.1.Final-tomcat-7/webapps/host-manager
十二月 27, 2016 9:56:59 上午 org.apache.catalina.startup.HostConfig deployDirectory
信息: Deploying web application directory /Users/zhongwu/Documents/workspace/cmcc-project/GateIn-3.8.1.Final-tomcat-7/webapps/integration
十二月 27, 2016 9:56:59 上午 org.apache.catalina.startup.HostConfig deployDirectory
信息: Deploying web application directory /Users/zhongwu/Documents/workspace/cmcc-project/GateIn-3.8.1.Final-tomcat-7/webapps/manager
十二月 27, 2016 9:56:59 上午 org.apache.catalina.startup.HostConfig deployDirectory
信息: Deploying web application directory /Users/zhongwu/Documents/workspace/cmcc-project/GateIn-3.8.1.Final-tomcat-7/webapps/ROOT
十二月 27, 2016 9:57:04 上午 org.picketlink.idm.impl.cache.AbstractInfinispanCacheProvider initialize
信息: Infinispan cache for Picketlink IDM created successfuly. cache name: idm-portal-api
十二月 27, 2016 9:57:04 上午 org.picketlink.idm.impl.cache.AbstractInfinispanCacheProvider initialize
信息: Infinispan cache for Picketlink IDM created successfuly. cache name: idm-portal-store
十二月 27, 2016 9:57:11 上午 org.picketlink.idm.impl.credential.HashingEncoder afterInitialize
信息: Algorithm SHA-256 will be used for password hashing
十二月 27, 2016 9:57:11 上午 org.picketlink.idm.impl.credential.DatabaseReadingSaltEncoder afterInitialize
信息: Registered SecureRandomProvider will be used for random generating of password salts
十二月 27, 2016 9:57:13 上午 javax.portlet.faces.GenericFacesPortlet init
信息: Init GenericFacesPortlet for portlet RedirectsAndImportExportAdminPortlet
十二月 27, 2016 9:57:13 上午 javax.portlet.faces.GenericFacesPortlet calculateBridgeClassName
信息: Bridge class name is org.jboss.portletbridge.PortletBridgeImpl
十二月 27, 2016 9:57:14 上午 org.apache.coyote.AbstractProtocol start
信息: Starting ProtocolHandler ["http-bio-8080"]
十二月 27, 2016 9:57:14 上午 org.apache.coyote.AbstractProtocol start
信息: Starting ProtocolHandler ["ajp-bio-8009"]
十二月 27, 2016 9:57:14 上午 org.apache.catalina.startup.Catalina start
信息: Server startup in 72489 ms
十二月 27, 2016 10:12:07 上午 org.apache.tomcat.util.http.Cookies processCookieHeader
信息: Cookies: Invalid cookie. Value not a token or quoted value
 Note: further occurrences of Cookie errors will be logged at DEBUG level.
十二月 27, 2016 10:56:08 上午 org.apache.catalina.core.StandardServer await
信息: A valid shutdown command was received via the shutdown port. Stopping the Server instance.
十二月 27, 2016 10:56:08 上午 org.apache.coyote.AbstractProtocol pause
信息: Pausing ProtocolHandler ["http-bio-8080"]
十二月 27, 2016 10:56:09 上午 org.apache.coyote.AbstractProtocol pause
信息: Pausing ProtocolHandler ["ajp-bio-8009"]
十二月 27, 2016 10:56:09 上午 org.apache.catalina.core.StandardService stopInternal
信息: Stopping service Catalina
十二月 27, 2016 10:56:09 上午 javax.portlet.faces.GenericFacesPortlet destroy
信息: Destroy GenericFacesPortlet for portlet RedirectsAndImportExportAdminPortlet
十二月 27, 2016 10:56:09 上午 org.apache.catalina.loader.WebappClassLoader clearReferencesThreads
严重: The web application [/eXoGadgetServer] appears to have started a thread named [com.google.inject.internal.util.$Finalizer] but has failed to stop it. This is very likely to create a memory leak.
十二月 27, 2016 10:56:09 上午 org.apache.catalina.loader.WebappClassLoader clearReferencesThreads
严重: The web application [/eXoGadgetServer] appears to have started a thread named [net.sf.ehcache.CacheManager@2de6bbb8] but has failed to stop it. This is very likely to create a memory leak.
十二月 27, 2016 10:56:09 上午 org.apache.catalina.loader.WebappClassLoader clearReferencesThreads
严重: The web application [/redirect-admin] appears to have started a thread named [push-session-manager-thread-0] but has failed to stop it. This is very likely to create a memory leak.
十二月 27, 2016 10:56:09 上午 org.apache.coyote.AbstractProtocol stop
信息: Stopping ProtocolHandler ["http-bio-8080"]
十二月 27, 2016 10:56:10 上午 org.apache.coyote.AbstractProtocol stop
信息: Stopping ProtocolHandler ["ajp-bio-8009"]
十二月 27, 2016 10:56:10 上午 org.apache.coyote.AbstractProtocol destroy
信息: Destroying ProtocolHandler ["http-bio-8080"]
十二月 27, 2016 10:56:10 上午 org.apache.coyote.AbstractProtocol destroy
信息: Destroying ProtocolHandler ["ajp-bio-8009"]
十二月 27, 2016 10:56:13 上午 org.apache.catalina.startup.ClassLoaderFactory validateFile
警告: Problem with directory [/Users/zhongwu/Documents/workspace/cmcc-project/GateIn-3.8.1.Final-tomcat-7/gatein/lib], exists: [false], isDirectory: [false], canRead: [false]
十二月 27, 2016 10:56:14 上午 org.apache.catalina.core.AprLifecycleListener init
信息: The APR based Apache Tomcat Native library which allows optimal performance in production environments was not found on the java.library.path: /Users/zhongwu/Library/Java/Extensions:/Library/Java/Extensions:/Network/Library/Java/Extensions:/System/Library/Java/Extensions:/usr/lib/java:.
十二月 27, 2016 10:56:14 上午 org.apache.coyote.AbstractProtocol init
信息: Initializing ProtocolHandler ["http-bio-8080"]
十二月 27, 2016 10:56:14 上午 org.apache.coyote.AbstractProtocol init
信息: Initializing ProtocolHandler ["ajp-bio-8009"]
十二月 27, 2016 10:56:14 上午 org.apache.catalina.startup.Catalina load
信息: Initialization processed in 1133 ms
十二月 27, 2016 10:56:14 上午 org.apache.catalina.core.StandardService startInternal
信息: Starting service Catalina
十二月 27, 2016 10:56:14 上午 org.apache.catalina.core.StandardEngine startInternal
信息: Starting Servlet Engine: Apache Tomcat/7.0.42
十二月 27, 2016 10:56:14 上午 org.apache.catalina.startup.HostConfig deployDescriptor
信息: Deploying configuration descriptor /Users/zhongwu/Documents/workspace/cmcc-project/GateIn-3.8.1.Final-tomcat-7/conf/Catalina/localhost/portal.xml
十二月 27, 2016 10:56:15 上午 org.apache.catalina.startup.HostConfig deployDescriptor
警告: A docBase /Users/zhongwu/Documents/workspace/cmcc-project/GateIn-3.8.1.Final-tomcat-7/webapps/portal inside the host appBase has been specified, and will be ignored
十二月 27, 2016 10:56:16 上午 org.apache.catalina.startup.HostConfig deployWAR
信息: Deploying web application archive /Users/zhongwu/Documents/workspace/cmcc-project/GateIn-3.8.1.Final-tomcat-7/webapps/dashboard.war
十二月 27, 2016 10:56:16 上午 org.apache.catalina.startup.HostConfig deployWAR
信息: Deploying web application archive /Users/zhongwu/Documents/workspace/cmcc-project/GateIn-3.8.1.Final-tomcat-7/webapps/exoadmin.war
十二月 27, 2016 10:56:16 上午 org.apache.catalina.startup.HostConfig deployWAR
信息: Deploying web application archive /Users/zhongwu/Documents/workspace/cmcc-project/GateIn-3.8.1.Final-tomcat-7/webapps/eXoGadgets.war
十二月 27, 2016 10:56:17 上午 org.apache.catalina.startup.HostConfig deployWAR
信息: Deploying web application archive /Users/zhongwu/Documents/workspace/cmcc-project/GateIn-3.8.1.Final-tomcat-7/webapps/eXoGadgetServer.war
十二月 27, 2016 10:56:53 上午 org.apache.catalina.startup.HostConfig deployWAR
信息: Deploying web application archive /Users/zhongwu/Documents/workspace/cmcc-project/GateIn-3.8.1.Final-tomcat-7/webapps/eXoResources.war
十二月 27, 2016 10:56:53 上午 org.apache.catalina.startup.HostConfig deployWAR
信息: Deploying web application archive /Users/zhongwu/Documents/workspace/cmcc-project/GateIn-3.8.1.Final-tomcat-7/webapps/gatein-mobile-configuration.war
十二月 27, 2016 10:56:53 上午 org.apache.catalina.startup.HostConfig deployWAR
信息: Deploying web application archive /Users/zhongwu/Documents/workspace/cmcc-project/GateIn-3.8.1.Final-tomcat-7/webapps/gatein-mobile-login.war
十二月 27, 2016 10:56:53 上午 org.apache.catalina.startup.HostConfig deployWAR
信息: Deploying web application archive /Users/zhongwu/Documents/workspace/cmcc-project/GateIn-3.8.1.Final-tomcat-7/webapps/gatein-responsive-skin.war
十二月 27, 2016 10:56:53 上午 org.apache.catalina.startup.HostConfig deployWAR
信息: Deploying web application archive /Users/zhongwu/Documents/workspace/cmcc-project/GateIn-3.8.1.Final-tomcat-7/webapps/gatein-sample-skin.war
十二月 27, 2016 10:56:54 上午 org.apache.catalina.startup.HostConfig deployWAR
信息: Deploying web application archive /Users/zhongwu/Documents/workspace/cmcc-project/GateIn-3.8.1.Final-tomcat-7/webapps/redirect-admin.war
十二月 27, 2016 10:57:07 上午 com.sun.faces.config.ConfigureListener contextInitialized
信息: 初始化上下文 '/redirect-admin' 的 Mojarra 2.1.13 ( 20120907-1514)
十二月 27, 2016 10:57:08 上午 com.sun.faces.spi.InjectionProviderFactory createInstance
信息: JSF1048：有 PostConstruct/PreDestroy 注释。标有这些注释的 ManagedBeans 方法将表示注释已处理。
十二月 27, 2016 10:57:09 上午 org.richfaces.javascript.ClientServiceConfigParser parse
警告: Found JavaScript function definition for class javax.validation.constraints.NotNull, but that class is not presented
十二月 27, 2016 10:57:09 上午 org.richfaces.javascript.ClientServiceConfigParser parse
警告: Found JavaScript function definition for class org.hibernate.validator.constraints.NotEmpty, but that class is not presented
十二月 27, 2016 10:57:09 上午 org.richfaces.javascript.ClientServiceConfigParser parse
警告: Found JavaScript function definition for class javax.validation.constraints.Size, but that class is not presented
十二月 27, 2016 10:57:09 上午 org.richfaces.javascript.ClientServiceConfigParser parse
警告: Found JavaScript function definition for class javax.validation.constraints.Pattern, but that class is not presented
十二月 27, 2016 10:57:09 上午 org.richfaces.javascript.ClientServiceConfigParser parse
警告: Found JavaScript function definition for class javax.validation.constraints.Min, but that class is not presented
十二月 27, 2016 10:57:09 上午 org.richfaces.javascript.ClientServiceConfigParser parse
警告: Found JavaScript function definition for class javax.validation.constraints.Max, but that class is not presented
十二月 27, 2016 10:57:09 上午 org.richfaces.javascript.ClientServiceConfigParser parse
警告: Found JavaScript function definition for class javax.validation.constraints.AssertTrue, but that class is not presented
十二月 27, 2016 10:57:09 上午 org.richfaces.javascript.ClientServiceConfigParser parse
警告: Found JavaScript function definition for class javax.validation.constraints.AssertFalse, but that class is not presented
十二月 27, 2016 10:57:09 上午 org.richfaces.cache.CacheManager getCacheFactory
信息: Selected fallback cache factory
十二月 27, 2016 10:57:09 上午 org.richfaces.cache.lru.LRUMapCacheFactory createCache
信息: Creating LRUMap cache instance using parameters: {javax.portlet.faces.RENDER_POLICY=ALWAYS_DELEGATE, org.richfaces.push.jms.enabled=true, org.gatein.portletbridge.WAR_BUNDLES_PORTLETBRIDGE=true, com.sun.faces.autoCompleteOffOnViewState=false, org.richfaces.resourceOptimization.enabled=true, javax.faces.INTERPRET_EMPTY_STRING_SUBMITTED_VALUES_AS_NULL=true, javax.faces.PROJECT_STAGE=Development, javax.faces.STATE_SAVING_METHOD=server, javax.faces.FACELETS_SKIP_COMMENTS=true, com.sun.faces.enableViewStateIdRendering=false, org.richfaces.enableControlSkinning=false}
十二月 27, 2016 10:57:09 上午 org.richfaces.cache.lru.LRUMapCacheFactory createCache
信息: Creating LRUMap cache instance of 512 items capacity
十二月 27, 2016 10:57:09 上午 org.richfaces.application.InitializationListener onStart
信息: RichFaces Core Implementation by JBoss by Red Hat, version 4.3.1.Final
十二月 27, 2016 10:57:09 上午 org.richfaces.application.InitializationListener initializePushContext
信息: Startup initialization of PushContext
十二月 27, 2016 10:57:09 上午 com.sun.faces.config.ConfigureListener$WebConfigResourceMonitor$Monitor <init>
信息: Monitoring jndi:/localhost/redirect-admin/WEB-INF/faces-config.xml for modifications
十二月 27, 2016 10:57:09 上午 org.apache.catalina.startup.HostConfig deployWAR
信息: Deploying web application archive /Users/zhongwu/Documents/workspace/cmcc-project/GateIn-3.8.1.Final-tomcat-7/webapps/redirect-portlet.war
十二月 27, 2016 10:57:10 上午 org.apache.catalina.startup.HostConfig deployWAR
信息: Deploying web application archive /Users/zhongwu/Documents/workspace/cmcc-project/GateIn-3.8.1.Final-tomcat-7/webapps/responsive-banner-portlet.war
十二月 27, 2016 10:57:10 上午 org.apache.catalina.startup.HostConfig deployWAR
信息: Deploying web application archive /Users/zhongwu/Documents/workspace/cmcc-project/GateIn-3.8.1.Final-tomcat-7/webapps/responsive-community-portlet.war
十二月 27, 2016 10:57:10 上午 org.apache.catalina.startup.HostConfig deployWAR
信息: Deploying web application archive /Users/zhongwu/Documents/workspace/cmcc-project/GateIn-3.8.1.Final-tomcat-7/webapps/responsive-features-portlet.war
十二月 27, 2016 10:57:10 上午 org.apache.catalina.startup.HostConfig deployWAR
信息: Deploying web application archive /Users/zhongwu/Documents/workspace/cmcc-project/GateIn-3.8.1.Final-tomcat-7/webapps/responsive-footer-portlet.war
十二月 27, 2016 10:57:10 上午 org.apache.catalina.startup.HostConfig deployWAR
信息: Deploying web application archive /Users/zhongwu/Documents/workspace/cmcc-project/GateIn-3.8.1.Final-tomcat-7/webapps/responsive-header-portlet.war
十二月 27, 2016 10:57:11 上午 org.apache.catalina.startup.HostConfig deployWAR
信息: Deploying web application archive /Users/zhongwu/Documents/workspace/cmcc-project/GateIn-3.8.1.Final-tomcat-7/webapps/responsive-navigation-portlet.war
十二月 27, 2016 10:57:11 上午 org.apache.catalina.startup.HostConfig deployWAR
信息: Deploying web application archive /Users/zhongwu/Documents/workspace/cmcc-project/GateIn-3.8.1.Final-tomcat-7/webapps/rest.war
十二月 27, 2016 10:57:11 上午 org.apache.catalina.startup.HostConfig deployWAR
信息: Deploying web application archive /Users/zhongwu/Documents/workspace/cmcc-project/GateIn-3.8.1.Final-tomcat-7/webapps/web.war
十二月 27, 2016 10:57:11 上午 org.apache.catalina.startup.HostConfig deployDirectory
信息: Deploying web application directory /Users/zhongwu/Documents/workspace/cmcc-project/GateIn-3.8.1.Final-tomcat-7/webapps/host-manager
十二月 27, 2016 10:57:11 上午 org.apache.catalina.startup.HostConfig deployDirectory
信息: Deploying web application directory /Users/zhongwu/Documents/workspace/cmcc-project/GateIn-3.8.1.Final-tomcat-7/webapps/integration
十二月 27, 2016 10:57:12 上午 org.apache.catalina.startup.HostConfig deployDirectory
信息: Deploying web application directory /Users/zhongwu/Documents/workspace/cmcc-project/GateIn-3.8.1.Final-tomcat-7/webapps/manager
十二月 27, 2016 10:57:12 上午 org.apache.catalina.startup.HostConfig deployDirectory
信息: Deploying web application directory /Users/zhongwu/Documents/workspace/cmcc-project/GateIn-3.8.1.Final-tomcat-7/webapps/ROOT
十二月 27, 2016 10:57:14 上午 org.apache.coyote.AbstractProtocol start
信息: Starting ProtocolHandler ["http-bio-8080"]
十二月 27, 2016 10:57:14 上午 org.apache.coyote.AbstractProtocol start
信息: Starting ProtocolHandler ["ajp-bio-8009"]
十二月 27, 2016 10:57:14 上午 org.apache.catalina.startup.Catalina start
信息: Server startup in 60057 ms
十二月 27, 2016 10:57:15 上午 org.apache.tomcat.util.http.Cookies processCookieHeader
信息: Cookies: Invalid cookie. Value not a token or quoted value
 Note: further occurrences of Cookie errors will be logged at DEBUG level.
十二月 27, 2016 11:33:16 上午 org.apache.catalina.core.StandardServer await
信息: A valid shutdown command was received via the shutdown port. Stopping the Server instance.
十二月 27, 2016 11:33:16 上午 org.apache.coyote.AbstractProtocol pause
信息: Pausing ProtocolHandler ["http-bio-8080"]
十二月 27, 2016 11:33:17 上午 org.apache.coyote.AbstractProtocol pause
信息: Pausing ProtocolHandler ["ajp-bio-8009"]
十二月 27, 2016 11:33:17 上午 org.apache.catalina.core.StandardService stopInternal
信息: Stopping service Catalina
十二月 27, 2016 11:33:17 上午 org.apache.catalina.loader.WebappClassLoader clearReferencesThreads
严重: The web application [/eXoGadgetServer] appears to have started a thread named [com.google.inject.internal.util.$Finalizer] but has failed to stop it. This is very likely to create a memory leak.
十二月 27, 2016 11:33:17 上午 org.apache.catalina.loader.WebappClassLoader clearReferencesThreads
严重: The web application [/eXoGadgetServer] appears to have started a thread named [net.sf.ehcache.CacheManager@57e53ba6] but has failed to stop it. This is very likely to create a memory leak.
十二月 27, 2016 11:33:17 上午 org.apache.catalina.loader.WebappClassLoader clearReferencesThreads
严重: The web application [/redirect-admin] appears to have started a thread named [push-session-manager-thread-0] but has failed to stop it. This is very likely to create a memory leak.
十二月 27, 2016 11:33:17 上午 org.apache.coyote.AbstractProtocol stop
信息: Stopping ProtocolHandler ["http-bio-8080"]
十二月 27, 2016 11:33:18 上午 org.apache.coyote.AbstractProtocol stop
信息: Stopping ProtocolHandler ["ajp-bio-8009"]
十二月 27, 2016 11:33:18 上午 org.apache.coyote.AbstractProtocol destroy
信息: Destroying ProtocolHandler ["http-bio-8080"]
十二月 27, 2016 11:33:18 上午 org.apache.coyote.AbstractProtocol destroy
信息: Destroying ProtocolHandler ["ajp-bio-8009"]
十二月 27, 2016 11:33:26 上午 org.apache.catalina.startup.ClassLoaderFactory validateFile
警告: Problem with directory [/Users/zhongwu/Documents/workspace/cmcc-project/GateIn-3.8.1.Final-tomcat-7/gatein/lib], exists: [false], isDirectory: [false], canRead: [false]
十二月 27, 2016 11:33:27 上午 org.apache.catalina.core.AprLifecycleListener init
信息: The APR based Apache Tomcat Native library which allows optimal performance in production environments was not found on the java.library.path: /Users/zhongwu/Library/Java/Extensions:/Library/Java/Extensions:/Network/Library/Java/Extensions:/System/Library/Java/Extensions:/usr/lib/java:.
十二月 27, 2016 11:33:27 上午 org.apache.coyote.AbstractProtocol init
信息: Initializing ProtocolHandler ["http-bio-8080"]
十二月 27, 2016 11:33:28 上午 org.apache.coyote.AbstractProtocol init
信息: Initializing ProtocolHandler ["ajp-bio-8009"]
十二月 27, 2016 11:33:28 上午 org.apache.catalina.startup.Catalina load
信息: Initialization processed in 872 ms
十二月 27, 2016 11:33:28 上午 org.apache.catalina.core.StandardService startInternal
信息: Starting service Catalina
十二月 27, 2016 11:33:28 上午 org.apache.catalina.core.StandardEngine startInternal
信息: Starting Servlet Engine: Apache Tomcat/7.0.42
十二月 27, 2016 11:33:28 上午 org.apache.catalina.startup.HostConfig deployDescriptor
信息: Deploying configuration descriptor /Users/zhongwu/Documents/workspace/cmcc-project/GateIn-3.8.1.Final-tomcat-7/conf/Catalina/localhost/portal.xml
十二月 27, 2016 11:33:28 上午 org.apache.catalina.startup.HostConfig deployDescriptor
警告: A docBase /Users/zhongwu/Documents/workspace/cmcc-project/GateIn-3.8.1.Final-tomcat-7/webapps/portal inside the host appBase has been specified, and will be ignored
十二月 27, 2016 11:33:29 上午 org.apache.catalina.startup.HostConfig deployWAR
信息: Deploying web application archive /Users/zhongwu/Documents/workspace/cmcc-project/GateIn-3.8.1.Final-tomcat-7/webapps/dashboard.war
十二月 27, 2016 11:33:29 上午 org.apache.catalina.startup.HostConfig deployWAR
信息: Deploying web application archive /Users/zhongwu/Documents/workspace/cmcc-project/GateIn-3.8.1.Final-tomcat-7/webapps/exoadmin.war
十二月 27, 2016 11:33:29 上午 org.apache.catalina.startup.HostConfig deployWAR
信息: Deploying web application archive /Users/zhongwu/Documents/workspace/cmcc-project/GateIn-3.8.1.Final-tomcat-7/webapps/eXoGadgets.war
十二月 27, 2016 11:33:29 上午 org.apache.catalina.startup.HostConfig deployWAR
信息: Deploying web application archive /Users/zhongwu/Documents/workspace/cmcc-project/GateIn-3.8.1.Final-tomcat-7/webapps/eXoGadgetServer.war
十二月 27, 2016 11:34:05 上午 org.apache.catalina.startup.HostConfig deployWAR
信息: Deploying web application archive /Users/zhongwu/Documents/workspace/cmcc-project/GateIn-3.8.1.Final-tomcat-7/webapps/eXoResources.war
十二月 27, 2016 11:34:05 上午 org.apache.catalina.startup.HostConfig deployWAR
信息: Deploying web application archive /Users/zhongwu/Documents/workspace/cmcc-project/GateIn-3.8.1.Final-tomcat-7/webapps/gatein-mobile-configuration.war
十二月 27, 2016 11:34:05 上午 org.apache.catalina.startup.HostConfig deployWAR
信息: Deploying web application archive /Users/zhongwu/Documents/workspace/cmcc-project/GateIn-3.8.1.Final-tomcat-7/webapps/gatein-mobile-login.war
十二月 27, 2016 11:34:05 上午 org.apache.catalina.startup.HostConfig deployWAR
信息: Deploying web application archive /Users/zhongwu/Documents/workspace/cmcc-project/GateIn-3.8.1.Final-tomcat-7/webapps/gatein-responsive-skin.war
十二月 27, 2016 11:34:06 上午 org.apache.catalina.startup.HostConfig deployWAR
信息: Deploying web application archive /Users/zhongwu/Documents/workspace/cmcc-project/GateIn-3.8.1.Final-tomcat-7/webapps/gatein-sample-skin.war
十二月 27, 2016 11:34:06 上午 org.apache.catalina.startup.HostConfig deployWAR
信息: Deploying web application archive /Users/zhongwu/Documents/workspace/cmcc-project/GateIn-3.8.1.Final-tomcat-7/webapps/redirect-admin.war
十二月 27, 2016 11:34:15 上午 com.sun.faces.config.ConfigureListener contextInitialized
信息: 初始化上下文 '/redirect-admin' 的 Mojarra 2.1.13 ( 20120907-1514)
十二月 27, 2016 11:34:16 上午 com.sun.faces.spi.InjectionProviderFactory createInstance
信息: JSF1048：有 PostConstruct/PreDestroy 注释。标有这些注释的 ManagedBeans 方法将表示注释已处理。
十二月 27, 2016 11:34:18 上午 org.richfaces.javascript.ClientServiceConfigParser parse
警告: Found JavaScript function definition for class javax.validation.constraints.NotNull, but that class is not presented
十二月 27, 2016 11:34:18 上午 org.richfaces.javascript.ClientServiceConfigParser parse
警告: Found JavaScript function definition for class org.hibernate.validator.constraints.NotEmpty, but that class is not presented
十二月 27, 2016 11:34:18 上午 org.richfaces.javascript.ClientServiceConfigParser parse
警告: Found JavaScript function definition for class javax.validation.constraints.Size, but that class is not presented
十二月 27, 2016 11:34:18 上午 org.richfaces.javascript.ClientServiceConfigParser parse
警告: Found JavaScript function definition for class javax.validation.constraints.Pattern, but that class is not presented
十二月 27, 2016 11:34:18 上午 org.richfaces.javascript.ClientServiceConfigParser parse
警告: Found JavaScript function definition for class javax.validation.constraints.Min, but that class is not presented
十二月 27, 2016 11:34:18 上午 org.richfaces.javascript.ClientServiceConfigParser parse
警告: Found JavaScript function definition for class javax.validation.constraints.Max, but that class is not presented
十二月 27, 2016 11:34:18 上午 org.richfaces.javascript.ClientServiceConfigParser parse
警告: Found JavaScript function definition for class javax.validation.constraints.AssertTrue, but that class is not presented
十二月 27, 2016 11:34:18 上午 org.richfaces.javascript.ClientServiceConfigParser parse
警告: Found JavaScript function definition for class javax.validation.constraints.AssertFalse, but that class is not presented
十二月 27, 2016 11:34:18 上午 org.richfaces.cache.CacheManager getCacheFactory
信息: Selected fallback cache factory
十二月 27, 2016 11:34:18 上午 org.richfaces.cache.lru.LRUMapCacheFactory createCache
信息: Creating LRUMap cache instance using parameters: {javax.portlet.faces.RENDER_POLICY=ALWAYS_DELEGATE, org.richfaces.push.jms.enabled=true, org.gatein.portletbridge.WAR_BUNDLES_PORTLETBRIDGE=true, com.sun.faces.autoCompleteOffOnViewState=false, org.richfaces.resourceOptimization.enabled=true, javax.faces.INTERPRET_EMPTY_STRING_SUBMITTED_VALUES_AS_NULL=true, javax.faces.PROJECT_STAGE=Development, javax.faces.STATE_SAVING_METHOD=server, javax.faces.FACELETS_SKIP_COMMENTS=true, com.sun.faces.enableViewStateIdRendering=false, org.richfaces.enableControlSkinning=false}
十二月 27, 2016 11:34:18 上午 org.richfaces.cache.lru.LRUMapCacheFactory createCache
信息: Creating LRUMap cache instance of 512 items capacity
十二月 27, 2016 11:34:18 上午 org.richfaces.application.InitializationListener onStart
信息: RichFaces Core Implementation by JBoss by Red Hat, version 4.3.1.Final
十二月 27, 2016 11:34:18 上午 org.richfaces.application.InitializationListener initializePushContext
信息: Startup initialization of PushContext
十二月 27, 2016 11:34:18 上午 com.sun.faces.config.ConfigureListener$WebConfigResourceMonitor$Monitor <init>
信息: Monitoring jndi:/localhost/redirect-admin/WEB-INF/faces-config.xml for modifications
十二月 27, 2016 11:34:18 上午 org.apache.catalina.startup.HostConfig deployWAR
信息: Deploying web application archive /Users/zhongwu/Documents/workspace/cmcc-project/GateIn-3.8.1.Final-tomcat-7/webapps/redirect-portlet.war
十二月 27, 2016 11:34:19 上午 org.apache.catalina.startup.HostConfig deployWAR
信息: Deploying web application archive /Users/zhongwu/Documents/workspace/cmcc-project/GateIn-3.8.1.Final-tomcat-7/webapps/responsive-banner-portlet.war
十二月 27, 2016 11:34:19 上午 org.apache.catalina.startup.HostConfig deployWAR
信息: Deploying web application archive /Users/zhongwu/Documents/workspace/cmcc-project/GateIn-3.8.1.Final-tomcat-7/webapps/responsive-community-portlet.war
十二月 27, 2016 11:34:19 上午 org.apache.catalina.startup.HostConfig deployWAR
信息: Deploying web application archive /Users/zhongwu/Documents/workspace/cmcc-project/GateIn-3.8.1.Final-tomcat-7/webapps/responsive-features-portlet.war
十二月 27, 2016 11:34:19 上午 org.apache.catalina.startup.HostConfig deployWAR
信息: Deploying web application archive /Users/zhongwu/Documents/workspace/cmcc-project/GateIn-3.8.1.Final-tomcat-7/webapps/responsive-footer-portlet.war
十二月 27, 2016 11:34:20 上午 org.apache.catalina.startup.HostConfig deployWAR
信息: Deploying web application archive /Users/zhongwu/Documents/workspace/cmcc-project/GateIn-3.8.1.Final-tomcat-7/webapps/responsive-header-portlet.war
十二月 27, 2016 11:34:20 上午 org.apache.catalina.startup.HostConfig deployWAR
信息: Deploying web application archive /Users/zhongwu/Documents/workspace/cmcc-project/GateIn-3.8.1.Final-tomcat-7/webapps/responsive-navigation-portlet.war
十二月 27, 2016 11:34:20 上午 org.apache.catalina.startup.HostConfig deployWAR
信息: Deploying web application archive /Users/zhongwu/Documents/workspace/cmcc-project/GateIn-3.8.1.Final-tomcat-7/webapps/rest.war
十二月 27, 2016 11:34:20 上午 org.apache.catalina.startup.HostConfig deployWAR
信息: Deploying web application archive /Users/zhongwu/Documents/workspace/cmcc-project/GateIn-3.8.1.Final-tomcat-7/webapps/web.war
十二月 27, 2016 11:34:20 上午 org.apache.catalina.startup.HostConfig deployDirectory
信息: Deploying web application directory /Users/zhongwu/Documents/workspace/cmcc-project/GateIn-3.8.1.Final-tomcat-7/webapps/host-manager
十二月 27, 2016 11:34:20 上午 org.apache.catalina.startup.HostConfig deployDirectory
信息: Deploying web application directory /Users/zhongwu/Documents/workspace/cmcc-project/GateIn-3.8.1.Final-tomcat-7/webapps/integration
十二月 27, 2016 11:34:21 上午 org.apache.catalina.startup.HostConfig deployDirectory
信息: Deploying web application directory /Users/zhongwu/Documents/workspace/cmcc-project/GateIn-3.8.1.Final-tomcat-7/webapps/manager
十二月 27, 2016 11:34:21 上午 org.apache.catalina.startup.HostConfig deployDirectory
信息: Deploying web application directory /Users/zhongwu/Documents/workspace/cmcc-project/GateIn-3.8.1.Final-tomcat-7/webapps/ROOT
十二月 27, 2016 11:34:26 上午 org.picketlink.idm.impl.cache.AbstractInfinispanCacheProvider initialize
信息: Infinispan cache for Picketlink IDM created successfuly. cache name: idm-portal-api
十二月 27, 2016 11:34:26 上午 org.picketlink.idm.impl.cache.AbstractInfinispanCacheProvider initialize
信息: Infinispan cache for Picketlink IDM created successfuly. cache name: idm-portal-store
十二月 27, 2016 11:34:33 上午 org.picketlink.idm.impl.credential.HashingEncoder afterInitialize
信息: Algorithm SHA-256 will be used for password hashing
十二月 27, 2016 11:34:33 上午 org.picketlink.idm.impl.credential.DatabaseReadingSaltEncoder afterInitialize
信息: Registered SecureRandomProvider will be used for random generating of password salts
十二月 27, 2016 11:34:46 上午 javax.portlet.faces.GenericFacesPortlet init
信息: Init GenericFacesPortlet for portlet RedirectsAndImportExportAdminPortlet
十二月 27, 2016 11:34:46 上午 javax.portlet.faces.GenericFacesPortlet calculateBridgeClassName
信息: Bridge class name is org.jboss.portletbridge.PortletBridgeImpl
十二月 27, 2016 11:34:46 上午 org.apache.coyote.AbstractProtocol start
信息: Starting ProtocolHandler ["http-bio-8080"]
十二月 27, 2016 11:34:46 上午 org.apache.coyote.AbstractProtocol start
信息: Starting ProtocolHandler ["ajp-bio-8009"]
十二月 27, 2016 11:34:46 上午 org.apache.catalina.startup.Catalina start
信息: Server startup in 78795 ms
十二月 27, 2016 11:43:07 上午 org.apache.catalina.core.StandardServer await
信息: A valid shutdown command was received via the shutdown port. Stopping the Server instance.
十二月 27, 2016 11:43:07 上午 org.apache.coyote.AbstractProtocol pause
信息: Pausing ProtocolHandler ["http-bio-8080"]
十二月 27, 2016 11:43:08 上午 org.apache.coyote.AbstractProtocol pause
信息: Pausing ProtocolHandler ["ajp-bio-8009"]
十二月 27, 2016 11:43:09 上午 org.apache.catalina.core.StandardService stopInternal
信息: Stopping service Catalina
十二月 27, 2016 11:43:09 上午 javax.portlet.faces.GenericFacesPortlet destroy
信息: Destroy GenericFacesPortlet for portlet RedirectsAndImportExportAdminPortlet
十二月 27, 2016 11:43:09 上午 org.apache.catalina.loader.WebappClassLoader clearReferencesThreads
严重: The web application [/eXoGadgetServer] appears to have started a thread named [com.google.inject.internal.util.$Finalizer] but has failed to stop it. This is very likely to create a memory leak.
十二月 27, 2016 11:43:09 上午 org.apache.catalina.loader.WebappClassLoader clearReferencesThreads
严重: The web application [/eXoGadgetServer] appears to have started a thread named [net.sf.ehcache.CacheManager@684ecd09] but has failed to stop it. This is very likely to create a memory leak.
十二月 27, 2016 11:43:09 上午 org.apache.catalina.loader.WebappClassLoader clearReferencesThreads
严重: The web application [/redirect-admin] appears to have started a thread named [push-session-manager-thread-0] but has failed to stop it. This is very likely to create a memory leak.
十二月 27, 2016 11:43:09 上午 org.apache.coyote.AbstractProtocol stop
信息: Stopping ProtocolHandler ["http-bio-8080"]
十二月 27, 2016 11:43:09 上午 org.apache.catalina.startup.ClassLoaderFactory validateFile
警告: Problem with directory [/Users/zhongwu/Documents/workspace/cmcc-project/GateIn-3.8.1.Final-tomcat-7/gatein/lib], exists: [false], isDirectory: [false], canRead: [false]
十二月 27, 2016 11:43:10 上午 org.apache.catalina.core.AprLifecycleListener init
信息: The APR based Apache Tomcat Native library which allows optimal performance in production environments was not found on the java.library.path: /Users/zhongwu/Library/Java/Extensions:/Library/Java/Extensions:/Network/Library/Java/Extensions:/System/Library/Java/Extensions:/usr/lib/java:.
十二月 27, 2016 11:43:10 上午 org.apache.coyote.AbstractProtocol stop
信息: Stopping ProtocolHandler ["ajp-bio-8009"]
十二月 27, 2016 11:43:10 上午 org.apache.coyote.AbstractProtocol destroy
信息: Destroying ProtocolHandler ["http-bio-8080"]
十二月 27, 2016 11:43:10 上午 org.apache.coyote.AbstractProtocol destroy
信息: Destroying ProtocolHandler ["ajp-bio-8009"]
十二月 27, 2016 11:43:10 上午 org.apache.coyote.AbstractProtocol init
信息: Initializing ProtocolHandler ["http-bio-8080"]
十二月 27, 2016 11:43:10 上午 org.apache.coyote.AbstractProtocol init
信息: Initializing ProtocolHandler ["ajp-bio-8009"]
十二月 27, 2016 11:43:10 上午 org.apache.catalina.startup.Catalina load
信息: Initialization processed in 867 ms
十二月 27, 2016 11:43:10 上午 org.apache.catalina.core.StandardService startInternal
信息: Starting service Catalina
十二月 27, 2016 11:43:10 上午 org.apache.catalina.core.StandardEngine startInternal
信息: Starting Servlet Engine: Apache Tomcat/7.0.42
十二月 27, 2016 11:43:10 上午 org.apache.catalina.startup.HostConfig deployDescriptor
信息: Deploying configuration descriptor /Users/zhongwu/Documents/workspace/cmcc-project/GateIn-3.8.1.Final-tomcat-7/conf/Catalina/localhost/portal.xml
十二月 27, 2016 11:43:10 上午 org.apache.catalina.startup.HostConfig deployDescriptor
警告: A docBase /Users/zhongwu/Documents/workspace/cmcc-project/GateIn-3.8.1.Final-tomcat-7/webapps/portal inside the host appBase has been specified, and will be ignored
十二月 27, 2016 11:43:12 上午 org.apache.catalina.startup.HostConfig deployWAR
信息: Deploying web application archive /Users/zhongwu/Documents/workspace/cmcc-project/GateIn-3.8.1.Final-tomcat-7/webapps/dashboard.war
十二月 27, 2016 11:43:12 上午 org.apache.catalina.startup.HostConfig deployWAR
信息: Deploying web application archive /Users/zhongwu/Documents/workspace/cmcc-project/GateIn-3.8.1.Final-tomcat-7/webapps/exoadmin.war
十二月 27, 2016 11:43:12 上午 org.apache.catalina.startup.HostConfig deployWAR
信息: Deploying web application archive /Users/zhongwu/Documents/workspace/cmcc-project/GateIn-3.8.1.Final-tomcat-7/webapps/eXoGadgets.war
十二月 27, 2016 11:43:13 上午 org.apache.catalina.startup.HostConfig deployWAR
信息: Deploying web application archive /Users/zhongwu/Documents/workspace/cmcc-project/GateIn-3.8.1.Final-tomcat-7/webapps/eXoGadgetServer.war
十二月 27, 2016 11:43:48 上午 org.apache.catalina.startup.HostConfig deployWAR
信息: Deploying web application archive /Users/zhongwu/Documents/workspace/cmcc-project/GateIn-3.8.1.Final-tomcat-7/webapps/eXoResources.war
十二月 27, 2016 11:43:48 上午 org.apache.catalina.startup.HostConfig deployWAR
信息: Deploying web application archive /Users/zhongwu/Documents/workspace/cmcc-project/GateIn-3.8.1.Final-tomcat-7/webapps/gatein-mobile-configuration.war
十二月 27, 2016 11:43:48 上午 org.apache.catalina.startup.HostConfig deployWAR
信息: Deploying web application archive /Users/zhongwu/Documents/workspace/cmcc-project/GateIn-3.8.1.Final-tomcat-7/webapps/gatein-mobile-login.war
十二月 27, 2016 11:43:48 上午 org.apache.catalina.startup.HostConfig deployWAR
信息: Deploying web application archive /Users/zhongwu/Documents/workspace/cmcc-project/GateIn-3.8.1.Final-tomcat-7/webapps/gatein-responsive-skin.war
十二月 27, 2016 11:43:49 上午 org.apache.catalina.startup.HostConfig deployWAR
信息: Deploying web application archive /Users/zhongwu/Documents/workspace/cmcc-project/GateIn-3.8.1.Final-tomcat-7/webapps/gatein-sample-skin.war
十二月 27, 2016 11:43:49 上午 org.apache.catalina.startup.HostConfig deployWAR
信息: Deploying web application archive /Users/zhongwu/Documents/workspace/cmcc-project/GateIn-3.8.1.Final-tomcat-7/webapps/redirect-admin.war
十二月 27, 2016 11:43:57 上午 com.sun.faces.config.ConfigureListener contextInitialized
信息: 初始化上下文 '/redirect-admin' 的 Mojarra 2.1.13 ( 20120907-1514)
十二月 27, 2016 11:43:58 上午 com.sun.faces.spi.InjectionProviderFactory createInstance
信息: JSF1048：有 PostConstruct/PreDestroy 注释。标有这些注释的 ManagedBeans 方法将表示注释已处理。
十二月 27, 2016 11:43:59 上午 org.richfaces.javascript.ClientServiceConfigParser parse
警告: Found JavaScript function definition for class javax.validation.constraints.NotNull, but that class is not presented
十二月 27, 2016 11:43:59 上午 org.richfaces.javascript.ClientServiceConfigParser parse
警告: Found JavaScript function definition for class org.hibernate.validator.constraints.NotEmpty, but that class is not presented
十二月 27, 2016 11:43:59 上午 org.richfaces.javascript.ClientServiceConfigParser parse
警告: Found JavaScript function definition for class javax.validation.constraints.Size, but that class is not presented
十二月 27, 2016 11:43:59 上午 org.richfaces.javascript.ClientServiceConfigParser parse
警告: Found JavaScript function definition for class javax.validation.constraints.Pattern, but that class is not presented
十二月 27, 2016 11:43:59 上午 org.richfaces.javascript.ClientServiceConfigParser parse
警告: Found JavaScript function definition for class javax.validation.constraints.Min, but that class is not presented
十二月 27, 2016 11:43:59 上午 org.richfaces.javascript.ClientServiceConfigParser parse
警告: Found JavaScript function definition for class javax.validation.constraints.Max, but that class is not presented
十二月 27, 2016 11:43:59 上午 org.richfaces.javascript.ClientServiceConfigParser parse
警告: Found JavaScript function definition for class javax.validation.constraints.AssertTrue, but that class is not presented
十二月 27, 2016 11:43:59 上午 org.richfaces.javascript.ClientServiceConfigParser parse
警告: Found JavaScript function definition for class javax.validation.constraints.AssertFalse, but that class is not presented
十二月 27, 2016 11:43:59 上午 org.richfaces.cache.CacheManager getCacheFactory
信息: Selected fallback cache factory
十二月 27, 2016 11:43:59 上午 org.richfaces.cache.lru.LRUMapCacheFactory createCache
信息: Creating LRUMap cache instance using parameters: {javax.portlet.faces.RENDER_POLICY=ALWAYS_DELEGATE, org.richfaces.push.jms.enabled=true, org.gatein.portletbridge.WAR_BUNDLES_PORTLETBRIDGE=true, com.sun.faces.autoCompleteOffOnViewState=false, org.richfaces.resourceOptimization.enabled=true, javax.faces.INTERPRET_EMPTY_STRING_SUBMITTED_VALUES_AS_NULL=true, javax.faces.PROJECT_STAGE=Development, javax.faces.STATE_SAVING_METHOD=server, javax.faces.FACELETS_SKIP_COMMENTS=true, com.sun.faces.enableViewStateIdRendering=false, org.richfaces.enableControlSkinning=false}
十二月 27, 2016 11:43:59 上午 org.richfaces.cache.lru.LRUMapCacheFactory createCache
信息: Creating LRUMap cache instance of 512 items capacity
十二月 27, 2016 11:43:59 上午 org.richfaces.application.InitializationListener onStart
信息: RichFaces Core Implementation by JBoss by Red Hat, version 4.3.1.Final
十二月 27, 2016 11:43:59 上午 org.richfaces.application.InitializationListener initializePushContext
信息: Startup initialization of PushContext
十二月 27, 2016 11:43:59 上午 com.sun.faces.config.ConfigureListener$WebConfigResourceMonitor$Monitor <init>
信息: Monitoring jndi:/localhost/redirect-admin/WEB-INF/faces-config.xml for modifications
十二月 27, 2016 11:43:59 上午 org.apache.catalina.startup.HostConfig deployWAR
信息: Deploying web application archive /Users/zhongwu/Documents/workspace/cmcc-project/GateIn-3.8.1.Final-tomcat-7/webapps/redirect-portlet.war
十二月 27, 2016 11:43:59 上午 org.apache.catalina.startup.HostConfig deployWAR
信息: Deploying web application archive /Users/zhongwu/Documents/workspace/cmcc-project/GateIn-3.8.1.Final-tomcat-7/webapps/responsive-banner-portlet.war
十二月 27, 2016 11:43:59 上午 org.apache.catalina.startup.HostConfig deployWAR
信息: Deploying web application archive /Users/zhongwu/Documents/workspace/cmcc-project/GateIn-3.8.1.Final-tomcat-7/webapps/responsive-community-portlet.war
十二月 27, 2016 11:43:59 上午 org.apache.catalina.startup.HostConfig deployWAR
信息: Deploying web application archive /Users/zhongwu/Documents/workspace/cmcc-project/GateIn-3.8.1.Final-tomcat-7/webapps/responsive-features-portlet.war
十二月 27, 2016 11:44:00 上午 org.apache.catalina.startup.HostConfig deployWAR
信息: Deploying web application archive /Users/zhongwu/Documents/workspace/cmcc-project/GateIn-3.8.1.Final-tomcat-7/webapps/responsive-footer-portlet.war
十二月 27, 2016 11:44:00 上午 org.apache.catalina.startup.HostConfig deployWAR
信息: Deploying web application archive /Users/zhongwu/Documents/workspace/cmcc-project/GateIn-3.8.1.Final-tomcat-7/webapps/responsive-header-portlet.war
十二月 27, 2016 11:44:00 上午 org.apache.catalina.startup.HostConfig deployWAR
信息: Deploying web application archive /Users/zhongwu/Documents/workspace/cmcc-project/GateIn-3.8.1.Final-tomcat-7/webapps/responsive-navigation-portlet.war
十二月 27, 2016 11:44:00 上午 org.apache.catalina.startup.HostConfig deployWAR
信息: Deploying web application archive /Users/zhongwu/Documents/workspace/cmcc-project/GateIn-3.8.1.Final-tomcat-7/webapps/rest.war
十二月 27, 2016 11:44:00 上午 org.apache.catalina.startup.HostConfig deployWAR
信息: Deploying web application archive /Users/zhongwu/Documents/workspace/cmcc-project/GateIn-3.8.1.Final-tomcat-7/webapps/web.war
十二月 27, 2016 11:44:00 上午 org.apache.catalina.startup.HostConfig deployDirectory
信息: Deploying web application directory /Users/zhongwu/Documents/workspace/cmcc-project/GateIn-3.8.1.Final-tomcat-7/webapps/host-manager
十二月 27, 2016 11:44:01 上午 org.apache.catalina.startup.HostConfig deployDirectory
信息: Deploying web application directory /Users/zhongwu/Documents/workspace/cmcc-project/GateIn-3.8.1.Final-tomcat-7/webapps/integration
十二月 27, 2016 11:44:01 上午 org.apache.catalina.startup.HostConfig deployDirectory
信息: Deploying web application directory /Users/zhongwu/Documents/workspace/cmcc-project/GateIn-3.8.1.Final-tomcat-7/webapps/manager
十二月 27, 2016 11:44:01 上午 org.apache.catalina.startup.HostConfig deployDirectory
信息: Deploying web application directory /Users/zhongwu/Documents/workspace/cmcc-project/GateIn-3.8.1.Final-tomcat-7/webapps/ROOT
十二月 27, 2016 11:44:05 上午 org.picketlink.idm.impl.cache.AbstractInfinispanCacheProvider initialize
信息: Infinispan cache for Picketlink IDM created successfuly. cache name: idm-portal-api
十二月 27, 2016 11:44:05 上午 org.picketlink.idm.impl.cache.AbstractInfinispanCacheProvider initialize
信息: Infinispan cache for Picketlink IDM created successfuly. cache name: idm-portal-store
十二月 27, 2016 11:44:10 上午 org.picketlink.idm.impl.credential.HashingEncoder afterInitialize
信息: Algorithm SHA-256 will be used for password hashing
十二月 27, 2016 11:44:10 上午 org.picketlink.idm.impl.credential.DatabaseReadingSaltEncoder afterInitialize
信息: Registered SecureRandomProvider will be used for random generating of password salts
十二月 27, 2016 11:44:13 上午 javax.portlet.faces.GenericFacesPortlet init
信息: Init GenericFacesPortlet for portlet RedirectsAndImportExportAdminPortlet
十二月 27, 2016 11:44:13 上午 javax.portlet.faces.GenericFacesPortlet calculateBridgeClassName
信息: Bridge class name is org.jboss.portletbridge.PortletBridgeImpl
十二月 27, 2016 11:44:14 上午 org.apache.coyote.AbstractProtocol start
信息: Starting ProtocolHandler ["http-bio-8080"]
十二月 27, 2016 11:44:14 上午 org.apache.coyote.AbstractProtocol start
信息: Starting ProtocolHandler ["ajp-bio-8009"]
十二月 27, 2016 11:44:14 上午 org.apache.catalina.startup.Catalina start
信息: Server startup in 63644 ms
十二月 27, 2016 11:44:28 上午 org.apache.tomcat.util.http.Cookies processCookieHeader
信息: Cookies: Invalid cookie. Value not a token or quoted value
 Note: further occurrences of Cookie errors will be logged at DEBUG level.
十二月 27, 2016 11:47:37 上午 org.apache.catalina.realm.JAASRealm authenticate
警告: Login exception authenticating username "root"
javax.security.auth.login.LoginException: Login failed for root
	at org.exoplatform.services.security.jaas.DefaultLoginModule.login(DefaultLoginModule.java:140)
	at sun.reflect.NativeMethodAccessorImpl.invoke0(Native Method)
	at sun.reflect.NativeMethodAccessorImpl.invoke(NativeMethodAccessorImpl.java:62)
	at sun.reflect.DelegatingMethodAccessorImpl.invoke(DelegatingMethodAccessorImpl.java:43)
	at java.lang.reflect.Method.invoke(Method.java:498)
	at javax.security.auth.login.LoginContext.invoke(LoginContext.java:755)
	at javax.security.auth.login.LoginContext.access$000(LoginContext.java:195)
	at javax.security.auth.login.LoginContext$4.run(LoginContext.java:682)
	at javax.security.auth.login.LoginContext$4.run(LoginContext.java:680)
	at java.security.AccessController.doPrivileged(Native Method)
	at javax.security.auth.login.LoginContext.invokePriv(LoginContext.java:680)
	at javax.security.auth.login.LoginContext.login(LoginContext.java:587)
	at org.apache.catalina.realm.JAASRealm.authenticate(JAASRealm.java:435)
	at org.apache.catalina.realm.JAASRealm.authenticate(JAASRealm.java:356)
	at org.apache.catalina.authenticator.AuthenticatorBase.doLogin(AuthenticatorBase.java:849)
	at org.apache.catalina.authenticator.AuthenticatorBase.login(AuthenticatorBase.java:831)
	at org.apache.catalina.connector.Request.login(Request.java:2622)
	at org.apache.catalina.connector.RequestFacade.login(RequestFacade.java:1065)
	at org.gatein.wci.tomcat.TC7ServletContainerContext.login(TC7ServletContainerContext.java:137)
	at org.gatein.wci.ServletContainer.login(ServletContainer.java:174)
	at org.exoplatform.web.login.LoginServlet.doGet(LoginServlet.java:159)
	at javax.servlet.http.HttpServlet.service(HttpServlet.java:621)
	at org.exoplatform.container.web.AbstractHttpServlet.onService(AbstractHttpServlet.java:184)
	at org.exoplatform.container.web.AbstractHttpServlet.service(AbstractHttpServlet.java:133)
	at javax.servlet.http.HttpServlet.service(HttpServlet.java:728)
	at org.apache.catalina.core.ApplicationFilterChain.internalDoFilter(ApplicationFilterChain.java:305)
	at org.apache.catalina.core.ApplicationFilterChain.doFilter(ApplicationFilterChain.java:210)
	at org.exoplatform.web.filter.ExtensibleFilter$ExtensibleFilterChain.doFilter(ExtensibleFilter.java:96)
	at org.gatein.portal.installer.PortalSetupFilter.doFilter(PortalSetupFilter.java:72)
	at org.exoplatform.web.filter.ExtensibleFilter$ExtensibleFilterChain.doFilter(ExtensibleFilter.java:92)
	at org.exoplatform.web.filter.ExtensibleFilter.doFilter(ExtensibleFilter.java:71)
	at org.exoplatform.web.filter.GenericFilter.doFilter(GenericFilter.java:70)
	at org.apache.catalina.core.ApplicationFilterChain.internalDoFilter(ApplicationFilterChain.java:243)
	at org.apache.catalina.core.ApplicationFilterChain.doFilter(ApplicationFilterChain.java:210)
	at org.exoplatform.web.CacheUserProfileFilter.doFilter(CacheUserProfileFilter.java:68)
	at org.apache.catalina.core.ApplicationFilterChain.internalDoFilter(ApplicationFilterChain.java:243)
	at org.apache.catalina.core.ApplicationFilterChain.doFilter(ApplicationFilterChain.java:210)
	at org.exoplatform.frameworks.jcr.web.ThreadLocalSessionProviderInitializedFilter.doFilter(ThreadLocalSessionProviderInitializedFilter.java:122)
	at org.apache.catalina.core.ApplicationFilterChain.internalDoFilter(ApplicationFilterChain.java:243)
	at org.apache.catalina.core.ApplicationFilterChain.doFilter(ApplicationFilterChain.java:210)
	at org.exoplatform.web.login.ConversationStateUpdateFilter.doFilter(ConversationStateUpdateFilter.java:66)
	at org.apache.catalina.core.ApplicationFilterChain.internalDoFilter(ApplicationFilterChain.java:243)
	at org.apache.catalina.core.ApplicationFilterChain.doFilter(ApplicationFilterChain.java:210)
	at org.gatein.web.security.impersonation.ImpersonationFilter.doFilter(ImpersonationFilter.java:84)
	at org.apache.catalina.core.ApplicationFilterChain.internalDoFilter(ApplicationFilterChain.java:243)
	at org.apache.catalina.core.ApplicationFilterChain.doFilter(ApplicationFilterChain.java:210)
	at org.exoplatform.services.security.web.SetCurrentIdentityFilter.doFilter(SetCurrentIdentityFilter.java:88)
	at org.apache.catalina.core.ApplicationFilterChain.internalDoFilter(ApplicationFilterChain.java:243)
	at org.apache.catalina.core.ApplicationFilterChain.doFilter(ApplicationFilterChain.java:210)
	at org.exoplatform.web.login.RememberMeFilter.doFilter(RememberMeFilter.java:122)
	at org.exoplatform.web.login.RememberMeFilter.doFilter(RememberMeFilter.java:55)
	at org.apache.catalina.core.ApplicationFilterChain.internalDoFilter(ApplicationFilterChain.java:243)
	at org.apache.catalina.core.ApplicationFilterChain.doFilter(ApplicationFilterChain.java:210)
	at org.gatein.security.oauth.webapi.OAuthDelegateFilter.doFilter(OAuthDelegateFilter.java:58)
	at org.apache.catalina.core.ApplicationFilterChain.internalDoFilter(ApplicationFilterChain.java:243)
	at org.apache.catalina.core.ApplicationFilterChain.doFilter(ApplicationFilterChain.java:210)
	at org.gatein.sso.integration.SSODelegateFilter$SSOFilterChain.doFilter(SSODelegateFilter.java:128)
	at org.gatein.sso.agent.filter.AbstractLogoutFilter.doFilter(AbstractLogoutFilter.java:112)
	at org.gatein.sso.integration.SSODelegateFilter$SSOFilterChain.doFilter(SSODelegateFilter.java:119)
	at org.gatein.sso.integration.SSODelegateFilter.doFilter(SSODelegateFilter.java:56)
	at org.apache.catalina.core.ApplicationFilterChain.internalDoFilter(ApplicationFilterChain.java:243)
	at org.apache.catalina.core.ApplicationFilterChain.doFilter(ApplicationFilterChain.java:210)
	at org.exoplatform.container.web.PortalContainerFilter.doFilter(PortalContainerFilter.java:78)
	at org.apache.catalina.core.ApplicationFilterChain.internalDoFilter(ApplicationFilterChain.java:243)
	at org.apache.catalina.core.ApplicationFilterChain.doFilter(ApplicationFilterChain.java:210)
	at org.gatein.portal.init.PortalCheckInitFilter.doFilter(PortalCheckInitFilter.java:66)
	at org.apache.catalina.core.ApplicationFilterChain.internalDoFilter(ApplicationFilterChain.java:243)
	at org.apache.catalina.core.ApplicationFilterChain.doFilter(ApplicationFilterChain.java:210)
	at org.apache.catalina.core.StandardWrapperValve.invoke(StandardWrapperValve.java:222)
	at org.apache.catalina.core.StandardContextValve.invoke(StandardContextValve.java:123)
	at org.apache.catalina.authenticator.AuthenticatorBase.invoke(AuthenticatorBase.java:502)
	at org.gatein.sso.agent.tomcat.ServletAccessValve.invoke(ServletAccessValve.java:55)
	at org.apache.catalina.core.StandardHostValve.invoke(StandardHostValve.java:171)
	at org.apache.catalina.valves.ErrorReportValve.invoke(ErrorReportValve.java:99)
	at org.gatein.sso.agent.tomcat.ServletAccessValve.invoke(ServletAccessValve.java:55)
	at org.apache.catalina.valves.AccessLogValve.invoke(AccessLogValve.java:953)
	at org.apache.catalina.core.StandardEngineValve.invoke(StandardEngineValve.java:118)
	at org.apache.catalina.connector.CoyoteAdapter.service(CoyoteAdapter.java:408)
	at org.apache.coyote.http11.AbstractHttp11Processor.process(AbstractHttp11Processor.java:1023)
	at org.apache.coyote.AbstractProtocol$AbstractConnectionHandler.process(AbstractProtocol.java:589)
	at org.apache.tomcat.util.net.JIoEndpoint$SocketProcessor.run(JIoEndpoint.java:310)
	at java.util.concurrent.ThreadPoolExecutor.runWorker(ThreadPoolExecutor.java:1142)
	at java.util.concurrent.ThreadPoolExecutor$Worker.run(ThreadPoolExecutor.java:617)
	at java.lang.Thread.run(Thread.java:745)

Dec 27, 2016 5:10:26 PM org.apache.catalina.startup.ClassLoaderFactory validateFile
WARNING: Problem with directory [/root/zhongwu1/GateIn-3.8.1.Final-tomcat-7/gatein/lib], exists: [false], isDirectory: [false], canRead: [false]
Dec 27, 2016 5:10:27 PM org.apache.catalina.core.AprLifecycleListener init
INFO: The APR based Apache Tomcat Native library which allows optimal performance in production environments was not found on the java.library.path: /usr/java/packages/lib/amd64:/usr/lib64:/lib64:/lib:/usr/lib
Dec 27, 2016 5:10:27 PM org.apache.coyote.AbstractProtocol init
INFO: Initializing ProtocolHandler ["http-bio-8182"]
Dec 27, 2016 5:10:27 PM org.apache.coyote.AbstractProtocol init
INFO: Initializing ProtocolHandler ["ajp-bio-8010"]
Dec 27, 2016 5:10:27 PM org.apache.catalina.startup.Catalina load
INFO: Initialization processed in 861 ms
Dec 27, 2016 5:10:27 PM org.apache.catalina.core.StandardService startInternal
INFO: Starting service Catalina
Dec 27, 2016 5:10:27 PM org.apache.catalina.core.StandardEngine startInternal
INFO: Starting Servlet Engine: Apache Tomcat/7.0.42
Dec 27, 2016 5:10:27 PM org.apache.catalina.startup.HostConfig deployWAR
INFO: Deploying web application archive /root/zhongwu1/GateIn-3.8.1.Final-tomcat-7/webapps/gatein-sample-skin.war
Dec 27, 2016 5:10:28 PM org.apache.catalina.startup.HostConfig deployWAR
INFO: Deploying web application archive /root/zhongwu1/GateIn-3.8.1.Final-tomcat-7/webapps/rest.war
Dec 27, 2016 5:10:29 PM org.apache.catalina.startup.HostConfig deployWAR
INFO: Deploying web application archive /root/zhongwu1/GateIn-3.8.1.Final-tomcat-7/webapps/eXoResources.war
Dec 27, 2016 5:10:29 PM org.apache.catalina.startup.HostConfig deployWAR
INFO: Deploying web application archive /root/zhongwu1/GateIn-3.8.1.Final-tomcat-7/webapps/gatein-mobile-configuration.war
Dec 27, 2016 5:10:29 PM org.apache.catalina.startup.HostConfig deployWAR
INFO: Deploying web application archive /root/zhongwu1/GateIn-3.8.1.Final-tomcat-7/webapps/responsive-header-portlet.war
Dec 27, 2016 5:10:29 PM org.apache.catalina.startup.HostConfig deployWAR
INFO: Deploying web application archive /root/zhongwu1/GateIn-3.8.1.Final-tomcat-7/webapps/dashboard.war
Dec 27, 2016 5:10:30 PM org.apache.catalina.startup.HostConfig deployWAR
INFO: Deploying web application archive /root/zhongwu1/GateIn-3.8.1.Final-tomcat-7/webapps/responsive-community-portlet.war
Dec 27, 2016 5:10:30 PM org.apache.catalina.startup.HostConfig deployWAR
INFO: Deploying web application archive /root/zhongwu1/GateIn-3.8.1.Final-tomcat-7/webapps/responsive-footer-portlet.war
Dec 27, 2016 5:10:30 PM org.apache.catalina.startup.HostConfig deployWAR
INFO: Deploying web application archive /root/zhongwu1/GateIn-3.8.1.Final-tomcat-7/webapps/exoadmin.war
Dec 27, 2016 5:10:30 PM org.apache.catalina.startup.HostConfig deployWAR
INFO: Deploying web application archive /root/zhongwu1/GateIn-3.8.1.Final-tomcat-7/webapps/gatein-mobile-login.war
Dec 27, 2016 5:10:30 PM org.apache.catalina.startup.HostConfig deployWAR
INFO: Deploying web application archive /root/zhongwu1/GateIn-3.8.1.Final-tomcat-7/webapps/gatein-responsive-skin.war
Dec 27, 2016 5:10:30 PM org.apache.catalina.startup.HostConfig deployWAR
INFO: Deploying web application archive /root/zhongwu1/GateIn-3.8.1.Final-tomcat-7/webapps/eXoGadgetServer.war
Dec 27, 2016 5:10:32 PM org.apache.catalina.startup.HostConfig deployWAR
INFO: Deploying web application archive /root/zhongwu1/GateIn-3.8.1.Final-tomcat-7/webapps/portal.war
Dec 27, 2016 5:10:33 PM org.apache.catalina.startup.HostConfig deployWAR
INFO: Deploying web application archive /root/zhongwu1/GateIn-3.8.1.Final-tomcat-7/webapps/responsive-navigation-portlet.war
Dec 27, 2016 5:10:33 PM org.apache.catalina.startup.HostConfig deployWAR
INFO: Deploying web application archive /root/zhongwu1/GateIn-3.8.1.Final-tomcat-7/webapps/responsive-banner-portlet.war
Dec 27, 2016 5:10:33 PM org.apache.catalina.startup.HostConfig deployWAR
INFO: Deploying web application archive /root/zhongwu1/GateIn-3.8.1.Final-tomcat-7/webapps/eXoGadgets.war
Dec 27, 2016 5:10:33 PM org.apache.catalina.startup.HostConfig deployWAR
INFO: Deploying web application archive /root/zhongwu1/GateIn-3.8.1.Final-tomcat-7/webapps/web.war
Dec 27, 2016 5:10:33 PM org.apache.catalina.startup.HostConfig deployWAR
INFO: Deploying web application archive /root/zhongwu1/GateIn-3.8.1.Final-tomcat-7/webapps/redirect-portlet.war
Dec 27, 2016 5:10:34 PM org.apache.catalina.startup.HostConfig deployWAR
INFO: Deploying web application archive /root/zhongwu1/GateIn-3.8.1.Final-tomcat-7/webapps/responsive-features-portlet.war
Dec 27, 2016 5:10:34 PM org.apache.catalina.startup.HostConfig deployWAR
INFO: Deploying web application archive /root/zhongwu1/GateIn-3.8.1.Final-tomcat-7/webapps/redirect-admin.war
Dec 27, 2016 5:10:42 PM com.sun.faces.config.ConfigureListener contextInitialized
INFO: Initializing Mojarra 2.1.13 ( 20120907-1514) for context '/redirect-admin'
Dec 27, 2016 5:10:43 PM com.sun.faces.spi.InjectionProviderFactory createInstance
INFO: JSF1048: PostConstruct/PreDestroy annotations present.  ManagedBeans methods marked with these annotations will have said annotations processed.
Dec 27, 2016 5:10:44 PM org.richfaces.javascript.ClientServiceConfigParser parse
WARNING: Found JavaScript function definition for class javax.validation.constraints.NotNull, but that class is not presented
Dec 27, 2016 5:10:44 PM org.richfaces.javascript.ClientServiceConfigParser parse
WARNING: Found JavaScript function definition for class org.hibernate.validator.constraints.NotEmpty, but that class is not presented
Dec 27, 2016 5:10:44 PM org.richfaces.javascript.ClientServiceConfigParser parse
WARNING: Found JavaScript function definition for class javax.validation.constraints.Size, but that class is not presented
Dec 27, 2016 5:10:44 PM org.richfaces.javascript.ClientServiceConfigParser parse
WARNING: Found JavaScript function definition for class javax.validation.constraints.Pattern, but that class is not presented
Dec 27, 2016 5:10:44 PM org.richfaces.javascript.ClientServiceConfigParser parse
WARNING: Found JavaScript function definition for class javax.validation.constraints.Min, but that class is not presented
Dec 27, 2016 5:10:44 PM org.richfaces.javascript.ClientServiceConfigParser parse
WARNING: Found JavaScript function definition for class javax.validation.constraints.Max, but that class is not presented
Dec 27, 2016 5:10:44 PM org.richfaces.javascript.ClientServiceConfigParser parse
WARNING: Found JavaScript function definition for class javax.validation.constraints.AssertTrue, but that class is not presented
Dec 27, 2016 5:10:44 PM org.richfaces.javascript.ClientServiceConfigParser parse
WARNING: Found JavaScript function definition for class javax.validation.constraints.AssertFalse, but that class is not presented
Dec 27, 2016 5:10:44 PM org.richfaces.cache.CacheManager getCacheFactory
INFO: Selected fallback cache factory
Dec 27, 2016 5:10:44 PM org.richfaces.cache.lru.LRUMapCacheFactory createCache
INFO: Creating LRUMap cache instance using parameters: {javax.faces.INTERPRET_EMPTY_STRING_SUBMITTED_VALUES_AS_NULL=true, org.gatein.portletbridge.WAR_BUNDLES_PORTLETBRIDGE=true, org.richfaces.resourceOptimization.enabled=true, com.sun.faces.autoCompleteOffOnViewState=false, javax.portlet.faces.RENDER_POLICY=ALWAYS_DELEGATE, javax.faces.PROJECT_STAGE=Development, org.richfaces.enableControlSkinning=false, javax.faces.FACELETS_SKIP_COMMENTS=true, javax.faces.STATE_SAVING_METHOD=server, com.sun.faces.enableViewStateIdRendering=false, org.richfaces.push.jms.enabled=true}
Dec 27, 2016 5:10:44 PM org.richfaces.cache.lru.LRUMapCacheFactory createCache
INFO: Creating LRUMap cache instance of 512 items capacity
Dec 27, 2016 5:10:44 PM org.richfaces.application.InitializationListener onStart
INFO: RichFaces Core Implementation by JBoss by Red Hat, version 4.3.1.Final
Dec 27, 2016 5:10:44 PM org.richfaces.application.InitializationListener initializePushContext
INFO: Startup initialization of PushContext
Dec 27, 2016 5:10:44 PM com.sun.faces.config.ConfigureListener$WebConfigResourceMonitor$Monitor <init>
INFO: Monitoring jndi:/218.206.179.233/redirect-admin/WEB-INF/faces-config.xml for modifications
Dec 27, 2016 5:10:44 PM org.apache.catalina.startup.HostConfig deployDirectory
INFO: Deploying web application directory /root/zhongwu1/GateIn-3.8.1.Final-tomcat-7/webapps/manager
Dec 27, 2016 5:10:45 PM org.apache.catalina.startup.HostConfig deployDirectory
INFO: Deploying web application directory /root/zhongwu1/GateIn-3.8.1.Final-tomcat-7/webapps/integration
Dec 27, 2016 5:10:45 PM org.apache.catalina.startup.HostConfig deployDirectory
INFO: Deploying web application directory /root/zhongwu1/GateIn-3.8.1.Final-tomcat-7/webapps/ROOT
Dec 27, 2016 5:10:45 PM org.apache.catalina.startup.HostConfig deployDirectory
INFO: Deploying web application directory /root/zhongwu1/GateIn-3.8.1.Final-tomcat-7/webapps/host-manager
Dec 27, 2016 5:10:49 PM org.picketlink.idm.impl.cache.AbstractInfinispanCacheProvider initialize
INFO: Infinispan cache for Picketlink IDM created successfuly. cache name: idm-portal-api
Dec 27, 2016 5:10:49 PM org.picketlink.idm.impl.cache.AbstractInfinispanCacheProvider initialize
INFO: Infinispan cache for Picketlink IDM created successfuly. cache name: idm-portal-store
Dec 27, 2016 5:10:57 PM javax.portlet.faces.GenericFacesPortlet init
INFO: Init GenericFacesPortlet for portlet RedirectsAndImportExportAdminPortlet
Dec 27, 2016 5:10:57 PM javax.portlet.faces.GenericFacesPortlet calculateBridgeClassName
INFO: Bridge class name is org.jboss.portletbridge.PortletBridgeImpl
Dec 27, 2016 5:10:57 PM org.picketlink.idm.impl.credential.HashingEncoder afterInitialize
INFO: Algorithm SHA-256 will be used for password hashing
Dec 27, 2016 5:10:57 PM org.picketlink.idm.impl.credential.DatabaseReadingSaltEncoder afterInitialize
INFO: Registered SecureRandomProvider will be used for random generating of password salts
Dec 27, 2016 5:11:00 PM org.apache.coyote.AbstractProtocol start
INFO: Starting ProtocolHandler ["http-bio-8182"]
Dec 27, 2016 5:11:00 PM org.apache.coyote.AbstractProtocol start
INFO: Starting ProtocolHandler ["ajp-bio-8010"]
Dec 27, 2016 5:11:00 PM org.apache.catalina.startup.Catalina start
INFO: Server startup in 32443 ms
Dec 27, 2016 5:14:13 PM org.apache.catalina.core.StandardServer await
INFO: A valid shutdown command was received via the shutdown port. Stopping the Server instance.
Dec 27, 2016 5:14:13 PM org.apache.coyote.AbstractProtocol pause
INFO: Pausing ProtocolHandler ["http-bio-8182"]
Dec 27, 2016 5:14:13 PM org.apache.coyote.AbstractProtocol pause
INFO: Pausing ProtocolHandler ["ajp-bio-8010"]
Dec 27, 2016 5:14:13 PM org.apache.catalina.core.StandardService stopInternal
INFO: Stopping service Catalina
Dec 27, 2016 5:14:13 PM javax.portlet.faces.GenericFacesPortlet destroy
INFO: Destroy GenericFacesPortlet for portlet RedirectsAndImportExportAdminPortlet
Dec 27, 2016 5:14:13 PM org.apache.catalina.loader.WebappClassLoader clearReferencesThreads
SEVERE: The web application [/redirect-admin] appears to have started a thread named [push-session-manager-thread-0] but has failed to stop it. This is very likely to create a memory leak.
Dec 27, 2016 5:14:13 PM org.apache.catalina.loader.WebappClassLoader clearReferencesThreads
SEVERE: The web application [/eXoGadgetServer] appears to have started a thread named [com.google.inject.internal.util.$Finalizer] but has failed to stop it. This is very likely to create a memory leak.
Dec 27, 2016 5:14:13 PM org.apache.catalina.loader.WebappClassLoader clearReferencesThreads
SEVERE: The web application [/eXoGadgetServer] appears to have started a thread named [net.sf.ehcache.CacheManager@9f0179] but has failed to stop it. This is very likely to create a memory leak.
Dec 27, 2016 5:14:13 PM org.apache.coyote.AbstractProtocol stop
INFO: Stopping ProtocolHandler ["http-bio-8182"]
Dec 27, 2016 5:14:14 PM org.apache.coyote.AbstractProtocol stop
INFO: Stopping ProtocolHandler ["ajp-bio-8010"]
Dec 27, 2016 5:14:14 PM org.apache.coyote.AbstractProtocol destroy
INFO: Destroying ProtocolHandler ["http-bio-8182"]
Dec 27, 2016 5:14:14 PM org.apache.coyote.AbstractProtocol destroy
INFO: Destroying ProtocolHandler ["ajp-bio-8010"]
Dec 27, 2016 5:14:18 PM org.apache.catalina.startup.ClassLoaderFactory validateFile
WARNING: Problem with directory [/root/zhongwu1/GateIn-3.8.1.Final-tomcat-7/gatein/lib], exists: [false], isDirectory: [false], canRead: [false]
Dec 27, 2016 5:14:19 PM org.apache.catalina.core.AprLifecycleListener init
INFO: The APR based Apache Tomcat Native library which allows optimal performance in production environments was not found on the java.library.path: /usr/java/packages/lib/amd64:/usr/lib64:/lib64:/lib:/usr/lib
Dec 27, 2016 5:14:19 PM org.apache.coyote.AbstractProtocol init
INFO: Initializing ProtocolHandler ["http-bio-8182"]
Dec 27, 2016 5:14:20 PM org.apache.coyote.AbstractProtocol init
INFO: Initializing ProtocolHandler ["ajp-bio-8010"]
Dec 27, 2016 5:14:20 PM org.apache.catalina.startup.Catalina load
INFO: Initialization processed in 844 ms
Dec 27, 2016 5:14:20 PM org.apache.catalina.core.StandardService startInternal
INFO: Starting service Catalina
Dec 27, 2016 5:14:20 PM org.apache.catalina.core.StandardEngine startInternal
INFO: Starting Servlet Engine: Apache Tomcat/7.0.42
Dec 27, 2016 5:14:20 PM org.apache.catalina.startup.HostConfig deployWAR
INFO: Deploying web application archive /root/zhongwu1/GateIn-3.8.1.Final-tomcat-7/webapps/gatein-sample-skin.war
Dec 27, 2016 5:14:20 PM org.apache.catalina.startup.HostConfig deployWAR
INFO: Deploying web application archive /root/zhongwu1/GateIn-3.8.1.Final-tomcat-7/webapps/rest.war
Dec 27, 2016 5:14:21 PM org.apache.catalina.startup.HostConfig deployWAR
INFO: Deploying web application archive /root/zhongwu1/GateIn-3.8.1.Final-tomcat-7/webapps/eXoResources.war
Dec 27, 2016 5:14:21 PM org.apache.catalina.startup.HostConfig deployWAR
INFO: Deploying web application archive /root/zhongwu1/GateIn-3.8.1.Final-tomcat-7/webapps/gatein-mobile-configuration.war
Dec 27, 2016 5:14:22 PM org.apache.catalina.startup.HostConfig deployWAR
INFO: Deploying web application archive /root/zhongwu1/GateIn-3.8.1.Final-tomcat-7/webapps/responsive-header-portlet.war
Dec 27, 2016 5:14:22 PM org.apache.catalina.startup.HostConfig deployWAR
INFO: Deploying web application archive /root/zhongwu1/GateIn-3.8.1.Final-tomcat-7/webapps/dashboard.war
Dec 27, 2016 5:14:22 PM org.apache.catalina.startup.HostConfig deployWAR
INFO: Deploying web application archive /root/zhongwu1/GateIn-3.8.1.Final-tomcat-7/webapps/responsive-community-portlet.war
Dec 27, 2016 5:14:22 PM org.apache.catalina.startup.HostConfig deployWAR
INFO: Deploying web application archive /root/zhongwu1/GateIn-3.8.1.Final-tomcat-7/webapps/responsive-footer-portlet.war
Dec 27, 2016 5:14:22 PM org.apache.catalina.startup.HostConfig deployWAR
INFO: Deploying web application archive /root/zhongwu1/GateIn-3.8.1.Final-tomcat-7/webapps/exoadmin.war
Dec 27, 2016 5:14:23 PM org.apache.catalina.startup.HostConfig deployWAR
INFO: Deploying web application archive /root/zhongwu1/GateIn-3.8.1.Final-tomcat-7/webapps/gatein-mobile-login.war
Dec 27, 2016 5:14:23 PM org.apache.catalina.startup.HostConfig deployWAR
INFO: Deploying web application archive /root/zhongwu1/GateIn-3.8.1.Final-tomcat-7/webapps/gatein-responsive-skin.war
Dec 27, 2016 5:14:23 PM org.apache.catalina.startup.HostConfig deployWAR
INFO: Deploying web application archive /root/zhongwu1/GateIn-3.8.1.Final-tomcat-7/webapps/eXoGadgetServer.war
Dec 27, 2016 5:14:25 PM org.apache.catalina.startup.HostConfig deployWAR
INFO: Deploying web application archive /root/zhongwu1/GateIn-3.8.1.Final-tomcat-7/webapps/portal.war
Dec 27, 2016 5:14:25 PM org.apache.catalina.startup.HostConfig deployWAR
INFO: Deploying web application archive /root/zhongwu1/GateIn-3.8.1.Final-tomcat-7/webapps/responsive-navigation-portlet.war
Dec 27, 2016 5:14:25 PM org.apache.catalina.startup.HostConfig deployWAR
INFO: Deploying web application archive /root/zhongwu1/GateIn-3.8.1.Final-tomcat-7/webapps/responsive-banner-portlet.war
Dec 27, 2016 5:14:26 PM org.apache.catalina.startup.HostConfig deployWAR
INFO: Deploying web application archive /root/zhongwu1/GateIn-3.8.1.Final-tomcat-7/webapps/eXoGadgets.war
Dec 27, 2016 5:14:26 PM org.apache.catalina.startup.HostConfig deployWAR
INFO: Deploying web application archive /root/zhongwu1/GateIn-3.8.1.Final-tomcat-7/webapps/web.war
Dec 27, 2016 5:14:26 PM org.apache.catalina.startup.HostConfig deployWAR
INFO: Deploying web application archive /root/zhongwu1/GateIn-3.8.1.Final-tomcat-7/webapps/redirect-portlet.war
Dec 27, 2016 5:14:26 PM org.apache.catalina.startup.HostConfig deployWAR
INFO: Deploying web application archive /root/zhongwu1/GateIn-3.8.1.Final-tomcat-7/webapps/responsive-features-portlet.war
Dec 27, 2016 5:14:26 PM org.apache.catalina.startup.HostConfig deployWAR
INFO: Deploying web application archive /root/zhongwu1/GateIn-3.8.1.Final-tomcat-7/webapps/redirect-admin.war
Dec 27, 2016 5:14:34 PM com.sun.faces.config.ConfigureListener contextInitialized
INFO: Initializing Mojarra 2.1.13 ( 20120907-1514) for context '/redirect-admin'
Dec 27, 2016 5:14:35 PM com.sun.faces.spi.InjectionProviderFactory createInstance
INFO: JSF1048: PostConstruct/PreDestroy annotations present.  ManagedBeans methods marked with these annotations will have said annotations processed.
Dec 27, 2016 5:14:37 PM org.richfaces.javascript.ClientServiceConfigParser parse
WARNING: Found JavaScript function definition for class javax.validation.constraints.NotNull, but that class is not presented
Dec 27, 2016 5:14:37 PM org.richfaces.javascript.ClientServiceConfigParser parse
WARNING: Found JavaScript function definition for class org.hibernate.validator.constraints.NotEmpty, but that class is not presented
Dec 27, 2016 5:14:37 PM org.richfaces.javascript.ClientServiceConfigParser parse
WARNING: Found JavaScript function definition for class javax.validation.constraints.Size, but that class is not presented
Dec 27, 2016 5:14:37 PM org.richfaces.javascript.ClientServiceConfigParser parse
WARNING: Found JavaScript function definition for class javax.validation.constraints.Pattern, but that class is not presented
Dec 27, 2016 5:14:37 PM org.richfaces.javascript.ClientServiceConfigParser parse
WARNING: Found JavaScript function definition for class javax.validation.constraints.Min, but that class is not presented
Dec 27, 2016 5:14:37 PM org.richfaces.javascript.ClientServiceConfigParser parse
WARNING: Found JavaScript function definition for class javax.validation.constraints.Max, but that class is not presented
Dec 27, 2016 5:14:37 PM org.richfaces.javascript.ClientServiceConfigParser parse
WARNING: Found JavaScript function definition for class javax.validation.constraints.AssertTrue, but that class is not presented
Dec 27, 2016 5:14:37 PM org.richfaces.javascript.ClientServiceConfigParser parse
WARNING: Found JavaScript function definition for class javax.validation.constraints.AssertFalse, but that class is not presented
Dec 27, 2016 5:14:37 PM org.richfaces.cache.CacheManager getCacheFactory
INFO: Selected fallback cache factory
Dec 27, 2016 5:14:37 PM org.richfaces.cache.lru.LRUMapCacheFactory createCache
INFO: Creating LRUMap cache instance using parameters: {javax.faces.INTERPRET_EMPTY_STRING_SUBMITTED_VALUES_AS_NULL=true, org.gatein.portletbridge.WAR_BUNDLES_PORTLETBRIDGE=true, org.richfaces.resourceOptimization.enabled=true, com.sun.faces.autoCompleteOffOnViewState=false, javax.portlet.faces.RENDER_POLICY=ALWAYS_DELEGATE, javax.faces.PROJECT_STAGE=Development, org.richfaces.enableControlSkinning=false, javax.faces.FACELETS_SKIP_COMMENTS=true, javax.faces.STATE_SAVING_METHOD=server, com.sun.faces.enableViewStateIdRendering=false, org.richfaces.push.jms.enabled=true}
Dec 27, 2016 5:14:37 PM org.richfaces.cache.lru.LRUMapCacheFactory createCache
INFO: Creating LRUMap cache instance of 512 items capacity
Dec 27, 2016 5:14:37 PM org.richfaces.application.InitializationListener onStart
INFO: RichFaces Core Implementation by JBoss by Red Hat, version 4.3.1.Final
Dec 27, 2016 5:14:37 PM org.richfaces.application.InitializationListener initializePushContext
INFO: Startup initialization of PushContext
Dec 27, 2016 5:14:37 PM com.sun.faces.config.ConfigureListener$WebConfigResourceMonitor$Monitor <init>
INFO: Monitoring jndi:/218.206.179.233/redirect-admin/WEB-INF/faces-config.xml for modifications
Dec 27, 2016 5:14:37 PM org.apache.catalina.startup.HostConfig deployDirectory
INFO: Deploying web application directory /root/zhongwu1/GateIn-3.8.1.Final-tomcat-7/webapps/manager
Dec 27, 2016 5:14:37 PM org.apache.catalina.startup.HostConfig deployDirectory
INFO: Deploying web application directory /root/zhongwu1/GateIn-3.8.1.Final-tomcat-7/webapps/integration
Dec 27, 2016 5:14:37 PM org.apache.catalina.startup.HostConfig deployDirectory
INFO: Deploying web application directory /root/zhongwu1/GateIn-3.8.1.Final-tomcat-7/webapps/ROOT
Dec 27, 2016 5:14:38 PM org.apache.catalina.startup.HostConfig deployDirectory
INFO: Deploying web application directory /root/zhongwu1/GateIn-3.8.1.Final-tomcat-7/webapps/host-manager
Dec 27, 2016 5:14:41 PM org.picketlink.idm.impl.cache.AbstractInfinispanCacheProvider initialize
INFO: Infinispan cache for Picketlink IDM created successfuly. cache name: idm-portal-api
Dec 27, 2016 5:14:41 PM org.picketlink.idm.impl.cache.AbstractInfinispanCacheProvider initialize
INFO: Infinispan cache for Picketlink IDM created successfuly. cache name: idm-portal-store
Dec 27, 2016 5:14:48 PM javax.portlet.faces.GenericFacesPortlet init
INFO: Init GenericFacesPortlet for portlet RedirectsAndImportExportAdminPortlet
Dec 27, 2016 5:14:48 PM javax.portlet.faces.GenericFacesPortlet calculateBridgeClassName
INFO: Bridge class name is org.jboss.portletbridge.PortletBridgeImpl
Dec 27, 2016 5:14:49 PM org.picketlink.idm.impl.credential.HashingEncoder afterInitialize
INFO: Algorithm SHA-256 will be used for password hashing
Dec 27, 2016 5:14:49 PM org.picketlink.idm.impl.credential.DatabaseReadingSaltEncoder afterInitialize
INFO: Registered SecureRandomProvider will be used for random generating of password salts
Dec 27, 2016 5:15:01 PM org.apache.coyote.AbstractProtocol start
INFO: Starting ProtocolHandler ["http-bio-8182"]
Dec 27, 2016 5:15:01 PM org.apache.coyote.AbstractProtocol start
INFO: Starting ProtocolHandler ["ajp-bio-8010"]
Dec 27, 2016 5:15:01 PM org.apache.catalina.startup.Catalina start
INFO: Server startup in 41242 ms
