十二月 14, 2016 11:23:29 上午 org.apache.catalina.startup.ClassLoaderFactory validateFile
警告: Problem with directory [/Users/zhongwu/Downloads/GateIn-3.8.1.Final-tomcat-7/gatein/lib], exists: [false], isDirectory: [false], canRead: [false]
十二月 14, 2016 11:23:30 上午 org.apache.catalina.core.AprLifecycleListener init
信息: The APR based Apache Tomcat Native library which allows optimal performance in production environments was not found on the java.library.path: /Users/zhongwu/Library/Java/Extensions:/Library/Java/Extensions:/Network/Library/Java/Extensions:/System/Library/Java/Extensions:/usr/lib/java:.
十二月 14, 2016 11:23:30 上午 org.apache.coyote.AbstractProtocol init
信息: Initializing ProtocolHandler ["http-bio-8080"]
十二月 14, 2016 11:23:30 上午 org.apache.coyote.AbstractProtocol init
信息: Initializing ProtocolHandler ["ajp-bio-8009"]
十二月 14, 2016 11:23:30 上午 org.apache.catalina.startup.Catalina load
信息: Initialization processed in 1188 ms
十二月 14, 2016 11:23:30 上午 org.apache.catalina.core.StandardService startInternal
信息: Starting service Catalina
十二月 14, 2016 11:23:30 上午 org.apache.catalina.core.StandardEngine startInternal
信息: Starting Servlet Engine: Apache Tomcat/7.0.42
十二月 14, 2016 11:23:30 上午 org.apache.catalina.startup.HostConfig deployDescriptor
信息: Deploying configuration descriptor /Users/zhongwu/Downloads/GateIn-3.8.1.Final-tomcat-7/conf/Catalina/localhost/portal.xml
十二月 14, 2016 11:23:30 上午 org.apache.catalina.startup.HostConfig deployDescriptor
警告: A docBase /Users/zhongwu/Downloads/GateIn-3.8.1.Final-tomcat-7/webapps/portal inside the host appBase has been specified, and will be ignored
十二月 14, 2016 11:23:32 上午 org.apache.catalina.startup.HostConfig deployWAR
信息: Deploying web application archive /Users/zhongwu/Downloads/GateIn-3.8.1.Final-tomcat-7/webapps/dashboard.war
十二月 14, 2016 11:23:32 上午 org.apache.catalina.startup.HostConfig deployWAR
信息: Deploying web application archive /Users/zhongwu/Downloads/GateIn-3.8.1.Final-tomcat-7/webapps/exoadmin.war
十二月 14, 2016 11:23:32 上午 org.apache.catalina.startup.HostConfig deployWAR
信息: Deploying web application archive /Users/zhongwu/Downloads/GateIn-3.8.1.Final-tomcat-7/webapps/eXoGadgets.war
十二月 14, 2016 11:23:32 上午 org.apache.catalina.startup.HostConfig deployWAR
信息: Deploying web application archive /Users/zhongwu/Downloads/GateIn-3.8.1.Final-tomcat-7/webapps/eXoGadgetServer.war
十二月 14, 2016 11:23:51 上午 org.apache.catalina.startup.HostConfig deployWAR
信息: Deploying web application archive /Users/zhongwu/Downloads/GateIn-3.8.1.Final-tomcat-7/webapps/eXoResources.war
十二月 14, 2016 11:23:51 上午 org.apache.catalina.startup.HostConfig deployWAR
信息: Deploying web application archive /Users/zhongwu/Downloads/GateIn-3.8.1.Final-tomcat-7/webapps/gatein-mobile-configuration.war
十二月 14, 2016 11:23:51 上午 org.apache.catalina.startup.HostConfig deployWAR
信息: Deploying web application archive /Users/zhongwu/Downloads/GateIn-3.8.1.Final-tomcat-7/webapps/gatein-mobile-login.war
十二月 14, 2016 11:23:51 上午 org.apache.catalina.startup.HostConfig deployWAR
信息: Deploying web application archive /Users/zhongwu/Downloads/GateIn-3.8.1.Final-tomcat-7/webapps/gatein-responsive-skin.war
十二月 14, 2016 11:23:51 上午 org.apache.catalina.startup.HostConfig deployWAR
信息: Deploying web application archive /Users/zhongwu/Downloads/GateIn-3.8.1.Final-tomcat-7/webapps/gatein-sample-skin.war
十二月 14, 2016 11:23:52 上午 org.apache.catalina.startup.HostConfig deployWAR
信息: Deploying web application archive /Users/zhongwu/Downloads/GateIn-3.8.1.Final-tomcat-7/webapps/redirect-admin.war
十二月 14, 2016 11:24:10 上午 com.sun.faces.config.ConfigureListener contextInitialized
信息: 初始化上下文 '/redirect-admin' 的 Mojarra 2.1.13 ( 20120907-1514)
十二月 14, 2016 11:24:12 上午 com.sun.faces.spi.InjectionProviderFactory createInstance
信息: JSF1048：有 PostConstruct/PreDestroy 注释。标有这些注释的 ManagedBeans 方法将表示注释已处理。
十二月 14, 2016 11:24:16 上午 org.richfaces.javascript.ClientServiceConfigParser parse
警告: Found JavaScript function definition for class javax.validation.constraints.NotNull, but that class is not presented
十二月 14, 2016 11:24:16 上午 org.richfaces.javascript.ClientServiceConfigParser parse
警告: Found JavaScript function definition for class org.hibernate.validator.constraints.NotEmpty, but that class is not presented
十二月 14, 2016 11:24:16 上午 org.richfaces.javascript.ClientServiceConfigParser parse
警告: Found JavaScript function definition for class javax.validation.constraints.Size, but that class is not presented
十二月 14, 2016 11:24:16 上午 org.richfaces.javascript.ClientServiceConfigParser parse
警告: Found JavaScript function definition for class javax.validation.constraints.Pattern, but that class is not presented
十二月 14, 2016 11:24:16 上午 org.richfaces.javascript.ClientServiceConfigParser parse
警告: Found JavaScript function definition for class javax.validation.constraints.Min, but that class is not presented
十二月 14, 2016 11:24:16 上午 org.richfaces.javascript.ClientServiceConfigParser parse
警告: Found JavaScript function definition for class javax.validation.constraints.Max, but that class is not presented
十二月 14, 2016 11:24:16 上午 org.richfaces.javascript.ClientServiceConfigParser parse
警告: Found JavaScript function definition for class javax.validation.constraints.AssertTrue, but that class is not presented
十二月 14, 2016 11:24:16 上午 org.richfaces.javascript.ClientServiceConfigParser parse
警告: Found JavaScript function definition for class javax.validation.constraints.AssertFalse, but that class is not presented
十二月 14, 2016 11:24:16 上午 org.richfaces.cache.CacheManager getCacheFactory
信息: Selected fallback cache factory
十二月 14, 2016 11:24:16 上午 org.richfaces.cache.lru.LRUMapCacheFactory createCache
信息: Creating LRUMap cache instance using parameters: {javax.portlet.faces.RENDER_POLICY=ALWAYS_DELEGATE, org.richfaces.push.jms.enabled=true, org.gatein.portletbridge.WAR_BUNDLES_PORTLETBRIDGE=true, com.sun.faces.autoCompleteOffOnViewState=false, org.richfaces.resourceOptimization.enabled=true, javax.faces.INTERPRET_EMPTY_STRING_SUBMITTED_VALUES_AS_NULL=true, javax.faces.PROJECT_STAGE=Development, javax.faces.STATE_SAVING_METHOD=server, javax.faces.FACELETS_SKIP_COMMENTS=true, com.sun.faces.enableViewStateIdRendering=false, org.richfaces.enableControlSkinning=false}
十二月 14, 2016 11:24:16 上午 org.richfaces.cache.lru.LRUMapCacheFactory createCache
信息: Creating LRUMap cache instance of 512 items capacity
十二月 14, 2016 11:24:17 上午 org.richfaces.application.InitializationListener onStart
信息: RichFaces Core Implementation by JBoss by Red Hat, version 4.3.1.Final
十二月 14, 2016 11:24:17 上午 org.richfaces.application.InitializationListener initializePushContext
信息: Startup initialization of PushContext
十二月 14, 2016 11:24:17 上午 com.sun.faces.config.ConfigureListener$WebConfigResourceMonitor$Monitor <init>
信息: Monitoring jndi:/localhost/redirect-admin/WEB-INF/faces-config.xml for modifications
十二月 14, 2016 11:24:17 上午 org.apache.catalina.startup.HostConfig deployWAR
信息: Deploying web application archive /Users/zhongwu/Downloads/GateIn-3.8.1.Final-tomcat-7/webapps/redirect-portlet.war
十二月 14, 2016 11:24:17 上午 org.apache.catalina.startup.HostConfig deployWAR
信息: Deploying web application archive /Users/zhongwu/Downloads/GateIn-3.8.1.Final-tomcat-7/webapps/responsive-banner-portlet.war
十二月 14, 2016 11:24:18 上午 org.apache.catalina.startup.HostConfig deployWAR
信息: Deploying web application archive /Users/zhongwu/Downloads/GateIn-3.8.1.Final-tomcat-7/webapps/responsive-community-portlet.war
十二月 14, 2016 11:24:19 上午 org.apache.catalina.startup.HostConfig deployWAR
信息: Deploying web application archive /Users/zhongwu/Downloads/GateIn-3.8.1.Final-tomcat-7/webapps/responsive-features-portlet.war
十二月 14, 2016 11:24:19 上午 org.apache.catalina.startup.HostConfig deployWAR
信息: Deploying web application archive /Users/zhongwu/Downloads/GateIn-3.8.1.Final-tomcat-7/webapps/responsive-footer-portlet.war
十二月 14, 2016 11:24:20 上午 org.apache.catalina.startup.HostConfig deployWAR
信息: Deploying web application archive /Users/zhongwu/Downloads/GateIn-3.8.1.Final-tomcat-7/webapps/responsive-header-portlet.war
十二月 14, 2016 11:24:20 上午 org.apache.catalina.startup.HostConfig deployWAR
信息: Deploying web application archive /Users/zhongwu/Downloads/GateIn-3.8.1.Final-tomcat-7/webapps/responsive-navigation-portlet.war
十二月 14, 2016 11:24:21 上午 org.apache.catalina.startup.HostConfig deployWAR
信息: Deploying web application archive /Users/zhongwu/Downloads/GateIn-3.8.1.Final-tomcat-7/webapps/rest.war
十二月 14, 2016 11:24:21 上午 org.apache.catalina.startup.HostConfig deployWAR
信息: Deploying web application archive /Users/zhongwu/Downloads/GateIn-3.8.1.Final-tomcat-7/webapps/web.war
十二月 14, 2016 11:24:22 上午 org.apache.catalina.startup.HostConfig deployDirectory
信息: Deploying web application directory /Users/zhongwu/Downloads/GateIn-3.8.1.Final-tomcat-7/webapps/host-manager
十二月 14, 2016 11:24:22 上午 org.apache.catalina.startup.HostConfig deployDirectory
信息: Deploying web application directory /Users/zhongwu/Downloads/GateIn-3.8.1.Final-tomcat-7/webapps/integration
十二月 14, 2016 11:24:23 上午 org.apache.catalina.startup.HostConfig deployDirectory
信息: Deploying web application directory /Users/zhongwu/Downloads/GateIn-3.8.1.Final-tomcat-7/webapps/manager
十二月 14, 2016 11:24:24 上午 org.apache.catalina.startup.HostConfig deployDirectory
信息: Deploying web application directory /Users/zhongwu/Downloads/GateIn-3.8.1.Final-tomcat-7/webapps/ROOT
十二月 14, 2016 11:24:34 上午 org.picketlink.idm.impl.cache.AbstractInfinispanCacheProvider initialize
信息: Infinispan cache for Picketlink IDM created successfuly. cache name: idm-portal-api
十二月 14, 2016 11:24:34 上午 org.picketlink.idm.impl.cache.AbstractInfinispanCacheProvider initialize
信息: Infinispan cache for Picketlink IDM created successfuly. cache name: idm-portal-store
十二月 14, 2016 11:24:48 上午 org.picketlink.idm.impl.credential.HashingEncoder afterInitialize
信息: Algorithm SHA-256 will be used for password hashing
十二月 14, 2016 11:24:48 上午 org.picketlink.idm.impl.credential.DatabaseReadingSaltEncoder afterInitialize
信息: Registered SecureRandomProvider will be used for random generating of password salts
十二月 14, 2016 11:24:55 上午 javax.portlet.faces.GenericFacesPortlet init
信息: Init GenericFacesPortlet for portlet RedirectsAndImportExportAdminPortlet
十二月 14, 2016 11:24:55 上午 javax.portlet.faces.GenericFacesPortlet calculateBridgeClassName
信息: Bridge class name is org.jboss.portletbridge.PortletBridgeImpl
十二月 14, 2016 11:24:56 上午 org.apache.coyote.AbstractProtocol start
信息: Starting ProtocolHandler ["http-bio-8080"]
十二月 14, 2016 11:24:56 上午 org.apache.coyote.AbstractProtocol start
信息: Starting ProtocolHandler ["ajp-bio-8009"]
十二月 14, 2016 11:24:56 上午 org.apache.catalina.startup.Catalina start
信息: Server startup in 85844 ms
十二月 14, 2016 11:25:42 上午 org.apache.tomcat.util.http.Cookies processCookieHeader
信息: Cookies: Invalid cookie. Value not a token or quoted value
 Note: further occurrences of Cookie errors will be logged at DEBUG level.
十二月 14, 2016 11:48:57 上午 org.apache.catalina.core.StandardServer await
信息: A valid shutdown command was received via the shutdown port. Stopping the Server instance.
十二月 14, 2016 11:48:57 上午 org.apache.coyote.AbstractProtocol pause
信息: Pausing ProtocolHandler ["http-bio-8080"]
十二月 14, 2016 11:48:59 上午 org.apache.coyote.AbstractProtocol pause
信息: Pausing ProtocolHandler ["ajp-bio-8009"]
十二月 14, 2016 11:48:59 上午 org.apache.catalina.core.StandardService stopInternal
信息: Stopping service Catalina
十二月 14, 2016 11:48:59 上午 javax.portlet.faces.GenericFacesPortlet destroy
信息: Destroy GenericFacesPortlet for portlet RedirectsAndImportExportAdminPortlet
十二月 14, 2016 11:48:59 上午 org.apache.catalina.loader.WebappClassLoader clearReferencesThreads
严重: The web application [/eXoGadgetServer] appears to have started a thread named [com.google.inject.internal.util.$Finalizer] but has failed to stop it. This is very likely to create a memory leak.
十二月 14, 2016 11:48:59 上午 org.apache.catalina.loader.WebappClassLoader clearReferencesThreads
严重: The web application [/eXoGadgetServer] appears to have started a thread named [net.sf.ehcache.CacheManager@32d75b91] but has failed to stop it. This is very likely to create a memory leak.
十二月 14, 2016 11:48:59 上午 org.apache.catalina.loader.WebappClassLoader clearReferencesThreads
严重: The web application [/redirect-admin] appears to have started a thread named [push-session-manager-thread-0] but has failed to stop it. This is very likely to create a memory leak.
十二月 14, 2016 11:48:59 上午 org.apache.coyote.AbstractProtocol stop
信息: Stopping ProtocolHandler ["http-bio-8080"]
十二月 14, 2016 11:49:00 上午 org.apache.coyote.AbstractProtocol stop
信息: Stopping ProtocolHandler ["ajp-bio-8009"]
十二月 14, 2016 11:49:00 上午 org.apache.coyote.AbstractProtocol destroy
信息: Destroying ProtocolHandler ["http-bio-8080"]
十二月 14, 2016 11:49:00 上午 org.apache.coyote.AbstractProtocol destroy
信息: Destroying ProtocolHandler ["ajp-bio-8009"]
十二月 14, 2016 11:49:11 上午 org.apache.catalina.startup.ClassLoaderFactory validateFile
警告: Problem with directory [/Users/zhongwu/Downloads/GateIn-3.8.1.Final-tomcat-7/gatein/lib], exists: [false], isDirectory: [false], canRead: [false]
十二月 14, 2016 11:49:12 上午 org.apache.catalina.core.AprLifecycleListener init
信息: The APR based Apache Tomcat Native library which allows optimal performance in production environments was not found on the java.library.path: /Users/zhongwu/Library/Java/Extensions:/Library/Java/Extensions:/Network/Library/Java/Extensions:/System/Library/Java/Extensions:/usr/lib/java:.
十二月 14, 2016 11:49:13 上午 org.apache.coyote.AbstractProtocol init
信息: Initializing ProtocolHandler ["http-bio-8080"]
十二月 14, 2016 11:49:13 上午 org.apache.coyote.AbstractProtocol init
信息: Initializing ProtocolHandler ["ajp-bio-8009"]
十二月 14, 2016 11:49:13 上午 org.apache.catalina.startup.Catalina load
信息: Initialization processed in 809 ms
十二月 14, 2016 11:49:13 上午 org.apache.catalina.core.StandardService startInternal
信息: Starting service Catalina
十二月 14, 2016 11:49:13 上午 org.apache.catalina.core.StandardEngine startInternal
信息: Starting Servlet Engine: Apache Tomcat/7.0.42
十二月 14, 2016 11:49:13 上午 org.apache.catalina.startup.HostConfig deployDescriptor
信息: Deploying configuration descriptor /Users/zhongwu/Downloads/GateIn-3.8.1.Final-tomcat-7/conf/Catalina/localhost/portal.xml
十二月 14, 2016 11:49:13 上午 org.apache.catalina.startup.HostConfig deployDescriptor
警告: A docBase /Users/zhongwu/Downloads/GateIn-3.8.1.Final-tomcat-7/webapps/portal inside the host appBase has been specified, and will be ignored
十二月 14, 2016 11:49:14 上午 org.apache.catalina.startup.HostConfig deployWAR
信息: Deploying web application archive /Users/zhongwu/Downloads/GateIn-3.8.1.Final-tomcat-7/webapps/dashboard.war
十二月 14, 2016 11:49:14 上午 org.apache.catalina.startup.HostConfig deployWAR
信息: Deploying web application archive /Users/zhongwu/Downloads/GateIn-3.8.1.Final-tomcat-7/webapps/exoadmin.war
十二月 14, 2016 11:49:14 上午 org.apache.catalina.startup.HostConfig deployWAR
信息: Deploying web application archive /Users/zhongwu/Downloads/GateIn-3.8.1.Final-tomcat-7/webapps/eXoGadgets.war
十二月 14, 2016 11:49:14 上午 org.apache.catalina.startup.HostConfig deployWAR
信息: Deploying web application archive /Users/zhongwu/Downloads/GateIn-3.8.1.Final-tomcat-7/webapps/eXoGadgetServer.war
十二月 14, 2016 11:49:32 上午 org.apache.catalina.startup.HostConfig deployWAR
信息: Deploying web application archive /Users/zhongwu/Downloads/GateIn-3.8.1.Final-tomcat-7/webapps/eXoResources.war
十二月 14, 2016 11:49:32 上午 org.apache.catalina.startup.HostConfig deployWAR
信息: Deploying web application archive /Users/zhongwu/Downloads/GateIn-3.8.1.Final-tomcat-7/webapps/gatein-mobile-configuration.war
十二月 14, 2016 11:49:33 上午 org.apache.catalina.startup.HostConfig deployWAR
信息: Deploying web application archive /Users/zhongwu/Downloads/GateIn-3.8.1.Final-tomcat-7/webapps/gatein-mobile-login.war
十二月 14, 2016 11:49:33 上午 org.apache.catalina.startup.HostConfig deployWAR
信息: Deploying web application archive /Users/zhongwu/Downloads/GateIn-3.8.1.Final-tomcat-7/webapps/gatein-responsive-skin.war
十二月 14, 2016 11:49:33 上午 org.apache.catalina.startup.HostConfig deployWAR
信息: Deploying web application archive /Users/zhongwu/Downloads/GateIn-3.8.1.Final-tomcat-7/webapps/gatein-sample-skin.war
十二月 14, 2016 11:49:33 上午 org.apache.catalina.startup.HostConfig deployWAR
信息: Deploying web application archive /Users/zhongwu/Downloads/GateIn-3.8.1.Final-tomcat-7/webapps/redirect-admin.war
十二月 14, 2016 11:49:42 上午 com.sun.faces.config.ConfigureListener contextInitialized
信息: 初始化上下文 '/redirect-admin' 的 Mojarra 2.1.13 ( 20120907-1514)
十二月 14, 2016 11:49:43 上午 com.sun.faces.spi.InjectionProviderFactory createInstance
信息: JSF1048：有 PostConstruct/PreDestroy 注释。标有这些注释的 ManagedBeans 方法将表示注释已处理。
十二月 14, 2016 11:49:44 上午 org.richfaces.javascript.ClientServiceConfigParser parse
警告: Found JavaScript function definition for class javax.validation.constraints.NotNull, but that class is not presented
十二月 14, 2016 11:49:44 上午 org.richfaces.javascript.ClientServiceConfigParser parse
警告: Found JavaScript function definition for class org.hibernate.validator.constraints.NotEmpty, but that class is not presented
十二月 14, 2016 11:49:44 上午 org.richfaces.javascript.ClientServiceConfigParser parse
警告: Found JavaScript function definition for class javax.validation.constraints.Size, but that class is not presented
十二月 14, 2016 11:49:44 上午 org.richfaces.javascript.ClientServiceConfigParser parse
警告: Found JavaScript function definition for class javax.validation.constraints.Pattern, but that class is not presented
十二月 14, 2016 11:49:44 上午 org.richfaces.javascript.ClientServiceConfigParser parse
警告: Found JavaScript function definition for class javax.validation.constraints.Min, but that class is not presented
十二月 14, 2016 11:49:44 上午 org.richfaces.javascript.ClientServiceConfigParser parse
警告: Found JavaScript function definition for class javax.validation.constraints.Max, but that class is not presented
十二月 14, 2016 11:49:44 上午 org.richfaces.javascript.ClientServiceConfigParser parse
警告: Found JavaScript function definition for class javax.validation.constraints.AssertTrue, but that class is not presented
十二月 14, 2016 11:49:44 上午 org.richfaces.javascript.ClientServiceConfigParser parse
警告: Found JavaScript function definition for class javax.validation.constraints.AssertFalse, but that class is not presented
十二月 14, 2016 11:49:44 上午 org.richfaces.cache.CacheManager getCacheFactory
信息: Selected fallback cache factory
十二月 14, 2016 11:49:44 上午 org.richfaces.cache.lru.LRUMapCacheFactory createCache
信息: Creating LRUMap cache instance using parameters: {javax.portlet.faces.RENDER_POLICY=ALWAYS_DELEGATE, org.richfaces.push.jms.enabled=true, org.gatein.portletbridge.WAR_BUNDLES_PORTLETBRIDGE=true, com.sun.faces.autoCompleteOffOnViewState=false, org.richfaces.resourceOptimization.enabled=true, javax.faces.INTERPRET_EMPTY_STRING_SUBMITTED_VALUES_AS_NULL=true, javax.faces.PROJECT_STAGE=Development, javax.faces.STATE_SAVING_METHOD=server, javax.faces.FACELETS_SKIP_COMMENTS=true, com.sun.faces.enableViewStateIdRendering=false, org.richfaces.enableControlSkinning=false}
十二月 14, 2016 11:49:44 上午 org.richfaces.cache.lru.LRUMapCacheFactory createCache
信息: Creating LRUMap cache instance of 512 items capacity
十二月 14, 2016 11:49:44 上午 org.richfaces.application.InitializationListener onStart
信息: RichFaces Core Implementation by JBoss by Red Hat, version 4.3.1.Final
十二月 14, 2016 11:49:44 上午 org.richfaces.application.InitializationListener initializePushContext
信息: Startup initialization of PushContext
十二月 14, 2016 11:49:44 上午 com.sun.faces.config.ConfigureListener$WebConfigResourceMonitor$Monitor <init>
信息: Monitoring jndi:/localhost/redirect-admin/WEB-INF/faces-config.xml for modifications
十二月 14, 2016 11:49:44 上午 org.apache.catalina.startup.HostConfig deployWAR
信息: Deploying web application archive /Users/zhongwu/Downloads/GateIn-3.8.1.Final-tomcat-7/webapps/redirect-portlet.war
十二月 14, 2016 11:49:44 上午 org.apache.catalina.startup.HostConfig deployWAR
信息: Deploying web application archive /Users/zhongwu/Downloads/GateIn-3.8.1.Final-tomcat-7/webapps/responsive-banner-portlet.war
十二月 14, 2016 11:49:45 上午 org.apache.catalina.startup.HostConfig deployWAR
信息: Deploying web application archive /Users/zhongwu/Downloads/GateIn-3.8.1.Final-tomcat-7/webapps/responsive-community-portlet.war
十二月 14, 2016 11:49:45 上午 org.apache.catalina.startup.HostConfig deployWAR
信息: Deploying web application archive /Users/zhongwu/Downloads/GateIn-3.8.1.Final-tomcat-7/webapps/responsive-features-portlet.war
十二月 14, 2016 11:49:45 上午 org.apache.catalina.startup.HostConfig deployWAR
信息: Deploying web application archive /Users/zhongwu/Downloads/GateIn-3.8.1.Final-tomcat-7/webapps/responsive-footer-portlet.war
十二月 14, 2016 11:49:45 上午 org.apache.catalina.startup.HostConfig deployWAR
信息: Deploying web application archive /Users/zhongwu/Downloads/GateIn-3.8.1.Final-tomcat-7/webapps/responsive-header-portlet.war
十二月 14, 2016 11:49:45 上午 org.apache.catalina.startup.HostConfig deployWAR
信息: Deploying web application archive /Users/zhongwu/Downloads/GateIn-3.8.1.Final-tomcat-7/webapps/responsive-navigation-portlet.war
十二月 14, 2016 11:49:45 上午 org.apache.catalina.startup.HostConfig deployWAR
信息: Deploying web application archive /Users/zhongwu/Downloads/GateIn-3.8.1.Final-tomcat-7/webapps/rest.war
十二月 14, 2016 11:49:46 上午 org.apache.catalina.startup.HostConfig deployWAR
信息: Deploying web application archive /Users/zhongwu/Downloads/GateIn-3.8.1.Final-tomcat-7/webapps/web.war
十二月 14, 2016 11:49:46 上午 org.apache.catalina.startup.HostConfig deployDirectory
信息: Deploying web application directory /Users/zhongwu/Downloads/GateIn-3.8.1.Final-tomcat-7/webapps/host-manager
十二月 14, 2016 11:49:46 上午 org.apache.catalina.startup.HostConfig deployDirectory
信息: Deploying web application directory /Users/zhongwu/Downloads/GateIn-3.8.1.Final-tomcat-7/webapps/integration
十二月 14, 2016 11:49:46 上午 org.apache.catalina.startup.HostConfig deployDirectory
信息: Deploying web application directory /Users/zhongwu/Downloads/GateIn-3.8.1.Final-tomcat-7/webapps/manager
十二月 14, 2016 11:49:46 上午 org.apache.catalina.startup.HostConfig deployDirectory
信息: Deploying web application directory /Users/zhongwu/Downloads/GateIn-3.8.1.Final-tomcat-7/webapps/ROOT
十二月 14, 2016 11:49:50 上午 org.picketlink.idm.impl.cache.AbstractInfinispanCacheProvider initialize
信息: Infinispan cache for Picketlink IDM created successfuly. cache name: idm-portal-api
十二月 14, 2016 11:49:50 上午 org.picketlink.idm.impl.cache.AbstractInfinispanCacheProvider initialize
信息: Infinispan cache for Picketlink IDM created successfuly. cache name: idm-portal-store
十二月 14, 2016 11:49:56 上午 org.picketlink.idm.impl.credential.HashingEncoder afterInitialize
信息: Algorithm SHA-256 will be used for password hashing
十二月 14, 2016 11:49:56 上午 org.picketlink.idm.impl.credential.DatabaseReadingSaltEncoder afterInitialize
信息: Registered SecureRandomProvider will be used for random generating of password salts
十二月 14, 2016 11:49:58 上午 javax.portlet.faces.GenericFacesPortlet init
信息: Init GenericFacesPortlet for portlet RedirectsAndImportExportAdminPortlet
十二月 14, 2016 11:49:58 上午 javax.portlet.faces.GenericFacesPortlet calculateBridgeClassName
信息: Bridge class name is org.jboss.portletbridge.PortletBridgeImpl
十二月 14, 2016 11:49:59 上午 org.apache.coyote.AbstractProtocol start
信息: Starting ProtocolHandler ["http-bio-8080"]
十二月 14, 2016 11:49:59 上午 org.apache.coyote.AbstractProtocol start
信息: Starting ProtocolHandler ["ajp-bio-8009"]
十二月 14, 2016 11:49:59 上午 org.apache.catalina.startup.Catalina start
信息: Server startup in 46115 ms
十二月 14, 2016 11:49:59 上午 org.apache.tomcat.util.http.Cookies processCookieHeader
信息: Cookies: Invalid cookie. Value not a token or quoted value
 Note: further occurrences of Cookie errors will be logged at DEBUG level.
十二月 14, 2016 7:06:22 下午 org.apache.coyote.AbstractProtocol pause
信息: Pausing ProtocolHandler ["http-bio-8080"]
十二月 14, 2016 7:06:22 下午 javax.portlet.faces.GenericFacesPortlet destroy
信息: Destroy GenericFacesPortlet for portlet RedirectsAndImportExportAdminPortlet
十二月 14, 2016 7:06:25 下午 org.apache.coyote.AbstractProtocol pause
信息: Pausing ProtocolHandler ["ajp-bio-8009"]
十二月 14, 2016 7:06:25 下午 org.apache.catalina.core.StandardService stopInternal
信息: Stopping service Catalina
十二月 14, 2016 7:06:25 下午 org.apache.catalina.loader.WebappClassLoader clearReferencesThreads
严重: The web application [/eXoGadgetServer] appears to have started a thread named [com.google.inject.internal.util.$Finalizer] but has failed to stop it. This is very likely to create a memory leak.
十二月 14, 2016 7:06:25 下午 org.apache.catalina.loader.WebappClassLoader clearReferencesThreads
严重: The web application [/redirect-admin] appears to have started a thread named [push-session-manager-thread-0] but has failed to stop it. This is very likely to create a memory leak.
十二月 14, 2016 7:06:25 下午 org.apache.coyote.AbstractProtocol stop
信息: Stopping ProtocolHandler ["http-bio-8080"]
十二月 14, 2016 7:06:25 下午 org.apache.coyote.AbstractProtocol stop
信息: Stopping ProtocolHandler ["ajp-bio-8009"]
十二月 14, 2016 7:06:25 下午 org.apache.coyote.AbstractProtocol destroy
信息: Destroying ProtocolHandler ["http-bio-8080"]
十二月 14, 2016 7:06:25 下午 org.apache.coyote.AbstractProtocol destroy
信息: Destroying ProtocolHandler ["ajp-bio-8009"]
