Dec 28, 2016 11:07:38 AM org.apache.catalina.core.StandardWrapperValve invoke
SEVERE: Servlet.service() for servlet [portal] in context with path [/portal] threw exception [org.jasig.cas.client.validation.TicketValidationException: 
		未能够识别出目标 'ST-11-4Ix1eFQyuzNfBQkdFwKx-cas01.example.org'票根
	] with root cause
org.jasig.cas.client.validation.TicketValidationException: 
		未能够识别出目标 'ST-11-4Ix1eFQyuzNfBQkdFwKx-cas01.example.org'票根
	
	at org.jasig.cas.client.validation.Cas20ServiceTicketValidator.parseResponseFromServer(Cas20ServiceTicketValidator.java:86)
	at org.jasig.cas.client.validation.AbstractUrlBasedTicketValidator.validate(AbstractUrlBasedTicketValidator.java:217)
	at org.gatein.sso.agent.cas.CASAgentImpl.validateTicket(CASAgentImpl.java:71)
	at org.gatein.sso.agent.filter.InitiateLoginFilter.processSSOToken(InitiateLoginFilter.java:181)
	at org.gatein.sso.agent.filter.InitiateLoginFilter.doFilter(InitiateLoginFilter.java:141)
	at org.gatein.sso.integration.SSODelegateFilter$SSOFilterChain.doFilter(SSODelegateFilter.java:119)
	at org.gatein.sso.agent.filter.AbstractLogoutFilter.doFilter(AbstractLogoutFilter.java:112)
	at org.gatein.sso.integration.SSODelegateFilter$SSOFilterChain.doFilter(SSODelegateFilter.java:119)
	at org.gatein.sso.integration.SSODelegateFilter.doFilter(SSODelegateFilter.java:56)
	at org.apache.catalina.core.ApplicationFilterChain.internalDoFilter(ApplicationFilterChain.java:243)
	at org.apache.catalina.core.ApplicationFilterChain.doFilter(ApplicationFilterChain.java:210)
	at org.exoplatform.container.web.PortalContainerFilter.doFilter(PortalContainerFilter.java:78)
	at org.apache.catalina.core.ApplicationFilterChain.internalDoFilter(ApplicationFilterChain.java:243)
	at org.apache.catalina.core.ApplicationFilterChain.doFilter(ApplicationFilterChain.java:210)
	at org.gatein.portal.init.PortalCheckInitFilter.doFilter(PortalCheckInitFilter.java:66)
	at org.apache.catalina.core.ApplicationFilterChain.internalDoFilter(ApplicationFilterChain.java:243)
	at org.apache.catalina.core.ApplicationFilterChain.doFilter(ApplicationFilterChain.java:210)
	at org.apache.catalina.core.StandardWrapperValve.invoke(StandardWrapperValve.java:222)
	at org.apache.catalina.core.StandardContextValve.invoke(StandardContextValve.java:123)
	at org.apache.catalina.authenticator.AuthenticatorBase.invoke(AuthenticatorBase.java:502)
	at org.gatein.sso.agent.tomcat.ServletAccessValve.invoke(ServletAccessValve.java:55)
	at org.apache.catalina.core.StandardHostValve.invoke(StandardHostValve.java:171)
	at org.apache.catalina.valves.ErrorReportValve.invoke(ErrorReportValve.java:99)
	at org.gatein.sso.agent.tomcat.ServletAccessValve.invoke(ServletAccessValve.java:55)
	at org.apache.catalina.valves.AccessLogValve.invoke(AccessLogValve.java:953)
	at org.apache.catalina.core.StandardEngineValve.invoke(StandardEngineValve.java:118)
	at org.apache.catalina.connector.CoyoteAdapter.service(CoyoteAdapter.java:408)
	at org.apache.coyote.http11.AbstractHttp11Processor.process(AbstractHttp11Processor.java:1023)
	at org.apache.coyote.AbstractProtocol$AbstractConnectionHandler.process(AbstractProtocol.java:589)
	at org.apache.tomcat.util.net.JIoEndpoint$SocketProcessor.run(JIoEndpoint.java:310)
	at java.util.concurrent.ThreadPoolExecutor.runWorker(ThreadPoolExecutor.java:1145)
	at java.util.concurrent.ThreadPoolExecutor$Worker.run(ThreadPoolExecutor.java:615)
	at java.lang.Thread.run(Thread.java:745)

Dec 28, 2016 11:07:40 AM org.apache.catalina.core.StandardWrapperValve invoke
SEVERE: Servlet.service() for servlet [portal] in context with path [/portal] threw exception [org.jasig.cas.client.validation.TicketValidationException: 
		未能够识别出目标 'ST-12-JBr0s9boboUQ0jjSXABW-cas01.example.org'票根
	] with root cause
org.jasig.cas.client.validation.TicketValidationException: 
		未能够识别出目标 'ST-12-JBr0s9boboUQ0jjSXABW-cas01.example.org'票根
	
	at org.jasig.cas.client.validation.Cas20ServiceTicketValidator.parseResponseFromServer(Cas20ServiceTicketValidator.java:86)
	at org.jasig.cas.client.validation.AbstractUrlBasedTicketValidator.validate(AbstractUrlBasedTicketValidator.java:217)
	at org.gatein.sso.agent.cas.CASAgentImpl.validateTicket(CASAgentImpl.java:71)
	at org.gatein.sso.agent.filter.InitiateLoginFilter.processSSOToken(InitiateLoginFilter.java:181)
	at org.gatein.sso.agent.filter.InitiateLoginFilter.doFilter(InitiateLoginFilter.java:141)
	at org.gatein.sso.integration.SSODelegateFilter$SSOFilterChain.doFilter(SSODelegateFilter.java:119)
	at org.gatein.sso.agent.filter.AbstractLogoutFilter.doFilter(AbstractLogoutFilter.java:112)
	at org.gatein.sso.integration.SSODelegateFilter$SSOFilterChain.doFilter(SSODelegateFilter.java:119)
	at org.gatein.sso.integration.SSODelegateFilter.doFilter(SSODelegateFilter.java:56)
	at org.apache.catalina.core.ApplicationFilterChain.internalDoFilter(ApplicationFilterChain.java:243)
	at org.apache.catalina.core.ApplicationFilterChain.doFilter(ApplicationFilterChain.java:210)
	at org.exoplatform.container.web.PortalContainerFilter.doFilter(PortalContainerFilter.java:78)
	at org.apache.catalina.core.ApplicationFilterChain.internalDoFilter(ApplicationFilterChain.java:243)
	at org.apache.catalina.core.ApplicationFilterChain.doFilter(ApplicationFilterChain.java:210)
	at org.gatein.portal.init.PortalCheckInitFilter.doFilter(PortalCheckInitFilter.java:66)
	at org.apache.catalina.core.ApplicationFilterChain.internalDoFilter(ApplicationFilterChain.java:243)
	at org.apache.catalina.core.ApplicationFilterChain.doFilter(ApplicationFilterChain.java:210)
	at org.apache.catalina.core.StandardWrapperValve.invoke(StandardWrapperValve.java:222)
	at org.apache.catalina.core.StandardContextValve.invoke(StandardContextValve.java:123)
	at org.apache.catalina.authenticator.AuthenticatorBase.invoke(AuthenticatorBase.java:502)
	at org.gatein.sso.agent.tomcat.ServletAccessValve.invoke(ServletAccessValve.java:55)
	at org.apache.catalina.core.StandardHostValve.invoke(StandardHostValve.java:171)
	at org.apache.catalina.valves.ErrorReportValve.invoke(ErrorReportValve.java:99)
	at org.gatein.sso.agent.tomcat.ServletAccessValve.invoke(ServletAccessValve.java:55)
	at org.apache.catalina.valves.AccessLogValve.invoke(AccessLogValve.java:953)
	at org.apache.catalina.core.StandardEngineValve.invoke(StandardEngineValve.java:118)
	at org.apache.catalina.connector.CoyoteAdapter.service(CoyoteAdapter.java:408)
	at org.apache.coyote.http11.AbstractHttp11Processor.process(AbstractHttp11Processor.java:1023)
	at org.apache.coyote.AbstractProtocol$AbstractConnectionHandler.process(AbstractProtocol.java:589)
	at org.apache.tomcat.util.net.JIoEndpoint$SocketProcessor.run(JIoEndpoint.java:310)
	at java.util.concurrent.ThreadPoolExecutor.runWorker(ThreadPoolExecutor.java:1145)
	at java.util.concurrent.ThreadPoolExecutor$Worker.run(ThreadPoolExecutor.java:615)
	at java.lang.Thread.run(Thread.java:745)

Dec 28, 2016 11:07:50 AM org.apache.catalina.core.StandardWrapperValve invoke
SEVERE: Servlet.service() for servlet [portal] in context with path [/portal] threw exception [org.jasig.cas.client.validation.TicketValidationException: 
		未能够识别出目标 'ST-11-4Ix1eFQyuzNfBQkdFwKx-cas01.example.org'票根
	] with root cause
org.jasig.cas.client.validation.TicketValidationException: 
		未能够识别出目标 'ST-11-4Ix1eFQyuzNfBQkdFwKx-cas01.example.org'票根
	
	at org.jasig.cas.client.validation.Cas20ServiceTicketValidator.parseResponseFromServer(Cas20ServiceTicketValidator.java:86)
	at org.jasig.cas.client.validation.AbstractUrlBasedTicketValidator.validate(AbstractUrlBasedTicketValidator.java:217)
	at org.gatein.sso.agent.cas.CASAgentImpl.validateTicket(CASAgentImpl.java:71)
	at org.gatein.sso.agent.filter.InitiateLoginFilter.processSSOToken(InitiateLoginFilter.java:181)
	at org.gatein.sso.agent.filter.InitiateLoginFilter.doFilter(InitiateLoginFilter.java:141)
	at org.gatein.sso.integration.SSODelegateFilter$SSOFilterChain.doFilter(SSODelegateFilter.java:119)
	at org.gatein.sso.agent.filter.AbstractLogoutFilter.doFilter(AbstractLogoutFilter.java:112)
	at org.gatein.sso.integration.SSODelegateFilter$SSOFilterChain.doFilter(SSODelegateFilter.java:119)
	at org.gatein.sso.integration.SSODelegateFilter.doFilter(SSODelegateFilter.java:56)
	at org.apache.catalina.core.ApplicationFilterChain.internalDoFilter(ApplicationFilterChain.java:243)
	at org.apache.catalina.core.ApplicationFilterChain.doFilter(ApplicationFilterChain.java:210)
	at org.exoplatform.container.web.PortalContainerFilter.doFilter(PortalContainerFilter.java:78)
	at org.apache.catalina.core.ApplicationFilterChain.internalDoFilter(ApplicationFilterChain.java:243)
	at org.apache.catalina.core.ApplicationFilterChain.doFilter(ApplicationFilterChain.java:210)
	at org.gatein.portal.init.PortalCheckInitFilter.doFilter(PortalCheckInitFilter.java:66)
	at org.apache.catalina.core.ApplicationFilterChain.internalDoFilter(ApplicationFilterChain.java:243)
	at org.apache.catalina.core.ApplicationFilterChain.doFilter(ApplicationFilterChain.java:210)
	at org.apache.catalina.core.StandardWrapperValve.invoke(StandardWrapperValve.java:222)
	at org.apache.catalina.core.StandardContextValve.invoke(StandardContextValve.java:123)
	at org.apache.catalina.authenticator.AuthenticatorBase.invoke(AuthenticatorBase.java:502)
	at org.gatein.sso.agent.tomcat.ServletAccessValve.invoke(ServletAccessValve.java:55)
	at org.apache.catalina.core.StandardHostValve.invoke(StandardHostValve.java:171)
	at org.apache.catalina.valves.ErrorReportValve.invoke(ErrorReportValve.java:99)
	at org.gatein.sso.agent.tomcat.ServletAccessValve.invoke(ServletAccessValve.java:55)
	at org.apache.catalina.valves.AccessLogValve.invoke(AccessLogValve.java:953)
	at org.apache.catalina.core.StandardEngineValve.invoke(StandardEngineValve.java:118)
	at org.apache.catalina.connector.CoyoteAdapter.service(CoyoteAdapter.java:408)
	at org.apache.coyote.http11.AbstractHttp11Processor.process(AbstractHttp11Processor.java:1023)
	at org.apache.coyote.AbstractProtocol$AbstractConnectionHandler.process(AbstractProtocol.java:589)
	at org.apache.tomcat.util.net.JIoEndpoint$SocketProcessor.run(JIoEndpoint.java:310)
	at java.util.concurrent.ThreadPoolExecutor.runWorker(ThreadPoolExecutor.java:1145)
	at java.util.concurrent.ThreadPoolExecutor$Worker.run(ThreadPoolExecutor.java:615)
	at java.lang.Thread.run(Thread.java:745)

Dec 28, 2016 2:25:27 PM org.apache.catalina.core.StandardWrapperValve invoke
SEVERE: Servlet.service() for servlet [portal] in context with path [/portal] threw exception [org.jasig.cas.client.validation.TicketValidationException: 
		未能够识别出目标 'ST-13-OS27ScKwzzhR3q9dG4NZ-cas01.example.org'票根
	] with root cause
org.jasig.cas.client.validation.TicketValidationException: 
		未能够识别出目标 'ST-13-OS27ScKwzzhR3q9dG4NZ-cas01.example.org'票根
	
	at org.jasig.cas.client.validation.Cas20ServiceTicketValidator.parseResponseFromServer(Cas20ServiceTicketValidator.java:86)
	at org.jasig.cas.client.validation.AbstractUrlBasedTicketValidator.validate(AbstractUrlBasedTicketValidator.java:217)
	at org.gatein.sso.agent.cas.CASAgentImpl.validateTicket(CASAgentImpl.java:71)
	at org.gatein.sso.agent.filter.InitiateLoginFilter.processSSOToken(InitiateLoginFilter.java:181)
	at org.gatein.sso.agent.filter.InitiateLoginFilter.doFilter(InitiateLoginFilter.java:141)
	at org.gatein.sso.integration.SSODelegateFilter$SSOFilterChain.doFilter(SSODelegateFilter.java:119)
	at org.gatein.sso.agent.filter.AbstractLogoutFilter.doFilter(AbstractLogoutFilter.java:112)
	at org.gatein.sso.integration.SSODelegateFilter$SSOFilterChain.doFilter(SSODelegateFilter.java:119)
	at org.gatein.sso.integration.SSODelegateFilter.doFilter(SSODelegateFilter.java:56)
	at org.apache.catalina.core.ApplicationFilterChain.internalDoFilter(ApplicationFilterChain.java:243)
	at org.apache.catalina.core.ApplicationFilterChain.doFilter(ApplicationFilterChain.java:210)
	at org.exoplatform.container.web.PortalContainerFilter.doFilter(PortalContainerFilter.java:78)
	at org.apache.catalina.core.ApplicationFilterChain.internalDoFilter(ApplicationFilterChain.java:243)
	at org.apache.catalina.core.ApplicationFilterChain.doFilter(ApplicationFilterChain.java:210)
	at org.gatein.portal.init.PortalCheckInitFilter.doFilter(PortalCheckInitFilter.java:66)
	at org.apache.catalina.core.ApplicationFilterChain.internalDoFilter(ApplicationFilterChain.java:243)
	at org.apache.catalina.core.ApplicationFilterChain.doFilter(ApplicationFilterChain.java:210)
	at org.apache.catalina.core.StandardWrapperValve.invoke(StandardWrapperValve.java:222)
	at org.apache.catalina.core.StandardContextValve.invoke(StandardContextValve.java:123)
	at org.apache.catalina.authenticator.AuthenticatorBase.invoke(AuthenticatorBase.java:502)
	at org.gatein.sso.agent.tomcat.ServletAccessValve.invoke(ServletAccessValve.java:55)
	at org.apache.catalina.core.StandardHostValve.invoke(StandardHostValve.java:171)
	at org.apache.catalina.valves.ErrorReportValve.invoke(ErrorReportValve.java:99)
	at org.gatein.sso.agent.tomcat.ServletAccessValve.invoke(ServletAccessValve.java:55)
	at org.apache.catalina.valves.AccessLogValve.invoke(AccessLogValve.java:953)
	at org.apache.catalina.core.StandardEngineValve.invoke(StandardEngineValve.java:118)
	at org.apache.catalina.connector.CoyoteAdapter.service(CoyoteAdapter.java:408)
	at org.apache.coyote.http11.AbstractHttp11Processor.process(AbstractHttp11Processor.java:1023)
	at org.apache.coyote.AbstractProtocol$AbstractConnectionHandler.process(AbstractProtocol.java:589)
	at org.apache.tomcat.util.net.JIoEndpoint$SocketProcessor.run(JIoEndpoint.java:310)
	at java.util.concurrent.ThreadPoolExecutor.runWorker(ThreadPoolExecutor.java:1145)
	at java.util.concurrent.ThreadPoolExecutor$Worker.run(ThreadPoolExecutor.java:615)
	at java.lang.Thread.run(Thread.java:745)

Dec 28, 2016 2:31:40 PM org.apache.catalina.core.StandardWrapperValve invoke
SEVERE: Servlet.service() for servlet [portal] in context with path [/portal] threw exception [org.jasig.cas.client.validation.TicketValidationException: 
		未能够识别出目标 'ST-14-te3gLTMImTVlCGO0kvMW-cas01.example.org'票根
	] with root cause
org.jasig.cas.client.validation.TicketValidationException: 
		未能够识别出目标 'ST-14-te3gLTMImTVlCGO0kvMW-cas01.example.org'票根
	
	at org.jasig.cas.client.validation.Cas20ServiceTicketValidator.parseResponseFromServer(Cas20ServiceTicketValidator.java:86)
	at org.jasig.cas.client.validation.AbstractUrlBasedTicketValidator.validate(AbstractUrlBasedTicketValidator.java:217)
	at org.gatein.sso.agent.cas.CASAgentImpl.validateTicket(CASAgentImpl.java:71)
	at org.gatein.sso.agent.filter.InitiateLoginFilter.processSSOToken(InitiateLoginFilter.java:181)
	at org.gatein.sso.agent.filter.InitiateLoginFilter.doFilter(InitiateLoginFilter.java:141)
	at org.gatein.sso.integration.SSODelegateFilter$SSOFilterChain.doFilter(SSODelegateFilter.java:119)
	at org.gatein.sso.agent.filter.AbstractLogoutFilter.doFilter(AbstractLogoutFilter.java:112)
	at org.gatein.sso.integration.SSODelegateFilter$SSOFilterChain.doFilter(SSODelegateFilter.java:119)
	at org.gatein.sso.integration.SSODelegateFilter.doFilter(SSODelegateFilter.java:56)
	at org.apache.catalina.core.ApplicationFilterChain.internalDoFilter(ApplicationFilterChain.java:243)
	at org.apache.catalina.core.ApplicationFilterChain.doFilter(ApplicationFilterChain.java:210)
	at org.exoplatform.container.web.PortalContainerFilter.doFilter(PortalContainerFilter.java:78)
	at org.apache.catalina.core.ApplicationFilterChain.internalDoFilter(ApplicationFilterChain.java:243)
	at org.apache.catalina.core.ApplicationFilterChain.doFilter(ApplicationFilterChain.java:210)
	at org.gatein.portal.init.PortalCheckInitFilter.doFilter(PortalCheckInitFilter.java:66)
	at org.apache.catalina.core.ApplicationFilterChain.internalDoFilter(ApplicationFilterChain.java:243)
	at org.apache.catalina.core.ApplicationFilterChain.doFilter(ApplicationFilterChain.java:210)
	at org.apache.catalina.core.StandardWrapperValve.invoke(StandardWrapperValve.java:222)
	at org.apache.catalina.core.StandardContextValve.invoke(StandardContextValve.java:123)
	at org.apache.catalina.authenticator.AuthenticatorBase.invoke(AuthenticatorBase.java:502)
	at org.gatein.sso.agent.tomcat.ServletAccessValve.invoke(ServletAccessValve.java:55)
	at org.apache.catalina.core.StandardHostValve.invoke(StandardHostValve.java:171)
	at org.apache.catalina.valves.ErrorReportValve.invoke(ErrorReportValve.java:99)
	at org.gatein.sso.agent.tomcat.ServletAccessValve.invoke(ServletAccessValve.java:55)
	at org.apache.catalina.valves.AccessLogValve.invoke(AccessLogValve.java:953)
	at org.apache.catalina.core.StandardEngineValve.invoke(StandardEngineValve.java:118)
	at org.apache.catalina.connector.CoyoteAdapter.service(CoyoteAdapter.java:408)
	at org.apache.coyote.http11.AbstractHttp11Processor.process(AbstractHttp11Processor.java:1023)
	at org.apache.coyote.AbstractProtocol$AbstractConnectionHandler.process(AbstractProtocol.java:589)
	at org.apache.tomcat.util.net.JIoEndpoint$SocketProcessor.run(JIoEndpoint.java:310)
	at java.util.concurrent.ThreadPoolExecutor.runWorker(ThreadPoolExecutor.java:1145)
	at java.util.concurrent.ThreadPoolExecutor$Worker.run(ThreadPoolExecutor.java:615)
	at java.lang.Thread.run(Thread.java:745)

Dec 28, 2016 4:40:27 PM org.apache.jasper.compiler.TldLocationsCache tldScanJar
INFO: At least one JAR was scanned for TLDs yet contained no TLDs. Enable debug logging for this logger for a complete list of JARs that were scanned but no TLDs were found in them. Skipping unneeded JARs during scanning can improve startup time and JSP compilation time.
Dec 28, 2016 5:05:39 PM org.apache.catalina.realm.JAASRealm authenticate
WARNING: Login exception authenticating username "A909FBAA910AEE452368FE01C22F5EED_1482915939035"
javax.security.auth.login.LoginException: Login failed for A909FBAA910AEE452368FE01C22F5EED_1482915939035
	at org.exoplatform.services.security.jaas.DefaultLoginModule.login(DefaultLoginModule.java:140)
	at sun.reflect.NativeMethodAccessorImpl.invoke0(Native Method)
	at sun.reflect.NativeMethodAccessorImpl.invoke(NativeMethodAccessorImpl.java:57)
	at sun.reflect.DelegatingMethodAccessorImpl.invoke(DelegatingMethodAccessorImpl.java:43)
	at java.lang.reflect.Method.invoke(Method.java:606)
	at javax.security.auth.login.LoginContext.invoke(LoginContext.java:762)
	at javax.security.auth.login.LoginContext.access$000(LoginContext.java:203)
	at javax.security.auth.login.LoginContext$4.run(LoginContext.java:690)
	at javax.security.auth.login.LoginContext$4.run(LoginContext.java:688)
	at java.security.AccessController.doPrivileged(Native Method)
	at javax.security.auth.login.LoginContext.invokePriv(LoginContext.java:687)
	at javax.security.auth.login.LoginContext.login(LoginContext.java:595)
	at org.apache.catalina.realm.JAASRealm.authenticate(JAASRealm.java:435)
	at org.apache.catalina.realm.JAASRealm.authenticate(JAASRealm.java:356)
	at org.apache.catalina.authenticator.AuthenticatorBase.doLogin(AuthenticatorBase.java:849)
	at org.apache.catalina.authenticator.AuthenticatorBase.login(AuthenticatorBase.java:831)
	at org.apache.catalina.connector.Request.login(Request.java:2622)
	at org.apache.catalina.connector.RequestFacade.login(RequestFacade.java:1065)
	at javax.servlet.http.HttpServletRequestWrapper.login(HttpServletRequestWrapper.java:307)
	at org.gatein.wci.tomcat.TC7ServletContainerContext.login(TC7ServletContainerContext.java:137)
	at org.gatein.wci.ServletContainer.login(ServletContainer.java:174)
	at org.exoplatform.web.login.LoginServlet.doGet(LoginServlet.java:159)
	at javax.servlet.http.HttpServlet.service(HttpServlet.java:621)
	at org.exoplatform.container.web.AbstractHttpServlet.onService(AbstractHttpServlet.java:184)
	at org.exoplatform.container.web.AbstractHttpServlet.service(AbstractHttpServlet.java:133)
	at javax.servlet.http.HttpServlet.service(HttpServlet.java:728)
	at org.apache.catalina.core.ApplicationFilterChain.internalDoFilter(ApplicationFilterChain.java:305)
	at org.apache.catalina.core.ApplicationFilterChain.doFilter(ApplicationFilterChain.java:210)
	at org.apache.catalina.core.ApplicationDispatcher.invoke(ApplicationDispatcher.java:749)
	at org.apache.catalina.core.ApplicationDispatcher.processRequest(ApplicationDispatcher.java:487)
	at org.apache.catalina.core.ApplicationDispatcher.doForward(ApplicationDispatcher.java:412)
	at org.apache.catalina.core.ApplicationDispatcher.forward(ApplicationDispatcher.java:339)
	at org.apache.catalina.authenticator.FormAuthenticator.forwardToLoginPage(FormAuthenticator.java:425)
	at org.apache.catalina.authenticator.FormAuthenticator.authenticate(FormAuthenticator.java:280)
	at org.apache.catalina.authenticator.AuthenticatorBase.invoke(AuthenticatorBase.java:574)
	at org.gatein.sso.agent.tomcat.ServletAccessValve.invoke(ServletAccessValve.java:55)
	at org.apache.catalina.core.StandardHostValve.invoke(StandardHostValve.java:171)
	at org.apache.catalina.valves.ErrorReportValve.invoke(ErrorReportValve.java:99)
	at org.gatein.sso.agent.tomcat.ServletAccessValve.invoke(ServletAccessValve.java:55)
	at org.apache.catalina.valves.AccessLogValve.invoke(AccessLogValve.java:953)
	at org.apache.catalina.core.StandardEngineValve.invoke(StandardEngineValve.java:118)
	at org.apache.catalina.connector.CoyoteAdapter.service(CoyoteAdapter.java:408)
	at org.apache.coyote.http11.AbstractHttp11Processor.process(AbstractHttp11Processor.java:1023)
	at org.apache.coyote.AbstractProtocol$AbstractConnectionHandler.process(AbstractProtocol.java:589)
	at org.apache.tomcat.util.net.JIoEndpoint$SocketProcessor.run(JIoEndpoint.java:312)
	at java.util.concurrent.ThreadPoolExecutor.runWorker(ThreadPoolExecutor.java:1145)
	at java.util.concurrent.ThreadPoolExecutor$Worker.run(ThreadPoolExecutor.java:615)
	at java.lang.Thread.run(Thread.java:745)

