/*C1*/SET SCHEMA SYSTEM_LOBS
INSERT INTO BLOCKS VALUES(0,2147483647,0)
COMMIT
/*C2*/SET SCHEMA PUBLIC
DISCONNECT
/*C3*/SET SCHEMA PUBLIC
create table jbid_attr_bin_value (BIN_VALUE_ID bigint generated by default as identity (start with 1), VALUE blob(10240000), primary key (BIN_VALUE_ID))
create table jbid_creden_bin_value (BIN_VALUE_ID bigint generated by default as identity (start with 1), VALUE blob(10240000), primary key (BIN_VALUE_ID))
create table jbid_io (ID bigint generated by default as identity (start with 1), IDENTITY_TYPE bigint not null, NAME varchar(255) not null, REALM bigint not null, primary key (ID))
create table jbid_io_attr (ATTRIBUTE_ID bigint generated by default as identity (start with 1), IDENTITY_OBJECT_ID bigint not null, NAME varchar(255), ATTRIBUTE_TYPE varchar(255), BIN_VALUE_ID bigint, primary key (ATTRIBUTE_ID))
create table jbid_io_attr_text_values (TEXT_ATTR_VALUE_ID bigint not null, ATTR_VALUE varchar(255))
create table jbid_io_creden (ID bigint generated by default as identity (start with 1), BIN_VALUE_ID bigint, IDENTITY_OBJECT_ID bigint not null, TEXT varchar(255), CREDENTIAL_TYPE bigint not null, primary key (ID))
create table jbid_io_creden_props (PROP_ID bigint not null, PROP_VALUE varchar(255) not null, PROP_NAME varchar(255) not null, primary key (PROP_ID, PROP_NAME))
create table jbid_io_creden_type (ID bigint generated by default as identity (start with 1), NAME varchar(255), primary key (ID))
create table jbid_io_props (PROP_ID bigint not null, PROP_VALUE varchar(255) not null, PROP_NAME varchar(255) not null, primary key (PROP_ID, PROP_NAME))
create table jbid_io_rel (ID bigint generated by default as identity (start with 1), FROM_IDENTITY bigint not null, NAME bigint, TO_IDENTITY bigint not null, REL_TYPE bigint not null, primary key (ID))
create table jbid_io_rel_name (ID bigint generated by default as identity (start with 1), NAME varchar(255) not null, REALM bigint not null, primary key (ID))
create table jbid_io_rel_name_props (PROP_ID bigint not null, PROP_VALUE varchar(255) not null, PROP_NAME varchar(255) not null, primary key (PROP_ID, PROP_NAME))
create table jbid_io_rel_props (PROP_ID bigint not null, PROP_VALUE varchar(255) not null, PROP_NAME varchar(255) not null, primary key (PROP_ID, PROP_NAME))
create table jbid_io_rel_type (ID bigint generated by default as identity (start with 1), NAME varchar(255) not null, primary key (ID))
create table jbid_io_type (ID bigint generated by default as identity (start with 1), NAME varchar(255) not null, primary key (ID))
create table jbid_real_props (PROP_ID bigint not null, PROP_VALUE varchar(255) not null, PROP_NAME varchar(255) not null, primary key (PROP_ID, PROP_NAME))
create table jbid_realm (ID bigint generated by default as identity (start with 1), NAME varchar(255) not null, primary key (ID))
alter table jbid_io add constraint id unique (IDENTITY_TYPE, NAME, REALM)
alter table jbid_io_attr drop constraint id
alter table jbid_io_attr add constraint id unique (IDENTITY_OBJECT_ID, NAME)
alter table jbid_io_creden drop constraint id
alter table jbid_io_creden add constraint id unique (IDENTITY_OBJECT_ID, CREDENTIAL_TYPE)
alter table jbid_io_creden_type add constraint UK_iqgcb1lwma9oj85v1dvu0s7oo unique (NAME)
alter table jbid_io_rel drop constraint id
alter table jbid_io_rel add constraint id unique (FROM_IDENTITY, NAME, TO_IDENTITY, REL_TYPE)
alter table jbid_io_rel_name drop constraint id
alter table jbid_io_rel_name add constraint id unique (NAME, REALM)
alter table jbid_io_rel_type add constraint UK_q0viotf5dq1gpwliq817lmfdb unique (NAME)
alter table jbid_io_type add constraint UK_6qhvm42s96tyb1ul648ogjamq unique (NAME)
alter table jbid_realm drop constraint id
alter table jbid_realm add constraint id unique (NAME)
alter table jbid_io add constraint FK_5j9pr8t7b237yfhe3q4u820y6 foreign key (IDENTITY_TYPE) references jbid_io_type
alter table jbid_io add constraint FK_1524d961cmjrfv470i376n1df foreign key (REALM) references jbid_realm
alter table jbid_io_attr add constraint FK_jk4i7udwn5obtux8wr62sw6wg foreign key (IDENTITY_OBJECT_ID) references jbid_io
alter table jbid_io_attr add constraint FK_pbtnw2uh4v9g6ykci74woc0x8 foreign key (BIN_VALUE_ID) references jbid_attr_bin_value
alter table jbid_io_attr_text_values add constraint FK_9t69d6ilqtu0tr4j8ab2bw9ev foreign key (TEXT_ATTR_VALUE_ID) references jbid_io_attr
alter table jbid_io_creden add constraint FK_avbrewjv8179ugkt6ttuk85e foreign key (BIN_VALUE_ID) references jbid_creden_bin_value
alter table jbid_io_creden add constraint FK_otmncrr31bm1f9c7gyywe30u9 foreign key (IDENTITY_OBJECT_ID) references jbid_io
alter table jbid_io_creden add constraint FK_4ptntoev8jb05281319wltg07 foreign key (CREDENTIAL_TYPE) references jbid_io_creden_type
alter table jbid_io_creden_props add constraint FK_o8vcn5cjmisu2fpygubl4p1l9 foreign key (PROP_ID) references jbid_io_creden
alter table jbid_io_props add constraint FK_idt21674gp6njdxo68qo5590u foreign key (PROP_ID) references jbid_io
alter table jbid_io_rel add constraint FK_r5hojsy1l0exg60afyvcjh6ff foreign key (FROM_IDENTITY) references jbid_io
alter table jbid_io_rel add constraint FK_ddl776m12nmg0j0fieodyykyy foreign key (NAME) references jbid_io_rel_name
alter table jbid_io_rel add constraint FK_60mbu620sn7pqmj1wdqfux7de foreign key (TO_IDENTITY) references jbid_io
alter table jbid_io_rel add constraint FK_jn0uhpfjr7nh4lr4qbe9wk3n3 foreign key (REL_TYPE) references jbid_io_rel_type
alter table jbid_io_rel_name add constraint FK_7fkcek6fgih072s18cper1g9t foreign key (REALM) references jbid_realm
alter table jbid_io_rel_name_props add constraint FK_8kjju28ee6sd26amdxuq82oee foreign key (PROP_ID) references jbid_io_rel_name
alter table jbid_io_rel_props add constraint FK_8xd4s1so6bgygp2eced42bdd5 foreign key (PROP_ID) references jbid_io_rel
alter table jbid_real_props add constraint FK_hv1at4rpxkgkgcrd4pi3cq706 foreign key (PROP_ID) references jbid_realm
INSERT INTO JBID_IO_REL_TYPE VALUES(1,'JBOSS_IDENTITY_MEMBERSHIP')
INSERT INTO JBID_IO_REL_TYPE VALUES(2,'JBOSS_IDENTITY_ROLE')
INSERT INTO JBID_IO_TYPE VALUES(1,'USER')
INSERT INTO JBID_IO_CREDEN_TYPE VALUES(1,'PASSWORD')
INSERT INTO JBID_IO_CREDEN_TYPE VALUES(2,'BINARY')
INSERT INTO JBID_REALM VALUES(1,'org.picketlink.idm.impl.store.hibernate.HibernateIdentityStoreImpl.DEFAULT_REALM')
INSERT INTO JBID_REALM VALUES(2,'idm_realm')
COMMIT
INSERT INTO JBID_IO_TYPE VALUES(2,'root_type')
INSERT INTO JBID_REALM VALUES(3,'idm_realm_portal')
INSERT INTO JBID_IO VALUES(1,2,'platform',3)
INSERT INTO JBID_IO_ATTR VALUES(1,1,'description','text',NULL)
INSERT INTO JBID_IO_ATTR VALUES(2,1,'label','text',NULL)
INSERT INTO JBID_IO_ATTR_TEXT_VALUES VALUES(1,'the /platform group')
INSERT INTO JBID_IO_ATTR_TEXT_VALUES VALUES(2,'Platform')
INSERT INTO JBID_IO VALUES(2,2,'GTN_ROOT_GROUP',3)
INSERT INTO JBID_IO_REL VALUES(1,2,NULL,1,1)
INSERT INTO JBID_IO_TYPE VALUES(3,'.platform')
INSERT INTO JBID_IO VALUES(3,3,'administrators',3)
INSERT INTO JBID_IO_ATTR VALUES(3,3,'label','text',NULL)
INSERT INTO JBID_IO_ATTR VALUES(4,3,'description','text',NULL)
INSERT INTO JBID_IO_ATTR_TEXT_VALUES VALUES(3,'Administrators')
INSERT INTO JBID_IO_ATTR_TEXT_VALUES VALUES(4,'the /platform/administrators group')
INSERT INTO JBID_IO_REL VALUES(2,1,NULL,3,1)
INSERT INTO JBID_IO VALUES(4,3,'users',3)
INSERT INTO JBID_IO_ATTR VALUES(5,4,'description','text',NULL)
INSERT INTO JBID_IO_ATTR VALUES(6,4,'label','text',NULL)
INSERT INTO JBID_IO_ATTR_TEXT_VALUES VALUES(5,'the /platform/users group')
INSERT INTO JBID_IO_ATTR_TEXT_VALUES VALUES(6,'Users')
INSERT INTO JBID_IO_REL VALUES(3,1,NULL,4,1)
INSERT INTO JBID_IO VALUES(5,3,'guests',3)
INSERT INTO JBID_IO_ATTR VALUES(7,5,'label','text',NULL)
INSERT INTO JBID_IO_ATTR VALUES(8,5,'description','text',NULL)
INSERT INTO JBID_IO_ATTR_TEXT_VALUES VALUES(7,'Guests')
INSERT INTO JBID_IO_ATTR_TEXT_VALUES VALUES(8,'the /platform/guests group')
INSERT INTO JBID_IO_REL VALUES(4,1,NULL,5,1)
INSERT INTO JBID_IO VALUES(6,2,'organization',3)
INSERT INTO JBID_IO_ATTR VALUES(9,6,'label','text',NULL)
INSERT INTO JBID_IO_ATTR VALUES(10,6,'description','text',NULL)
INSERT INTO JBID_IO_ATTR_TEXT_VALUES VALUES(9,'Organization')
INSERT INTO JBID_IO_ATTR_TEXT_VALUES VALUES(10,'the organization group')
INSERT INTO JBID_IO_REL VALUES(5,2,NULL,6,1)
INSERT INTO JBID_IO_TYPE VALUES(4,'.organization')
INSERT INTO JBID_IO VALUES(7,4,'management',3)
INSERT INTO JBID_IO_ATTR VALUES(11,7,'label','text',NULL)
INSERT INTO JBID_IO_ATTR VALUES(12,7,'description','text',NULL)
INSERT INTO JBID_IO_ATTR_TEXT_VALUES VALUES(11,'Management')
INSERT INTO JBID_IO_ATTR_TEXT_VALUES VALUES(12,'the /organization/management group')
INSERT INTO JBID_IO_REL VALUES(6,6,NULL,7,1)
INSERT INTO JBID_IO_TYPE VALUES(5,'.organization.management')
INSERT INTO JBID_IO VALUES(8,5,'executive-board',3)
INSERT INTO JBID_IO_ATTR VALUES(13,8,'label','text',NULL)
INSERT INTO JBID_IO_ATTR VALUES(14,8,'description','text',NULL)
INSERT INTO JBID_IO_ATTR_TEXT_VALUES VALUES(13,'Executive Board')
INSERT INTO JBID_IO_ATTR_TEXT_VALUES VALUES(14,'the /organization/management/executive-board group')
INSERT INTO JBID_IO_REL VALUES(7,7,NULL,8,1)
INSERT INTO JBID_IO VALUES(9,5,'human-resources',3)
INSERT INTO JBID_IO_ATTR VALUES(15,9,'label','text',NULL)
INSERT INTO JBID_IO_ATTR VALUES(16,9,'description','text',NULL)
INSERT INTO JBID_IO_ATTR_TEXT_VALUES VALUES(15,'Human Resources')
INSERT INTO JBID_IO_ATTR_TEXT_VALUES VALUES(16,'the /organization/management/human-resource group')
INSERT INTO JBID_IO_REL VALUES(8,7,NULL,9,1)
INSERT INTO JBID_IO VALUES(10,4,'communication',3)
INSERT INTO JBID_IO_ATTR VALUES(17,10,'label','text',NULL)
INSERT INTO JBID_IO_ATTR VALUES(18,10,'description','text',NULL)
INSERT INTO JBID_IO_ATTR_TEXT_VALUES VALUES(17,'Communication')
INSERT INTO JBID_IO_ATTR_TEXT_VALUES VALUES(18,'the /organization/communication group')
INSERT INTO JBID_IO_REL VALUES(9,6,NULL,10,1)
INSERT INTO JBID_IO_TYPE VALUES(6,'.organization.communication')
INSERT INTO JBID_IO VALUES(11,6,'marketing',3)
INSERT INTO JBID_IO_ATTR VALUES(19,11,'label','text',NULL)
INSERT INTO JBID_IO_ATTR VALUES(20,11,'description','text',NULL)
INSERT INTO JBID_IO_ATTR_TEXT_VALUES VALUES(19,'Marketing')
INSERT INTO JBID_IO_ATTR_TEXT_VALUES VALUES(20,'the /organization/communication/marketing group')
INSERT INTO JBID_IO_REL VALUES(10,10,NULL,11,1)
INSERT INTO JBID_IO VALUES(12,6,'press-and-media',3)
INSERT INTO JBID_IO_ATTR VALUES(21,12,'description','text',NULL)
INSERT INTO JBID_IO_ATTR VALUES(22,12,'label','text',NULL)
INSERT INTO JBID_IO_ATTR_TEXT_VALUES VALUES(21,'the /organization/communication/press-and-media group')
INSERT INTO JBID_IO_ATTR_TEXT_VALUES VALUES(22,'Press and Media')
INSERT INTO JBID_IO_REL VALUES(11,10,NULL,12,1)
INSERT INTO JBID_IO VALUES(13,4,'operations',3)
INSERT INTO JBID_IO_ATTR VALUES(23,13,'description','text',NULL)
INSERT INTO JBID_IO_ATTR VALUES(24,13,'label','text',NULL)
INSERT INTO JBID_IO_ATTR_TEXT_VALUES VALUES(23,'the /organization/operations and media group')
INSERT INTO JBID_IO_ATTR_TEXT_VALUES VALUES(24,'Operations')
INSERT INTO JBID_IO_REL VALUES(12,6,NULL,13,1)
INSERT INTO JBID_IO_TYPE VALUES(7,'.organization.operations')
INSERT INTO JBID_IO VALUES(14,7,'sales',3)
INSERT INTO JBID_IO_ATTR VALUES(25,14,'description','text',NULL)
INSERT INTO JBID_IO_ATTR VALUES(26,14,'label','text',NULL)
INSERT INTO JBID_IO_ATTR_TEXT_VALUES VALUES(25,'the /organization/operations/sales group')
INSERT INTO JBID_IO_ATTR_TEXT_VALUES VALUES(26,'Sales')
INSERT INTO JBID_IO_REL VALUES(13,13,NULL,14,1)
INSERT INTO JBID_IO VALUES(15,7,'finances',3)
INSERT INTO JBID_IO_ATTR VALUES(27,15,'label','text',NULL)
INSERT INTO JBID_IO_ATTR VALUES(28,15,'description','text',NULL)
INSERT INTO JBID_IO_ATTR_TEXT_VALUES VALUES(27,'Finances')
INSERT INTO JBID_IO_ATTR_TEXT_VALUES VALUES(28,'the /organization/operations/finances group')
INSERT INTO JBID_IO_REL VALUES(14,13,NULL,15,1)
INSERT INTO JBID_IO VALUES(16,2,'customers',3)
INSERT INTO JBID_IO_ATTR VALUES(29,16,'label','text',NULL)
INSERT INTO JBID_IO_ATTR VALUES(30,16,'description','text',NULL)
INSERT INTO JBID_IO_ATTR_TEXT_VALUES VALUES(29,'Customers')
INSERT INTO JBID_IO_ATTR_TEXT_VALUES VALUES(30,'the /customers group')
INSERT INTO JBID_IO_REL VALUES(15,2,NULL,16,1)
INSERT INTO JBID_IO VALUES(17,2,'partners',3)
INSERT INTO JBID_IO_ATTR VALUES(31,17,'label','text',NULL)
INSERT INTO JBID_IO_ATTR VALUES(32,17,'description','text',NULL)
INSERT INTO JBID_IO_ATTR_TEXT_VALUES VALUES(31,'Partners')
INSERT INTO JBID_IO_ATTR_TEXT_VALUES VALUES(32,'the /partners group')
INSERT INTO JBID_IO_REL VALUES(16,2,NULL,17,1)
INSERT INTO JBID_IO_REL_NAME VALUES(1,'manager',3)
INSERT INTO JBID_IO_REL_NAME VALUES(2,'*',3)
INSERT INTO JBID_IO_REL_NAME_PROPS VALUES(1,'manager membership type','description')
INSERT INTO JBID_IO_REL_NAME_PROPS VALUES(1,'1483065987161','create_date')
INSERT INTO JBID_IO_REL_NAME_PROPS VALUES(1,'1483065987161','modified_date')
INSERT INTO JBID_IO_REL_NAME VALUES(3,'member',3)
INSERT INTO JBID_IO_REL_NAME_PROPS VALUES(2,'any membership type','description')
INSERT INTO JBID_IO_REL_NAME_PROPS VALUES(2,'1483065987181','create_date')
INSERT INTO JBID_IO_REL_NAME_PROPS VALUES(2,'1483065987181','modified_date')
INSERT INTO JBID_IO_REL_NAME VALUES(4,'validator',3)
INSERT INTO JBID_IO_REL_NAME_PROPS VALUES(3,'member membership type','description')
INSERT INTO JBID_IO_REL_NAME_PROPS VALUES(3,'1483065987192','create_date')
INSERT INTO JBID_IO_REL_NAME_PROPS VALUES(3,'1483065987192','modified_date')
INSERT INTO JBID_IO_REL_NAME_PROPS VALUES(4,'validator membership type','description')
INSERT INTO JBID_IO_REL_NAME_PROPS VALUES(4,'1483065987203','create_date')
INSERT INTO JBID_IO_REL_NAME_PROPS VALUES(4,'1483065987203','modified_date')
INSERT INTO JBID_IO VALUES(18,1,'root',3)
INSERT INTO JBID_IO_CREDEN VALUES(1,NULL,18,NULL,1)
INSERT INTO JBID_IO_ATTR VALUES(33,18,'passwordSalt','text',NULL)
INSERT INTO JBID_IO_ATTR_TEXT_VALUES VALUES(33,'7898720744354656893')
DELETE FROM JBID_IO_CREDEN WHERE ID=1
INSERT INTO JBID_IO_CREDEN VALUES(1,NULL,18,'b740177b07ac725c575a0ee4ff1021e56c4db03634dfb4a2de818c66229fcc32',1)
INSERT INTO JBID_IO_ATTR VALUES(34,18,'displayName','text',NULL)
INSERT INTO JBID_IO_ATTR VALUES(35,18,'firstName','text',NULL)
INSERT INTO JBID_IO_ATTR VALUES(36,18,'enabled','text',NULL)
INSERT INTO JBID_IO_ATTR VALUES(37,18,'createdDate','text',NULL)
INSERT INTO JBID_IO_ATTR VALUES(38,18,'lastName','text',NULL)
INSERT INTO JBID_IO_ATTR VALUES(39,18,'lastLoginTime','text',NULL)
INSERT INTO JBID_IO_ATTR VALUES(40,18,'email','text',NULL)
INSERT INTO JBID_IO_ATTR_TEXT_VALUES VALUES(34,'Root Root')
INSERT INTO JBID_IO_ATTR_TEXT_VALUES VALUES(35,'Root')
INSERT INTO JBID_IO_ATTR_TEXT_VALUES VALUES(36,'true')
INSERT INTO JBID_IO_ATTR_TEXT_VALUES VALUES(37,'1483065987222')
INSERT INTO JBID_IO_ATTR_TEXT_VALUES VALUES(38,'Root')
INSERT INTO JBID_IO_ATTR_TEXT_VALUES VALUES(39,'1483065987222')
INSERT INTO JBID_IO_ATTR_TEXT_VALUES VALUES(40,'root@gatein.org')
INSERT INTO JBID_IO_REL VALUES(17,3,1,18,2)
INSERT INTO JBID_IO_REL VALUES(18,4,NULL,18,1)
INSERT INTO JBID_IO_REL VALUES(19,4,3,18,2)
INSERT INTO JBID_IO_REL VALUES(20,8,NULL,18,1)
INSERT INTO JBID_IO_REL VALUES(21,8,3,18,2)
INSERT INTO JBID_IO VALUES(19,1,'john',3)
INSERT INTO JBID_IO_CREDEN VALUES(2,NULL,19,NULL,1)
INSERT INTO JBID_IO_ATTR VALUES(41,19,'passwordSalt','text',NULL)
INSERT INTO JBID_IO_ATTR_TEXT_VALUES VALUES(41,'-814216655712251959')
DELETE FROM JBID_IO_CREDEN WHERE ID=2
INSERT INTO JBID_IO_CREDEN VALUES(2,NULL,19,'fa2cbb211ba4955a044e839a04b3f349eae36760d759bec690469e067074c09d',1)
INSERT INTO JBID_IO_ATTR VALUES(42,19,'lastLoginTime','text',NULL)
INSERT INTO JBID_IO_ATTR VALUES(43,19,'displayName','text',NULL)
INSERT INTO JBID_IO_ATTR VALUES(44,19,'lastName','text',NULL)
INSERT INTO JBID_IO_ATTR VALUES(45,19,'email','text',NULL)
INSERT INTO JBID_IO_ATTR VALUES(46,19,'enabled','text',NULL)
INSERT INTO JBID_IO_ATTR VALUES(47,19,'firstName','text',NULL)
INSERT INTO JBID_IO_ATTR VALUES(48,19,'createdDate','text',NULL)
INSERT INTO JBID_IO_ATTR_TEXT_VALUES VALUES(42,'1483065987656')
INSERT INTO JBID_IO_ATTR_TEXT_VALUES VALUES(43,'John Anthony')
INSERT INTO JBID_IO_ATTR_TEXT_VALUES VALUES(44,'Anthony')
INSERT INTO JBID_IO_ATTR_TEXT_VALUES VALUES(45,'john@gatein.org')
INSERT INTO JBID_IO_ATTR_TEXT_VALUES VALUES(46,'true')
INSERT INTO JBID_IO_ATTR_TEXT_VALUES VALUES(47,'John')
INSERT INTO JBID_IO_ATTR_TEXT_VALUES VALUES(48,'1483065987656')
INSERT INTO JBID_IO_REL VALUES(22,3,NULL,19,1)
INSERT INTO JBID_IO_REL VALUES(23,3,3,19,2)
INSERT INTO JBID_IO_REL VALUES(24,4,NULL,19,1)
INSERT INTO JBID_IO_REL VALUES(25,4,3,19,2)
INSERT INTO JBID_IO_REL VALUES(26,8,1,19,2)
INSERT INTO JBID_IO VALUES(20,1,'mary',3)
INSERT INTO JBID_IO_CREDEN VALUES(3,NULL,20,NULL,1)
INSERT INTO JBID_IO_ATTR VALUES(49,20,'passwordSalt','text',NULL)
INSERT INTO JBID_IO_ATTR_TEXT_VALUES VALUES(49,'-888452547336988254')
DELETE FROM JBID_IO_CREDEN WHERE ID=3
INSERT INTO JBID_IO_CREDEN VALUES(3,NULL,20,'cd441b7cd737f2a571264b12ad140eb5f52b06f57156f8fbb9e7359c1c0e3079',1)
INSERT INTO JBID_IO_ATTR VALUES(50,20,'firstName','text',NULL)
INSERT INTO JBID_IO_ATTR VALUES(51,20,'email','text',NULL)
INSERT INTO JBID_IO_ATTR VALUES(52,20,'createdDate','text',NULL)
INSERT INTO JBID_IO_ATTR VALUES(53,20,'displayName','text',NULL)
INSERT INTO JBID_IO_ATTR VALUES(54,20,'enabled','text',NULL)
INSERT INTO JBID_IO_ATTR VALUES(55,20,'lastName','text',NULL)
INSERT INTO JBID_IO_ATTR VALUES(56,20,'lastLoginTime','text',NULL)
INSERT INTO JBID_IO_ATTR_TEXT_VALUES VALUES(50,'Mary')
INSERT INTO JBID_IO_ATTR_TEXT_VALUES VALUES(51,'mary@gatein.org')
INSERT INTO JBID_IO_ATTR_TEXT_VALUES VALUES(52,'1483065988090')
INSERT INTO JBID_IO_ATTR_TEXT_VALUES VALUES(53,'Mary Kelly')
INSERT INTO JBID_IO_ATTR_TEXT_VALUES VALUES(54,'true')
INSERT INTO JBID_IO_ATTR_TEXT_VALUES VALUES(55,'Kelly')
INSERT INTO JBID_IO_ATTR_TEXT_VALUES VALUES(56,'1483065988090')
INSERT INTO JBID_IO_REL VALUES(27,4,NULL,20,1)
INSERT INTO JBID_IO_REL VALUES(28,4,3,20,2)
INSERT INTO JBID_IO VALUES(21,1,'demo',3)
INSERT INTO JBID_IO_CREDEN VALUES(4,NULL,21,NULL,1)
INSERT INTO JBID_IO_ATTR VALUES(57,21,'passwordSalt','text',NULL)
INSERT INTO JBID_IO_ATTR_TEXT_VALUES VALUES(57,'355133506943592409')
DELETE FROM JBID_IO_CREDEN WHERE ID=4
INSERT INTO JBID_IO_CREDEN VALUES(4,NULL,21,'3b768c50e1a60352ca3f2f0b2bddfa982449a4aa0fc01565fc8190b6d08d1f04',1)
INSERT INTO JBID_IO_ATTR VALUES(58,21,'enabled','text',NULL)
INSERT INTO JBID_IO_ATTR VALUES(59,21,'lastName','text',NULL)
INSERT INTO JBID_IO_ATTR VALUES(60,21,'email','text',NULL)
INSERT INTO JBID_IO_ATTR VALUES(61,21,'lastLoginTime','text',NULL)
INSERT INTO JBID_IO_ATTR VALUES(62,21,'createdDate','text',NULL)
INSERT INTO JBID_IO_ATTR VALUES(63,21,'displayName','text',NULL)
INSERT INTO JBID_IO_ATTR VALUES(64,21,'firstName','text',NULL)
INSERT INTO JBID_IO_ATTR_TEXT_VALUES VALUES(58,'true')
INSERT INTO JBID_IO_ATTR_TEXT_VALUES VALUES(59,'gtn')
INSERT INTO JBID_IO_ATTR_TEXT_VALUES VALUES(60,'demo@gatein.org')
INSERT INTO JBID_IO_ATTR_TEXT_VALUES VALUES(61,'1483065988293')
INSERT INTO JBID_IO_ATTR_TEXT_VALUES VALUES(62,'1483065988293')
INSERT INTO JBID_IO_ATTR_TEXT_VALUES VALUES(63,'Demo gtn')
INSERT INTO JBID_IO_ATTR_TEXT_VALUES VALUES(64,'Demo')
INSERT INTO JBID_IO_REL VALUES(29,5,NULL,21,1)
INSERT INTO JBID_IO_REL VALUES(30,5,3,21,2)
INSERT INTO JBID_IO_REL VALUES(31,4,NULL,21,1)
INSERT INTO JBID_IO_REL VALUES(32,4,3,21,2)
COMMIT
DELETE FROM JBID_IO_CREDEN WHERE ID=1
INSERT INTO JBID_IO_CREDEN VALUES(1,NULL,18,'d2b775297c371847864eccec57fe2debef8a1482229f0215d55eaf48182230b8',1)
COMMIT
