/*C24*/SET SCHEMA PUBLIC
DISCONNECT
/*C26*/SET SCHEMA PUBLIC
DISCONNECT
/*C28*/SET SCHEMA PUBLIC
DISCONNECT
/*C30*/SET SCHEMA PUBLIC
DISCONNECT
/*C32*/SET SCHEMA PUBLIC
DISCONNECT
/*C34*/SET SCHEMA PUBLIC
DISCONNECT
/*C36*/SET SCHEMA PUBLIC
DISCONNECT
/*C38*/SET SCHEMA PUBLIC
DISCONNECT
/*C41*/SET SCHEMA PUBLIC
DISCONNECT
/*C43*/SET SCHEMA PUBLIC
DISCONNECT
/*C46*/SET SCHEMA PUBLIC
DISCONNECT
/*C48*/SET SCHEMA PUBLIC
DISCONNECT
/*C31*/SET SCHEMA PUBLIC
DELETE FROM JCR_IPSYSTEM WHERE ID='4d9f028d0a49e103498d936ea2ad5628'
INSERT INTO JCR_IPSYSTEM VALUES('4d9f028d0a49e103498d936ea2ad5628','4d9ef7120a49e103116a2ff55fb53ddc','[http://www.gatein.org/jcr/gatein/1.0/]lastmodificationdate',1,2,1,NULL,5,FALSE)
DELETE FROM JCR_VPSYSTEM WHERE ID=3623
INSERT INTO JCR_VPSYSTEM VALUES(3623,'323031372d30312d30355430393a34373a30312e3236302b30383a3030',0,'4d9f028d0a49e103498d936ea2ad5628',NULL)
DELETE FROM JCR_IPSYSTEM WHERE ID='4d9f028e0a49e10306c519afa0dda842'
INSERT INTO JCR_IPSYSTEM VALUES('4d9f028e0a49e10306c519afa0dda842','4d9ef7120a49e103116a2ff55fb53ddc','[http://www.gatein.org/jcr/gatein/1.0/]status',1,2,1,NULL,3,FALSE)
DELETE FROM JCR_VPSYSTEM WHERE ID=3624
INSERT INTO JCR_VPSYSTEM VALUES(3624,'31',0,'4d9f028e0a49e10306c519afa0dda842',NULL)
COMMIT
