/*C15*/SET SCHEMA PUBLIC
DISCONNECT
/*C17*/SET SCHEMA PUBLIC
DISCONNECT
/*C19*/SET SCHEMA PUBLIC
DISCONNECT
/*C21*/SET SCHEMA PUBLIC
DISCONNECT
/*C23*/SET SCHEMA PUBLIC
DISCONNECT
/*C25*/SET SCHEMA PUBLIC
DISCONNECT
/*C27*/SET SCHEMA PUBLIC
DISCONNECT
/*C29*/SET SCHEMA PUBLIC
DISCONNECT
/*C32*/SET SCHEMA PUBLIC
DISCONNECT
/*C34*/SET SCHEMA PUBLIC
DISCONNECT
/*C37*/SET SCHEMA PUBLIC
DISCONNECT
/*C39*/SET SCHEMA PUBLIC
DISCONNECT
/*C22*/SET SCHEMA PUBLIC
DELETE FROM JCR_IPSYSTEM WHERE ID='f606c7a40a498958536800778c0f6967'
INSERT INTO JCR_IPSYSTEM VALUES('f606c7a40a498958536800778c0f6967','f606bb320a4989580855dcf7fc416a9d','[http://www.gatein.org/jcr/gatein/1.0/]lastmodificationdate',14,2,1,NULL,5,FALSE)
DELETE FROM JCR_VPSYSTEM WHERE ID=3623
INSERT INTO JCR_VPSYSTEM VALUES(3623,'323031362d31322d33305431373a30323a33332e3634362b30383a3030',0,'f606c7a40a498958536800778c0f6967',NULL)
DELETE FROM JCR_IPSYSTEM WHERE ID='f606c7a60a4989580fd389e9044dcdbb'
INSERT INTO JCR_IPSYSTEM VALUES('f606c7a60a4989580fd389e9044dcdbb','f606bb320a4989580855dcf7fc416a9d','[http://www.gatein.org/jcr/gatein/1.0/]status',14,2,1,NULL,3,FALSE)
DELETE FROM JCR_VPSYSTEM WHERE ID=3624
INSERT INTO JCR_VPSYSTEM VALUES(3624,'31',0,'f606c7a60a4989580fd389e9044dcdbb',NULL)
COMMIT
