一月 05, 2017 9:45:40 上午 org.exoplatform.portal.gadget.core.GateInJsonContainerConfig loadContainers
信息: Loading resources from: containers/default/container.js
一月 05, 2017 9:45:40 上午 org.exoplatform.portal.gadget.core.GateInJsonContainerConfig loadResources
信息: Reading container config: containers/default/container.js
一月 05, 2017 9:45:40 上午 org.apache.shindig.gadgets.features.FeatureRegistry register
信息: Loading resources from: res:gatein-features/features.txt
一月 05, 2017 9:45:40 上午 org.apache.shindig.common.xml.XmlUtil <clinit>
信息: Not using secure XML processing.
一月 05, 2017 9:45:40 上午 org.apache.shindig.common.xml.XmlUtil <clinit>
信息: Reusing document builders
一月 05, 2017 9:45:40 上午 org.apache.shindig.gadgets.features.FeatureRegistry register
信息: Loading resources from: res:features/default-features.txt
一月 05, 2017 9:45:40 上午 org.apache.shindig.gadgets.features.FeatureRegistry register
信息: Loading resources from: res:features/online-features.txt
一月 05, 2017 9:45:57 上午 org.apache.shindig.gadgets.http.BasicHttpFetcher fetch
信息: Timeout for http://www.google-analytics.com/urchin.js Exception: org.apache.http.NoHttpResponseException - The target server failed to respond - 16410ms
一月 05, 2017 9:45:57 上午 org.apache.shindig.gadgets.features.FeatureResourceLoader$UriResource getContent
警告: Unable to retrieve remote library from http://www.google-analytics.com/urchin.js
一月 05, 2017 9:46:15 上午 org.apache.shindig.gadgets.http.BasicHttpFetcher fetch
信息: Timeout for http://www.google.com/ig/lib/libanalytics.js Exception: org.apache.http.NoHttpResponseException - The target server failed to respond - 18101ms
一月 05, 2017 9:46:15 上午 org.apache.shindig.gadgets.features.FeatureResourceLoader$UriResource getContent
警告: Unable to retrieve remote library from http://www.google.com/ig/lib/libanalytics.js
一月 05, 2017 9:46:31 上午 org.apache.shindig.gadgets.http.BasicHttpFetcher fetch
信息: Timeout for http://www.google.com/ig/lib/libga.js Exception: org.apache.http.NoHttpResponseException - The target server failed to respond - 16248ms
一月 05, 2017 9:46:31 上午 org.apache.shindig.gadgets.features.FeatureResourceLoader$UriResource getContent
警告: Unable to retrieve remote library from http://www.google.com/ig/lib/libga.js
一月 05, 2017 9:46:31 上午 org.apache.shindig.gadgets.servlet.CajaContentRewriter <init>
信息: Cajoled cache createdorg.apache.shindig.common.cache.ehcache.EhConfiguredCache@2b12f7e
一月 05, 2017 9:46:31 上午 org.apache.shindig.gadgets.servlet.CajaContentRewriter <init>
信息: Cajoled cache createdorg.apache.shindig.common.cache.ehcache.EhConfiguredCache@2b12f7e
一月 05, 2017 9:46:31 上午 org.apache.shindig.gadgets.oauth.OAuthModule$OAuthCrypterProvider <init>
信息: Using random key for OAuth client-side state encryption
一月 05, 2017 9:46:54 上午 org.picketlink.idm.impl.cache.AbstractInfinispanCacheProvider initialize
信息: Infinispan cache for Picketlink IDM created successfuly. cache name: idm-portal-api
