十二月 13, 2016 9:59:41 上午 org.apache.catalina.startup.ClassLoaderFactory validateFile
警告: Problem with directory [/Users/zhongwu/Downloads/GateIn-3.8.1.Final-tomcat-7/gatein/lib], exists: [false], isDirectory: [false], canRead: [false]
十二月 13, 2016 9:59:42 上午 org.apache.catalina.core.AprLifecycleListener init
信息: The APR based Apache Tomcat Native library which allows optimal performance in production environments was not found on the java.library.path: /Users/zhongwu/Library/Java/Extensions:/Library/Java/Extensions:/Network/Library/Java/Extensions:/System/Library/Java/Extensions:/usr/lib/java:.
十二月 13, 2016 9:59:42 上午 org.apache.coyote.AbstractProtocol init
信息: Initializing ProtocolHandler ["http-bio-8080"]
十二月 13, 2016 9:59:43 上午 org.apache.coyote.AbstractProtocol init
信息: Initializing ProtocolHandler ["ajp-bio-8009"]
十二月 13, 2016 9:59:43 上午 org.apache.catalina.startup.Catalina load
信息: Initialization processed in 1114 ms
十二月 13, 2016 9:59:43 上午 org.apache.catalina.core.StandardService startInternal
信息: Starting service Catalina
十二月 13, 2016 9:59:43 上午 org.apache.catalina.core.StandardEngine startInternal
信息: Starting Servlet Engine: Apache Tomcat/7.0.42
十二月 13, 2016 9:59:43 上午 org.apache.catalina.startup.HostConfig deployDescriptor
信息: Deploying configuration descriptor /Users/zhongwu/Downloads/GateIn-3.8.1.Final-tomcat-7/conf/Catalina/localhost/portal.xml
十二月 13, 2016 9:59:43 上午 org.apache.catalina.startup.HostConfig deployDescriptor
警告: A docBase /Users/zhongwu/Downloads/GateIn-3.8.1.Final-tomcat-7/webapps/portal inside the host appBase has been specified, and will be ignored
十二月 13, 2016 9:59:46 上午 org.apache.catalina.startup.HostConfig deployWAR
信息: Deploying web application archive /Users/zhongwu/Downloads/GateIn-3.8.1.Final-tomcat-7/webapps/dashboard.war
十二月 13, 2016 9:59:46 上午 org.apache.catalina.startup.HostConfig deployWAR
信息: Deploying web application archive /Users/zhongwu/Downloads/GateIn-3.8.1.Final-tomcat-7/webapps/exoadmin.war
十二月 13, 2016 9:59:46 上午 org.apache.catalina.startup.HostConfig deployWAR
信息: Deploying web application archive /Users/zhongwu/Downloads/GateIn-3.8.1.Final-tomcat-7/webapps/eXoGadgets.war
十二月 13, 2016 9:59:47 上午 org.apache.catalina.startup.HostConfig deployWAR
信息: Deploying web application archive /Users/zhongwu/Downloads/GateIn-3.8.1.Final-tomcat-7/webapps/eXoGadgetServer.war
十二月 13, 2016 10:00:24 上午 org.apache.catalina.startup.HostConfig deployWAR
信息: Deploying web application archive /Users/zhongwu/Downloads/GateIn-3.8.1.Final-tomcat-7/webapps/eXoResources.war
十二月 13, 2016 10:00:24 上午 org.apache.catalina.startup.HostConfig deployWAR
信息: Deploying web application archive /Users/zhongwu/Downloads/GateIn-3.8.1.Final-tomcat-7/webapps/gatein-mobile-configuration.war
十二月 13, 2016 10:00:24 上午 org.apache.catalina.core.StandardContext startInternal
严重: Error listenerStart
十二月 13, 2016 10:00:24 上午 org.apache.catalina.core.StandardContext startInternal
严重: Context [/gatein-mobile-configuration] startup failed due to previous errors
十二月 13, 2016 10:00:24 上午 org.apache.catalina.startup.HostConfig deployWAR
信息: Deploying web application archive /Users/zhongwu/Downloads/GateIn-3.8.1.Final-tomcat-7/webapps/gatein-mobile-login.war
十二月 13, 2016 10:00:25 上午 org.apache.catalina.core.StandardContext startInternal
严重: Error listenerStart
十二月 13, 2016 10:00:25 上午 org.apache.catalina.core.StandardContext startInternal
严重: Context [/gatein-mobile-login] startup failed due to previous errors
十二月 13, 2016 10:00:25 上午 org.apache.catalina.startup.HostConfig deployWAR
信息: Deploying web application archive /Users/zhongwu/Downloads/GateIn-3.8.1.Final-tomcat-7/webapps/gatein-responsive-skin.war
十二月 13, 2016 10:00:25 上午 org.apache.catalina.startup.HostConfig deployWAR
信息: Deploying web application archive /Users/zhongwu/Downloads/GateIn-3.8.1.Final-tomcat-7/webapps/gatein-sample-skin.war
十二月 13, 2016 10:00:25 上午 org.apache.catalina.startup.HostConfig deployWAR
信息: Deploying web application archive /Users/zhongwu/Downloads/GateIn-3.8.1.Final-tomcat-7/webapps/redirect-admin.war
十二月 13, 2016 10:00:39 上午 com.sun.faces.config.ConfigureListener contextInitialized
信息: 初始化上下文 '/redirect-admin' 的 Mojarra 2.1.13 ( 20120907-1514)
十二月 13, 2016 10:00:40 上午 com.sun.faces.spi.InjectionProviderFactory createInstance
信息: JSF1048：有 PostConstruct/PreDestroy 注释。标有这些注释的 ManagedBeans 方法将表示注释已处理。
十二月 13, 2016 10:00:42 上午 org.richfaces.javascript.ClientServiceConfigParser parse
警告: Found JavaScript function definition for class javax.validation.constraints.NotNull, but that class is not presented
十二月 13, 2016 10:00:42 上午 org.richfaces.javascript.ClientServiceConfigParser parse
警告: Found JavaScript function definition for class org.hibernate.validator.constraints.NotEmpty, but that class is not presented
十二月 13, 2016 10:00:42 上午 org.richfaces.javascript.ClientServiceConfigParser parse
警告: Found JavaScript function definition for class javax.validation.constraints.Size, but that class is not presented
十二月 13, 2016 10:00:42 上午 org.richfaces.javascript.ClientServiceConfigParser parse
警告: Found JavaScript function definition for class javax.validation.constraints.Pattern, but that class is not presented
十二月 13, 2016 10:00:42 上午 org.richfaces.javascript.ClientServiceConfigParser parse
警告: Found JavaScript function definition for class javax.validation.constraints.Min, but that class is not presented
十二月 13, 2016 10:00:42 上午 org.richfaces.javascript.ClientServiceConfigParser parse
警告: Found JavaScript function definition for class javax.validation.constraints.Max, but that class is not presented
十二月 13, 2016 10:00:42 上午 org.richfaces.javascript.ClientServiceConfigParser parse
警告: Found JavaScript function definition for class javax.validation.constraints.AssertTrue, but that class is not presented
十二月 13, 2016 10:00:42 上午 org.richfaces.javascript.ClientServiceConfigParser parse
警告: Found JavaScript function definition for class javax.validation.constraints.AssertFalse, but that class is not presented
十二月 13, 2016 10:00:42 上午 org.richfaces.cache.CacheManager getCacheFactory
信息: Selected fallback cache factory
十二月 13, 2016 10:00:42 上午 org.richfaces.cache.lru.LRUMapCacheFactory createCache
信息: Creating LRUMap cache instance using parameters: {javax.portlet.faces.RENDER_POLICY=ALWAYS_DELEGATE, org.richfaces.push.jms.enabled=true, org.gatein.portletbridge.WAR_BUNDLES_PORTLETBRIDGE=true, com.sun.faces.autoCompleteOffOnViewState=false, org.richfaces.resourceOptimization.enabled=true, javax.faces.INTERPRET_EMPTY_STRING_SUBMITTED_VALUES_AS_NULL=true, javax.faces.PROJECT_STAGE=Development, javax.faces.STATE_SAVING_METHOD=server, javax.faces.FACELETS_SKIP_COMMENTS=true, com.sun.faces.enableViewStateIdRendering=false, org.richfaces.enableControlSkinning=false}
十二月 13, 2016 10:00:42 上午 org.richfaces.cache.lru.LRUMapCacheFactory createCache
信息: Creating LRUMap cache instance of 512 items capacity
十二月 13, 2016 10:00:42 上午 org.richfaces.application.InitializationListener onStart
信息: RichFaces Core Implementation by JBoss by Red Hat, version 4.3.1.Final
十二月 13, 2016 10:00:42 上午 org.richfaces.application.InitializationListener initializePushContext
信息: Startup initialization of PushContext
十二月 13, 2016 10:00:42 上午 com.sun.faces.config.ConfigureListener$WebConfigResourceMonitor$Monitor <init>
信息: Monitoring jndi:/localhost/redirect-admin/WEB-INF/faces-config.xml for modifications
十二月 13, 2016 10:00:42 上午 org.apache.catalina.startup.HostConfig deployWAR
信息: Deploying web application archive /Users/zhongwu/Downloads/GateIn-3.8.1.Final-tomcat-7/webapps/redirect-portlet.war
十二月 13, 2016 10:00:43 上午 org.apache.catalina.startup.HostConfig deployWAR
信息: Deploying web application archive /Users/zhongwu/Downloads/GateIn-3.8.1.Final-tomcat-7/webapps/responsive-banner-portlet.war
十二月 13, 2016 10:00:43 上午 org.apache.catalina.startup.HostConfig deployWAR
信息: Deploying web application archive /Users/zhongwu/Downloads/GateIn-3.8.1.Final-tomcat-7/webapps/responsive-community-portlet.war
十二月 13, 2016 10:00:43 上午 org.apache.catalina.startup.HostConfig deployWAR
信息: Deploying web application archive /Users/zhongwu/Downloads/GateIn-3.8.1.Final-tomcat-7/webapps/responsive-features-portlet.war
十二月 13, 2016 10:00:43 上午 org.apache.catalina.startup.HostConfig deployWAR
信息: Deploying web application archive /Users/zhongwu/Downloads/GateIn-3.8.1.Final-tomcat-7/webapps/responsive-footer-portlet.war
十二月 13, 2016 10:00:43 上午 org.apache.catalina.startup.HostConfig deployWAR
信息: Deploying web application archive /Users/zhongwu/Downloads/GateIn-3.8.1.Final-tomcat-7/webapps/responsive-header-portlet.war
十二月 13, 2016 10:00:44 上午 org.apache.catalina.startup.HostConfig deployWAR
信息: Deploying web application archive /Users/zhongwu/Downloads/GateIn-3.8.1.Final-tomcat-7/webapps/responsive-navigation-portlet.war
十二月 13, 2016 10:00:44 上午 org.apache.catalina.startup.HostConfig deployWAR
信息: Deploying web application archive /Users/zhongwu/Downloads/GateIn-3.8.1.Final-tomcat-7/webapps/rest.war
十二月 13, 2016 10:00:44 上午 org.apache.catalina.startup.HostConfig deployWAR
信息: Deploying web application archive /Users/zhongwu/Downloads/GateIn-3.8.1.Final-tomcat-7/webapps/web.war
十二月 13, 2016 10:00:44 上午 org.apache.catalina.startup.HostConfig deployDirectory
信息: Deploying web application directory /Users/zhongwu/Downloads/GateIn-3.8.1.Final-tomcat-7/webapps/host-manager
十二月 13, 2016 10:00:44 上午 org.apache.catalina.startup.HostConfig deployDirectory
信息: Deploying web application directory /Users/zhongwu/Downloads/GateIn-3.8.1.Final-tomcat-7/webapps/integration
十二月 13, 2016 10:00:45 上午 org.apache.catalina.startup.HostConfig deployDirectory
信息: Deploying web application directory /Users/zhongwu/Downloads/GateIn-3.8.1.Final-tomcat-7/webapps/manager
十二月 13, 2016 10:00:45 上午 org.apache.catalina.startup.HostConfig deployDirectory
信息: Deploying web application directory /Users/zhongwu/Downloads/GateIn-3.8.1.Final-tomcat-7/webapps/ROOT
十二月 13, 2016 10:00:45 上午 org.apache.coyote.AbstractProtocol start
信息: Starting ProtocolHandler ["http-bio-8080"]
十二月 13, 2016 10:00:45 上午 org.apache.coyote.AbstractProtocol start
信息: Starting ProtocolHandler ["ajp-bio-8009"]
十二月 13, 2016 10:00:45 上午 org.apache.catalina.startup.Catalina start
信息: Server startup in 62319 ms
十二月 13, 2016 10:15:06 上午 org.apache.catalina.core.StandardServer await
信息: A valid shutdown command was received via the shutdown port. Stopping the Server instance.
十二月 13, 2016 10:15:06 上午 org.apache.coyote.AbstractProtocol pause
信息: Pausing ProtocolHandler ["http-bio-8080"]
十二月 13, 2016 10:15:07 上午 org.apache.coyote.AbstractProtocol pause
信息: Pausing ProtocolHandler ["ajp-bio-8009"]
十二月 13, 2016 10:15:07 上午 org.apache.catalina.core.StandardService stopInternal
信息: Stopping service Catalina
十二月 13, 2016 10:15:07 上午 org.apache.catalina.loader.WebappClassLoader clearReferencesThreads
严重: The web application [/eXoGadgetServer] appears to have started a thread named [com.google.inject.internal.util.$Finalizer] but has failed to stop it. This is very likely to create a memory leak.
十二月 13, 2016 10:15:07 上午 org.apache.catalina.loader.WebappClassLoader clearReferencesThreads
严重: The web application [/eXoGadgetServer] appears to have started a thread named [net.sf.ehcache.CacheManager@1ceebb90] but has failed to stop it. This is very likely to create a memory leak.
十二月 13, 2016 10:15:08 上午 org.apache.catalina.loader.WebappClassLoader clearReferencesThreads
严重: The web application [/redirect-admin] appears to have started a thread named [push-session-manager-thread-0] but has failed to stop it. This is very likely to create a memory leak.
十二月 13, 2016 10:15:08 上午 org.apache.coyote.AbstractProtocol stop
信息: Stopping ProtocolHandler ["http-bio-8080"]
十二月 13, 2016 10:15:09 上午 org.apache.coyote.AbstractProtocol stop
信息: Stopping ProtocolHandler ["ajp-bio-8009"]
十二月 13, 2016 10:15:09 上午 org.apache.coyote.AbstractProtocol destroy
信息: Destroying ProtocolHandler ["http-bio-8080"]
十二月 13, 2016 10:15:09 上午 org.apache.coyote.AbstractProtocol destroy
信息: Destroying ProtocolHandler ["ajp-bio-8009"]
十二月 13, 2016 10:15:55 上午 org.apache.catalina.startup.ClassLoaderFactory validateFile
警告: Problem with directory [/Users/zhongwu/Downloads/GateIn-3.8.1.Final-tomcat-7/gatein/lib], exists: [false], isDirectory: [false], canRead: [false]
十二月 13, 2016 10:15:55 上午 org.apache.catalina.core.AprLifecycleListener init
信息: The APR based Apache Tomcat Native library which allows optimal performance in production environments was not found on the java.library.path: /Users/zhongwu/Library/Java/Extensions:/Library/Java/Extensions:/Network/Library/Java/Extensions:/System/Library/Java/Extensions:/usr/lib/java:.
十二月 13, 2016 10:15:56 上午 org.apache.coyote.AbstractProtocol init
信息: Initializing ProtocolHandler ["http-bio-8080"]
十二月 13, 2016 10:15:56 上午 org.apache.coyote.AbstractProtocol init
信息: Initializing ProtocolHandler ["ajp-bio-8009"]
十二月 13, 2016 10:15:56 上午 org.apache.catalina.startup.Catalina load
信息: Initialization processed in 849 ms
十二月 13, 2016 10:15:56 上午 org.apache.catalina.core.StandardService startInternal
信息: Starting service Catalina
十二月 13, 2016 10:15:56 上午 org.apache.catalina.core.StandardEngine startInternal
信息: Starting Servlet Engine: Apache Tomcat/7.0.42
十二月 13, 2016 10:15:56 上午 org.apache.catalina.startup.HostConfig deployDescriptor
信息: Deploying configuration descriptor /Users/zhongwu/Downloads/GateIn-3.8.1.Final-tomcat-7/conf/Catalina/localhost/portal.xml
十二月 13, 2016 10:15:56 上午 org.apache.catalina.startup.HostConfig deployDescriptor
警告: A docBase /Users/zhongwu/Downloads/GateIn-3.8.1.Final-tomcat-7/webapps/portal inside the host appBase has been specified, and will be ignored
十二月 13, 2016 10:15:58 上午 org.apache.catalina.startup.HostConfig deployWAR
信息: Deploying web application archive /Users/zhongwu/Downloads/GateIn-3.8.1.Final-tomcat-7/webapps/dashboard.war
十二月 13, 2016 10:15:58 上午 org.apache.catalina.startup.HostConfig deployWAR
信息: Deploying web application archive /Users/zhongwu/Downloads/GateIn-3.8.1.Final-tomcat-7/webapps/exoadmin.war
十二月 13, 2016 10:15:58 上午 org.apache.catalina.startup.HostConfig deployWAR
信息: Deploying web application archive /Users/zhongwu/Downloads/GateIn-3.8.1.Final-tomcat-7/webapps/eXoGadgets.war
十二月 13, 2016 10:15:59 上午 org.apache.catalina.startup.HostConfig deployWAR
信息: Deploying web application archive /Users/zhongwu/Downloads/GateIn-3.8.1.Final-tomcat-7/webapps/eXoGadgetServer.war
十二月 13, 2016 10:16:34 上午 org.apache.catalina.startup.HostConfig deployWAR
信息: Deploying web application archive /Users/zhongwu/Downloads/GateIn-3.8.1.Final-tomcat-7/webapps/eXoResources.war
十二月 13, 2016 10:16:34 上午 org.apache.catalina.startup.HostConfig deployWAR
信息: Deploying web application archive /Users/zhongwu/Downloads/GateIn-3.8.1.Final-tomcat-7/webapps/gatein-mobile-configuration.war
十二月 13, 2016 10:16:34 上午 org.apache.catalina.core.StandardContext startInternal
严重: Error listenerStart
十二月 13, 2016 10:16:34 上午 org.apache.catalina.core.StandardContext startInternal
严重: Context [/gatein-mobile-configuration] startup failed due to previous errors
十二月 13, 2016 10:16:34 上午 org.apache.catalina.startup.HostConfig deployWAR
信息: Deploying web application archive /Users/zhongwu/Downloads/GateIn-3.8.1.Final-tomcat-7/webapps/gatein-mobile-login.war
十二月 13, 2016 10:16:35 上午 org.apache.catalina.core.StandardContext startInternal
严重: Error listenerStart
十二月 13, 2016 10:16:35 上午 org.apache.catalina.core.StandardContext startInternal
严重: Context [/gatein-mobile-login] startup failed due to previous errors
十二月 13, 2016 10:16:35 上午 org.apache.catalina.startup.HostConfig deployWAR
信息: Deploying web application archive /Users/zhongwu/Downloads/GateIn-3.8.1.Final-tomcat-7/webapps/gatein-responsive-skin.war
十二月 13, 2016 10:16:35 上午 org.apache.catalina.startup.HostConfig deployWAR
信息: Deploying web application archive /Users/zhongwu/Downloads/GateIn-3.8.1.Final-tomcat-7/webapps/gatein-sample-skin.war
十二月 13, 2016 10:16:35 上午 org.apache.catalina.startup.HostConfig deployWAR
信息: Deploying web application archive /Users/zhongwu/Downloads/GateIn-3.8.1.Final-tomcat-7/webapps/redirect-admin.war
十二月 13, 2016 10:16:44 上午 com.sun.faces.config.ConfigureListener contextInitialized
信息: 初始化上下文 '/redirect-admin' 的 Mojarra 2.1.13 ( 20120907-1514)
十二月 13, 2016 10:16:45 上午 com.sun.faces.spi.InjectionProviderFactory createInstance
信息: JSF1048：有 PostConstruct/PreDestroy 注释。标有这些注释的 ManagedBeans 方法将表示注释已处理。
十二月 13, 2016 10:16:46 上午 org.richfaces.javascript.ClientServiceConfigParser parse
警告: Found JavaScript function definition for class javax.validation.constraints.NotNull, but that class is not presented
十二月 13, 2016 10:16:46 上午 org.richfaces.javascript.ClientServiceConfigParser parse
警告: Found JavaScript function definition for class org.hibernate.validator.constraints.NotEmpty, but that class is not presented
十二月 13, 2016 10:16:46 上午 org.richfaces.javascript.ClientServiceConfigParser parse
警告: Found JavaScript function definition for class javax.validation.constraints.Size, but that class is not presented
十二月 13, 2016 10:16:46 上午 org.richfaces.javascript.ClientServiceConfigParser parse
警告: Found JavaScript function definition for class javax.validation.constraints.Pattern, but that class is not presented
十二月 13, 2016 10:16:46 上午 org.richfaces.javascript.ClientServiceConfigParser parse
警告: Found JavaScript function definition for class javax.validation.constraints.Min, but that class is not presented
十二月 13, 2016 10:16:46 上午 org.richfaces.javascript.ClientServiceConfigParser parse
警告: Found JavaScript function definition for class javax.validation.constraints.Max, but that class is not presented
十二月 13, 2016 10:16:46 上午 org.richfaces.javascript.ClientServiceConfigParser parse
警告: Found JavaScript function definition for class javax.validation.constraints.AssertTrue, but that class is not presented
十二月 13, 2016 10:16:46 上午 org.richfaces.javascript.ClientServiceConfigParser parse
警告: Found JavaScript function definition for class javax.validation.constraints.AssertFalse, but that class is not presented
十二月 13, 2016 10:16:46 上午 org.richfaces.cache.CacheManager getCacheFactory
信息: Selected fallback cache factory
十二月 13, 2016 10:16:46 上午 org.richfaces.cache.lru.LRUMapCacheFactory createCache
信息: Creating LRUMap cache instance using parameters: {javax.portlet.faces.RENDER_POLICY=ALWAYS_DELEGATE, org.richfaces.push.jms.enabled=true, org.gatein.portletbridge.WAR_BUNDLES_PORTLETBRIDGE=true, com.sun.faces.autoCompleteOffOnViewState=false, org.richfaces.resourceOptimization.enabled=true, javax.faces.INTERPRET_EMPTY_STRING_SUBMITTED_VALUES_AS_NULL=true, javax.faces.PROJECT_STAGE=Development, javax.faces.STATE_SAVING_METHOD=server, javax.faces.FACELETS_SKIP_COMMENTS=true, com.sun.faces.enableViewStateIdRendering=false, org.richfaces.enableControlSkinning=false}
十二月 13, 2016 10:16:46 上午 org.richfaces.cache.lru.LRUMapCacheFactory createCache
信息: Creating LRUMap cache instance of 512 items capacity
十二月 13, 2016 10:16:46 上午 org.richfaces.application.InitializationListener onStart
信息: RichFaces Core Implementation by JBoss by Red Hat, version 4.3.1.Final
十二月 13, 2016 10:16:46 上午 org.richfaces.application.InitializationListener initializePushContext
信息: Startup initialization of PushContext
十二月 13, 2016 10:16:46 上午 com.sun.faces.config.ConfigureListener$WebConfigResourceMonitor$Monitor <init>
信息: Monitoring jndi:/localhost/redirect-admin/WEB-INF/faces-config.xml for modifications
十二月 13, 2016 10:16:46 上午 org.apache.catalina.startup.HostConfig deployWAR
信息: Deploying web application archive /Users/zhongwu/Downloads/GateIn-3.8.1.Final-tomcat-7/webapps/redirect-portlet.war
十二月 13, 2016 10:16:47 上午 org.apache.catalina.startup.HostConfig deployWAR
信息: Deploying web application archive /Users/zhongwu/Downloads/GateIn-3.8.1.Final-tomcat-7/webapps/responsive-banner-portlet.war
十二月 13, 2016 10:16:47 上午 org.apache.catalina.startup.HostConfig deployWAR
信息: Deploying web application archive /Users/zhongwu/Downloads/GateIn-3.8.1.Final-tomcat-7/webapps/responsive-community-portlet.war
十二月 13, 2016 10:16:47 上午 org.apache.catalina.startup.HostConfig deployWAR
信息: Deploying web application archive /Users/zhongwu/Downloads/GateIn-3.8.1.Final-tomcat-7/webapps/responsive-features-portlet.war
十二月 13, 2016 10:16:47 上午 org.apache.catalina.startup.HostConfig deployWAR
信息: Deploying web application archive /Users/zhongwu/Downloads/GateIn-3.8.1.Final-tomcat-7/webapps/responsive-footer-portlet.war
十二月 13, 2016 10:16:47 上午 org.apache.catalina.startup.HostConfig deployWAR
信息: Deploying web application archive /Users/zhongwu/Downloads/GateIn-3.8.1.Final-tomcat-7/webapps/responsive-header-portlet.war
十二月 13, 2016 10:16:48 上午 org.apache.catalina.startup.HostConfig deployWAR
信息: Deploying web application archive /Users/zhongwu/Downloads/GateIn-3.8.1.Final-tomcat-7/webapps/responsive-navigation-portlet.war
十二月 13, 2016 10:16:48 上午 org.apache.catalina.startup.HostConfig deployWAR
信息: Deploying web application archive /Users/zhongwu/Downloads/GateIn-3.8.1.Final-tomcat-7/webapps/rest.war
十二月 13, 2016 10:16:48 上午 org.apache.catalina.startup.HostConfig deployWAR
信息: Deploying web application archive /Users/zhongwu/Downloads/GateIn-3.8.1.Final-tomcat-7/webapps/web.war
十二月 13, 2016 10:16:48 上午 org.apache.catalina.startup.HostConfig deployDirectory
信息: Deploying web application directory /Users/zhongwu/Downloads/GateIn-3.8.1.Final-tomcat-7/webapps/host-manager
十二月 13, 2016 10:16:48 上午 org.apache.catalina.startup.HostConfig deployDirectory
信息: Deploying web application directory /Users/zhongwu/Downloads/GateIn-3.8.1.Final-tomcat-7/webapps/integration
十二月 13, 2016 10:16:48 上午 org.apache.catalina.startup.HostConfig deployDirectory
信息: Deploying web application directory /Users/zhongwu/Downloads/GateIn-3.8.1.Final-tomcat-7/webapps/manager
十二月 13, 2016 10:16:49 上午 org.apache.catalina.startup.HostConfig deployDirectory
信息: Deploying web application directory /Users/zhongwu/Downloads/GateIn-3.8.1.Final-tomcat-7/webapps/ROOT
十二月 13, 2016 10:16:49 上午 org.apache.coyote.AbstractProtocol start
信息: Starting ProtocolHandler ["http-bio-8080"]
十二月 13, 2016 10:16:49 上午 org.apache.coyote.AbstractProtocol start
信息: Starting ProtocolHandler ["ajp-bio-8009"]
十二月 13, 2016 10:16:49 上午 org.apache.catalina.startup.Catalina start
信息: Server startup in 52910 ms
十二月 13, 2016 10:31:20 上午 org.apache.catalina.core.StandardServer await
信息: A valid shutdown command was received via the shutdown port. Stopping the Server instance.
十二月 13, 2016 10:31:20 上午 org.apache.coyote.AbstractProtocol pause
信息: Pausing ProtocolHandler ["http-bio-8080"]
十二月 13, 2016 10:31:21 上午 org.apache.coyote.AbstractProtocol pause
信息: Pausing ProtocolHandler ["ajp-bio-8009"]
十二月 13, 2016 10:31:21 上午 org.apache.catalina.core.StandardService stopInternal
信息: Stopping service Catalina
十二月 13, 2016 10:31:21 上午 org.apache.catalina.loader.WebappClassLoader clearReferencesThreads
严重: The web application [/eXoGadgetServer] appears to have started a thread named [com.google.inject.internal.util.$Finalizer] but has failed to stop it. This is very likely to create a memory leak.
十二月 13, 2016 10:31:21 上午 org.apache.catalina.loader.WebappClassLoader clearReferencesThreads
严重: The web application [/eXoGadgetServer] appears to have started a thread named [net.sf.ehcache.CacheManager@b72ffea] but has failed to stop it. This is very likely to create a memory leak.
十二月 13, 2016 10:31:22 上午 org.apache.catalina.loader.WebappClassLoader clearReferencesThreads
严重: The web application [/redirect-admin] appears to have started a thread named [push-session-manager-thread-0] but has failed to stop it. This is very likely to create a memory leak.
十二月 13, 2016 10:31:22 上午 org.apache.coyote.AbstractProtocol stop
信息: Stopping ProtocolHandler ["http-bio-8080"]
十二月 13, 2016 10:31:23 上午 org.apache.coyote.AbstractProtocol stop
信息: Stopping ProtocolHandler ["ajp-bio-8009"]
十二月 13, 2016 10:31:23 上午 org.apache.coyote.AbstractProtocol destroy
信息: Destroying ProtocolHandler ["http-bio-8080"]
十二月 13, 2016 10:31:23 上午 org.apache.coyote.AbstractProtocol destroy
信息: Destroying ProtocolHandler ["ajp-bio-8009"]
十二月 13, 2016 10:32:04 上午 org.apache.catalina.startup.ClassLoaderFactory validateFile
警告: Problem with directory [/Users/zhongwu/Downloads/GateIn-3.8.1.Final-tomcat-7/gatein/lib], exists: [false], isDirectory: [false], canRead: [false]
十二月 13, 2016 10:32:04 上午 org.apache.catalina.core.AprLifecycleListener init
信息: The APR based Apache Tomcat Native library which allows optimal performance in production environments was not found on the java.library.path: /Users/zhongwu/Library/Java/Extensions:/Library/Java/Extensions:/Network/Library/Java/Extensions:/System/Library/Java/Extensions:/usr/lib/java:.
十二月 13, 2016 10:32:05 上午 org.apache.coyote.AbstractProtocol init
信息: Initializing ProtocolHandler ["http-bio-8080"]
十二月 13, 2016 10:32:05 上午 org.apache.coyote.AbstractProtocol init
信息: Initializing ProtocolHandler ["ajp-bio-8009"]
十二月 13, 2016 10:32:05 上午 org.apache.catalina.startup.Catalina load
信息: Initialization processed in 809 ms
十二月 13, 2016 10:32:05 上午 org.apache.catalina.core.StandardService startInternal
信息: Starting service Catalina
十二月 13, 2016 10:32:05 上午 org.apache.catalina.core.StandardEngine startInternal
信息: Starting Servlet Engine: Apache Tomcat/7.0.42
十二月 13, 2016 10:32:05 上午 org.apache.catalina.startup.HostConfig deployDescriptor
信息: Deploying configuration descriptor /Users/zhongwu/Downloads/GateIn-3.8.1.Final-tomcat-7/conf/Catalina/localhost/portal.xml
十二月 13, 2016 10:32:05 上午 org.apache.catalina.startup.HostConfig deployDescriptor
警告: A docBase /Users/zhongwu/Downloads/GateIn-3.8.1.Final-tomcat-7/webapps/portal inside the host appBase has been specified, and will be ignored
十二月 13, 2016 10:32:06 上午 org.apache.catalina.startup.HostConfig deployWAR
信息: Deploying web application archive /Users/zhongwu/Downloads/GateIn-3.8.1.Final-tomcat-7/webapps/dashboard.war
十二月 13, 2016 10:32:06 上午 org.apache.catalina.startup.HostConfig deployWAR
信息: Deploying web application archive /Users/zhongwu/Downloads/GateIn-3.8.1.Final-tomcat-7/webapps/exoadmin.war
十二月 13, 2016 10:32:06 上午 org.apache.catalina.startup.HostConfig deployWAR
信息: Deploying web application archive /Users/zhongwu/Downloads/GateIn-3.8.1.Final-tomcat-7/webapps/eXoGadgets.war
十二月 13, 2016 10:32:07 上午 org.apache.catalina.startup.HostConfig deployWAR
信息: Deploying web application archive /Users/zhongwu/Downloads/GateIn-3.8.1.Final-tomcat-7/webapps/eXoGadgetServer.war
十二月 13, 2016 10:32:42 上午 org.apache.catalina.startup.HostConfig deployWAR
信息: Deploying web application archive /Users/zhongwu/Downloads/GateIn-3.8.1.Final-tomcat-7/webapps/eXoResources.war
十二月 13, 2016 10:32:42 上午 org.apache.catalina.startup.HostConfig deployWAR
信息: Deploying web application archive /Users/zhongwu/Downloads/GateIn-3.8.1.Final-tomcat-7/webapps/gatein-mobile-configuration.war
十二月 13, 2016 10:32:42 上午 org.apache.catalina.startup.HostConfig deployWAR
信息: Deploying web application archive /Users/zhongwu/Downloads/GateIn-3.8.1.Final-tomcat-7/webapps/gatein-mobile-login.war
十二月 13, 2016 10:32:42 上午 org.apache.catalina.startup.HostConfig deployWAR
信息: Deploying web application archive /Users/zhongwu/Downloads/GateIn-3.8.1.Final-tomcat-7/webapps/gatein-responsive-skin.war
十二月 13, 2016 10:32:43 上午 org.apache.catalina.startup.HostConfig deployWAR
信息: Deploying web application archive /Users/zhongwu/Downloads/GateIn-3.8.1.Final-tomcat-7/webapps/gatein-sample-skin.war
十二月 13, 2016 10:32:43 上午 org.apache.catalina.startup.HostConfig deployWAR
信息: Deploying web application archive /Users/zhongwu/Downloads/GateIn-3.8.1.Final-tomcat-7/webapps/redirect-admin.war
十二月 13, 2016 10:32:52 上午 com.sun.faces.config.ConfigureListener contextInitialized
信息: 初始化上下文 '/redirect-admin' 的 Mojarra 2.1.13 ( 20120907-1514)
十二月 13, 2016 10:32:53 上午 com.sun.faces.spi.InjectionProviderFactory createInstance
信息: JSF1048：有 PostConstruct/PreDestroy 注释。标有这些注释的 ManagedBeans 方法将表示注释已处理。
十二月 13, 2016 10:32:54 上午 org.richfaces.javascript.ClientServiceConfigParser parse
警告: Found JavaScript function definition for class javax.validation.constraints.NotNull, but that class is not presented
十二月 13, 2016 10:32:54 上午 org.richfaces.javascript.ClientServiceConfigParser parse
警告: Found JavaScript function definition for class org.hibernate.validator.constraints.NotEmpty, but that class is not presented
十二月 13, 2016 10:32:54 上午 org.richfaces.javascript.ClientServiceConfigParser parse
警告: Found JavaScript function definition for class javax.validation.constraints.Size, but that class is not presented
十二月 13, 2016 10:32:54 上午 org.richfaces.javascript.ClientServiceConfigParser parse
警告: Found JavaScript function definition for class javax.validation.constraints.Pattern, but that class is not presented
十二月 13, 2016 10:32:54 上午 org.richfaces.javascript.ClientServiceConfigParser parse
警告: Found JavaScript function definition for class javax.validation.constraints.Min, but that class is not presented
十二月 13, 2016 10:32:54 上午 org.richfaces.javascript.ClientServiceConfigParser parse
警告: Found JavaScript function definition for class javax.validation.constraints.Max, but that class is not presented
十二月 13, 2016 10:32:54 上午 org.richfaces.javascript.ClientServiceConfigParser parse
警告: Found JavaScript function definition for class javax.validation.constraints.AssertTrue, but that class is not presented
十二月 13, 2016 10:32:54 上午 org.richfaces.javascript.ClientServiceConfigParser parse
警告: Found JavaScript function definition for class javax.validation.constraints.AssertFalse, but that class is not presented
十二月 13, 2016 10:32:54 上午 org.richfaces.cache.CacheManager getCacheFactory
信息: Selected fallback cache factory
十二月 13, 2016 10:32:54 上午 org.richfaces.cache.lru.LRUMapCacheFactory createCache
信息: Creating LRUMap cache instance using parameters: {javax.portlet.faces.RENDER_POLICY=ALWAYS_DELEGATE, org.richfaces.push.jms.enabled=true, org.gatein.portletbridge.WAR_BUNDLES_PORTLETBRIDGE=true, com.sun.faces.autoCompleteOffOnViewState=false, org.richfaces.resourceOptimization.enabled=true, javax.faces.INTERPRET_EMPTY_STRING_SUBMITTED_VALUES_AS_NULL=true, javax.faces.PROJECT_STAGE=Development, javax.faces.STATE_SAVING_METHOD=server, javax.faces.FACELETS_SKIP_COMMENTS=true, com.sun.faces.enableViewStateIdRendering=false, org.richfaces.enableControlSkinning=false}
十二月 13, 2016 10:32:54 上午 org.richfaces.cache.lru.LRUMapCacheFactory createCache
信息: Creating LRUMap cache instance of 512 items capacity
十二月 13, 2016 10:32:54 上午 org.richfaces.application.InitializationListener onStart
信息: RichFaces Core Implementation by JBoss by Red Hat, version 4.3.1.Final
十二月 13, 2016 10:32:54 上午 org.richfaces.application.InitializationListener initializePushContext
信息: Startup initialization of PushContext
十二月 13, 2016 10:32:54 上午 com.sun.faces.config.ConfigureListener$WebConfigResourceMonitor$Monitor <init>
信息: Monitoring jndi:/localhost/redirect-admin/WEB-INF/faces-config.xml for modifications
十二月 13, 2016 10:32:55 上午 org.apache.catalina.startup.HostConfig deployWAR
信息: Deploying web application archive /Users/zhongwu/Downloads/GateIn-3.8.1.Final-tomcat-7/webapps/redirect-portlet.war
十二月 13, 2016 10:32:55 上午 org.apache.catalina.startup.HostConfig deployWAR
信息: Deploying web application archive /Users/zhongwu/Downloads/GateIn-3.8.1.Final-tomcat-7/webapps/responsive-banner-portlet.war
十二月 13, 2016 10:32:55 上午 org.apache.catalina.startup.HostConfig deployWAR
信息: Deploying web application archive /Users/zhongwu/Downloads/GateIn-3.8.1.Final-tomcat-7/webapps/responsive-community-portlet.war
十二月 13, 2016 10:32:55 上午 org.apache.catalina.startup.HostConfig deployWAR
信息: Deploying web application archive /Users/zhongwu/Downloads/GateIn-3.8.1.Final-tomcat-7/webapps/responsive-features-portlet.war
十二月 13, 2016 10:32:55 上午 org.apache.catalina.startup.HostConfig deployWAR
信息: Deploying web application archive /Users/zhongwu/Downloads/GateIn-3.8.1.Final-tomcat-7/webapps/responsive-footer-portlet.war
十二月 13, 2016 10:32:56 上午 org.apache.catalina.startup.HostConfig deployWAR
信息: Deploying web application archive /Users/zhongwu/Downloads/GateIn-3.8.1.Final-tomcat-7/webapps/responsive-header-portlet.war
十二月 13, 2016 10:32:56 上午 org.apache.catalina.startup.HostConfig deployWAR
信息: Deploying web application archive /Users/zhongwu/Downloads/GateIn-3.8.1.Final-tomcat-7/webapps/responsive-navigation-portlet.war
十二月 13, 2016 10:32:56 上午 org.apache.catalina.startup.HostConfig deployWAR
信息: Deploying web application archive /Users/zhongwu/Downloads/GateIn-3.8.1.Final-tomcat-7/webapps/rest.war
十二月 13, 2016 10:32:56 上午 org.apache.catalina.startup.HostConfig deployWAR
信息: Deploying web application archive /Users/zhongwu/Downloads/GateIn-3.8.1.Final-tomcat-7/webapps/web.war
十二月 13, 2016 10:32:56 上午 org.apache.catalina.startup.HostConfig deployDirectory
信息: Deploying web application directory /Users/zhongwu/Downloads/GateIn-3.8.1.Final-tomcat-7/webapps/host-manager
十二月 13, 2016 10:32:56 上午 org.apache.catalina.startup.HostConfig deployDirectory
信息: Deploying web application directory /Users/zhongwu/Downloads/GateIn-3.8.1.Final-tomcat-7/webapps/integration
十二月 13, 2016 10:32:57 上午 org.apache.catalina.startup.HostConfig deployDirectory
信息: Deploying web application directory /Users/zhongwu/Downloads/GateIn-3.8.1.Final-tomcat-7/webapps/manager
十二月 13, 2016 10:32:57 上午 org.apache.catalina.startup.HostConfig deployDirectory
信息: Deploying web application directory /Users/zhongwu/Downloads/GateIn-3.8.1.Final-tomcat-7/webapps/ROOT
十二月 13, 2016 10:33:01 上午 org.picketlink.idm.impl.cache.AbstractInfinispanCacheProvider initialize
信息: Infinispan cache for Picketlink IDM created successfuly. cache name: idm-portal-api
十二月 13, 2016 10:33:01 上午 org.picketlink.idm.impl.cache.AbstractInfinispanCacheProvider initialize
信息: Infinispan cache for Picketlink IDM created successfuly. cache name: idm-portal-store
十二月 13, 2016 10:33:06 上午 org.picketlink.idm.impl.credential.HashingEncoder afterInitialize
信息: Algorithm SHA-256 will be used for password hashing
十二月 13, 2016 10:33:06 上午 org.picketlink.idm.impl.credential.DatabaseReadingSaltEncoder afterInitialize
信息: Registered SecureRandomProvider will be used for random generating of password salts
十二月 13, 2016 10:33:16 上午 javax.portlet.faces.GenericFacesPortlet init
信息: Init GenericFacesPortlet for portlet RedirectsAndImportExportAdminPortlet
十二月 13, 2016 10:33:16 上午 javax.portlet.faces.GenericFacesPortlet calculateBridgeClassName
信息: Bridge class name is org.jboss.portletbridge.PortletBridgeImpl
十二月 13, 2016 10:33:17 上午 org.apache.coyote.AbstractProtocol start
信息: Starting ProtocolHandler ["http-bio-8080"]
十二月 13, 2016 10:33:17 上午 org.apache.coyote.AbstractProtocol start
信息: Starting ProtocolHandler ["ajp-bio-8009"]
十二月 13, 2016 10:33:17 上午 org.apache.catalina.startup.Catalina start
信息: Server startup in 72770 ms
十二月 13, 2016 10:34:01 上午 org.apache.jasper.compiler.TldLocationsCache tldScanJar
信息: At least one JAR was scanned for TLDs yet contained no TLDs. Enable debug logging for this logger for a complete list of JARs that were scanned but no TLDs were found in them. Skipping unneeded JARs during scanning can improve startup time and JSP compilation time.
十二月 13, 2016 2:56:33 下午 org.apache.coyote.AbstractProtocol pause
信息: Pausing ProtocolHandler ["http-bio-8080"]
十二月 13, 2016 2:56:34 下午 org.apache.coyote.AbstractProtocol pause
信息: Pausing ProtocolHandler ["ajp-bio-8009"]
十二月 13, 2016 2:56:34 下午 org.apache.catalina.core.StandardService stopInternal
信息: Stopping service Catalina
十二月 13, 2016 2:56:36 下午 javax.portlet.faces.GenericFacesPortlet destroy
信息: Destroy GenericFacesPortlet for portlet RedirectsAndImportExportAdminPortlet
十二月 13, 2016 2:56:37 下午 org.apache.catalina.loader.WebappClassLoader clearReferencesThreads
严重: The web application [/eXoGadgetServer] appears to have started a thread named [com.google.inject.internal.util.$Finalizer] but has failed to stop it. This is very likely to create a memory leak.
十二月 13, 2016 2:56:39 下午 org.apache.catalina.loader.WebappClassLoader clearReferencesThreads
严重: The web application [/redirect-admin] appears to have started a thread named [push-session-manager-thread-0] but has failed to stop it. This is very likely to create a memory leak.
十二月 13, 2016 2:56:39 下午 org.apache.coyote.AbstractProtocol stop
信息: Stopping ProtocolHandler ["http-bio-8080"]
十二月 13, 2016 2:56:40 下午 org.apache.coyote.AbstractProtocol stop
信息: Stopping ProtocolHandler ["ajp-bio-8009"]
十二月 13, 2016 2:56:40 下午 org.apache.coyote.AbstractProtocol destroy
信息: Destroying ProtocolHandler ["http-bio-8080"]
十二月 13, 2016 2:56:40 下午 org.apache.coyote.AbstractProtocol destroy
信息: Destroying ProtocolHandler ["ajp-bio-8009"]
十二月 13, 2016 4:36:56 下午 org.apache.catalina.startup.ClassLoaderFactory validateFile
警告: Problem with directory [/Users/zhongwu/Downloads/GateIn-3.8.1.Final-tomcat-7/gatein/lib], exists: [false], isDirectory: [false], canRead: [false]
十二月 13, 2016 4:36:57 下午 org.apache.catalina.core.AprLifecycleListener init
信息: The APR based Apache Tomcat Native library which allows optimal performance in production environments was not found on the java.library.path: /Users/zhongwu/Library/Java/Extensions:/Library/Java/Extensions:/Network/Library/Java/Extensions:/System/Library/Java/Extensions:/usr/lib/java:.
十二月 13, 2016 4:36:58 下午 org.apache.coyote.AbstractProtocol init
信息: Initializing ProtocolHandler ["http-bio-8080"]
十二月 13, 2016 4:36:58 下午 org.apache.coyote.AbstractProtocol init
信息: Initializing ProtocolHandler ["ajp-bio-8009"]
十二月 13, 2016 4:36:58 下午 org.apache.catalina.startup.Catalina load
信息: Initialization processed in 1535 ms
十二月 13, 2016 4:36:58 下午 org.apache.catalina.core.StandardService startInternal
信息: Starting service Catalina
十二月 13, 2016 4:36:58 下午 org.apache.catalina.core.StandardEngine startInternal
信息: Starting Servlet Engine: Apache Tomcat/7.0.42
十二月 13, 2016 4:36:58 下午 org.apache.catalina.startup.HostConfig deployDescriptor
信息: Deploying configuration descriptor /Users/zhongwu/Downloads/GateIn-3.8.1.Final-tomcat-7/conf/Catalina/localhost/portal.xml
十二月 13, 2016 4:36:58 下午 org.apache.catalina.startup.HostConfig deployDescriptor
警告: A docBase /Users/zhongwu/Downloads/GateIn-3.8.1.Final-tomcat-7/webapps/portal inside the host appBase has been specified, and will be ignored
十二月 13, 2016 4:37:00 下午 org.apache.catalina.startup.HostConfig deployWAR
信息: Deploying web application archive /Users/zhongwu/Downloads/GateIn-3.8.1.Final-tomcat-7/webapps/dashboard.war
十二月 13, 2016 4:37:00 下午 org.apache.catalina.startup.HostConfig deployWAR
信息: Deploying web application archive /Users/zhongwu/Downloads/GateIn-3.8.1.Final-tomcat-7/webapps/exoadmin.war
十二月 13, 2016 4:37:00 下午 org.apache.catalina.startup.HostConfig deployWAR
信息: Deploying web application archive /Users/zhongwu/Downloads/GateIn-3.8.1.Final-tomcat-7/webapps/eXoGadgets.war
十二月 13, 2016 4:37:01 下午 org.apache.catalina.startup.HostConfig deployWAR
信息: Deploying web application archive /Users/zhongwu/Downloads/GateIn-3.8.1.Final-tomcat-7/webapps/eXoGadgetServer.war
十二月 13, 2016 4:37:07 下午 org.apache.catalina.startup.HostConfig deployWAR
信息: Deploying web application archive /Users/zhongwu/Downloads/GateIn-3.8.1.Final-tomcat-7/webapps/eXoResources.war
十二月 13, 2016 4:37:08 下午 org.apache.catalina.startup.HostConfig deployWAR
信息: Deploying web application archive /Users/zhongwu/Downloads/GateIn-3.8.1.Final-tomcat-7/webapps/gatein-mobile-configuration.war
十二月 13, 2016 4:37:08 下午 org.apache.catalina.startup.HostConfig deployWAR
信息: Deploying web application archive /Users/zhongwu/Downloads/GateIn-3.8.1.Final-tomcat-7/webapps/gatein-mobile-login.war
十二月 13, 2016 4:37:08 下午 org.apache.catalina.startup.HostConfig deployWAR
信息: Deploying web application archive /Users/zhongwu/Downloads/GateIn-3.8.1.Final-tomcat-7/webapps/gatein-responsive-skin.war
十二月 13, 2016 4:37:08 下午 org.apache.catalina.startup.HostConfig deployWAR
信息: Deploying web application archive /Users/zhongwu/Downloads/GateIn-3.8.1.Final-tomcat-7/webapps/gatein-sample-skin.war
十二月 13, 2016 4:37:08 下午 org.apache.catalina.startup.HostConfig deployWAR
信息: Deploying web application archive /Users/zhongwu/Downloads/GateIn-3.8.1.Final-tomcat-7/webapps/redirect-admin.war
十二月 13, 2016 4:37:23 下午 com.sun.faces.config.ConfigureListener contextInitialized
信息: 初始化上下文 '/redirect-admin' 的 Mojarra 2.1.13 ( 20120907-1514)
十二月 13, 2016 4:37:24 下午 com.sun.faces.spi.InjectionProviderFactory createInstance
信息: JSF1048：有 PostConstruct/PreDestroy 注释。标有这些注释的 ManagedBeans 方法将表示注释已处理。
十二月 13, 2016 4:37:26 下午 org.richfaces.javascript.ClientServiceConfigParser parse
警告: Found JavaScript function definition for class javax.validation.constraints.NotNull, but that class is not presented
十二月 13, 2016 4:37:26 下午 org.richfaces.javascript.ClientServiceConfigParser parse
警告: Found JavaScript function definition for class org.hibernate.validator.constraints.NotEmpty, but that class is not presented
十二月 13, 2016 4:37:26 下午 org.richfaces.javascript.ClientServiceConfigParser parse
警告: Found JavaScript function definition for class javax.validation.constraints.Size, but that class is not presented
十二月 13, 2016 4:37:26 下午 org.richfaces.javascript.ClientServiceConfigParser parse
警告: Found JavaScript function definition for class javax.validation.constraints.Pattern, but that class is not presented
十二月 13, 2016 4:37:26 下午 org.richfaces.javascript.ClientServiceConfigParser parse
警告: Found JavaScript function definition for class javax.validation.constraints.Min, but that class is not presented
十二月 13, 2016 4:37:26 下午 org.richfaces.javascript.ClientServiceConfigParser parse
警告: Found JavaScript function definition for class javax.validation.constraints.Max, but that class is not presented
十二月 13, 2016 4:37:26 下午 org.richfaces.javascript.ClientServiceConfigParser parse
警告: Found JavaScript function definition for class javax.validation.constraints.AssertTrue, but that class is not presented
十二月 13, 2016 4:37:26 下午 org.richfaces.javascript.ClientServiceConfigParser parse
警告: Found JavaScript function definition for class javax.validation.constraints.AssertFalse, but that class is not presented
十二月 13, 2016 4:37:26 下午 org.richfaces.cache.CacheManager getCacheFactory
信息: Selected fallback cache factory
十二月 13, 2016 4:37:26 下午 org.richfaces.cache.lru.LRUMapCacheFactory createCache
信息: Creating LRUMap cache instance using parameters: {javax.portlet.faces.RENDER_POLICY=ALWAYS_DELEGATE, org.richfaces.push.jms.enabled=true, org.gatein.portletbridge.WAR_BUNDLES_PORTLETBRIDGE=true, com.sun.faces.autoCompleteOffOnViewState=false, org.richfaces.resourceOptimization.enabled=true, javax.faces.INTERPRET_EMPTY_STRING_SUBMITTED_VALUES_AS_NULL=true, javax.faces.PROJECT_STAGE=Development, javax.faces.STATE_SAVING_METHOD=server, javax.faces.FACELETS_SKIP_COMMENTS=true, com.sun.faces.enableViewStateIdRendering=false, org.richfaces.enableControlSkinning=false}
十二月 13, 2016 4:37:26 下午 org.richfaces.cache.lru.LRUMapCacheFactory createCache
信息: Creating LRUMap cache instance of 512 items capacity
十二月 13, 2016 4:37:26 下午 org.richfaces.application.InitializationListener onStart
信息: RichFaces Core Implementation by JBoss by Red Hat, version 4.3.1.Final
十二月 13, 2016 4:37:26 下午 org.richfaces.application.InitializationListener initializePushContext
信息: Startup initialization of PushContext
十二月 13, 2016 4:37:26 下午 com.sun.faces.config.ConfigureListener$WebConfigResourceMonitor$Monitor <init>
信息: Monitoring jndi:/localhost/redirect-admin/WEB-INF/faces-config.xml for modifications
十二月 13, 2016 4:37:26 下午 org.apache.catalina.startup.HostConfig deployWAR
信息: Deploying web application archive /Users/zhongwu/Downloads/GateIn-3.8.1.Final-tomcat-7/webapps/redirect-portlet.war
十二月 13, 2016 4:37:26 下午 org.apache.catalina.startup.HostConfig deployWAR
信息: Deploying web application archive /Users/zhongwu/Downloads/GateIn-3.8.1.Final-tomcat-7/webapps/responsive-banner-portlet.war
十二月 13, 2016 4:37:27 下午 org.apache.catalina.startup.HostConfig deployWAR
信息: Deploying web application archive /Users/zhongwu/Downloads/GateIn-3.8.1.Final-tomcat-7/webapps/responsive-community-portlet.war
十二月 13, 2016 4:37:27 下午 org.apache.catalina.startup.HostConfig deployWAR
信息: Deploying web application archive /Users/zhongwu/Downloads/GateIn-3.8.1.Final-tomcat-7/webapps/responsive-features-portlet.war
十二月 13, 2016 4:37:27 下午 org.apache.catalina.startup.HostConfig deployWAR
信息: Deploying web application archive /Users/zhongwu/Downloads/GateIn-3.8.1.Final-tomcat-7/webapps/responsive-footer-portlet.war
十二月 13, 2016 4:37:27 下午 org.apache.catalina.startup.HostConfig deployWAR
信息: Deploying web application archive /Users/zhongwu/Downloads/GateIn-3.8.1.Final-tomcat-7/webapps/responsive-header-portlet.war
十二月 13, 2016 4:37:27 下午 org.apache.catalina.startup.HostConfig deployWAR
信息: Deploying web application archive /Users/zhongwu/Downloads/GateIn-3.8.1.Final-tomcat-7/webapps/responsive-navigation-portlet.war
十二月 13, 2016 4:37:28 下午 org.apache.catalina.startup.HostConfig deployWAR
信息: Deploying web application archive /Users/zhongwu/Downloads/GateIn-3.8.1.Final-tomcat-7/webapps/rest.war
十二月 13, 2016 4:37:28 下午 org.apache.catalina.startup.HostConfig deployWAR
信息: Deploying web application archive /Users/zhongwu/Downloads/GateIn-3.8.1.Final-tomcat-7/webapps/web.war
十二月 13, 2016 4:37:28 下午 org.apache.catalina.startup.HostConfig deployDirectory
信息: Deploying web application directory /Users/zhongwu/Downloads/GateIn-3.8.1.Final-tomcat-7/webapps/host-manager
十二月 13, 2016 4:37:28 下午 org.apache.catalina.startup.HostConfig deployDirectory
信息: Deploying web application directory /Users/zhongwu/Downloads/GateIn-3.8.1.Final-tomcat-7/webapps/integration
十二月 13, 2016 4:37:28 下午 org.apache.catalina.startup.HostConfig deployDirectory
信息: Deploying web application directory /Users/zhongwu/Downloads/GateIn-3.8.1.Final-tomcat-7/webapps/manager
十二月 13, 2016 4:37:29 下午 org.apache.catalina.startup.HostConfig deployDirectory
信息: Deploying web application directory /Users/zhongwu/Downloads/GateIn-3.8.1.Final-tomcat-7/webapps/ROOT
十二月 13, 2016 4:37:33 下午 org.picketlink.idm.impl.cache.AbstractInfinispanCacheProvider initialize
信息: Infinispan cache for Picketlink IDM created successfuly. cache name: idm-portal-api
十二月 13, 2016 4:37:33 下午 org.picketlink.idm.impl.cache.AbstractInfinispanCacheProvider initialize
信息: Infinispan cache for Picketlink IDM created successfuly. cache name: idm-portal-store
十二月 13, 2016 4:37:39 下午 org.picketlink.idm.impl.credential.HashingEncoder afterInitialize
信息: Algorithm SHA-256 will be used for password hashing
十二月 13, 2016 4:37:39 下午 org.picketlink.idm.impl.credential.DatabaseReadingSaltEncoder afterInitialize
信息: Registered SecureRandomProvider will be used for random generating of password salts
十二月 13, 2016 4:37:42 下午 javax.portlet.faces.GenericFacesPortlet init
信息: Init GenericFacesPortlet for portlet RedirectsAndImportExportAdminPortlet
十二月 13, 2016 4:37:42 下午 javax.portlet.faces.GenericFacesPortlet calculateBridgeClassName
信息: Bridge class name is org.jboss.portletbridge.PortletBridgeImpl
十二月 13, 2016 4:37:43 下午 org.apache.coyote.AbstractProtocol start
信息: Starting ProtocolHandler ["http-bio-8080"]
十二月 13, 2016 4:37:43 下午 org.apache.coyote.AbstractProtocol start
信息: Starting ProtocolHandler ["ajp-bio-8009"]
十二月 13, 2016 4:37:43 下午 org.apache.catalina.startup.Catalina start
信息: Server startup in 44866 ms
十二月 13, 2016 4:37:43 下午 org.apache.tomcat.util.http.Cookies processCookieHeader
信息: Cookies: Invalid cookie. Value not a token or quoted value
 Note: further occurrences of Cookie errors will be logged at DEBUG level.
十二月 13, 2016 5:02:02 下午 org.apache.catalina.realm.JAASRealm authenticate
警告: Login exception authenticating username "zz"
javax.security.auth.login.LoginException: Login failed for zz
	at org.exoplatform.services.security.jaas.DefaultLoginModule.login(DefaultLoginModule.java:140)
	at sun.reflect.NativeMethodAccessorImpl.invoke0(Native Method)
	at sun.reflect.NativeMethodAccessorImpl.invoke(NativeMethodAccessorImpl.java:62)
	at sun.reflect.DelegatingMethodAccessorImpl.invoke(DelegatingMethodAccessorImpl.java:43)
	at java.lang.reflect.Method.invoke(Method.java:498)
	at javax.security.auth.login.LoginContext.invoke(LoginContext.java:755)
	at javax.security.auth.login.LoginContext.access$000(LoginContext.java:195)
	at javax.security.auth.login.LoginContext$4.run(LoginContext.java:682)
	at javax.security.auth.login.LoginContext$4.run(LoginContext.java:680)
	at java.security.AccessController.doPrivileged(Native Method)
	at javax.security.auth.login.LoginContext.invokePriv(LoginContext.java:680)
	at javax.security.auth.login.LoginContext.login(LoginContext.java:587)
	at org.apache.catalina.realm.JAASRealm.authenticate(JAASRealm.java:435)
	at org.apache.catalina.realm.JAASRealm.authenticate(JAASRealm.java:356)
	at org.apache.catalina.authenticator.AuthenticatorBase.doLogin(AuthenticatorBase.java:849)
	at org.apache.catalina.authenticator.AuthenticatorBase.login(AuthenticatorBase.java:831)
	at org.apache.catalina.connector.Request.login(Request.java:2622)
	at org.apache.catalina.connector.RequestFacade.login(RequestFacade.java:1065)
	at org.gatein.wci.tomcat.TC7ServletContainerContext.login(TC7ServletContainerContext.java:137)
	at org.gatein.wci.ServletContainer.login(ServletContainer.java:174)
	at org.exoplatform.web.login.LoginServlet.doGet(LoginServlet.java:159)
	at org.exoplatform.web.login.LoginServlet.doPost(LoginServlet.java:273)
	at javax.servlet.http.HttpServlet.service(HttpServlet.java:647)
	at org.exoplatform.container.web.AbstractHttpServlet.onService(AbstractHttpServlet.java:184)
	at org.exoplatform.container.web.AbstractHttpServlet.service(AbstractHttpServlet.java:133)
	at javax.servlet.http.HttpServlet.service(HttpServlet.java:728)
	at org.apache.catalina.core.ApplicationFilterChain.internalDoFilter(ApplicationFilterChain.java:305)
	at org.apache.catalina.core.ApplicationFilterChain.doFilter(ApplicationFilterChain.java:210)
	at org.exoplatform.web.filter.ExtensibleFilter$ExtensibleFilterChain.doFilter(ExtensibleFilter.java:96)
	at org.gatein.portal.installer.PortalSetupFilter.doFilter(PortalSetupFilter.java:72)
	at org.exoplatform.web.filter.ExtensibleFilter$ExtensibleFilterChain.doFilter(ExtensibleFilter.java:92)
	at org.exoplatform.web.filter.ExtensibleFilter.doFilter(ExtensibleFilter.java:71)
	at org.exoplatform.web.filter.GenericFilter.doFilter(GenericFilter.java:70)
	at org.apache.catalina.core.ApplicationFilterChain.internalDoFilter(ApplicationFilterChain.java:243)
	at org.apache.catalina.core.ApplicationFilterChain.doFilter(ApplicationFilterChain.java:210)
	at org.exoplatform.web.CacheUserProfileFilter.doFilter(CacheUserProfileFilter.java:68)
	at org.apache.catalina.core.ApplicationFilterChain.internalDoFilter(ApplicationFilterChain.java:243)
	at org.apache.catalina.core.ApplicationFilterChain.doFilter(ApplicationFilterChain.java:210)
	at org.exoplatform.frameworks.jcr.web.ThreadLocalSessionProviderInitializedFilter.doFilter(ThreadLocalSessionProviderInitializedFilter.java:122)
	at org.apache.catalina.core.ApplicationFilterChain.internalDoFilter(ApplicationFilterChain.java:243)
	at org.apache.catalina.core.ApplicationFilterChain.doFilter(ApplicationFilterChain.java:210)
	at org.exoplatform.web.login.ConversationStateUpdateFilter.doFilter(ConversationStateUpdateFilter.java:66)
	at org.apache.catalina.core.ApplicationFilterChain.internalDoFilter(ApplicationFilterChain.java:243)
	at org.apache.catalina.core.ApplicationFilterChain.doFilter(ApplicationFilterChain.java:210)
	at org.gatein.web.security.impersonation.ImpersonationFilter.doFilter(ImpersonationFilter.java:84)
	at org.apache.catalina.core.ApplicationFilterChain.internalDoFilter(ApplicationFilterChain.java:243)
	at org.apache.catalina.core.ApplicationFilterChain.doFilter(ApplicationFilterChain.java:210)
	at org.exoplatform.services.security.web.SetCurrentIdentityFilter.doFilter(SetCurrentIdentityFilter.java:88)
	at org.apache.catalina.core.ApplicationFilterChain.internalDoFilter(ApplicationFilterChain.java:243)
	at org.apache.catalina.core.ApplicationFilterChain.doFilter(ApplicationFilterChain.java:210)
	at org.exoplatform.web.login.RememberMeFilter.doFilter(RememberMeFilter.java:122)
	at org.exoplatform.web.login.RememberMeFilter.doFilter(RememberMeFilter.java:55)
	at org.apache.catalina.core.ApplicationFilterChain.internalDoFilter(ApplicationFilterChain.java:243)
	at org.apache.catalina.core.ApplicationFilterChain.doFilter(ApplicationFilterChain.java:210)
	at org.gatein.security.oauth.webapi.OAuthDelegateFilter.doFilter(OAuthDelegateFilter.java:58)
	at org.apache.catalina.core.ApplicationFilterChain.internalDoFilter(ApplicationFilterChain.java:243)
	at org.apache.catalina.core.ApplicationFilterChain.doFilter(ApplicationFilterChain.java:210)
	at org.gatein.sso.integration.SSODelegateFilter.doFilter(SSODelegateFilter.java:60)
	at org.apache.catalina.core.ApplicationFilterChain.internalDoFilter(ApplicationFilterChain.java:243)
	at org.apache.catalina.core.ApplicationFilterChain.doFilter(ApplicationFilterChain.java:210)
	at org.exoplatform.container.web.PortalContainerFilter.doFilter(PortalContainerFilter.java:78)
	at org.apache.catalina.core.ApplicationFilterChain.internalDoFilter(ApplicationFilterChain.java:243)
	at org.apache.catalina.core.ApplicationFilterChain.doFilter(ApplicationFilterChain.java:210)
	at org.gatein.portal.init.PortalCheckInitFilter.doFilter(PortalCheckInitFilter.java:66)
	at org.apache.catalina.core.ApplicationFilterChain.internalDoFilter(ApplicationFilterChain.java:243)
	at org.apache.catalina.core.ApplicationFilterChain.doFilter(ApplicationFilterChain.java:210)
	at org.apache.catalina.core.StandardWrapperValve.invoke(StandardWrapperValve.java:222)
	at org.apache.catalina.core.StandardContextValve.invoke(StandardContextValve.java:123)
	at org.apache.catalina.authenticator.AuthenticatorBase.invoke(AuthenticatorBase.java:502)
	at org.gatein.sso.agent.tomcat.ServletAccessValve.invoke(ServletAccessValve.java:55)
	at org.apache.catalina.core.StandardHostValve.invoke(StandardHostValve.java:171)
	at org.apache.catalina.valves.ErrorReportValve.invoke(ErrorReportValve.java:99)
	at org.apache.catalina.valves.AccessLogValve.invoke(AccessLogValve.java:953)
	at org.apache.catalina.core.StandardEngineValve.invoke(StandardEngineValve.java:118)
	at org.apache.catalina.connector.CoyoteAdapter.service(CoyoteAdapter.java:408)
	at org.apache.coyote.http11.AbstractHttp11Processor.process(AbstractHttp11Processor.java:1023)
	at org.apache.coyote.AbstractProtocol$AbstractConnectionHandler.process(AbstractProtocol.java:589)
	at org.apache.tomcat.util.net.JIoEndpoint$SocketProcessor.run(JIoEndpoint.java:312)
	at java.util.concurrent.ThreadPoolExecutor.runWorker(ThreadPoolExecutor.java:1142)
	at java.util.concurrent.ThreadPoolExecutor$Worker.run(ThreadPoolExecutor.java:617)
	at java.lang.Thread.run(Thread.java:745)

十二月 13, 2016 7:04:37 下午 org.apache.coyote.AbstractProtocol pause
信息: Pausing ProtocolHandler ["http-bio-8080"]
十二月 13, 2016 7:04:37 下午 javax.portlet.faces.GenericFacesPortlet destroy
信息: Destroy GenericFacesPortlet for portlet RedirectsAndImportExportAdminPortlet
十二月 13, 2016 7:04:40 下午 org.apache.coyote.AbstractProtocol pause
信息: Pausing ProtocolHandler ["ajp-bio-8009"]
十二月 13, 2016 7:04:40 下午 org.apache.catalina.core.StandardService stopInternal
信息: Stopping service Catalina
十二月 13, 2016 7:04:40 下午 org.apache.catalina.loader.WebappClassLoader clearReferencesThreads
严重: The web application [/eXoGadgetServer] appears to have started a thread named [com.google.inject.internal.util.$Finalizer] but has failed to stop it. This is very likely to create a memory leak.
十二月 13, 2016 7:04:40 下午 org.apache.catalina.loader.WebappClassLoader clearReferencesThreads
严重: The web application [/redirect-admin] appears to have started a thread named [push-session-manager-thread-0] but has failed to stop it. This is very likely to create a memory leak.
十二月 13, 2016 7:04:40 下午 org.apache.coyote.AbstractProtocol stop
信息: Stopping ProtocolHandler ["http-bio-8080"]
十二月 13, 2016 7:04:40 下午 org.apache.coyote.AbstractProtocol stop
信息: Stopping ProtocolHandler ["ajp-bio-8009"]
十二月 13, 2016 7:04:40 下午 org.apache.coyote.AbstractProtocol destroy
信息: Destroying ProtocolHandler ["http-bio-8080"]
十二月 13, 2016 7:04:40 下午 org.apache.coyote.AbstractProtocol destroy
信息: Destroying ProtocolHandler ["ajp-bio-8009"]
