十二月 26, 2016 10:07:17 上午 org.apache.catalina.startup.ClassLoaderFactory validateFile
警告: Problem with directory [/Users/zhongwu/Documents/workspace/cmcc-project/GateIn-3.8.1.Final-tomcat-7/gatein/lib], exists: [false], isDirectory: [false], canRead: [false]
十二月 26, 2016 10:07:18 上午 org.apache.catalina.core.AprLifecycleListener init
信息: The APR based Apache Tomcat Native library which allows optimal performance in production environments was not found on the java.library.path: /Users/zhongwu/Library/Java/Extensions:/Library/Java/Extensions:/Network/Library/Java/Extensions:/System/Library/Java/Extensions:/usr/lib/java:.
十二月 26, 2016 10:07:18 上午 org.apache.coyote.AbstractProtocol init
信息: Initializing ProtocolHandler ["http-bio-8080"]
十二月 26, 2016 10:07:18 上午 org.apache.coyote.AbstractProtocol init
信息: Initializing ProtocolHandler ["ajp-bio-8009"]
十二月 26, 2016 10:07:18 上午 org.apache.catalina.startup.Catalina load
信息: Initialization processed in 1098 ms
十二月 26, 2016 10:07:19 上午 org.apache.catalina.core.StandardService startInternal
信息: Starting service Catalina
十二月 26, 2016 10:07:19 上午 org.apache.catalina.core.StandardEngine startInternal
信息: Starting Servlet Engine: Apache Tomcat/7.0.42
十二月 26, 2016 10:07:19 上午 org.apache.catalina.startup.HostConfig deployDescriptor
信息: Deploying configuration descriptor /Users/zhongwu/Documents/workspace/cmcc-project/GateIn-3.8.1.Final-tomcat-7/conf/Catalina/localhost/portal.xml
十二月 26, 2016 10:07:19 上午 org.apache.catalina.startup.HostConfig deployDescriptor
警告: A docBase /Users/zhongwu/Documents/workspace/cmcc-project/GateIn-3.8.1.Final-tomcat-7/webapps/portal inside the host appBase has been specified, and will be ignored
十二月 26, 2016 10:07:20 上午 org.apache.catalina.startup.HostConfig deployWAR
信息: Deploying web application archive /Users/zhongwu/Documents/workspace/cmcc-project/GateIn-3.8.1.Final-tomcat-7/webapps/dashboard.war
十二月 26, 2016 10:07:20 上午 org.apache.catalina.startup.HostConfig deployWAR
信息: Deploying web application archive /Users/zhongwu/Documents/workspace/cmcc-project/GateIn-3.8.1.Final-tomcat-7/webapps/exoadmin.war
十二月 26, 2016 10:07:21 上午 org.apache.catalina.startup.HostConfig deployWAR
信息: Deploying web application archive /Users/zhongwu/Documents/workspace/cmcc-project/GateIn-3.8.1.Final-tomcat-7/webapps/eXoGadgets.war
十二月 26, 2016 10:07:21 上午 org.apache.catalina.startup.HostConfig deployWAR
信息: Deploying web application archive /Users/zhongwu/Documents/workspace/cmcc-project/GateIn-3.8.1.Final-tomcat-7/webapps/eXoGadgetServer.war
十二月 26, 2016 10:07:26 上午 org.apache.catalina.startup.HostConfig deployWAR
信息: Deploying web application archive /Users/zhongwu/Documents/workspace/cmcc-project/GateIn-3.8.1.Final-tomcat-7/webapps/eXoResources.war
十二月 26, 2016 10:07:27 上午 org.apache.catalina.startup.HostConfig deployWAR
信息: Deploying web application archive /Users/zhongwu/Documents/workspace/cmcc-project/GateIn-3.8.1.Final-tomcat-7/webapps/gatein-mobile-configuration.war
十二月 26, 2016 10:07:27 上午 org.apache.catalina.startup.HostConfig deployWAR
信息: Deploying web application archive /Users/zhongwu/Documents/workspace/cmcc-project/GateIn-3.8.1.Final-tomcat-7/webapps/gatein-mobile-login.war
十二月 26, 2016 10:07:27 上午 org.apache.catalina.startup.HostConfig deployWAR
信息: Deploying web application archive /Users/zhongwu/Documents/workspace/cmcc-project/GateIn-3.8.1.Final-tomcat-7/webapps/gatein-responsive-skin.war
十二月 26, 2016 10:07:27 上午 org.apache.catalina.startup.HostConfig deployWAR
信息: Deploying web application archive /Users/zhongwu/Documents/workspace/cmcc-project/GateIn-3.8.1.Final-tomcat-7/webapps/gatein-sample-skin.war
十二月 26, 2016 10:07:27 上午 org.apache.catalina.startup.HostConfig deployWAR
信息: Deploying web application archive /Users/zhongwu/Documents/workspace/cmcc-project/GateIn-3.8.1.Final-tomcat-7/webapps/redirect-admin.war
十二月 26, 2016 10:07:38 上午 com.sun.faces.config.ConfigureListener contextInitialized
信息: 初始化上下文 '/redirect-admin' 的 Mojarra 2.1.13 ( 20120907-1514)
十二月 26, 2016 10:07:38 上午 com.sun.faces.spi.InjectionProviderFactory createInstance
信息: JSF1048：有 PostConstruct/PreDestroy 注释。标有这些注释的 ManagedBeans 方法将表示注释已处理。
十二月 26, 2016 10:07:40 上午 org.richfaces.javascript.ClientServiceConfigParser parse
警告: Found JavaScript function definition for class javax.validation.constraints.NotNull, but that class is not presented
十二月 26, 2016 10:07:40 上午 org.richfaces.javascript.ClientServiceConfigParser parse
警告: Found JavaScript function definition for class org.hibernate.validator.constraints.NotEmpty, but that class is not presented
十二月 26, 2016 10:07:40 上午 org.richfaces.javascript.ClientServiceConfigParser parse
警告: Found JavaScript function definition for class javax.validation.constraints.Size, but that class is not presented
十二月 26, 2016 10:07:40 上午 org.richfaces.javascript.ClientServiceConfigParser parse
警告: Found JavaScript function definition for class javax.validation.constraints.Pattern, but that class is not presented
十二月 26, 2016 10:07:40 上午 org.richfaces.javascript.ClientServiceConfigParser parse
警告: Found JavaScript function definition for class javax.validation.constraints.Min, but that class is not presented
十二月 26, 2016 10:07:40 上午 org.richfaces.javascript.ClientServiceConfigParser parse
警告: Found JavaScript function definition for class javax.validation.constraints.Max, but that class is not presented
十二月 26, 2016 10:07:40 上午 org.richfaces.javascript.ClientServiceConfigParser parse
警告: Found JavaScript function definition for class javax.validation.constraints.AssertTrue, but that class is not presented
十二月 26, 2016 10:07:40 上午 org.richfaces.javascript.ClientServiceConfigParser parse
警告: Found JavaScript function definition for class javax.validation.constraints.AssertFalse, but that class is not presented
十二月 26, 2016 10:07:40 上午 org.richfaces.cache.CacheManager getCacheFactory
信息: Selected fallback cache factory
十二月 26, 2016 10:07:40 上午 org.richfaces.cache.lru.LRUMapCacheFactory createCache
信息: Creating LRUMap cache instance using parameters: {javax.portlet.faces.RENDER_POLICY=ALWAYS_DELEGATE, org.richfaces.push.jms.enabled=true, org.gatein.portletbridge.WAR_BUNDLES_PORTLETBRIDGE=true, com.sun.faces.autoCompleteOffOnViewState=false, org.richfaces.resourceOptimization.enabled=true, javax.faces.INTERPRET_EMPTY_STRING_SUBMITTED_VALUES_AS_NULL=true, javax.faces.PROJECT_STAGE=Development, javax.faces.STATE_SAVING_METHOD=server, javax.faces.FACELETS_SKIP_COMMENTS=true, com.sun.faces.enableViewStateIdRendering=false, org.richfaces.enableControlSkinning=false}
十二月 26, 2016 10:07:40 上午 org.richfaces.cache.lru.LRUMapCacheFactory createCache
信息: Creating LRUMap cache instance of 512 items capacity
十二月 26, 2016 10:07:40 上午 org.richfaces.application.InitializationListener onStart
信息: RichFaces Core Implementation by JBoss by Red Hat, version 4.3.1.Final
十二月 26, 2016 10:07:40 上午 org.richfaces.application.InitializationListener initializePushContext
信息: Startup initialization of PushContext
十二月 26, 2016 10:07:40 上午 com.sun.faces.config.ConfigureListener$WebConfigResourceMonitor$Monitor <init>
信息: Monitoring jndi:/localhost/redirect-admin/WEB-INF/faces-config.xml for modifications
十二月 26, 2016 10:07:40 上午 org.apache.catalina.startup.HostConfig deployWAR
信息: Deploying web application archive /Users/zhongwu/Documents/workspace/cmcc-project/GateIn-3.8.1.Final-tomcat-7/webapps/redirect-portlet.war
十二月 26, 2016 10:07:40 上午 org.apache.catalina.startup.HostConfig deployWAR
信息: Deploying web application archive /Users/zhongwu/Documents/workspace/cmcc-project/GateIn-3.8.1.Final-tomcat-7/webapps/responsive-banner-portlet.war
十二月 26, 2016 10:07:40 上午 org.apache.catalina.startup.HostConfig deployWAR
信息: Deploying web application archive /Users/zhongwu/Documents/workspace/cmcc-project/GateIn-3.8.1.Final-tomcat-7/webapps/responsive-community-portlet.war
十二月 26, 2016 10:07:40 上午 org.apache.catalina.startup.HostConfig deployWAR
信息: Deploying web application archive /Users/zhongwu/Documents/workspace/cmcc-project/GateIn-3.8.1.Final-tomcat-7/webapps/responsive-features-portlet.war
十二月 26, 2016 10:07:40 上午 org.apache.catalina.startup.HostConfig deployWAR
信息: Deploying web application archive /Users/zhongwu/Documents/workspace/cmcc-project/GateIn-3.8.1.Final-tomcat-7/webapps/responsive-footer-portlet.war
十二月 26, 2016 10:07:41 上午 org.apache.catalina.startup.HostConfig deployWAR
信息: Deploying web application archive /Users/zhongwu/Documents/workspace/cmcc-project/GateIn-3.8.1.Final-tomcat-7/webapps/responsive-header-portlet.war
十二月 26, 2016 10:07:41 上午 org.apache.catalina.startup.HostConfig deployWAR
信息: Deploying web application archive /Users/zhongwu/Documents/workspace/cmcc-project/GateIn-3.8.1.Final-tomcat-7/webapps/responsive-navigation-portlet.war
十二月 26, 2016 10:07:41 上午 org.apache.catalina.startup.HostConfig deployWAR
信息: Deploying web application archive /Users/zhongwu/Documents/workspace/cmcc-project/GateIn-3.8.1.Final-tomcat-7/webapps/rest.war
十二月 26, 2016 10:07:41 上午 org.apache.catalina.startup.HostConfig deployWAR
信息: Deploying web application archive /Users/zhongwu/Documents/workspace/cmcc-project/GateIn-3.8.1.Final-tomcat-7/webapps/web.war
十二月 26, 2016 10:07:41 上午 org.apache.catalina.startup.HostConfig deployDirectory
信息: Deploying web application directory /Users/zhongwu/Documents/workspace/cmcc-project/GateIn-3.8.1.Final-tomcat-7/webapps/host-manager
十二月 26, 2016 10:07:41 上午 org.apache.catalina.startup.HostConfig deployDirectory
信息: Deploying web application directory /Users/zhongwu/Documents/workspace/cmcc-project/GateIn-3.8.1.Final-tomcat-7/webapps/integration
十二月 26, 2016 10:07:42 上午 org.apache.catalina.startup.HostConfig deployDirectory
信息: Deploying web application directory /Users/zhongwu/Documents/workspace/cmcc-project/GateIn-3.8.1.Final-tomcat-7/webapps/manager
十二月 26, 2016 10:07:42 上午 org.apache.catalina.startup.HostConfig deployDirectory
信息: Deploying web application directory /Users/zhongwu/Documents/workspace/cmcc-project/GateIn-3.8.1.Final-tomcat-7/webapps/ROOT
十二月 26, 2016 10:07:46 上午 org.picketlink.idm.impl.cache.AbstractInfinispanCacheProvider initialize
信息: Infinispan cache for Picketlink IDM created successfuly. cache name: idm-portal-api
十二月 26, 2016 10:07:46 上午 org.picketlink.idm.impl.cache.AbstractInfinispanCacheProvider initialize
信息: Infinispan cache for Picketlink IDM created successfuly. cache name: idm-portal-store
十二月 26, 2016 10:07:51 上午 org.picketlink.idm.impl.credential.HashingEncoder afterInitialize
信息: Algorithm SHA-256 will be used for password hashing
十二月 26, 2016 10:07:51 上午 org.picketlink.idm.impl.credential.DatabaseReadingSaltEncoder afterInitialize
信息: Registered SecureRandomProvider will be used for random generating of password salts
十二月 26, 2016 10:07:54 上午 javax.portlet.faces.GenericFacesPortlet init
信息: Init GenericFacesPortlet for portlet RedirectsAndImportExportAdminPortlet
十二月 26, 2016 10:07:54 上午 javax.portlet.faces.GenericFacesPortlet calculateBridgeClassName
信息: Bridge class name is org.jboss.portletbridge.PortletBridgeImpl
十二月 26, 2016 10:07:54 上午 org.apache.coyote.AbstractProtocol start
信息: Starting ProtocolHandler ["http-bio-8080"]
十二月 26, 2016 10:07:54 上午 org.apache.coyote.AbstractProtocol start
信息: Starting ProtocolHandler ["ajp-bio-8009"]
十二月 26, 2016 10:07:54 上午 org.apache.catalina.startup.Catalina start
信息: Server startup in 35666 ms
十二月 26, 2016 10:08:01 上午 org.apache.tomcat.util.http.Cookies processCookieHeader
信息: Cookies: Invalid cookie. Value not a token or quoted value
 Note: further occurrences of Cookie errors will be logged at DEBUG level.
十二月 26, 2016 1:09:54 下午 org.apache.catalina.startup.ClassLoaderFactory validateFile
警告: Problem with directory [/Users/zhongwu/Documents/workspace/cmcc-project/GateIn-3.8.1.Final-tomcat-7/gatein/lib], exists: [false], isDirectory: [false], canRead: [false]
十二月 26, 2016 1:09:55 下午 org.apache.catalina.core.AprLifecycleListener init
信息: The APR based Apache Tomcat Native library which allows optimal performance in production environments was not found on the java.library.path: /Users/zhongwu/Library/Java/Extensions:/Library/Java/Extensions:/Network/Library/Java/Extensions:/System/Library/Java/Extensions:/usr/lib/java:.
十二月 26, 2016 1:09:55 下午 org.apache.coyote.AbstractProtocol init
信息: Initializing ProtocolHandler ["http-bio-8080"]
十二月 26, 2016 1:09:55 下午 org.apache.coyote.AbstractProtocol init
严重: Failed to initialize end point associated with ProtocolHandler ["http-bio-8080"]
java.net.BindException: Address already in use <null>:8080
	at org.apache.tomcat.util.net.JIoEndpoint.bind(JIoEndpoint.java:406)
	at org.apache.tomcat.util.net.AbstractEndpoint.init(AbstractEndpoint.java:610)
	at org.apache.coyote.AbstractProtocol.init(AbstractProtocol.java:429)
	at org.apache.coyote.http11.AbstractHttp11JsseProtocol.init(AbstractHttp11JsseProtocol.java:119)
	at org.apache.catalina.connector.Connector.initInternal(Connector.java:981)
	at org.apache.catalina.util.LifecycleBase.init(LifecycleBase.java:102)
	at org.apache.catalina.core.StandardService.initInternal(StandardService.java:559)
	at org.apache.catalina.util.LifecycleBase.init(LifecycleBase.java:102)
	at org.apache.catalina.core.StandardServer.initInternal(StandardServer.java:814)
	at org.apache.catalina.util.LifecycleBase.init(LifecycleBase.java:102)
	at org.apache.catalina.startup.Catalina.load(Catalina.java:640)
	at org.apache.catalina.startup.Catalina.load(Catalina.java:665)
	at sun.reflect.NativeMethodAccessorImpl.invoke0(Native Method)
	at sun.reflect.NativeMethodAccessorImpl.invoke(NativeMethodAccessorImpl.java:62)
	at sun.reflect.DelegatingMethodAccessorImpl.invoke(DelegatingMethodAccessorImpl.java:43)
	at java.lang.reflect.Method.invoke(Method.java:498)
	at org.apache.catalina.startup.Bootstrap.load(Bootstrap.java:281)
	at org.apache.catalina.startup.Bootstrap.main(Bootstrap.java:455)
Caused by: java.net.BindException: Address already in use
	at java.net.PlainSocketImpl.socketBind(Native Method)
	at java.net.AbstractPlainSocketImpl.bind(AbstractPlainSocketImpl.java:387)
	at java.net.ServerSocket.bind(ServerSocket.java:375)
	at java.net.ServerSocket.<init>(ServerSocket.java:237)
	at java.net.ServerSocket.<init>(ServerSocket.java:181)
	at org.apache.tomcat.util.net.DefaultServerSocketFactory.createSocket(DefaultServerSocketFactory.java:49)
	at org.apache.tomcat.util.net.JIoEndpoint.bind(JIoEndpoint.java:393)
	... 17 more

十二月 26, 2016 1:09:55 下午 org.apache.catalina.core.StandardService initInternal
严重: Failed to initialize connector [Connector[HTTP/1.1-8080]]
org.apache.catalina.LifecycleException: Failed to initialize component [Connector[HTTP/1.1-8080]]
	at org.apache.catalina.util.LifecycleBase.init(LifecycleBase.java:106)
	at org.apache.catalina.core.StandardService.initInternal(StandardService.java:559)
	at org.apache.catalina.util.LifecycleBase.init(LifecycleBase.java:102)
	at org.apache.catalina.core.StandardServer.initInternal(StandardServer.java:814)
	at org.apache.catalina.util.LifecycleBase.init(LifecycleBase.java:102)
	at org.apache.catalina.startup.Catalina.load(Catalina.java:640)
	at org.apache.catalina.startup.Catalina.load(Catalina.java:665)
	at sun.reflect.NativeMethodAccessorImpl.invoke0(Native Method)
	at sun.reflect.NativeMethodAccessorImpl.invoke(NativeMethodAccessorImpl.java:62)
	at sun.reflect.DelegatingMethodAccessorImpl.invoke(DelegatingMethodAccessorImpl.java:43)
	at java.lang.reflect.Method.invoke(Method.java:498)
	at org.apache.catalina.startup.Bootstrap.load(Bootstrap.java:281)
	at org.apache.catalina.startup.Bootstrap.main(Bootstrap.java:455)
Caused by: org.apache.catalina.LifecycleException: Protocol handler initialization failed
	at org.apache.catalina.connector.Connector.initInternal(Connector.java:983)
	at org.apache.catalina.util.LifecycleBase.init(LifecycleBase.java:102)
	... 12 more
Caused by: java.net.BindException: Address already in use <null>:8080
	at org.apache.tomcat.util.net.JIoEndpoint.bind(JIoEndpoint.java:406)
	at org.apache.tomcat.util.net.AbstractEndpoint.init(AbstractEndpoint.java:610)
	at org.apache.coyote.AbstractProtocol.init(AbstractProtocol.java:429)
	at org.apache.coyote.http11.AbstractHttp11JsseProtocol.init(AbstractHttp11JsseProtocol.java:119)
	at org.apache.catalina.connector.Connector.initInternal(Connector.java:981)
	... 13 more
Caused by: java.net.BindException: Address already in use
	at java.net.PlainSocketImpl.socketBind(Native Method)
	at java.net.AbstractPlainSocketImpl.bind(AbstractPlainSocketImpl.java:387)
	at java.net.ServerSocket.bind(ServerSocket.java:375)
	at java.net.ServerSocket.<init>(ServerSocket.java:237)
	at java.net.ServerSocket.<init>(ServerSocket.java:181)
	at org.apache.tomcat.util.net.DefaultServerSocketFactory.createSocket(DefaultServerSocketFactory.java:49)
	at org.apache.tomcat.util.net.JIoEndpoint.bind(JIoEndpoint.java:393)
	... 17 more

十二月 26, 2016 1:09:55 下午 org.apache.coyote.AbstractProtocol init
信息: Initializing ProtocolHandler ["ajp-bio-8009"]
十二月 26, 2016 1:09:55 下午 org.apache.coyote.AbstractProtocol init
严重: Failed to initialize end point associated with ProtocolHandler ["ajp-bio-8009"]
java.net.BindException: Address already in use <null>:8009
	at org.apache.tomcat.util.net.JIoEndpoint.bind(JIoEndpoint.java:406)
	at org.apache.tomcat.util.net.AbstractEndpoint.init(AbstractEndpoint.java:610)
	at org.apache.coyote.AbstractProtocol.init(AbstractProtocol.java:429)
	at org.apache.catalina.connector.Connector.initInternal(Connector.java:981)
	at org.apache.catalina.util.LifecycleBase.init(LifecycleBase.java:102)
	at org.apache.catalina.core.StandardService.initInternal(StandardService.java:559)
	at org.apache.catalina.util.LifecycleBase.init(LifecycleBase.java:102)
	at org.apache.catalina.core.StandardServer.initInternal(StandardServer.java:814)
	at org.apache.catalina.util.LifecycleBase.init(LifecycleBase.java:102)
	at org.apache.catalina.startup.Catalina.load(Catalina.java:640)
	at org.apache.catalina.startup.Catalina.load(Catalina.java:665)
	at sun.reflect.NativeMethodAccessorImpl.invoke0(Native Method)
	at sun.reflect.NativeMethodAccessorImpl.invoke(NativeMethodAccessorImpl.java:62)
	at sun.reflect.DelegatingMethodAccessorImpl.invoke(DelegatingMethodAccessorImpl.java:43)
	at java.lang.reflect.Method.invoke(Method.java:498)
	at org.apache.catalina.startup.Bootstrap.load(Bootstrap.java:281)
	at org.apache.catalina.startup.Bootstrap.main(Bootstrap.java:455)
Caused by: java.net.BindException: Address already in use
	at java.net.PlainSocketImpl.socketBind(Native Method)
	at java.net.AbstractPlainSocketImpl.bind(AbstractPlainSocketImpl.java:387)
	at java.net.ServerSocket.bind(ServerSocket.java:375)
	at java.net.ServerSocket.<init>(ServerSocket.java:237)
	at java.net.ServerSocket.<init>(ServerSocket.java:181)
	at org.apache.tomcat.util.net.DefaultServerSocketFactory.createSocket(DefaultServerSocketFactory.java:49)
	at org.apache.tomcat.util.net.JIoEndpoint.bind(JIoEndpoint.java:393)
	... 16 more

十二月 26, 2016 1:09:55 下午 org.apache.catalina.core.StandardService initInternal
严重: Failed to initialize connector [Connector[AJP/1.3-8009]]
org.apache.catalina.LifecycleException: Failed to initialize component [Connector[AJP/1.3-8009]]
	at org.apache.catalina.util.LifecycleBase.init(LifecycleBase.java:106)
	at org.apache.catalina.core.StandardService.initInternal(StandardService.java:559)
	at org.apache.catalina.util.LifecycleBase.init(LifecycleBase.java:102)
	at org.apache.catalina.core.StandardServer.initInternal(StandardServer.java:814)
	at org.apache.catalina.util.LifecycleBase.init(LifecycleBase.java:102)
	at org.apache.catalina.startup.Catalina.load(Catalina.java:640)
	at org.apache.catalina.startup.Catalina.load(Catalina.java:665)
	at sun.reflect.NativeMethodAccessorImpl.invoke0(Native Method)
	at sun.reflect.NativeMethodAccessorImpl.invoke(NativeMethodAccessorImpl.java:62)
	at sun.reflect.DelegatingMethodAccessorImpl.invoke(DelegatingMethodAccessorImpl.java:43)
	at java.lang.reflect.Method.invoke(Method.java:498)
	at org.apache.catalina.startup.Bootstrap.load(Bootstrap.java:281)
	at org.apache.catalina.startup.Bootstrap.main(Bootstrap.java:455)
Caused by: org.apache.catalina.LifecycleException: Protocol handler initialization failed
	at org.apache.catalina.connector.Connector.initInternal(Connector.java:983)
	at org.apache.catalina.util.LifecycleBase.init(LifecycleBase.java:102)
	... 12 more
Caused by: java.net.BindException: Address already in use <null>:8009
	at org.apache.tomcat.util.net.JIoEndpoint.bind(JIoEndpoint.java:406)
	at org.apache.tomcat.util.net.AbstractEndpoint.init(AbstractEndpoint.java:610)
	at org.apache.coyote.AbstractProtocol.init(AbstractProtocol.java:429)
	at org.apache.catalina.connector.Connector.initInternal(Connector.java:981)
	... 13 more
Caused by: java.net.BindException: Address already in use
	at java.net.PlainSocketImpl.socketBind(Native Method)
	at java.net.AbstractPlainSocketImpl.bind(AbstractPlainSocketImpl.java:387)
	at java.net.ServerSocket.bind(ServerSocket.java:375)
	at java.net.ServerSocket.<init>(ServerSocket.java:237)
	at java.net.ServerSocket.<init>(ServerSocket.java:181)
	at org.apache.tomcat.util.net.DefaultServerSocketFactory.createSocket(DefaultServerSocketFactory.java:49)
	at org.apache.tomcat.util.net.JIoEndpoint.bind(JIoEndpoint.java:393)
	... 16 more

十二月 26, 2016 1:09:55 下午 org.apache.catalina.startup.Catalina load
信息: Initialization processed in 1039 ms
十二月 26, 2016 1:09:55 下午 org.apache.catalina.core.StandardService startInternal
信息: Starting service Catalina
十二月 26, 2016 1:09:55 下午 org.apache.catalina.core.StandardEngine startInternal
信息: Starting Servlet Engine: Apache Tomcat/7.0.42
十二月 26, 2016 1:09:55 下午 org.apache.catalina.startup.HostConfig deployDescriptor
信息: Deploying configuration descriptor /Users/zhongwu/Documents/workspace/cmcc-project/GateIn-3.8.1.Final-tomcat-7/conf/Catalina/localhost/portal.xml
十二月 26, 2016 1:09:55 下午 org.apache.catalina.startup.HostConfig deployDescriptor
警告: A docBase /Users/zhongwu/Documents/workspace/cmcc-project/GateIn-3.8.1.Final-tomcat-7/webapps/portal inside the host appBase has been specified, and will be ignored
十二月 26, 2016 1:09:57 下午 org.apache.catalina.startup.HostConfig deployWAR
信息: Deploying web application archive /Users/zhongwu/Documents/workspace/cmcc-project/GateIn-3.8.1.Final-tomcat-7/webapps/dashboard.war
十二月 26, 2016 1:09:57 下午 org.apache.catalina.startup.HostConfig deployWAR
信息: Deploying web application archive /Users/zhongwu/Documents/workspace/cmcc-project/GateIn-3.8.1.Final-tomcat-7/webapps/exoadmin.war
十二月 26, 2016 1:09:57 下午 org.apache.catalina.startup.HostConfig deployWAR
信息: Deploying web application archive /Users/zhongwu/Documents/workspace/cmcc-project/GateIn-3.8.1.Final-tomcat-7/webapps/eXoGadgets.war
十二月 26, 2016 1:09:57 下午 org.apache.catalina.startup.HostConfig deployWAR
信息: Deploying web application archive /Users/zhongwu/Documents/workspace/cmcc-project/GateIn-3.8.1.Final-tomcat-7/webapps/eXoGadgetServer.war
十二月 26, 2016 1:10:35 下午 org.apache.catalina.startup.HostConfig deployWAR
信息: Deploying web application archive /Users/zhongwu/Documents/workspace/cmcc-project/GateIn-3.8.1.Final-tomcat-7/webapps/eXoResources.war
十二月 26, 2016 1:10:35 下午 org.apache.catalina.startup.HostConfig deployWAR
信息: Deploying web application archive /Users/zhongwu/Documents/workspace/cmcc-project/GateIn-3.8.1.Final-tomcat-7/webapps/gatein-mobile-configuration.war
十二月 26, 2016 1:10:35 下午 org.apache.catalina.startup.HostConfig deployWAR
信息: Deploying web application archive /Users/zhongwu/Documents/workspace/cmcc-project/GateIn-3.8.1.Final-tomcat-7/webapps/gatein-mobile-login.war
十二月 26, 2016 1:10:36 下午 org.apache.catalina.startup.HostConfig deployWAR
信息: Deploying web application archive /Users/zhongwu/Documents/workspace/cmcc-project/GateIn-3.8.1.Final-tomcat-7/webapps/gatein-responsive-skin.war
十二月 26, 2016 1:10:36 下午 org.apache.catalina.startup.HostConfig deployWAR
信息: Deploying web application archive /Users/zhongwu/Documents/workspace/cmcc-project/GateIn-3.8.1.Final-tomcat-7/webapps/gatein-sample-skin.war
十二月 26, 2016 1:10:36 下午 org.apache.catalina.startup.HostConfig deployWAR
信息: Deploying web application archive /Users/zhongwu/Documents/workspace/cmcc-project/GateIn-3.8.1.Final-tomcat-7/webapps/redirect-admin.war
十二月 26, 2016 1:10:49 下午 com.sun.faces.config.ConfigureListener contextInitialized
信息: 初始化上下文 '/redirect-admin' 的 Mojarra 2.1.13 ( 20120907-1514)
十二月 26, 2016 1:10:50 下午 com.sun.faces.spi.InjectionProviderFactory createInstance
信息: JSF1048：有 PostConstruct/PreDestroy 注释。标有这些注释的 ManagedBeans 方法将表示注释已处理。
十二月 26, 2016 1:10:51 下午 org.richfaces.javascript.ClientServiceConfigParser parse
警告: Found JavaScript function definition for class javax.validation.constraints.NotNull, but that class is not presented
十二月 26, 2016 1:10:51 下午 org.richfaces.javascript.ClientServiceConfigParser parse
警告: Found JavaScript function definition for class org.hibernate.validator.constraints.NotEmpty, but that class is not presented
十二月 26, 2016 1:10:51 下午 org.richfaces.javascript.ClientServiceConfigParser parse
警告: Found JavaScript function definition for class javax.validation.constraints.Size, but that class is not presented
十二月 26, 2016 1:10:51 下午 org.richfaces.javascript.ClientServiceConfigParser parse
警告: Found JavaScript function definition for class javax.validation.constraints.Pattern, but that class is not presented
十二月 26, 2016 1:10:51 下午 org.richfaces.javascript.ClientServiceConfigParser parse
警告: Found JavaScript function definition for class javax.validation.constraints.Min, but that class is not presented
十二月 26, 2016 1:10:51 下午 org.richfaces.javascript.ClientServiceConfigParser parse
警告: Found JavaScript function definition for class javax.validation.constraints.Max, but that class is not presented
十二月 26, 2016 1:10:51 下午 org.richfaces.javascript.ClientServiceConfigParser parse
警告: Found JavaScript function definition for class javax.validation.constraints.AssertTrue, but that class is not presented
十二月 26, 2016 1:10:51 下午 org.richfaces.javascript.ClientServiceConfigParser parse
警告: Found JavaScript function definition for class javax.validation.constraints.AssertFalse, but that class is not presented
十二月 26, 2016 1:10:51 下午 org.richfaces.cache.CacheManager getCacheFactory
信息: Selected fallback cache factory
十二月 26, 2016 1:10:51 下午 org.richfaces.cache.lru.LRUMapCacheFactory createCache
信息: Creating LRUMap cache instance using parameters: {javax.portlet.faces.RENDER_POLICY=ALWAYS_DELEGATE, org.richfaces.push.jms.enabled=true, org.gatein.portletbridge.WAR_BUNDLES_PORTLETBRIDGE=true, com.sun.faces.autoCompleteOffOnViewState=false, org.richfaces.resourceOptimization.enabled=true, javax.faces.INTERPRET_EMPTY_STRING_SUBMITTED_VALUES_AS_NULL=true, javax.faces.PROJECT_STAGE=Development, javax.faces.STATE_SAVING_METHOD=server, javax.faces.FACELETS_SKIP_COMMENTS=true, com.sun.faces.enableViewStateIdRendering=false, org.richfaces.enableControlSkinning=false}
十二月 26, 2016 1:10:51 下午 org.richfaces.cache.lru.LRUMapCacheFactory createCache
信息: Creating LRUMap cache instance of 512 items capacity
十二月 26, 2016 1:10:51 下午 org.richfaces.application.InitializationListener onStart
信息: RichFaces Core Implementation by JBoss by Red Hat, version 4.3.1.Final
十二月 26, 2016 1:10:51 下午 org.richfaces.application.InitializationListener initializePushContext
信息: Startup initialization of PushContext
十二月 26, 2016 1:10:51 下午 com.sun.faces.config.ConfigureListener$WebConfigResourceMonitor$Monitor <init>
信息: Monitoring jndi:/localhost/redirect-admin/WEB-INF/faces-config.xml for modifications
十二月 26, 2016 1:10:51 下午 org.apache.catalina.startup.HostConfig deployWAR
信息: Deploying web application archive /Users/zhongwu/Documents/workspace/cmcc-project/GateIn-3.8.1.Final-tomcat-7/webapps/redirect-portlet.war
十二月 26, 2016 1:10:52 下午 org.apache.catalina.startup.HostConfig deployWAR
信息: Deploying web application archive /Users/zhongwu/Documents/workspace/cmcc-project/GateIn-3.8.1.Final-tomcat-7/webapps/responsive-banner-portlet.war
十二月 26, 2016 1:10:52 下午 org.apache.catalina.startup.HostConfig deployWAR
信息: Deploying web application archive /Users/zhongwu/Documents/workspace/cmcc-project/GateIn-3.8.1.Final-tomcat-7/webapps/responsive-community-portlet.war
十二月 26, 2016 1:10:52 下午 org.apache.catalina.startup.HostConfig deployWAR
信息: Deploying web application archive /Users/zhongwu/Documents/workspace/cmcc-project/GateIn-3.8.1.Final-tomcat-7/webapps/responsive-features-portlet.war
十二月 26, 2016 1:10:52 下午 org.apache.catalina.startup.HostConfig deployWAR
信息: Deploying web application archive /Users/zhongwu/Documents/workspace/cmcc-project/GateIn-3.8.1.Final-tomcat-7/webapps/responsive-footer-portlet.war
十二月 26, 2016 1:10:52 下午 org.apache.catalina.startup.HostConfig deployWAR
信息: Deploying web application archive /Users/zhongwu/Documents/workspace/cmcc-project/GateIn-3.8.1.Final-tomcat-7/webapps/responsive-header-portlet.war
十二月 26, 2016 1:10:52 下午 org.apache.catalina.startup.HostConfig deployWAR
信息: Deploying web application archive /Users/zhongwu/Documents/workspace/cmcc-project/GateIn-3.8.1.Final-tomcat-7/webapps/responsive-navigation-portlet.war
十二月 26, 2016 1:10:52 下午 org.apache.catalina.startup.HostConfig deployWAR
信息: Deploying web application archive /Users/zhongwu/Documents/workspace/cmcc-project/GateIn-3.8.1.Final-tomcat-7/webapps/rest.war
十二月 26, 2016 1:10:53 下午 org.apache.catalina.startup.HostConfig deployWAR
信息: Deploying web application archive /Users/zhongwu/Documents/workspace/cmcc-project/GateIn-3.8.1.Final-tomcat-7/webapps/web.war
十二月 26, 2016 1:10:53 下午 org.apache.catalina.startup.HostConfig deployDirectory
信息: Deploying web application directory /Users/zhongwu/Documents/workspace/cmcc-project/GateIn-3.8.1.Final-tomcat-7/webapps/host-manager
十二月 26, 2016 1:10:53 下午 org.apache.catalina.startup.HostConfig deployDirectory
信息: Deploying web application directory /Users/zhongwu/Documents/workspace/cmcc-project/GateIn-3.8.1.Final-tomcat-7/webapps/integration
十二月 26, 2016 1:10:53 下午 org.apache.catalina.startup.HostConfig deployDirectory
信息: Deploying web application directory /Users/zhongwu/Documents/workspace/cmcc-project/GateIn-3.8.1.Final-tomcat-7/webapps/manager
十二月 26, 2016 1:10:53 下午 org.apache.catalina.startup.HostConfig deployDirectory
信息: Deploying web application directory /Users/zhongwu/Documents/workspace/cmcc-project/GateIn-3.8.1.Final-tomcat-7/webapps/ROOT
十二月 26, 2016 1:11:30 下午 org.apache.catalina.startup.Catalina start
信息: Server startup in 94515 ms
十二月 26, 2016 1:11:30 下午 org.apache.catalina.core.StandardServer await
严重: StandardServer.await: create[localhost:8005]: 
java.net.BindException: Address already in use
	at java.net.PlainSocketImpl.socketBind(Native Method)
	at java.net.AbstractPlainSocketImpl.bind(AbstractPlainSocketImpl.java:387)
	at java.net.ServerSocket.bind(ServerSocket.java:375)
	at java.net.ServerSocket.<init>(ServerSocket.java:237)
	at org.apache.catalina.core.StandardServer.await(StandardServer.java:427)
	at org.apache.catalina.startup.Catalina.await(Catalina.java:779)
	at org.apache.catalina.startup.Catalina.start(Catalina.java:725)
	at sun.reflect.NativeMethodAccessorImpl.invoke0(Native Method)
	at sun.reflect.NativeMethodAccessorImpl.invoke(NativeMethodAccessorImpl.java:62)
	at sun.reflect.DelegatingMethodAccessorImpl.invoke(DelegatingMethodAccessorImpl.java:43)
	at java.lang.reflect.Method.invoke(Method.java:498)
	at org.apache.catalina.startup.Bootstrap.start(Bootstrap.java:322)
	at org.apache.catalina.startup.Bootstrap.main(Bootstrap.java:456)

十二月 26, 2016 1:11:30 下午 org.apache.coyote.AbstractProtocol pause
信息: Pausing ProtocolHandler ["http-bio-8080"]
十二月 26, 2016 1:11:30 下午 org.apache.coyote.AbstractProtocol pause
信息: Pausing ProtocolHandler ["ajp-bio-8009"]
十二月 26, 2016 1:11:30 下午 org.apache.catalina.core.StandardService stopInternal
信息: Stopping service Catalina
十二月 26, 2016 1:11:30 下午 org.apache.catalina.loader.WebappClassLoader clearReferencesThreads
严重: The web application [/eXoGadgetServer] appears to have started a thread named [com.google.inject.internal.util.$Finalizer] but has failed to stop it. This is very likely to create a memory leak.
十二月 26, 2016 1:11:30 下午 org.apache.catalina.loader.WebappClassLoader clearReferencesThreads
严重: The web application [/eXoGadgetServer] appears to have started a thread named [net.sf.ehcache.CacheManager@2f7f896b] but has failed to stop it. This is very likely to create a memory leak.
十二月 26, 2016 1:11:30 下午 org.apache.catalina.loader.WebappClassLoader clearReferencesThreads
严重: The web application [/redirect-admin] appears to have started a thread named [push-session-manager-thread-0] but has failed to stop it. This is very likely to create a memory leak.
十二月 26, 2016 1:11:30 下午 org.apache.coyote.AbstractProtocol stop
信息: Stopping ProtocolHandler ["http-bio-8080"]
十二月 26, 2016 1:11:30 下午 org.apache.coyote.AbstractProtocol destroy
信息: Destroying ProtocolHandler ["http-bio-8080"]
十二月 26, 2016 1:11:30 下午 org.apache.coyote.AbstractProtocol stop
信息: Stopping ProtocolHandler ["ajp-bio-8009"]
十二月 26, 2016 1:11:30 下午 org.apache.coyote.AbstractProtocol destroy
信息: Destroying ProtocolHandler ["ajp-bio-8009"]
十二月 26, 2016 1:18:41 下午 org.apache.catalina.core.StandardServer await
信息: A valid shutdown command was received via the shutdown port. Stopping the Server instance.
十二月 26, 2016 1:18:41 下午 org.apache.coyote.AbstractProtocol pause
信息: Pausing ProtocolHandler ["http-bio-8080"]
十二月 26, 2016 1:18:42 下午 org.apache.coyote.AbstractProtocol pause
信息: Pausing ProtocolHandler ["ajp-bio-8009"]
十二月 26, 2016 1:18:42 下午 org.apache.catalina.core.StandardService stopInternal
信息: Stopping service Catalina
十二月 26, 2016 1:18:42 下午 javax.portlet.faces.GenericFacesPortlet destroy
信息: Destroy GenericFacesPortlet for portlet RedirectsAndImportExportAdminPortlet
十二月 26, 2016 1:18:42 下午 org.apache.catalina.loader.WebappClassLoader clearReferencesThreads
严重: The web application [/eXoGadgetServer] appears to have started a thread named [com.google.inject.internal.util.$Finalizer] but has failed to stop it. This is very likely to create a memory leak.
十二月 26, 2016 1:18:42 下午 org.apache.catalina.loader.WebappClassLoader clearReferencesThreads
严重: The web application [/eXoGadgetServer] appears to have started a thread named [net.sf.ehcache.CacheManager@32d75b91] but has failed to stop it. This is very likely to create a memory leak.
十二月 26, 2016 1:18:43 下午 org.apache.catalina.loader.WebappClassLoader clearReferencesThreads
严重: The web application [/redirect-admin] appears to have started a thread named [push-session-manager-thread-0] but has failed to stop it. This is very likely to create a memory leak.
十二月 26, 2016 1:18:43 下午 org.apache.coyote.AbstractProtocol stop
信息: Stopping ProtocolHandler ["http-bio-8080"]
十二月 26, 2016 1:18:44 下午 org.apache.coyote.AbstractProtocol stop
信息: Stopping ProtocolHandler ["ajp-bio-8009"]
十二月 26, 2016 1:18:44 下午 org.apache.coyote.AbstractProtocol destroy
信息: Destroying ProtocolHandler ["http-bio-8080"]
十二月 26, 2016 1:18:44 下午 org.apache.coyote.AbstractProtocol destroy
信息: Destroying ProtocolHandler ["ajp-bio-8009"]
十二月 26, 2016 1:18:51 下午 org.apache.catalina.startup.ClassLoaderFactory validateFile
警告: Problem with directory [/Users/zhongwu/Documents/workspace/cmcc-project/GateIn-3.8.1.Final-tomcat-7/gatein/lib], exists: [false], isDirectory: [false], canRead: [false]
十二月 26, 2016 1:18:51 下午 org.apache.catalina.core.AprLifecycleListener init
信息: The APR based Apache Tomcat Native library which allows optimal performance in production environments was not found on the java.library.path: /Users/zhongwu/Library/Java/Extensions:/Library/Java/Extensions:/Network/Library/Java/Extensions:/System/Library/Java/Extensions:/usr/lib/java:.
十二月 26, 2016 1:18:52 下午 org.apache.coyote.AbstractProtocol init
信息: Initializing ProtocolHandler ["http-bio-8080"]
十二月 26, 2016 1:18:52 下午 org.apache.coyote.AbstractProtocol init
信息: Initializing ProtocolHandler ["ajp-bio-8009"]
十二月 26, 2016 1:18:52 下午 org.apache.catalina.startup.Catalina load
信息: Initialization processed in 961 ms
十二月 26, 2016 1:18:52 下午 org.apache.catalina.core.StandardService startInternal
信息: Starting service Catalina
十二月 26, 2016 1:18:52 下午 org.apache.catalina.core.StandardEngine startInternal
信息: Starting Servlet Engine: Apache Tomcat/7.0.42
十二月 26, 2016 1:18:52 下午 org.apache.catalina.startup.HostConfig deployDescriptor
信息: Deploying configuration descriptor /Users/zhongwu/Documents/workspace/cmcc-project/GateIn-3.8.1.Final-tomcat-7/conf/Catalina/localhost/portal.xml
十二月 26, 2016 1:18:52 下午 org.apache.catalina.startup.HostConfig deployDescriptor
警告: A docBase /Users/zhongwu/Documents/workspace/cmcc-project/GateIn-3.8.1.Final-tomcat-7/webapps/portal inside the host appBase has been specified, and will be ignored
十二月 26, 2016 1:18:53 下午 org.apache.catalina.startup.HostConfig deployWAR
信息: Deploying web application archive /Users/zhongwu/Documents/workspace/cmcc-project/GateIn-3.8.1.Final-tomcat-7/webapps/dashboard.war
十二月 26, 2016 1:18:53 下午 org.apache.catalina.startup.HostConfig deployWAR
信息: Deploying web application archive /Users/zhongwu/Documents/workspace/cmcc-project/GateIn-3.8.1.Final-tomcat-7/webapps/exoadmin.war
十二月 26, 2016 1:18:53 下午 org.apache.catalina.startup.HostConfig deployWAR
信息: Deploying web application archive /Users/zhongwu/Documents/workspace/cmcc-project/GateIn-3.8.1.Final-tomcat-7/webapps/eXoGadgets.war
十二月 26, 2016 1:18:53 下午 org.apache.catalina.startup.HostConfig deployWAR
信息: Deploying web application archive /Users/zhongwu/Documents/workspace/cmcc-project/GateIn-3.8.1.Final-tomcat-7/webapps/eXoGadgetServer.war
十二月 26, 2016 1:19:28 下午 org.apache.catalina.startup.HostConfig deployWAR
信息: Deploying web application archive /Users/zhongwu/Documents/workspace/cmcc-project/GateIn-3.8.1.Final-tomcat-7/webapps/eXoResources.war
十二月 26, 2016 1:19:29 下午 org.apache.catalina.startup.HostConfig deployWAR
信息: Deploying web application archive /Users/zhongwu/Documents/workspace/cmcc-project/GateIn-3.8.1.Final-tomcat-7/webapps/gatein-mobile-configuration.war
十二月 26, 2016 1:19:29 下午 org.apache.catalina.startup.HostConfig deployWAR
信息: Deploying web application archive /Users/zhongwu/Documents/workspace/cmcc-project/GateIn-3.8.1.Final-tomcat-7/webapps/gatein-mobile-login.war
十二月 26, 2016 1:19:29 下午 org.apache.catalina.startup.HostConfig deployWAR
信息: Deploying web application archive /Users/zhongwu/Documents/workspace/cmcc-project/GateIn-3.8.1.Final-tomcat-7/webapps/gatein-responsive-skin.war
十二月 26, 2016 1:19:29 下午 org.apache.catalina.startup.HostConfig deployWAR
信息: Deploying web application archive /Users/zhongwu/Documents/workspace/cmcc-project/GateIn-3.8.1.Final-tomcat-7/webapps/gatein-sample-skin.war
十二月 26, 2016 1:19:30 下午 org.apache.catalina.startup.HostConfig deployWAR
信息: Deploying web application archive /Users/zhongwu/Documents/workspace/cmcc-project/GateIn-3.8.1.Final-tomcat-7/webapps/redirect-admin.war
十二月 26, 2016 1:19:38 下午 com.sun.faces.config.ConfigureListener contextInitialized
信息: 初始化上下文 '/redirect-admin' 的 Mojarra 2.1.13 ( 20120907-1514)
十二月 26, 2016 1:19:39 下午 com.sun.faces.spi.InjectionProviderFactory createInstance
信息: JSF1048：有 PostConstruct/PreDestroy 注释。标有这些注释的 ManagedBeans 方法将表示注释已处理。
十二月 26, 2016 1:19:41 下午 org.richfaces.javascript.ClientServiceConfigParser parse
警告: Found JavaScript function definition for class javax.validation.constraints.NotNull, but that class is not presented
十二月 26, 2016 1:19:41 下午 org.richfaces.javascript.ClientServiceConfigParser parse
警告: Found JavaScript function definition for class org.hibernate.validator.constraints.NotEmpty, but that class is not presented
十二月 26, 2016 1:19:41 下午 org.richfaces.javascript.ClientServiceConfigParser parse
警告: Found JavaScript function definition for class javax.validation.constraints.Size, but that class is not presented
十二月 26, 2016 1:19:41 下午 org.richfaces.javascript.ClientServiceConfigParser parse
警告: Found JavaScript function definition for class javax.validation.constraints.Pattern, but that class is not presented
十二月 26, 2016 1:19:41 下午 org.richfaces.javascript.ClientServiceConfigParser parse
警告: Found JavaScript function definition for class javax.validation.constraints.Min, but that class is not presented
十二月 26, 2016 1:19:41 下午 org.richfaces.javascript.ClientServiceConfigParser parse
警告: Found JavaScript function definition for class javax.validation.constraints.Max, but that class is not presented
十二月 26, 2016 1:19:41 下午 org.richfaces.javascript.ClientServiceConfigParser parse
警告: Found JavaScript function definition for class javax.validation.constraints.AssertTrue, but that class is not presented
十二月 26, 2016 1:19:41 下午 org.richfaces.javascript.ClientServiceConfigParser parse
警告: Found JavaScript function definition for class javax.validation.constraints.AssertFalse, but that class is not presented
十二月 26, 2016 1:19:41 下午 org.richfaces.cache.CacheManager getCacheFactory
信息: Selected fallback cache factory
十二月 26, 2016 1:19:41 下午 org.richfaces.cache.lru.LRUMapCacheFactory createCache
信息: Creating LRUMap cache instance using parameters: {javax.portlet.faces.RENDER_POLICY=ALWAYS_DELEGATE, org.richfaces.push.jms.enabled=true, org.gatein.portletbridge.WAR_BUNDLES_PORTLETBRIDGE=true, com.sun.faces.autoCompleteOffOnViewState=false, org.richfaces.resourceOptimization.enabled=true, javax.faces.INTERPRET_EMPTY_STRING_SUBMITTED_VALUES_AS_NULL=true, javax.faces.PROJECT_STAGE=Development, javax.faces.STATE_SAVING_METHOD=server, javax.faces.FACELETS_SKIP_COMMENTS=true, com.sun.faces.enableViewStateIdRendering=false, org.richfaces.enableControlSkinning=false}
十二月 26, 2016 1:19:41 下午 org.richfaces.cache.lru.LRUMapCacheFactory createCache
信息: Creating LRUMap cache instance of 512 items capacity
十二月 26, 2016 1:19:41 下午 org.richfaces.application.InitializationListener onStart
信息: RichFaces Core Implementation by JBoss by Red Hat, version 4.3.1.Final
十二月 26, 2016 1:19:41 下午 org.richfaces.application.InitializationListener initializePushContext
信息: Startup initialization of PushContext
十二月 26, 2016 1:19:41 下午 com.sun.faces.config.ConfigureListener$WebConfigResourceMonitor$Monitor <init>
信息: Monitoring jndi:/localhost/redirect-admin/WEB-INF/faces-config.xml for modifications
十二月 26, 2016 1:19:41 下午 org.apache.catalina.startup.HostConfig deployWAR
信息: Deploying web application archive /Users/zhongwu/Documents/workspace/cmcc-project/GateIn-3.8.1.Final-tomcat-7/webapps/redirect-portlet.war
十二月 26, 2016 1:19:41 下午 org.apache.catalina.startup.HostConfig deployWAR
信息: Deploying web application archive /Users/zhongwu/Documents/workspace/cmcc-project/GateIn-3.8.1.Final-tomcat-7/webapps/responsive-banner-portlet.war
十二月 26, 2016 1:19:41 下午 org.apache.catalina.startup.HostConfig deployWAR
信息: Deploying web application archive /Users/zhongwu/Documents/workspace/cmcc-project/GateIn-3.8.1.Final-tomcat-7/webapps/responsive-community-portlet.war
十二月 26, 2016 1:19:41 下午 org.apache.catalina.startup.HostConfig deployWAR
信息: Deploying web application archive /Users/zhongwu/Documents/workspace/cmcc-project/GateIn-3.8.1.Final-tomcat-7/webapps/responsive-features-portlet.war
十二月 26, 2016 1:19:42 下午 org.apache.catalina.startup.HostConfig deployWAR
信息: Deploying web application archive /Users/zhongwu/Documents/workspace/cmcc-project/GateIn-3.8.1.Final-tomcat-7/webapps/responsive-footer-portlet.war
十二月 26, 2016 1:19:42 下午 org.apache.catalina.startup.HostConfig deployWAR
信息: Deploying web application archive /Users/zhongwu/Documents/workspace/cmcc-project/GateIn-3.8.1.Final-tomcat-7/webapps/responsive-header-portlet.war
十二月 26, 2016 1:19:42 下午 org.apache.catalina.startup.HostConfig deployWAR
信息: Deploying web application archive /Users/zhongwu/Documents/workspace/cmcc-project/GateIn-3.8.1.Final-tomcat-7/webapps/responsive-navigation-portlet.war
十二月 26, 2016 1:19:42 下午 org.apache.catalina.startup.HostConfig deployWAR
信息: Deploying web application archive /Users/zhongwu/Documents/workspace/cmcc-project/GateIn-3.8.1.Final-tomcat-7/webapps/rest.war
十二月 26, 2016 1:19:43 下午 org.apache.catalina.startup.HostConfig deployWAR
信息: Deploying web application archive /Users/zhongwu/Documents/workspace/cmcc-project/GateIn-3.8.1.Final-tomcat-7/webapps/web.war
十二月 26, 2016 1:19:43 下午 org.apache.catalina.startup.HostConfig deployDirectory
信息: Deploying web application directory /Users/zhongwu/Documents/workspace/cmcc-project/GateIn-3.8.1.Final-tomcat-7/webapps/host-manager
十二月 26, 2016 1:19:43 下午 org.apache.catalina.startup.HostConfig deployDirectory
信息: Deploying web application directory /Users/zhongwu/Documents/workspace/cmcc-project/GateIn-3.8.1.Final-tomcat-7/webapps/integration
十二月 26, 2016 1:19:43 下午 org.apache.catalina.startup.HostConfig deployDirectory
信息: Deploying web application directory /Users/zhongwu/Documents/workspace/cmcc-project/GateIn-3.8.1.Final-tomcat-7/webapps/manager
十二月 26, 2016 1:19:44 下午 org.apache.catalina.startup.HostConfig deployDirectory
信息: Deploying web application directory /Users/zhongwu/Documents/workspace/cmcc-project/GateIn-3.8.1.Final-tomcat-7/webapps/ROOT
十二月 26, 2016 1:19:48 下午 org.picketlink.idm.impl.cache.AbstractInfinispanCacheProvider initialize
信息: Infinispan cache for Picketlink IDM created successfuly. cache name: idm-portal-api
十二月 26, 2016 1:19:48 下午 org.picketlink.idm.impl.cache.AbstractInfinispanCacheProvider initialize
信息: Infinispan cache for Picketlink IDM created successfuly. cache name: idm-portal-store
十二月 26, 2016 1:19:54 下午 org.picketlink.idm.impl.credential.HashingEncoder afterInitialize
信息: Algorithm SHA-256 will be used for password hashing
十二月 26, 2016 1:19:54 下午 org.picketlink.idm.impl.credential.DatabaseReadingSaltEncoder afterInitialize
信息: Registered SecureRandomProvider will be used for random generating of password salts
十二月 26, 2016 1:19:57 下午 javax.portlet.faces.GenericFacesPortlet init
信息: Init GenericFacesPortlet for portlet RedirectsAndImportExportAdminPortlet
十二月 26, 2016 1:19:57 下午 javax.portlet.faces.GenericFacesPortlet calculateBridgeClassName
信息: Bridge class name is org.jboss.portletbridge.PortletBridgeImpl
十二月 26, 2016 1:19:57 下午 org.apache.coyote.AbstractProtocol start
信息: Starting ProtocolHandler ["http-bio-8080"]
十二月 26, 2016 1:19:57 下午 org.apache.coyote.AbstractProtocol start
信息: Starting ProtocolHandler ["ajp-bio-8009"]
十二月 26, 2016 1:19:57 下午 org.apache.catalina.startup.Catalina start
信息: Server startup in 65324 ms
十二月 26, 2016 1:19:57 下午 org.apache.tomcat.util.http.Cookies processCookieHeader
信息: Cookies: Invalid cookie. Value not a token or quoted value
 Note: further occurrences of Cookie errors will be logged at DEBUG level.
十二月 26, 2016 7:02:24 下午 org.apache.coyote.AbstractProtocol pause
信息: Pausing ProtocolHandler ["http-bio-8080"]
十二月 26, 2016 7:02:24 下午 javax.portlet.faces.GenericFacesPortlet destroy
信息: Destroy GenericFacesPortlet for portlet RedirectsAndImportExportAdminPortlet
十二月 26, 2016 7:02:27 下午 org.apache.coyote.AbstractProtocol pause
信息: Pausing ProtocolHandler ["ajp-bio-8009"]
十二月 26, 2016 7:02:27 下午 org.apache.catalina.core.StandardService stopInternal
信息: Stopping service Catalina
十二月 26, 2016 7:02:27 下午 org.apache.catalina.loader.WebappClassLoader clearReferencesThreads
严重: The web application [/eXoGadgetServer] appears to have started a thread named [com.google.inject.internal.util.$Finalizer] but has failed to stop it. This is very likely to create a memory leak.
十二月 26, 2016 7:02:28 下午 org.apache.catalina.loader.WebappClassLoader clearReferencesThreads
严重: The web application [/redirect-admin] appears to have started a thread named [push-session-manager-thread-0] but has failed to stop it. This is very likely to create a memory leak.
十二月 26, 2016 7:02:28 下午 org.apache.coyote.AbstractProtocol stop
信息: Stopping ProtocolHandler ["http-bio-8080"]
十二月 26, 2016 7:02:28 下午 org.apache.coyote.AbstractProtocol stop
信息: Stopping ProtocolHandler ["ajp-bio-8009"]
十二月 26, 2016 7:02:28 下午 org.apache.coyote.AbstractProtocol destroy
信息: Destroying ProtocolHandler ["http-bio-8080"]
十二月 26, 2016 7:02:28 下午 org.apache.coyote.AbstractProtocol destroy
信息: Destroying ProtocolHandler ["ajp-bio-8009"]
