十二月 13, 2016 10:00:24 上午 org.apache.catalina.core.StandardContext listenerStart
严重: Exception sending context initialized event to listener instance of class org.exoplatform.container.web.PortalContainerConfigOwner
java.lang.IllegalStateException: No pre init tasks can be added to the portal container 'portal', because it has already been initialized. Check the webapp 'gatein-mobile-configuration'
	at org.exoplatform.container.RootContainer$PortalContainerPreInitTask.onAlreadyExists(RootContainer.java:1512)
	at org.exoplatform.container.RootContainer.addInitTask(RootContainer.java:1209)
	at org.exoplatform.container.PortalContainer.addInitTask(PortalContainer.java:437)
	at org.exoplatform.container.PortalContainer.addInitTask(PortalContainer.java:411)
	at org.exoplatform.container.web.PortalContainerConfigOwner.contextInitialized(PortalContainerConfigOwner.java:40)
	at org.apache.catalina.core.StandardContext.listenerStart(StandardContext.java:4939)
	at org.apache.catalina.core.StandardContext.startInternal(StandardContext.java:5434)
	at org.apache.catalina.util.LifecycleBase.start(LifecycleBase.java:150)
	at org.apache.catalina.core.ContainerBase.addChildInternal(ContainerBase.java:901)
	at org.apache.catalina.core.ContainerBase.addChild(ContainerBase.java:877)
	at org.apache.catalina.core.StandardHost.addChild(StandardHost.java:633)
	at org.apache.catalina.startup.HostConfig.deployWAR(HostConfig.java:976)
	at org.apache.catalina.startup.HostConfig$DeployWar.run(HostConfig.java:1653)
	at java.util.concurrent.Executors$RunnableAdapter.call(Executors.java:511)
	at java.util.concurrent.FutureTask.run(FutureTask.java:266)
	at java.util.concurrent.ThreadPoolExecutor.runWorker(ThreadPoolExecutor.java:1142)
	at java.util.concurrent.ThreadPoolExecutor$Worker.run(ThreadPoolExecutor.java:617)
	at java.lang.Thread.run(Thread.java:745)

十二月 13, 2016 10:00:25 上午 org.apache.catalina.core.StandardContext listenerStart
严重: Exception sending context initialized event to listener instance of class org.exoplatform.container.web.PortalContainerConfigOwner
java.lang.IllegalStateException: No pre init tasks can be added to the portal container 'portal', because it has already been initialized. Check the webapp 'gatein-mobile-login'
	at org.exoplatform.container.RootContainer$PortalContainerPreInitTask.onAlreadyExists(RootContainer.java:1512)
	at org.exoplatform.container.RootContainer.addInitTask(RootContainer.java:1209)
	at org.exoplatform.container.PortalContainer.addInitTask(PortalContainer.java:437)
	at org.exoplatform.container.PortalContainer.addInitTask(PortalContainer.java:411)
	at org.exoplatform.container.web.PortalContainerConfigOwner.contextInitialized(PortalContainerConfigOwner.java:40)
	at org.apache.catalina.core.StandardContext.listenerStart(StandardContext.java:4939)
	at org.apache.catalina.core.StandardContext.startInternal(StandardContext.java:5434)
	at org.apache.catalina.util.LifecycleBase.start(LifecycleBase.java:150)
	at org.apache.catalina.core.ContainerBase.addChildInternal(ContainerBase.java:901)
	at org.apache.catalina.core.ContainerBase.addChild(ContainerBase.java:877)
	at org.apache.catalina.core.StandardHost.addChild(StandardHost.java:633)
	at org.apache.catalina.startup.HostConfig.deployWAR(HostConfig.java:976)
	at org.apache.catalina.startup.HostConfig$DeployWar.run(HostConfig.java:1653)
	at java.util.concurrent.Executors$RunnableAdapter.call(Executors.java:511)
	at java.util.concurrent.FutureTask.run(FutureTask.java:266)
	at java.util.concurrent.ThreadPoolExecutor.runWorker(ThreadPoolExecutor.java:1142)
	at java.util.concurrent.ThreadPoolExecutor$Worker.run(ThreadPoolExecutor.java:617)
	at java.lang.Thread.run(Thread.java:745)

十二月 13, 2016 10:16:34 上午 org.apache.catalina.core.StandardContext listenerStart
严重: Exception sending context initialized event to listener instance of class org.exoplatform.container.web.PortalContainerConfigOwner
java.lang.IllegalStateException: No pre init tasks can be added to the portal container 'portal', because it has already been initialized. Check the webapp 'gatein-mobile-configuration'
	at org.exoplatform.container.RootContainer$PortalContainerPreInitTask.onAlreadyExists(RootContainer.java:1512)
	at org.exoplatform.container.RootContainer.addInitTask(RootContainer.java:1209)
	at org.exoplatform.container.PortalContainer.addInitTask(PortalContainer.java:437)
	at org.exoplatform.container.PortalContainer.addInitTask(PortalContainer.java:411)
	at org.exoplatform.container.web.PortalContainerConfigOwner.contextInitialized(PortalContainerConfigOwner.java:40)
	at org.apache.catalina.core.StandardContext.listenerStart(StandardContext.java:4939)
	at org.apache.catalina.core.StandardContext.startInternal(StandardContext.java:5434)
	at org.apache.catalina.util.LifecycleBase.start(LifecycleBase.java:150)
	at org.apache.catalina.core.ContainerBase.addChildInternal(ContainerBase.java:901)
	at org.apache.catalina.core.ContainerBase.addChild(ContainerBase.java:877)
	at org.apache.catalina.core.StandardHost.addChild(StandardHost.java:633)
	at org.apache.catalina.startup.HostConfig.deployWAR(HostConfig.java:976)
	at org.apache.catalina.startup.HostConfig$DeployWar.run(HostConfig.java:1653)
	at java.util.concurrent.Executors$RunnableAdapter.call(Executors.java:511)
	at java.util.concurrent.FutureTask.run(FutureTask.java:266)
	at java.util.concurrent.ThreadPoolExecutor.runWorker(ThreadPoolExecutor.java:1142)
	at java.util.concurrent.ThreadPoolExecutor$Worker.run(ThreadPoolExecutor.java:617)
	at java.lang.Thread.run(Thread.java:745)

十二月 13, 2016 10:16:35 上午 org.apache.catalina.core.StandardContext listenerStart
严重: Exception sending context initialized event to listener instance of class org.exoplatform.container.web.PortalContainerConfigOwner
java.lang.IllegalStateException: No pre init tasks can be added to the portal container 'portal', because it has already been initialized. Check the webapp 'gatein-mobile-login'
	at org.exoplatform.container.RootContainer$PortalContainerPreInitTask.onAlreadyExists(RootContainer.java:1512)
	at org.exoplatform.container.RootContainer.addInitTask(RootContainer.java:1209)
	at org.exoplatform.container.PortalContainer.addInitTask(PortalContainer.java:437)
	at org.exoplatform.container.PortalContainer.addInitTask(PortalContainer.java:411)
	at org.exoplatform.container.web.PortalContainerConfigOwner.contextInitialized(PortalContainerConfigOwner.java:40)
	at org.apache.catalina.core.StandardContext.listenerStart(StandardContext.java:4939)
	at org.apache.catalina.core.StandardContext.startInternal(StandardContext.java:5434)
	at org.apache.catalina.util.LifecycleBase.start(LifecycleBase.java:150)
	at org.apache.catalina.core.ContainerBase.addChildInternal(ContainerBase.java:901)
	at org.apache.catalina.core.ContainerBase.addChild(ContainerBase.java:877)
	at org.apache.catalina.core.StandardHost.addChild(StandardHost.java:633)
	at org.apache.catalina.startup.HostConfig.deployWAR(HostConfig.java:976)
	at org.apache.catalina.startup.HostConfig$DeployWar.run(HostConfig.java:1653)
	at java.util.concurrent.Executors$RunnableAdapter.call(Executors.java:511)
	at java.util.concurrent.FutureTask.run(FutureTask.java:266)
	at java.util.concurrent.ThreadPoolExecutor.runWorker(ThreadPoolExecutor.java:1142)
	at java.util.concurrent.ThreadPoolExecutor$Worker.run(ThreadPoolExecutor.java:617)
	at java.lang.Thread.run(Thread.java:745)

