Performance Statistics   2016-12-23 12:07:00 - 2016-12-23 12:08:00
Tag                                                  Avg(ms)         Min         Max     Std Dev       Count

Performance Statistics   2016-12-23 12:10:00 - 2016-12-23 12:11:00
Tag                                                  Avg(ms)         Min         Max     Std Dev       Count

Performance Statistics   2016-12-23 12:11:00 - 2016-12-23 12:12:00
Tag                                                  Avg(ms)         Min         Max     Std Dev       Count

Performance Statistics   2016-12-23 12:12:00 - 2016-12-23 12:13:00
Tag                                                  Avg(ms)         Min         Max     Std Dev       Count

Performance Statistics   2016-12-23 12:13:00 - 2016-12-23 12:14:00
Tag                                                  Avg(ms)         Min         Max     Std Dev       Count

Performance Statistics   2016-12-23 12:14:00 - 2016-12-23 12:15:00
Tag                                                  Avg(ms)         Min         Max     Std Dev       Count

Performance Statistics   2016-12-23 12:15:00 - 2016-12-23 12:16:00
Tag                                                  Avg(ms)         Min         Max     Std Dev       Count

Performance Statistics   2016-12-23 12:19:00 - 2016-12-23 12:20:00
Tag                                                  Avg(ms)         Min         Max     Std Dev       Count

Performance Statistics   2016-12-23 12:20:00 - 2016-12-23 12:21:00
Tag                                                  Avg(ms)         Min         Max     Std Dev       Count

Performance Statistics   2016-12-23 12:21:00 - 2016-12-23 12:22:00
Tag                                                  Avg(ms)         Min         Max     Std Dev       Count

Performance Statistics   2016-12-23 12:22:00 - 2016-12-23 12:23:00
Tag                                                  Avg(ms)         Min         Max     Std Dev       Count

Performance Statistics   2016-12-23 12:23:00 - 2016-12-23 12:24:00
Tag                                                  Avg(ms)         Min         Max     Std Dev       Count

Performance Statistics   2016-12-23 12:24:00 - 2016-12-23 12:25:00
Tag                                                  Avg(ms)         Min         Max     Std Dev       Count

Performance Statistics   2016-12-23 12:25:00 - 2016-12-23 12:26:00
Tag                                                  Avg(ms)         Min         Max     Std Dev       Count

Performance Statistics   2016-12-27 13:41:00 - 2016-12-27 13:42:00
Tag                                                  Avg(ms)         Min         Max     Std Dev       Count

Performance Statistics   2016-12-27 13:42:00 - 2016-12-27 13:43:00
Tag                                                  Avg(ms)         Min         Max     Std Dev       Count

Performance Statistics   2016-12-27 13:43:00 - 2016-12-27 13:44:00
Tag                                                  Avg(ms)         Min         Max     Std Dev       Count

Performance Statistics   2016-12-27 13:44:00 - 2016-12-27 13:45:00
Tag                                                  Avg(ms)         Min         Max     Std Dev       Count

Performance Statistics   2016-12-27 13:45:00 - 2016-12-27 13:46:00
Tag                                                  Avg(ms)         Min         Max     Std Dev       Count

Performance Statistics   2016-12-27 13:46:00 - 2016-12-27 13:47:00
Tag                                                  Avg(ms)         Min         Max     Std Dev       Count

Performance Statistics   2016-12-27 13:47:00 - 2016-12-27 13:48:00
Tag                                                  Avg(ms)         Min         Max     Std Dev       Count

Performance Statistics   2016-12-27 13:48:00 - 2016-12-27 13:49:00
Tag                                                  Avg(ms)         Min         Max     Std Dev       Count

Performance Statistics   2016-12-27 13:49:00 - 2016-12-27 13:50:00
Tag                                                  Avg(ms)         Min         Max     Std Dev       Count

Performance Statistics   2016-12-27 13:50:00 - 2016-12-27 13:51:00
Tag                                                  Avg(ms)         Min         Max     Std Dev       Count

Performance Statistics   2016-12-27 13:51:00 - 2016-12-27 13:52:00
Tag                                                  Avg(ms)         Min         Max     Std Dev       Count

Performance Statistics   2016-12-27 13:52:00 - 2016-12-27 13:53:00
Tag                                                  Avg(ms)         Min         Max     Std Dev       Count

Performance Statistics   2016-12-27 13:53:00 - 2016-12-27 13:54:00
Tag                                                  Avg(ms)         Min         Max     Std Dev       Count

Performance Statistics   2016-12-27 13:54:00 - 2016-12-27 13:55:00
Tag                                                  Avg(ms)         Min         Max     Std Dev       Count

Performance Statistics   2016-12-27 13:55:00 - 2016-12-27 13:56:00
Tag                                                  Avg(ms)         Min         Max     Std Dev       Count

Performance Statistics   2016-12-27 13:56:00 - 2016-12-27 13:57:00
Tag                                                  Avg(ms)         Min         Max     Std Dev       Count

Performance Statistics   2016-12-27 13:57:00 - 2016-12-27 13:58:00
Tag                                                  Avg(ms)         Min         Max     Std Dev       Count

Performance Statistics   2016-12-27 13:58:00 - 2016-12-27 13:59:00
Tag                                                  Avg(ms)         Min         Max     Std Dev       Count

Performance Statistics   2016-12-27 13:59:00 - 2016-12-27 14:00:00
Tag                                                  Avg(ms)         Min         Max     Std Dev       Count

Performance Statistics   2016-12-27 14:00:00 - 2016-12-27 14:01:00
Tag                                                  Avg(ms)         Min         Max     Std Dev       Count

Performance Statistics   2016-12-27 14:01:00 - 2016-12-27 14:02:00
Tag                                                  Avg(ms)         Min         Max     Std Dev       Count

Performance Statistics   2016-12-27 14:02:00 - 2016-12-27 14:03:00
Tag                                                  Avg(ms)         Min         Max     Std Dev       Count

Performance Statistics   2016-12-27 14:03:00 - 2016-12-27 14:04:00
Tag                                                  Avg(ms)         Min         Max     Std Dev       Count

Performance Statistics   2016-12-27 14:04:00 - 2016-12-27 14:05:00
Tag                                                  Avg(ms)         Min         Max     Std Dev       Count

Performance Statistics   2016-12-27 14:05:00 - 2016-12-27 14:06:00
Tag                                                  Avg(ms)         Min         Max     Std Dev       Count

Performance Statistics   2016-12-27 14:06:00 - 2016-12-27 14:07:00
Tag                                                  Avg(ms)         Min         Max     Std Dev       Count

Performance Statistics   2016-12-27 14:07:00 - 2016-12-27 14:08:00
Tag                                                  Avg(ms)         Min         Max     Std Dev       Count

Performance Statistics   2016-12-27 14:08:00 - 2016-12-27 14:09:00
Tag                                                  Avg(ms)         Min         Max     Std Dev       Count

Performance Statistics   2016-12-27 14:09:00 - 2016-12-27 14:10:00
Tag                                                  Avg(ms)         Min         Max     Std Dev       Count

Performance Statistics   2016-12-27 14:10:00 - 2016-12-27 14:11:00
Tag                                                  Avg(ms)         Min         Max     Std Dev       Count

Performance Statistics   2016-12-27 14:11:00 - 2016-12-27 14:12:00
Tag                                                  Avg(ms)         Min         Max     Std Dev       Count

Performance Statistics   2016-12-27 14:12:00 - 2016-12-27 14:13:00
Tag                                                  Avg(ms)         Min         Max     Std Dev       Count

Performance Statistics   2016-12-27 14:13:00 - 2016-12-27 14:14:00
Tag                                                  Avg(ms)         Min         Max     Std Dev       Count

Performance Statistics   2016-12-27 14:14:00 - 2016-12-27 14:15:00
Tag                                                  Avg(ms)         Min         Max     Std Dev       Count

Performance Statistics   2016-12-27 14:15:00 - 2016-12-27 14:16:00
Tag                                                  Avg(ms)         Min         Max     Std Dev       Count

Performance Statistics   2016-12-27 14:16:00 - 2016-12-27 14:17:00
Tag                                                  Avg(ms)         Min         Max     Std Dev       Count

Performance Statistics   2016-12-27 14:17:00 - 2016-12-27 14:18:00
Tag                                                  Avg(ms)         Min         Max     Std Dev       Count

Performance Statistics   2016-12-27 14:18:00 - 2016-12-27 14:19:00
Tag                                                  Avg(ms)         Min         Max     Std Dev       Count

Performance Statistics   2016-12-27 14:19:00 - 2016-12-27 14:20:00
Tag                                                  Avg(ms)         Min         Max     Std Dev       Count

Performance Statistics   2016-12-27 14:20:00 - 2016-12-27 14:21:00
Tag                                                  Avg(ms)         Min         Max     Std Dev       Count

Performance Statistics   2016-12-27 14:21:00 - 2016-12-27 14:22:00
Tag                                                  Avg(ms)         Min         Max     Std Dev       Count

Performance Statistics   2016-12-27 14:22:00 - 2016-12-27 14:23:00
Tag                                                  Avg(ms)         Min         Max     Std Dev       Count

Performance Statistics   2016-12-27 14:23:00 - 2016-12-27 14:24:00
Tag                                                  Avg(ms)         Min         Max     Std Dev       Count

Performance Statistics   2016-12-27 14:24:00 - 2016-12-27 14:25:00
Tag                                                  Avg(ms)         Min         Max     Std Dev       Count

Performance Statistics   2016-12-27 14:25:00 - 2016-12-27 14:26:00
Tag                                                  Avg(ms)         Min         Max     Std Dev       Count

Performance Statistics   2016-12-27 14:26:00 - 2016-12-27 14:27:00
Tag                                                  Avg(ms)         Min         Max     Std Dev       Count

Performance Statistics   2016-12-27 14:27:00 - 2016-12-27 14:28:00
Tag                                                  Avg(ms)         Min         Max     Std Dev       Count

Performance Statistics   2016-12-27 14:28:00 - 2016-12-27 14:29:00
Tag                                                  Avg(ms)         Min         Max     Std Dev       Count

Performance Statistics   2016-12-27 14:29:00 - 2016-12-27 14:30:00
Tag                                                  Avg(ms)         Min         Max     Std Dev       Count

Performance Statistics   2016-12-27 14:30:00 - 2016-12-27 14:31:00
Tag                                                  Avg(ms)         Min         Max     Std Dev       Count

Performance Statistics   2016-12-27 14:31:00 - 2016-12-27 14:32:00
Tag                                                  Avg(ms)         Min         Max     Std Dev       Count

Performance Statistics   2016-12-27 14:32:00 - 2016-12-27 14:33:00
Tag                                                  Avg(ms)         Min         Max     Std Dev       Count

Performance Statistics   2016-12-27 14:33:00 - 2016-12-27 14:34:00
Tag                                                  Avg(ms)         Min         Max     Std Dev       Count

Performance Statistics   2016-12-27 14:34:00 - 2016-12-27 14:35:00
Tag                                                  Avg(ms)         Min         Max     Std Dev       Count

Performance Statistics   2016-12-27 14:35:00 - 2016-12-27 14:36:00
Tag                                                  Avg(ms)         Min         Max     Std Dev       Count

Performance Statistics   2016-12-27 14:36:00 - 2016-12-27 14:37:00
Tag                                                  Avg(ms)         Min         Max     Std Dev       Count

Performance Statistics   2016-12-27 14:37:00 - 2016-12-27 14:38:00
Tag                                                  Avg(ms)         Min         Max     Std Dev       Count

Performance Statistics   2016-12-27 14:38:00 - 2016-12-27 14:39:00
Tag                                                  Avg(ms)         Min         Max     Std Dev       Count

Performance Statistics   2016-12-27 14:39:00 - 2016-12-27 14:40:00
Tag                                                  Avg(ms)         Min         Max     Std Dev       Count

Performance Statistics   2016-12-27 14:40:00 - 2016-12-27 14:41:00
Tag                                                  Avg(ms)         Min         Max     Std Dev       Count

Performance Statistics   2016-12-27 14:41:00 - 2016-12-27 14:42:00
Tag                                                  Avg(ms)         Min         Max     Std Dev       Count

Performance Statistics   2016-12-27 14:42:00 - 2016-12-27 14:43:00
Tag                                                  Avg(ms)         Min         Max     Std Dev       Count

Performance Statistics   2016-12-27 14:43:00 - 2016-12-27 14:44:00
Tag                                                  Avg(ms)         Min         Max     Std Dev       Count

Performance Statistics   2016-12-27 14:44:00 - 2016-12-27 14:45:00
Tag                                                  Avg(ms)         Min         Max     Std Dev       Count

Performance Statistics   2016-12-27 14:45:00 - 2016-12-27 14:46:00
Tag                                                  Avg(ms)         Min         Max     Std Dev       Count

Performance Statistics   2016-12-27 14:46:00 - 2016-12-27 14:47:00
Tag                                                  Avg(ms)         Min         Max     Std Dev       Count

Performance Statistics   2016-12-27 14:47:00 - 2016-12-27 14:48:00
Tag                                                  Avg(ms)         Min         Max     Std Dev       Count

Performance Statistics   2016-12-27 14:48:00 - 2016-12-27 14:49:00
Tag                                                  Avg(ms)         Min         Max     Std Dev       Count

Performance Statistics   2016-12-27 14:49:00 - 2016-12-27 14:50:00
Tag                                                  Avg(ms)         Min         Max     Std Dev       Count

Performance Statistics   2016-12-27 14:50:00 - 2016-12-27 14:51:00
Tag                                                  Avg(ms)         Min         Max     Std Dev       Count

Performance Statistics   2016-12-27 14:51:00 - 2016-12-27 14:52:00
Tag                                                  Avg(ms)         Min         Max     Std Dev       Count

Performance Statistics   2016-12-27 14:52:00 - 2016-12-27 14:53:00
Tag                                                  Avg(ms)         Min         Max     Std Dev       Count

Performance Statistics   2016-12-27 14:53:00 - 2016-12-27 14:54:00
Tag                                                  Avg(ms)         Min         Max     Std Dev       Count

Performance Statistics   2016-12-27 14:54:00 - 2016-12-27 14:55:00
Tag                                                  Avg(ms)         Min         Max     Std Dev       Count

Performance Statistics   2016-12-27 14:55:00 - 2016-12-27 14:56:00
Tag                                                  Avg(ms)         Min         Max     Std Dev       Count

Performance Statistics   2016-12-27 14:56:00 - 2016-12-27 14:57:00
Tag                                                  Avg(ms)         Min         Max     Std Dev       Count

Performance Statistics   2016-12-27 14:57:00 - 2016-12-27 14:58:00
Tag                                                  Avg(ms)         Min         Max     Std Dev       Count

Performance Statistics   2016-12-27 14:58:00 - 2016-12-27 14:59:00
Tag                                                  Avg(ms)         Min         Max     Std Dev       Count

Performance Statistics   2016-12-27 14:59:00 - 2016-12-27 15:00:00
Tag                                                  Avg(ms)         Min         Max     Std Dev       Count

Performance Statistics   2016-12-27 15:00:00 - 2016-12-27 15:01:00
Tag                                                  Avg(ms)         Min         Max     Std Dev       Count

Performance Statistics   2016-12-27 15:01:00 - 2016-12-27 15:02:00
Tag                                                  Avg(ms)         Min         Max     Std Dev       Count

Performance Statistics   2016-12-27 15:02:00 - 2016-12-27 15:03:00
Tag                                                  Avg(ms)         Min         Max     Std Dev       Count

Performance Statistics   2016-12-27 15:03:00 - 2016-12-27 15:04:00
Tag                                                  Avg(ms)         Min         Max     Std Dev       Count

Performance Statistics   2016-12-27 15:04:00 - 2016-12-27 15:05:00
Tag                                                  Avg(ms)         Min         Max     Std Dev       Count

Performance Statistics   2016-12-27 15:05:00 - 2016-12-27 15:06:00
Tag                                                  Avg(ms)         Min         Max     Std Dev       Count

Performance Statistics   2016-12-27 15:06:00 - 2016-12-27 15:07:00
Tag                                                  Avg(ms)         Min         Max     Std Dev       Count

Performance Statistics   2016-12-27 15:07:00 - 2016-12-27 15:08:00
Tag                                                  Avg(ms)         Min         Max     Std Dev       Count

Performance Statistics   2016-12-27 15:08:00 - 2016-12-27 15:09:00
Tag                                                  Avg(ms)         Min         Max     Std Dev       Count

Performance Statistics   2016-12-27 15:09:00 - 2016-12-27 15:10:00
Tag                                                  Avg(ms)         Min         Max     Std Dev       Count

Performance Statistics   2016-12-27 15:10:00 - 2016-12-27 15:11:00
Tag                                                  Avg(ms)         Min         Max     Std Dev       Count
AUTHENTICATE                                            27.6          11          80        26.3           5
CREATE_TICKET_GRANTING_TICKET                           32.0          13          96        32.1           5

Performance Statistics   2016-12-27 15:11:00 - 2016-12-27 15:12:00
Tag                                                  Avg(ms)         Min         Max     Std Dev       Count
AUTHENTICATE                                            13.0          13          13         0.0           2
CREATE_TICKET_GRANTING_TICKET                           14.0          14          14         0.0           2

Performance Statistics   2016-12-27 15:12:00 - 2016-12-27 15:13:00
Tag                                                  Avg(ms)         Min         Max     Std Dev       Count
AUTHENTICATE                                            14.0          14          14         0.0           1
CREATE_TICKET_GRANTING_TICKET                           17.0          17          17         0.0           1

Performance Statistics   2016-12-27 15:13:00 - 2016-12-27 15:14:00
Tag                                                  Avg(ms)         Min         Max     Std Dev       Count
AUTHENTICATE                                            17.8          13          30         7.1           4
CREATE_TICKET_GRANTING_TICKET                           19.5          14          32         7.3           4

Performance Statistics   2016-12-27 15:14:00 - 2016-12-27 15:15:00
Tag                                                  Avg(ms)         Min         Max     Std Dev       Count
AUTHENTICATE                                            41.0          41          41         0.0           1
CREATE_TICKET_GRANTING_TICKET                           57.0          57          57         0.0           1

Performance Statistics   2016-12-27 15:15:00 - 2016-12-27 15:16:00
Tag                                                  Avg(ms)         Min         Max     Std Dev       Count
AUTHENTICATE                                            14.0          14          14         0.0           1
CREATE_TICKET_GRANTING_TICKET                           16.0          16          16         0.0           1

Performance Statistics   2016-12-27 15:16:00 - 2016-12-27 15:17:00
Tag                                                  Avg(ms)         Min         Max     Std Dev       Count

Performance Statistics   2016-12-27 15:17:00 - 2016-12-27 15:18:00
Tag                                                  Avg(ms)         Min         Max     Std Dev       Count

Performance Statistics   2016-12-27 15:18:00 - 2016-12-27 15:19:00
Tag                                                  Avg(ms)         Min         Max     Std Dev       Count

Performance Statistics   2016-12-27 15:19:00 - 2016-12-27 15:20:00
Tag                                                  Avg(ms)         Min         Max     Std Dev       Count

Performance Statistics   2016-12-27 15:20:00 - 2016-12-27 15:21:00
Tag                                                  Avg(ms)         Min         Max     Std Dev       Count

Performance Statistics   2016-12-27 15:21:00 - 2016-12-27 15:22:00
Tag                                                  Avg(ms)         Min         Max     Std Dev       Count

Performance Statistics   2016-12-27 15:22:00 - 2016-12-27 15:23:00
Tag                                                  Avg(ms)         Min         Max     Std Dev       Count

Performance Statistics   2016-12-27 15:23:00 - 2016-12-27 15:24:00
Tag                                                  Avg(ms)         Min         Max     Std Dev       Count

Performance Statistics   2016-12-27 15:24:00 - 2016-12-27 15:25:00
Tag                                                  Avg(ms)         Min         Max     Std Dev       Count

Performance Statistics   2016-12-27 15:25:00 - 2016-12-27 15:26:00
Tag                                                  Avg(ms)         Min         Max     Std Dev       Count

Performance Statistics   2016-12-27 15:26:00 - 2016-12-27 15:27:00
Tag                                                  Avg(ms)         Min         Max     Std Dev       Count

Performance Statistics   2016-12-27 15:27:00 - 2016-12-27 15:28:00
Tag                                                  Avg(ms)         Min         Max     Std Dev       Count

Performance Statistics   2016-12-27 15:28:00 - 2016-12-27 15:29:00
Tag                                                  Avg(ms)         Min         Max     Std Dev       Count

Performance Statistics   2016-12-27 15:29:00 - 2016-12-27 15:30:00
Tag                                                  Avg(ms)         Min         Max     Std Dev       Count

Performance Statistics   2016-12-27 15:30:00 - 2016-12-27 15:31:00
Tag                                                  Avg(ms)         Min         Max     Std Dev       Count

Performance Statistics   2016-12-27 15:31:00 - 2016-12-27 15:32:00
Tag                                                  Avg(ms)         Min         Max     Std Dev       Count

Performance Statistics   2016-12-27 15:32:00 - 2016-12-27 15:33:00
Tag                                                  Avg(ms)         Min         Max     Std Dev       Count

Performance Statistics   2016-12-27 15:33:00 - 2016-12-27 15:34:00
Tag                                                  Avg(ms)         Min         Max     Std Dev       Count

Performance Statistics   2016-12-27 15:34:00 - 2016-12-27 15:35:00
Tag                                                  Avg(ms)         Min         Max     Std Dev       Count

Performance Statistics   2016-12-27 15:35:00 - 2016-12-27 15:36:00
Tag                                                  Avg(ms)         Min         Max     Std Dev       Count

Performance Statistics   2016-12-27 15:36:00 - 2016-12-27 15:37:00
Tag                                                  Avg(ms)         Min         Max     Std Dev       Count

Performance Statistics   2016-12-27 15:37:00 - 2016-12-27 15:38:00
Tag                                                  Avg(ms)         Min         Max     Std Dev       Count

Performance Statistics   2016-12-27 15:38:00 - 2016-12-27 15:39:00
Tag                                                  Avg(ms)         Min         Max     Std Dev       Count

Performance Statistics   2016-12-27 15:39:00 - 2016-12-27 15:40:00
Tag                                                  Avg(ms)         Min         Max     Std Dev       Count

Performance Statistics   2016-12-27 15:40:00 - 2016-12-27 15:41:00
Tag                                                  Avg(ms)         Min         Max     Std Dev       Count

Performance Statistics   2016-12-27 15:41:00 - 2016-12-27 15:42:00
Tag                                                  Avg(ms)         Min         Max     Std Dev       Count

Performance Statistics   2016-12-27 15:42:00 - 2016-12-27 15:43:00
Tag                                                  Avg(ms)         Min         Max     Std Dev       Count
AUTHENTICATE                                            27.0          27          27         0.0           1
CREATE_TICKET_GRANTING_TICKET                           29.0          29          29         0.0           1

Performance Statistics   2016-12-27 15:43:00 - 2016-12-27 15:44:00
Tag                                                  Avg(ms)         Min         Max     Std Dev       Count
AUTHENTICATE                                            19.0          15          27         5.7           3
CREATE_TICKET_GRANTING_TICKET                           21.0          17          29         5.7           3

Performance Statistics   2016-12-27 15:44:00 - 2016-12-27 15:45:00
Tag                                                  Avg(ms)         Min         Max     Std Dev       Count

Performance Statistics   2016-12-27 15:45:00 - 2016-12-27 15:46:00
Tag                                                  Avg(ms)         Min         Max     Std Dev       Count

Performance Statistics   2016-12-27 15:46:00 - 2016-12-27 15:47:00
Tag                                                  Avg(ms)         Min         Max     Std Dev       Count

Performance Statistics   2016-12-27 15:47:00 - 2016-12-27 15:48:00
Tag                                                  Avg(ms)         Min         Max     Std Dev       Count

Performance Statistics   2016-12-27 15:48:00 - 2016-12-27 15:49:00
Tag                                                  Avg(ms)         Min         Max     Std Dev       Count

Performance Statistics   2016-12-27 15:49:00 - 2016-12-27 15:50:00
Tag                                                  Avg(ms)         Min         Max     Std Dev       Count

Performance Statistics   2016-12-27 15:50:00 - 2016-12-27 15:51:00
Tag                                                  Avg(ms)         Min         Max     Std Dev       Count

Performance Statistics   2016-12-27 15:51:00 - 2016-12-27 15:52:00
Tag                                                  Avg(ms)         Min         Max     Std Dev       Count

Performance Statistics   2016-12-27 15:52:00 - 2016-12-27 15:53:00
Tag                                                  Avg(ms)         Min         Max     Std Dev       Count

Performance Statistics   2016-12-27 15:53:00 - 2016-12-27 15:54:00
Tag                                                  Avg(ms)         Min         Max     Std Dev       Count

Performance Statistics   2016-12-27 15:54:00 - 2016-12-27 15:55:00
Tag                                                  Avg(ms)         Min         Max     Std Dev       Count

Performance Statistics   2016-12-27 15:55:00 - 2016-12-27 15:56:00
Tag                                                  Avg(ms)         Min         Max     Std Dev       Count

Performance Statistics   2016-12-27 15:56:00 - 2016-12-27 15:57:00
Tag                                                  Avg(ms)         Min         Max     Std Dev       Count

Performance Statistics   2016-12-27 15:57:00 - 2016-12-27 15:58:00
Tag                                                  Avg(ms)         Min         Max     Std Dev       Count

Performance Statistics   2016-12-27 15:58:00 - 2016-12-27 15:59:00
Tag                                                  Avg(ms)         Min         Max     Std Dev       Count

Performance Statistics   2016-12-27 15:59:00 - 2016-12-27 16:00:00
Tag                                                  Avg(ms)         Min         Max     Std Dev       Count

Performance Statistics   2016-12-27 16:00:00 - 2016-12-27 16:01:00
Tag                                                  Avg(ms)         Min         Max     Std Dev       Count

Performance Statistics   2016-12-27 16:01:00 - 2016-12-27 16:02:00
Tag                                                  Avg(ms)         Min         Max     Std Dev       Count

Performance Statistics   2016-12-27 16:02:00 - 2016-12-27 16:03:00
Tag                                                  Avg(ms)         Min         Max     Std Dev       Count

Performance Statistics   2016-12-27 16:03:00 - 2016-12-27 16:04:00
Tag                                                  Avg(ms)         Min         Max     Std Dev       Count

Performance Statistics   2016-12-27 16:04:00 - 2016-12-27 16:05:00
Tag                                                  Avg(ms)         Min         Max     Std Dev       Count

Performance Statistics   2016-12-27 16:05:00 - 2016-12-27 16:06:00
Tag                                                  Avg(ms)         Min         Max     Std Dev       Count

Performance Statistics   2016-12-27 16:06:00 - 2016-12-27 16:07:00
Tag                                                  Avg(ms)         Min         Max     Std Dev       Count
AUTHENTICATE                                            13.0          13          13         0.0           1
CREATE_TICKET_GRANTING_TICKET                           15.0          15          15         0.0           1

Performance Statistics   2016-12-27 16:07:00 - 2016-12-27 16:08:00
Tag                                                  Avg(ms)         Min         Max     Std Dev       Count

Performance Statistics   2016-12-27 16:08:00 - 2016-12-27 16:09:00
Tag                                                  Avg(ms)         Min         Max     Std Dev       Count

Performance Statistics   2016-12-27 16:09:00 - 2016-12-27 16:10:00
Tag                                                  Avg(ms)         Min         Max     Std Dev       Count

Performance Statistics   2016-12-27 16:10:00 - 2016-12-27 16:11:00
Tag                                                  Avg(ms)         Min         Max     Std Dev       Count

Performance Statistics   2016-12-27 16:11:00 - 2016-12-27 16:12:00
Tag                                                  Avg(ms)         Min         Max     Std Dev       Count

Performance Statistics   2016-12-27 16:12:00 - 2016-12-27 16:13:00
Tag                                                  Avg(ms)         Min         Max     Std Dev       Count

Performance Statistics   2016-12-27 16:13:00 - 2016-12-27 16:14:00
Tag                                                  Avg(ms)         Min         Max     Std Dev       Count

Performance Statistics   2016-12-27 16:14:00 - 2016-12-27 16:15:00
Tag                                                  Avg(ms)         Min         Max     Std Dev       Count

Performance Statistics   2016-12-27 16:15:00 - 2016-12-27 16:16:00
Tag                                                  Avg(ms)         Min         Max     Std Dev       Count

Performance Statistics   2016-12-27 16:16:00 - 2016-12-27 16:17:00
Tag                                                  Avg(ms)         Min         Max     Std Dev       Count

Performance Statistics   2016-12-27 16:17:00 - 2016-12-27 16:18:00
Tag                                                  Avg(ms)         Min         Max     Std Dev       Count

Performance Statistics   2016-12-27 16:18:00 - 2016-12-27 16:19:00
Tag                                                  Avg(ms)         Min         Max     Std Dev       Count

Performance Statistics   2016-12-27 16:19:00 - 2016-12-27 16:20:00
Tag                                                  Avg(ms)         Min         Max     Std Dev       Count

Performance Statistics   2016-12-27 16:20:00 - 2016-12-27 16:21:00
Tag                                                  Avg(ms)         Min         Max     Std Dev       Count

Performance Statistics   2016-12-27 16:21:00 - 2016-12-27 16:22:00
Tag                                                  Avg(ms)         Min         Max     Std Dev       Count

